2019-12-05 19:29:57|ETB.WebApi.Middleware.RequestAuditingMiddleWare|INFO|/swagger/index.html
2019-12-05 19:29:58||INFO|HTTP GET /swagger/index.html responded 200 in 824.5679 ms
2019-12-05 19:29:58|ETB.WebApi.Middleware.RequestAuditingMiddleWare|INFO|/swagger/swagger-ui.css
2019-12-05 19:29:58|ETB.WebApi.Middleware.RequestAuditingMiddleWare|INFO|/swagger/swagger-ui-standalone-preset.js
2019-12-05 19:29:58|ETB.WebApi.Middleware.RequestAuditingMiddleWare|INFO|/swagger/swagger-ui-bundle.js
2019-12-05 19:29:58||INFO|HTTP GET /swagger/swagger-ui.css responded 200 in 260.0154 ms
2019-12-05 19:29:58||INFO|HTTP GET /swagger/swagger-ui-standalone-preset.js responded 200 in 216.3731 ms
2019-12-05 19:29:58||INFO|HTTP GET /swagger/swagger-ui-bundle.js responded 200 in 213.6389 ms
2019-12-05 19:30:01|ETB.WebApi.Middleware.RequestAuditingMiddleWare|INFO|/swagger/v1/swagger.json
2019-12-05 19:30:02||INFO|HTTP GET /swagger/v1/swagger.json responded 200 in 664.7842 ms
2019-12-05 19:30:08|ETB.WebApi.Middleware.RequestAuditingMiddleWare|INFO|/api/ATenders
2019-12-05 19:30:08|ETB.WebApi.Middleware.RequestAuditingMiddleWare|INFO|/api/ATenders
2019-12-05 19:30:12|Microsoft.EntityFrameworkCore.Model.Validation|WARN|No type was specified for the decimal column 'Price' on entity type 'Service'. This will cause values to be silently truncated if they do not fit in the default precision and scale. Explicitly specify the SQL server column type that can accommodate all the values using 'HasColumnType()'.
2019-12-05 19:30:12|Microsoft.EntityFrameworkCore.Model.Validation|WARN|No type was specified for the decimal column 'CostOfBOQ' on entity type 'Tender'. This will cause values to be silently truncated if they do not fit in the default precision and scale. Explicitly specify the SQL server column type that can accommodate all the values using 'HasColumnType()'.
2019-12-05 19:30:12|Microsoft.EntityFrameworkCore.Model.Validation|WARN|No type was specified for the decimal column 'EMD' on entity type 'Tender'. This will cause values to be silently truncated if they do not fit in the default precision and scale. Explicitly specify the SQL server column type that can accommodate all the values using 'HasColumnType()'.
2019-12-05 19:30:12|Microsoft.EntityFrameworkCore.Model.Validation|WARN|No type was specified for the decimal column 'EstimatedCost' on entity type 'Tender'. This will cause values to be silently truncated if they do not fit in the default precision and scale. Explicitly specify the SQL server column type that can accommodate all the values using 'HasColumnType()'.
2019-12-05 19:30:12|Microsoft.EntityFrameworkCore.Model.Validation|WARN|No type was specified for the decimal column 'Amount' on entity type 'UserSubscription'. This will cause values to be silently truncated if they do not fit in the default precision and scale. Explicitly specify the SQL server column type that can accommodate all the values using 'HasColumnType()'.
2019-12-05 19:30:13|Microsoft.EntityFrameworkCore.Query|WARN|Query: '(from Tender x in DbSet<Tender> where (int)[x].IsActive == 1 && [x].BidSubmissionEnDate >= DateTime....' uses a row limiting operation (Skip/Take) without OrderBy which may lead to unpredictable results.
2019-12-05 19:30:14||INFO|HTTP GET /api/ATenders responded 200 in 6750.4736 ms
2019-12-05 19:30:14||INFO|HTTP GET /api/ATenders responded 200 in 6794.3328 ms
2019-12-05 19:30:15|ETB.WebApi.Middleware.RequestAuditingMiddleWare|INFO|/api/Districts
2019-12-05 19:30:15||INFO|HTTP GET /api/Districts responded 200 in 55.5488 ms
2019-12-05 19:30:29|ETB.WebApi.Middleware.RequestAuditingMiddleWare|INFO|/api/ValidateCredentials
2019-12-05 19:30:30||INFO|HTTP POST /api/ValidateCredentials responded 200 in 368.206 ms
2019-12-05 19:30:30|ETB.WebApi.Middleware.RequestAuditingMiddleWare|INFO|/api/UserSignInLogs
2019-12-05 19:30:30|ETB.WebApi.Middleware.RequestAuditingMiddleWare|INFO|/api/ATenders
2019-12-05 19:30:30||INFO|HTTP GET /api/ATenders responded 200 in 32.4761 ms
2019-12-05 19:30:30||INFO|HTTP POST /api/UserSignInLogs responded 201 in 698.7612 ms
2019-12-05 19:30:31|ETB.WebApi.Middleware.RequestAuditingMiddleWare|INFO|/api/ATenders
2019-12-05 19:30:31|ETB.WebApi.Middleware.RequestAuditingMiddleWare|INFO|/api/ATenders
2019-12-05 19:30:31||INFO|HTTP GET /api/ATenders responded 200 in 75.8743 ms
2019-12-05 19:30:31||INFO|HTTP GET /api/ATenders responded 200 in 78.4809 ms
2019-12-05 19:30:31|ETB.WebApi.Middleware.RequestAuditingMiddleWare|INFO|/api/Districts
2019-12-05 19:30:31||INFO|HTTP GET /api/Districts responded 200 in 18.8065 ms
2019-12-05 19:48:55|ETB.WebApi.Middleware.RequestAuditingMiddleWare|INFO|/swagger/index.html
2019-12-05 19:48:57||INFO|HTTP GET /swagger/index.html responded 200 in 2155.1782 ms
2019-12-05 19:48:58|ETB.WebApi.Middleware.RequestAuditingMiddleWare|INFO|/swagger/v1/swagger.json
2019-12-05 19:48:59||INFO|HTTP GET /swagger/v1/swagger.json responded 200 in 541.772 ms
2019-12-05 19:49:03|ETB.WebApi.Middleware.RequestAuditingMiddleWare|INFO|/api/ATenders
2019-12-05 19:49:03|ETB.WebApi.Middleware.RequestAuditingMiddleWare|INFO|/api/ATenders
2019-12-05 19:49:06|Microsoft.EntityFrameworkCore.Model.Validation|WARN|No type was specified for the decimal column 'Price' on entity type 'Service'. This will cause values to be silently truncated if they do not fit in the default precision and scale. Explicitly specify the SQL server column type that can accommodate all the values using 'HasColumnType()'.
2019-12-05 19:49:06|Microsoft.EntityFrameworkCore.Model.Validation|WARN|No type was specified for the decimal column 'CostOfBOQ' on entity type 'Tender'. This will cause values to be silently truncated if they do not fit in the default precision and scale. Explicitly specify the SQL server column type that can accommodate all the values using 'HasColumnType()'.
2019-12-05 19:49:06|Microsoft.EntityFrameworkCore.Model.Validation|WARN|No type was specified for the decimal column 'EMD' on entity type 'Tender'. This will cause values to be silently truncated if they do not fit in the default precision and scale. Explicitly specify the SQL server column type that can accommodate all the values using 'HasColumnType()'.
2019-12-05 19:49:06|Microsoft.EntityFrameworkCore.Model.Validation|WARN|No type was specified for the decimal column 'EstimatedCost' on entity type 'Tender'. This will cause values to be silently truncated if they do not fit in the default precision and scale. Explicitly specify the SQL server column type that can accommodate all the values using 'HasColumnType()'.
2019-12-05 19:49:06|Microsoft.EntityFrameworkCore.Model.Validation|WARN|No type was specified for the decimal column 'Amount' on entity type 'UserSubscription'. This will cause values to be silently truncated if they do not fit in the default precision and scale. Explicitly specify the SQL server column type that can accommodate all the values using 'HasColumnType()'.
2019-12-05 19:49:07|Microsoft.EntityFrameworkCore.Query|WARN|Query: '(from Tender x in DbSet<Tender> where (int)[x].IsActive == 1 && [x].BidSubmissionEnDate >= DateTime....' uses a row limiting operation (Skip/Take) without OrderBy which may lead to unpredictable results.
2019-12-05 19:49:16||INFO|HTTP GET /api/ATenders responded 200 in 13585.4538 ms
2019-12-05 19:49:17||INFO|HTTP GET /api/ATenders responded 200 in 13614.3363 ms
2019-12-05 19:49:23|ETB.WebApi.Middleware.RequestAuditingMiddleWare|INFO|/api/Districts
2019-12-05 19:49:27||INFO|HTTP GET /api/Districts responded 200 in 3239.4241 ms
2019-12-05 19:49:59|ETB.WebApi.Middleware.RequestAuditingMiddleWare|INFO|/api/ValidateCredentials
2019-12-05 19:50:00||INFO|HTTP POST /api/ValidateCredentials responded 200 in 478.9528 ms
2019-12-05 19:50:00|ETB.WebApi.Middleware.RequestAuditingMiddleWare|INFO|/api/UserSignInLogs
2019-12-05 19:50:00|ETB.WebApi.Middleware.RequestAuditingMiddleWare|INFO|/api/ATenders
2019-12-05 19:50:00||INFO|HTTP GET /api/ATenders responded 200 in 46.2586 ms
2019-12-05 19:50:01||INFO|HTTP POST /api/UserSignInLogs responded 201 in 1079.5752 ms
2019-12-05 19:50:03|ETB.WebApi.Middleware.RequestAuditingMiddleWare|INFO|/api/ATenders
2019-12-05 19:50:04|ETB.WebApi.Middleware.RequestAuditingMiddleWare|INFO|/api/ATenders
2019-12-05 19:50:04||INFO|HTTP GET /api/ATenders responded 200 in 760.9212 ms
2019-12-05 19:50:05|ETB.WebApi.Middleware.RequestAuditingMiddleWare|INFO|/api/Districts
2019-12-05 19:50:05||INFO|HTTP GET /api/ATenders responded 200 in 585.5108 ms
2019-12-05 19:50:05||INFO|HTTP GET /api/Districts responded 200 in 35.8179 ms
2019-12-05 19:52:11|ETB.WebApi.Middleware.RequestAuditingMiddleWare|INFO|/api/Departments
2019-12-05 19:52:11||INFO|HTTP GET /api/Departments responded 200 in 101.7464 ms
2019-12-05 20:47:35|ETB.WebApi.Middleware.RequestAuditingMiddleWare|INFO|/api/Departments
2019-12-05 20:47:35||INFO|HTTP GET /api/Departments responded 200 in 56.2616 ms
2019-12-05 20:47:38|ETB.WebApi.Middleware.RequestAuditingMiddleWare|INFO|/api/Departments
2019-12-05 20:47:38||INFO|HTTP GET /api/Departments responded 200 in 12.1911 ms
2019-12-05 20:47:47|ETB.WebApi.Middleware.RequestAuditingMiddleWare|INFO|/api/Departments
2019-12-05 20:47:47||INFO|HTTP GET /api/Departments responded 200 in 7.3901 ms
2019-12-05 20:51:27|ETB.WebApi.Middleware.RequestAuditingMiddleWare|INFO|/api/Departments
2019-12-05 20:51:28||INFO|HTTP GET /api/Departments responded 200 in 90.0153 ms
2019-12-05 21:05:07|ETB.WebApi.Middleware.RequestAuditingMiddleWare|INFO|/swagger/index.html
2019-12-05 21:05:08||INFO|HTTP GET /swagger/index.html responded 200 in 1305.7427 ms
2019-12-05 21:05:09|ETB.WebApi.Middleware.RequestAuditingMiddleWare|INFO|/swagger/swagger-ui.css
2019-12-05 21:05:09|ETB.WebApi.Middleware.RequestAuditingMiddleWare|INFO|/swagger/swagger-ui-standalone-preset.js
2019-12-05 21:05:09|ETB.WebApi.Middleware.RequestAuditingMiddleWare|INFO|/swagger/swagger-ui-bundle.js
2019-12-05 21:05:09||INFO|HTTP GET /swagger/swagger-ui-standalone-preset.js responded 200 in 492.5205 ms
2019-12-05 21:05:09||INFO|HTTP GET /swagger/swagger-ui.css responded 200 in 584.2581 ms
2019-12-05 21:05:09||INFO|HTTP GET /swagger/swagger-ui-bundle.js responded 200 in 480.7836 ms
2019-12-05 21:05:10|ETB.WebApi.Middleware.RequestAuditingMiddleWare|INFO|/swagger/v1/swagger.json
2019-12-05 21:05:11||INFO|HTTP GET /swagger/v1/swagger.json responded 200 in 481.4128 ms
2019-12-05 21:05:17|ETB.WebApi.Middleware.RequestAuditingMiddleWare|INFO|/api/ATenders
2019-12-05 21:05:17|ETB.WebApi.Middleware.RequestAuditingMiddleWare|INFO|/api/ATenders
2019-12-05 21:05:24|Microsoft.EntityFrameworkCore.Model.Validation|WARN|No type was specified for the decimal column 'Price' on entity type 'Service'. This will cause values to be silently truncated if they do not fit in the default precision and scale. Explicitly specify the SQL server column type that can accommodate all the values using 'HasColumnType()'.
2019-12-05 21:05:24|Microsoft.EntityFrameworkCore.Model.Validation|WARN|No type was specified for the decimal column 'CostOfBOQ' on entity type 'Tender'. This will cause values to be silently truncated if they do not fit in the default precision and scale. Explicitly specify the SQL server column type that can accommodate all the values using 'HasColumnType()'.
2019-12-05 21:05:24|Microsoft.EntityFrameworkCore.Model.Validation|WARN|No type was specified for the decimal column 'EMD' on entity type 'Tender'. This will cause values to be silently truncated if they do not fit in the default precision and scale. Explicitly specify the SQL server column type that can accommodate all the values using 'HasColumnType()'.
2019-12-05 21:05:24|Microsoft.EntityFrameworkCore.Model.Validation|WARN|No type was specified for the decimal column 'EstimatedCost' on entity type 'Tender'. This will cause values to be silently truncated if they do not fit in the default precision and scale. Explicitly specify the SQL server column type that can accommodate all the values using 'HasColumnType()'.
2019-12-05 21:05:24|Microsoft.EntityFrameworkCore.Model.Validation|WARN|No type was specified for the decimal column 'Amount' on entity type 'UserSubscription'. This will cause values to be silently truncated if they do not fit in the default precision and scale. Explicitly specify the SQL server column type that can accommodate all the values using 'HasColumnType()'.
2019-12-05 21:05:24|Microsoft.EntityFrameworkCore.Query|WARN|Query: '(from Tender x in DbSet<Tender> where (int)[x].IsActive == 1 && [x].BidSubmissionEnDate >= DateTime....' uses a row limiting operation (Skip/Take) without OrderBy which may lead to unpredictable results.
2019-12-05 21:05:26||INFO|HTTP GET /api/ATenders responded 200 in 9039.9663 ms
2019-12-05 21:05:26||INFO|HTTP GET /api/ATenders responded 200 in 9136.3579 ms
2019-12-05 21:05:27|ETB.WebApi.Middleware.RequestAuditingMiddleWare|INFO|/api/Districts
2019-12-05 21:05:27||INFO|HTTP GET /api/Districts responded 200 in 50.3919 ms
2019-12-05 21:08:03|ETB.WebApi.Middleware.RequestAuditingMiddleWare|INFO|/api/ValidateCredentials
2019-12-05 21:08:03||INFO|HTTP POST /api/ValidateCredentials responded 200 in 466.9546 ms
2019-12-05 21:08:03|ETB.WebApi.Middleware.RequestAuditingMiddleWare|INFO|/api/UserSignInLogs
2019-12-05 21:08:03|ETB.WebApi.Middleware.RequestAuditingMiddleWare|INFO|/api/ATenders
2019-12-05 21:08:04||INFO|HTTP GET /api/ATenders responded 200 in 65.5796 ms
2019-12-05 21:08:04||INFO|HTTP POST /api/UserSignInLogs responded 201 in 840.4771 ms
2019-12-05 21:08:05|ETB.WebApi.Middleware.RequestAuditingMiddleWare|INFO|/api/ATenders
2019-12-05 21:08:05||INFO|HTTP GET /api/ATenders responded 200 in 30.5714 ms
2019-12-05 21:08:05|ETB.WebApi.Middleware.RequestAuditingMiddleWare|INFO|/api/ATenders
2019-12-05 21:08:05|ETB.WebApi.Middleware.RequestAuditingMiddleWare|INFO|/api/Districts
2019-12-05 21:08:05||INFO|HTTP GET /api/ATenders responded 200 in 76.1658 ms
2019-12-05 21:08:05||INFO|HTTP GET /api/Districts responded 200 in 81.8186 ms
2019-12-05 21:08:07|ETB.WebApi.Middleware.RequestAuditingMiddleWare|INFO|/api/States
2019-12-05 21:08:07||INFO|HTTP GET /api/States responded 200 in 58.8037 ms
2019-12-05 21:08:07|ETB.WebApi.Middleware.RequestAuditingMiddleWare|INFO|/api/Departments
2019-12-05 21:08:07||INFO|HTTP GET /api/Departments responded 200 in 87.4104 ms
2019-12-05 21:08:15|ETB.WebApi.Middleware.RequestAuditingMiddleWare|INFO|/api/States
2019-12-05 21:08:15||INFO|HTTP GET /api/States responded 200 in 16.3705 ms
2019-12-05 21:08:48|ETB.WebApi.Middleware.RequestAuditingMiddleWare|INFO|/api/Departments
2019-12-05 21:08:48||INFO|HTTP POST /api/Departments responded 201 in 62.3218 ms
2019-12-05 21:08:54|ETB.WebApi.Middleware.RequestAuditingMiddleWare|INFO|/api/States
2019-12-05 21:08:54||INFO|HTTP GET /api/States responded 200 in 7.63 ms
2019-12-05 21:08:55|ETB.WebApi.Middleware.RequestAuditingMiddleWare|INFO|/api/Departments
2019-12-05 21:08:55||INFO|HTTP GET /api/Departments responded 200 in 6.7474 ms
