2019-12-27 14:56:04|ETB.WebApi.Middleware.RequestAuditingMiddleWare|INFO|/swagger/index.html
2019-12-27 14:56:08||INFO|HTTP GET /swagger/index.html responded 200 in 4583.9019 ms
2019-12-27 14:56:08|ETB.WebApi.Middleware.RequestAuditingMiddleWare|INFO|/swagger/swagger-ui.css
2019-12-27 14:56:08|ETB.WebApi.Middleware.RequestAuditingMiddleWare|INFO|/swagger/swagger-ui-bundle.js
2019-12-27 14:56:08|ETB.WebApi.Middleware.RequestAuditingMiddleWare|INFO|/swagger/swagger-ui-standalone-preset.js
2019-12-27 14:56:09||INFO|HTTP GET /swagger/swagger-ui.css responded 200 in 813.4 ms
2019-12-27 14:56:09||INFO|HTTP GET /swagger/swagger-ui-standalone-preset.js responded 200 in 835.5976 ms
2019-12-27 14:56:09||INFO|HTTP GET /swagger/swagger-ui-bundle.js responded 200 in 1000.8957 ms
2019-12-27 14:56:10|ETB.WebApi.Middleware.RequestAuditingMiddleWare|INFO|/swagger/v1/swagger.json
2019-12-27 14:56:11||INFO|HTTP GET /swagger/v1/swagger.json responded 200 in 669.4806 ms
2019-12-27 14:56:42|ETB.WebApi.Middleware.RequestAuditingMiddleWare|INFO|/api/ATenders
2019-12-27 14:56:42|ETB.WebApi.Middleware.RequestAuditingMiddleWare|INFO|/api/ATenders
2019-12-27 14:56:42|ETB.WebApi.Middleware.RequestAuditingMiddleWare|INFO|/api/ATenders
2019-12-27 14:57:03|Microsoft.EntityFrameworkCore.Model.Validation|WARN|No type was specified for the decimal column 'Price' on entity type 'Service'. This will cause values to be silently truncated if they do not fit in the default precision and scale. Explicitly specify the SQL server column type that can accommodate all the values using 'HasColumnType()'.
2019-12-27 14:57:03|Microsoft.EntityFrameworkCore.Model.Validation|WARN|No type was specified for the decimal column 'CostOfBOQ' on entity type 'Tender'. This will cause values to be silently truncated if they do not fit in the default precision and scale. Explicitly specify the SQL server column type that can accommodate all the values using 'HasColumnType()'.
2019-12-27 14:57:03|Microsoft.EntityFrameworkCore.Model.Validation|WARN|No type was specified for the decimal column 'EMD' on entity type 'Tender'. This will cause values to be silently truncated if they do not fit in the default precision and scale. Explicitly specify the SQL server column type that can accommodate all the values using 'HasColumnType()'.
2019-12-27 14:57:03|Microsoft.EntityFrameworkCore.Model.Validation|WARN|No type was specified for the decimal column 'EstimatedCost' on entity type 'Tender'. This will cause values to be silently truncated if they do not fit in the default precision and scale. Explicitly specify the SQL server column type that can accommodate all the values using 'HasColumnType()'.
2019-12-27 14:57:03|Microsoft.EntityFrameworkCore.Model.Validation|WARN|No type was specified for the decimal column 'AmtReceived' on entity type 'UserService'. This will cause values to be silently truncated if they do not fit in the default precision and scale. Explicitly specify the SQL server column type that can accommodate all the values using 'HasColumnType()'.
2019-12-27 14:57:03|Microsoft.EntityFrameworkCore.Model.Validation|WARN|No type was specified for the decimal column 'AmtReceivedDate' on entity type 'UserService'. This will cause values to be silently truncated if they do not fit in the default precision and scale. Explicitly specify the SQL server column type that can accommodate all the values using 'HasColumnType()'.
2019-12-27 14:57:03|Microsoft.EntityFrameworkCore.Model.Validation|WARN|No type was specified for the decimal column 'OriginalAmt' on entity type 'UserService'. This will cause values to be silently truncated if they do not fit in the default precision and scale. Explicitly specify the SQL server column type that can accommodate all the values using 'HasColumnType()'.
2019-12-27 14:57:03|Microsoft.EntityFrameworkCore.Model.Validation|WARN|No type was specified for the decimal column 'Amount' on entity type 'UserSubscription'. This will cause values to be silently truncated if they do not fit in the default precision and scale. Explicitly specify the SQL server column type that can accommodate all the values using 'HasColumnType()'.
2019-12-27 14:57:10||INFO|HTTP GET /api/ATenders responded 200 in 28221.4688 ms
2019-12-27 14:57:10||INFO|HTTP GET /api/ATenders responded 200 in 28218.9801 ms
2019-12-27 14:57:10||INFO|HTTP GET /api/ATenders responded 200 in 28315.0749 ms
2019-12-27 14:57:10|ETB.WebApi.Middleware.RequestAuditingMiddleWare|INFO|/api/Districts
2019-12-27 14:57:11||INFO|HTTP GET /api/Districts responded 200 in 128.0113 ms
2019-12-27 14:58:20|ETB.WebApi.Middleware.RequestAuditingMiddleWare|INFO|/swagger/index.html
2019-12-27 14:58:20||INFO|HTTP GET /swagger/index.html responded 200 in 11.4668 ms
2019-12-27 14:58:21|ETB.WebApi.Middleware.RequestAuditingMiddleWare|INFO|/swagger/v1/swagger.json
2019-12-27 14:58:21||INFO|HTTP GET /swagger/v1/swagger.json responded 200 in 26.3941 ms
2019-12-27 15:00:35|ETB.WebApi.Middleware.RequestAuditingMiddleWare|INFO|/swagger/index.html
2019-12-27 15:00:37||INFO|HTTP GET /swagger/index.html responded 200 in 1716.7878 ms
2019-12-27 15:00:39|ETB.WebApi.Middleware.RequestAuditingMiddleWare|INFO|/swagger/v1/swagger.json
2019-12-27 15:00:40||INFO|HTTP GET /swagger/v1/swagger.json responded 200 in 1081.3862 ms
2019-12-27 15:00:50|ETB.WebApi.Middleware.RequestAuditingMiddleWare|INFO|/api/ATenders
2019-12-27 15:00:50|ETB.WebApi.Middleware.RequestAuditingMiddleWare|INFO|/api/ATenders
2019-12-27 15:00:50|ETB.WebApi.Middleware.RequestAuditingMiddleWare|INFO|/api/ATenders
2019-12-27 15:00:56|Microsoft.EntityFrameworkCore.Model.Validation|WARN|No type was specified for the decimal column 'Price' on entity type 'Service'. This will cause values to be silently truncated if they do not fit in the default precision and scale. Explicitly specify the SQL server column type that can accommodate all the values using 'HasColumnType()'.
2019-12-27 15:00:56|Microsoft.EntityFrameworkCore.Model.Validation|WARN|No type was specified for the decimal column 'CostOfBOQ' on entity type 'Tender'. This will cause values to be silently truncated if they do not fit in the default precision and scale. Explicitly specify the SQL server column type that can accommodate all the values using 'HasColumnType()'.
2019-12-27 15:00:56|Microsoft.EntityFrameworkCore.Model.Validation|WARN|No type was specified for the decimal column 'EMD' on entity type 'Tender'. This will cause values to be silently truncated if they do not fit in the default precision and scale. Explicitly specify the SQL server column type that can accommodate all the values using 'HasColumnType()'.
2019-12-27 15:00:56|Microsoft.EntityFrameworkCore.Model.Validation|WARN|No type was specified for the decimal column 'EstimatedCost' on entity type 'Tender'. This will cause values to be silently truncated if they do not fit in the default precision and scale. Explicitly specify the SQL server column type that can accommodate all the values using 'HasColumnType()'.
2019-12-27 15:00:56|Microsoft.EntityFrameworkCore.Model.Validation|WARN|No type was specified for the decimal column 'AmtReceived' on entity type 'UserService'. This will cause values to be silently truncated if they do not fit in the default precision and scale. Explicitly specify the SQL server column type that can accommodate all the values using 'HasColumnType()'.
2019-12-27 15:00:56|Microsoft.EntityFrameworkCore.Model.Validation|WARN|No type was specified for the decimal column 'AmtReceivedDate' on entity type 'UserService'. This will cause values to be silently truncated if they do not fit in the default precision and scale. Explicitly specify the SQL server column type that can accommodate all the values using 'HasColumnType()'.
2019-12-27 15:00:56|Microsoft.EntityFrameworkCore.Model.Validation|WARN|No type was specified for the decimal column 'OriginalAmt' on entity type 'UserService'. This will cause values to be silently truncated if they do not fit in the default precision and scale. Explicitly specify the SQL server column type that can accommodate all the values using 'HasColumnType()'.
2019-12-27 15:00:56|Microsoft.EntityFrameworkCore.Model.Validation|WARN|No type was specified for the decimal column 'Amount' on entity type 'UserSubscription'. This will cause values to be silently truncated if they do not fit in the default precision and scale. Explicitly specify the SQL server column type that can accommodate all the values using 'HasColumnType()'.
2019-12-27 15:01:01||INFO|HTTP GET /api/ATenders responded 200 in 11135.6831 ms
2019-12-27 15:01:01||INFO|HTTP GET /api/ATenders responded 200 in 11135.8671 ms
2019-12-27 15:01:01||INFO|HTTP GET /api/ATenders responded 200 in 11159.4137 ms
2019-12-27 15:01:03|ETB.WebApi.Middleware.RequestAuditingMiddleWare|INFO|/api/Districts
2019-12-27 15:01:03||INFO|HTTP GET /api/Districts responded 200 in 597.2891 ms
2019-12-27 15:05:14|ETB.WebApi.Middleware.RequestAuditingMiddleWare|INFO|/api/Users/IsUserExists/sanj102@hotmail.com
2019-12-27 15:05:14||INFO|HTTP GET /api/Users/IsUserExists/sanj102@hotmail.com responded 200 in 201.3572 ms
2019-12-27 15:05:15|ETB.WebApi.Middleware.RequestAuditingMiddleWare|INFO|/api/UserDetails
2019-12-27 15:05:16||INFO|HTTP POST /api/UserDetails responded 201 in 905.9401 ms
2019-12-27 15:12:09|ETB.WebApi.Middleware.RequestAuditingMiddleWare|INFO|/swagger/index.html
2019-12-27 15:12:11||INFO|HTTP GET /swagger/index.html responded 200 in 2341.238 ms
2019-12-27 15:12:12|ETB.WebApi.Middleware.RequestAuditingMiddleWare|INFO|/swagger/v1/swagger.json
2019-12-27 15:12:13||INFO|HTTP GET /swagger/v1/swagger.json responded 200 in 685.705 ms
2019-12-27 15:12:30|ETB.WebApi.Middleware.RequestAuditingMiddleWare|INFO|/api/ATenders
2019-12-27 15:12:31|ETB.WebApi.Middleware.RequestAuditingMiddleWare|INFO|/api/ATenders
2019-12-27 15:12:31|ETB.WebApi.Middleware.RequestAuditingMiddleWare|INFO|/api/ATenders
2019-12-27 15:12:37|Microsoft.EntityFrameworkCore.Model.Validation|WARN|No type was specified for the decimal column 'Price' on entity type 'Service'. This will cause values to be silently truncated if they do not fit in the default precision and scale. Explicitly specify the SQL server column type that can accommodate all the values using 'HasColumnType()'.
2019-12-27 15:12:37|Microsoft.EntityFrameworkCore.Model.Validation|WARN|No type was specified for the decimal column 'CostOfBOQ' on entity type 'Tender'. This will cause values to be silently truncated if they do not fit in the default precision and scale. Explicitly specify the SQL server column type that can accommodate all the values using 'HasColumnType()'.
2019-12-27 15:12:37|Microsoft.EntityFrameworkCore.Model.Validation|WARN|No type was specified for the decimal column 'EMD' on entity type 'Tender'. This will cause values to be silently truncated if they do not fit in the default precision and scale. Explicitly specify the SQL server column type that can accommodate all the values using 'HasColumnType()'.
2019-12-27 15:12:37|Microsoft.EntityFrameworkCore.Model.Validation|WARN|No type was specified for the decimal column 'EstimatedCost' on entity type 'Tender'. This will cause values to be silently truncated if they do not fit in the default precision and scale. Explicitly specify the SQL server column type that can accommodate all the values using 'HasColumnType()'.
2019-12-27 15:12:37|Microsoft.EntityFrameworkCore.Model.Validation|WARN|No type was specified for the decimal column 'AmtReceived' on entity type 'UserService'. This will cause values to be silently truncated if they do not fit in the default precision and scale. Explicitly specify the SQL server column type that can accommodate all the values using 'HasColumnType()'.
2019-12-27 15:12:37|Microsoft.EntityFrameworkCore.Model.Validation|WARN|No type was specified for the decimal column 'AmtReceivedDate' on entity type 'UserService'. This will cause values to be silently truncated if they do not fit in the default precision and scale. Explicitly specify the SQL server column type that can accommodate all the values using 'HasColumnType()'.
2019-12-27 15:12:37|Microsoft.EntityFrameworkCore.Model.Validation|WARN|No type was specified for the decimal column 'OriginalAmt' on entity type 'UserService'. This will cause values to be silently truncated if they do not fit in the default precision and scale. Explicitly specify the SQL server column type that can accommodate all the values using 'HasColumnType()'.
2019-12-27 15:12:37|Microsoft.EntityFrameworkCore.Model.Validation|WARN|No type was specified for the decimal column 'Amount' on entity type 'UserSubscription'. This will cause values to be silently truncated if they do not fit in the default precision and scale. Explicitly specify the SQL server column type that can accommodate all the values using 'HasColumnType()'.
2019-12-27 15:12:40||INFO|HTTP GET /api/ATenders responded 200 in 9226.9078 ms
2019-12-27 15:12:40||INFO|HTTP GET /api/ATenders responded 200 in 9422.7066 ms
2019-12-27 15:12:40||INFO|HTTP GET /api/ATenders responded 200 in 9221.105 ms
2019-12-27 15:12:40|ETB.WebApi.Middleware.RequestAuditingMiddleWare|INFO|/api/Districts
2019-12-27 15:12:40||INFO|HTTP GET /api/Districts responded 200 in 84.3366 ms
2019-12-27 15:13:38|ETB.WebApi.Middleware.RequestAuditingMiddleWare|INFO|/api/Users/IsUserExists/sanj202@hotmail.com
2019-12-27 15:13:39||INFO|HTTP GET /api/Users/IsUserExists/sanj202@hotmail.com responded 200 in 517.1129 ms
2019-12-27 15:13:39|ETB.WebApi.Middleware.RequestAuditingMiddleWare|INFO|/api/UserDetails
2019-12-27 15:13:42||INFO|HTTP POST /api/UserDetails responded 201 in 2275.9923 ms
2019-12-27 15:16:43|ETB.WebApi.Middleware.RequestAuditingMiddleWare|INFO|/swagger/index.html
2019-12-27 15:16:44||INFO|HTTP GET /swagger/index.html responded 200 in 1095.2876 ms
2019-12-27 15:16:45|ETB.WebApi.Middleware.RequestAuditingMiddleWare|INFO|/swagger/v1/swagger.json
2019-12-27 15:16:46||INFO|HTTP GET /swagger/v1/swagger.json responded 200 in 969.0596 ms
2019-12-27 15:16:50|ETB.WebApi.Middleware.RequestAuditingMiddleWare|INFO|/api/ATenders
2019-12-27 15:16:50|ETB.WebApi.Middleware.RequestAuditingMiddleWare|INFO|/api/ATenders
2019-12-27 15:16:50|ETB.WebApi.Middleware.RequestAuditingMiddleWare|INFO|/api/ATenders
2019-12-27 15:16:53|Microsoft.EntityFrameworkCore.Model.Validation|WARN|No type was specified for the decimal column 'Price' on entity type 'Service'. This will cause values to be silently truncated if they do not fit in the default precision and scale. Explicitly specify the SQL server column type that can accommodate all the values using 'HasColumnType()'.
2019-12-27 15:16:54|Microsoft.EntityFrameworkCore.Model.Validation|WARN|No type was specified for the decimal column 'CostOfBOQ' on entity type 'Tender'. This will cause values to be silently truncated if they do not fit in the default precision and scale. Explicitly specify the SQL server column type that can accommodate all the values using 'HasColumnType()'.
2019-12-27 15:16:54|Microsoft.EntityFrameworkCore.Model.Validation|WARN|No type was specified for the decimal column 'EMD' on entity type 'Tender'. This will cause values to be silently truncated if they do not fit in the default precision and scale. Explicitly specify the SQL server column type that can accommodate all the values using 'HasColumnType()'.
2019-12-27 15:16:54|Microsoft.EntityFrameworkCore.Model.Validation|WARN|No type was specified for the decimal column 'EstimatedCost' on entity type 'Tender'. This will cause values to be silently truncated if they do not fit in the default precision and scale. Explicitly specify the SQL server column type that can accommodate all the values using 'HasColumnType()'.
2019-12-27 15:16:54|Microsoft.EntityFrameworkCore.Model.Validation|WARN|No type was specified for the decimal column 'AmtReceived' on entity type 'UserService'. This will cause values to be silently truncated if they do not fit in the default precision and scale. Explicitly specify the SQL server column type that can accommodate all the values using 'HasColumnType()'.
2019-12-27 15:16:54|Microsoft.EntityFrameworkCore.Model.Validation|WARN|No type was specified for the decimal column 'AmtReceivedDate' on entity type 'UserService'. This will cause values to be silently truncated if they do not fit in the default precision and scale. Explicitly specify the SQL server column type that can accommodate all the values using 'HasColumnType()'.
2019-12-27 15:16:54|Microsoft.EntityFrameworkCore.Model.Validation|WARN|No type was specified for the decimal column 'OriginalAmt' on entity type 'UserService'. This will cause values to be silently truncated if they do not fit in the default precision and scale. Explicitly specify the SQL server column type that can accommodate all the values using 'HasColumnType()'.
2019-12-27 15:16:54|Microsoft.EntityFrameworkCore.Model.Validation|WARN|No type was specified for the decimal column 'Amount' on entity type 'UserSubscription'. This will cause values to be silently truncated if they do not fit in the default precision and scale. Explicitly specify the SQL server column type that can accommodate all the values using 'HasColumnType()'.
2019-12-27 15:16:57||INFO|HTTP GET /api/ATenders responded 200 in 6185.0464 ms
2019-12-27 15:16:57||INFO|HTTP GET /api/ATenders responded 200 in 6196.1235 ms
2019-12-27 15:16:57||INFO|HTTP GET /api/ATenders responded 200 in 6187.566 ms
2019-12-27 15:16:57|ETB.WebApi.Middleware.RequestAuditingMiddleWare|INFO|/api/Districts
2019-12-27 15:16:57||INFO|HTTP GET /api/Districts responded 200 in 71.7742 ms
2019-12-27 15:18:16|ETB.WebApi.Middleware.RequestAuditingMiddleWare|INFO|/api/Users/IsUserExists/sanj203@hotmail.com
2019-12-27 15:18:16||INFO|HTTP GET /api/Users/IsUserExists/sanj203@hotmail.com responded 200 in 475.3512 ms
2019-12-27 15:18:17|ETB.WebApi.Middleware.RequestAuditingMiddleWare|INFO|/api/UserDetails
2019-12-27 15:18:20||INFO|HTTP POST /api/UserDetails responded 201 in 3167.1613 ms
2019-12-27 15:23:41|ETB.WebApi.Middleware.RequestAuditingMiddleWare|INFO|/api/Users/IsUserExists/sanj204@hotmail.com
2019-12-27 15:23:41||INFO|HTTP GET /api/Users/IsUserExists/sanj204@hotmail.com responded 200 in 83.9059 ms
2019-12-27 15:23:41|ETB.WebApi.Middleware.RequestAuditingMiddleWare|INFO|/api/UserDetails
2019-12-27 15:23:41||INFO|HTTP POST /api/UserDetails responded 201 in 60.0739 ms
2019-12-27 15:31:26|ETB.WebApi.Middleware.RequestAuditingMiddleWare|INFO|/swagger/index.html
2019-12-27 15:31:27||INFO|HTTP GET /swagger/index.html responded 200 in 1198.715 ms
2019-12-27 15:31:29|ETB.WebApi.Middleware.RequestAuditingMiddleWare|INFO|/swagger/v1/swagger.json
2019-12-27 15:31:29||INFO|HTTP GET /swagger/v1/swagger.json responded 200 in 557.6308 ms
2019-12-27 15:31:40|ETB.WebApi.Middleware.RequestAuditingMiddleWare|INFO|/api/ATenders
2019-12-27 15:31:40|ETB.WebApi.Middleware.RequestAuditingMiddleWare|INFO|/api/ATenders
2019-12-27 15:31:40|ETB.WebApi.Middleware.RequestAuditingMiddleWare|INFO|/api/ATenders
2019-12-27 15:31:47|Microsoft.EntityFrameworkCore.Model.Validation|WARN|No type was specified for the decimal column 'Price' on entity type 'Service'. This will cause values to be silently truncated if they do not fit in the default precision and scale. Explicitly specify the SQL server column type that can accommodate all the values using 'HasColumnType()'.
2019-12-27 15:31:47|Microsoft.EntityFrameworkCore.Model.Validation|WARN|No type was specified for the decimal column 'CostOfBOQ' on entity type 'Tender'. This will cause values to be silently truncated if they do not fit in the default precision and scale. Explicitly specify the SQL server column type that can accommodate all the values using 'HasColumnType()'.
2019-12-27 15:31:47|Microsoft.EntityFrameworkCore.Model.Validation|WARN|No type was specified for the decimal column 'EMD' on entity type 'Tender'. This will cause values to be silently truncated if they do not fit in the default precision and scale. Explicitly specify the SQL server column type that can accommodate all the values using 'HasColumnType()'.
2019-12-27 15:31:47|Microsoft.EntityFrameworkCore.Model.Validation|WARN|No type was specified for the decimal column 'EstimatedCost' on entity type 'Tender'. This will cause values to be silently truncated if they do not fit in the default precision and scale. Explicitly specify the SQL server column type that can accommodate all the values using 'HasColumnType()'.
2019-12-27 15:31:47|Microsoft.EntityFrameworkCore.Model.Validation|WARN|No type was specified for the decimal column 'AmtReceived' on entity type 'UserService'. This will cause values to be silently truncated if they do not fit in the default precision and scale. Explicitly specify the SQL server column type that can accommodate all the values using 'HasColumnType()'.
2019-12-27 15:31:47|Microsoft.EntityFrameworkCore.Model.Validation|WARN|No type was specified for the decimal column 'AmtReceivedDate' on entity type 'UserService'. This will cause values to be silently truncated if they do not fit in the default precision and scale. Explicitly specify the SQL server column type that can accommodate all the values using 'HasColumnType()'.
2019-12-27 15:31:47|Microsoft.EntityFrameworkCore.Model.Validation|WARN|No type was specified for the decimal column 'OriginalAmt' on entity type 'UserService'. This will cause values to be silently truncated if they do not fit in the default precision and scale. Explicitly specify the SQL server column type that can accommodate all the values using 'HasColumnType()'.
2019-12-27 15:31:47|Microsoft.EntityFrameworkCore.Model.Validation|WARN|No type was specified for the decimal column 'Amount' on entity type 'UserSubscription'. This will cause values to be silently truncated if they do not fit in the default precision and scale. Explicitly specify the SQL server column type that can accommodate all the values using 'HasColumnType()'.
2019-12-27 15:31:55||INFO|HTTP GET /api/ATenders responded 200 in 14788.1021 ms
2019-12-27 15:31:55||INFO|HTTP GET /api/ATenders responded 200 in 14863.6703 ms
2019-12-27 15:31:55||INFO|HTTP GET /api/ATenders responded 200 in 14808.5915 ms
2019-12-27 15:31:56|ETB.WebApi.Middleware.RequestAuditingMiddleWare|INFO|/api/Districts
2019-12-27 15:31:56||INFO|HTTP GET /api/Districts responded 200 in 217.0874 ms
2019-12-27 15:33:42|ETB.WebApi.Middleware.RequestAuditingMiddleWare|INFO|/api/Users/IsUserExists/sanj205@hotmail.com
2019-12-27 15:33:43||INFO|HTTP GET /api/Users/IsUserExists/sanj205@hotmail.com responded 200 in 963.9255 ms
2019-12-27 15:33:44|ETB.WebApi.Middleware.RequestAuditingMiddleWare|INFO|/api/UserDetails
2019-12-27 15:33:46||INFO|HTTP POST /api/UserDetails responded 201 in 1772.1265 ms
2019-12-27 15:37:07|ETB.WebApi.Middleware.RequestAuditingMiddleWare|INFO|/api/Users/IsUserExists/sanj206@hotmail.com
2019-12-27 15:37:07||INFO|HTTP GET /api/Users/IsUserExists/sanj206@hotmail.com responded 200 in 82.61 ms
2019-12-27 15:37:07|ETB.WebApi.Middleware.RequestAuditingMiddleWare|INFO|/api/UserDetails
2019-12-27 15:37:07||INFO|HTTP POST /api/UserDetails responded 201 in 40.184 ms
2019-12-27 15:42:23|ETB.WebApi.Middleware.RequestAuditingMiddleWare|INFO|/swagger/index.html
2019-12-27 15:42:24||INFO|HTTP GET /swagger/index.html responded 200 in 1415.7969 ms
2019-12-27 15:42:26|ETB.WebApi.Middleware.RequestAuditingMiddleWare|INFO|/swagger/v1/swagger.json
2019-12-27 15:42:27||INFO|HTTP GET /swagger/v1/swagger.json responded 200 in 784.2024 ms
2019-12-27 15:42:35|ETB.WebApi.Middleware.RequestAuditingMiddleWare|INFO|/api/ATenders
2019-12-27 15:42:35|ETB.WebApi.Middleware.RequestAuditingMiddleWare|INFO|/api/ATenders
2019-12-27 15:42:35|ETB.WebApi.Middleware.RequestAuditingMiddleWare|INFO|/api/ATenders
2019-12-27 15:42:39|Microsoft.EntityFrameworkCore.Model.Validation|WARN|No type was specified for the decimal column 'Price' on entity type 'Service'. This will cause values to be silently truncated if they do not fit in the default precision and scale. Explicitly specify the SQL server column type that can accommodate all the values using 'HasColumnType()'.
2019-12-27 15:42:39|Microsoft.EntityFrameworkCore.Model.Validation|WARN|No type was specified for the decimal column 'CostOfBOQ' on entity type 'Tender'. This will cause values to be silently truncated if they do not fit in the default precision and scale. Explicitly specify the SQL server column type that can accommodate all the values using 'HasColumnType()'.
2019-12-27 15:42:39|Microsoft.EntityFrameworkCore.Model.Validation|WARN|No type was specified for the decimal column 'EMD' on entity type 'Tender'. This will cause values to be silently truncated if they do not fit in the default precision and scale. Explicitly specify the SQL server column type that can accommodate all the values using 'HasColumnType()'.
2019-12-27 15:42:39|Microsoft.EntityFrameworkCore.Model.Validation|WARN|No type was specified for the decimal column 'EstimatedCost' on entity type 'Tender'. This will cause values to be silently truncated if they do not fit in the default precision and scale. Explicitly specify the SQL server column type that can accommodate all the values using 'HasColumnType()'.
2019-12-27 15:42:39|Microsoft.EntityFrameworkCore.Model.Validation|WARN|No type was specified for the decimal column 'AmtReceived' on entity type 'UserService'. This will cause values to be silently truncated if they do not fit in the default precision and scale. Explicitly specify the SQL server column type that can accommodate all the values using 'HasColumnType()'.
2019-12-27 15:42:39|Microsoft.EntityFrameworkCore.Model.Validation|WARN|No type was specified for the decimal column 'AmtReceivedDate' on entity type 'UserService'. This will cause values to be silently truncated if they do not fit in the default precision and scale. Explicitly specify the SQL server column type that can accommodate all the values using 'HasColumnType()'.
2019-12-27 15:42:39|Microsoft.EntityFrameworkCore.Model.Validation|WARN|No type was specified for the decimal column 'OriginalAmt' on entity type 'UserService'. This will cause values to be silently truncated if they do not fit in the default precision and scale. Explicitly specify the SQL server column type that can accommodate all the values using 'HasColumnType()'.
2019-12-27 15:42:39|Microsoft.EntityFrameworkCore.Model.Validation|WARN|No type was specified for the decimal column 'Amount' on entity type 'UserSubscription'. This will cause values to be silently truncated if they do not fit in the default precision and scale. Explicitly specify the SQL server column type that can accommodate all the values using 'HasColumnType()'.
2019-12-27 15:42:42||INFO|HTTP GET /api/ATenders responded 200 in 6423.1552 ms
2019-12-27 15:42:42||INFO|HTTP GET /api/ATenders responded 200 in 6411.7587 ms
2019-12-27 15:42:42||INFO|HTTP GET /api/ATenders responded 200 in 6562.1124 ms
2019-12-27 15:42:42|ETB.WebApi.Middleware.RequestAuditingMiddleWare|INFO|/api/Districts
2019-12-27 15:42:42||INFO|HTTP GET /api/Districts responded 200 in 47.4805 ms
2019-12-27 15:43:47|ETB.WebApi.Middleware.RequestAuditingMiddleWare|INFO|/api/Users/IsUserExists/sanj207@hotmail.com
2019-12-27 15:43:47||INFO|HTTP GET /api/Users/IsUserExists/sanj207@hotmail.com responded 200 in 465.863 ms
2019-12-27 15:43:48|ETB.WebApi.Middleware.RequestAuditingMiddleWare|INFO|/api/UserDetails
2019-12-27 15:43:50||INFO|HTTP POST /api/UserDetails responded 201 in 2052.3738 ms
2019-12-27 16:10:39|ETB.WebApi.Middleware.RequestAuditingMiddleWare|INFO|/swagger/index.html
2019-12-27 16:10:40||INFO|HTTP GET /swagger/index.html responded 200 in 1280.1187 ms
2019-12-27 16:10:41|ETB.WebApi.Middleware.RequestAuditingMiddleWare|INFO|/swagger/v1/swagger.json
2019-12-27 16:10:42||INFO|HTTP GET /swagger/v1/swagger.json responded 200 in 515.8934 ms
2019-12-27 16:10:47|ETB.WebApi.Middleware.RequestAuditingMiddleWare|INFO|/api/ATenders
2019-12-27 16:10:47|ETB.WebApi.Middleware.RequestAuditingMiddleWare|INFO|/api/ATenders
2019-12-27 16:10:47|ETB.WebApi.Middleware.RequestAuditingMiddleWare|INFO|/api/ATenders
2019-12-27 16:10:50|Microsoft.EntityFrameworkCore.Model.Validation|WARN|No type was specified for the decimal column 'Price' on entity type 'Service'. This will cause values to be silently truncated if they do not fit in the default precision and scale. Explicitly specify the SQL server column type that can accommodate all the values using 'HasColumnType()'.
2019-12-27 16:10:50|Microsoft.EntityFrameworkCore.Model.Validation|WARN|No type was specified for the decimal column 'CostOfBOQ' on entity type 'Tender'. This will cause values to be silently truncated if they do not fit in the default precision and scale. Explicitly specify the SQL server column type that can accommodate all the values using 'HasColumnType()'.
2019-12-27 16:10:50|Microsoft.EntityFrameworkCore.Model.Validation|WARN|No type was specified for the decimal column 'EMD' on entity type 'Tender'. This will cause values to be silently truncated if they do not fit in the default precision and scale. Explicitly specify the SQL server column type that can accommodate all the values using 'HasColumnType()'.
2019-12-27 16:10:50|Microsoft.EntityFrameworkCore.Model.Validation|WARN|No type was specified for the decimal column 'EstimatedCost' on entity type 'Tender'. This will cause values to be silently truncated if they do not fit in the default precision and scale. Explicitly specify the SQL server column type that can accommodate all the values using 'HasColumnType()'.
2019-12-27 16:10:50|Microsoft.EntityFrameworkCore.Model.Validation|WARN|No type was specified for the decimal column 'AmtReceived' on entity type 'UserService'. This will cause values to be silently truncated if they do not fit in the default precision and scale. Explicitly specify the SQL server column type that can accommodate all the values using 'HasColumnType()'.
2019-12-27 16:10:50|Microsoft.EntityFrameworkCore.Model.Validation|WARN|No type was specified for the decimal column 'AmtReceivedDate' on entity type 'UserService'. This will cause values to be silently truncated if they do not fit in the default precision and scale. Explicitly specify the SQL server column type that can accommodate all the values using 'HasColumnType()'.
2019-12-27 16:10:50|Microsoft.EntityFrameworkCore.Model.Validation|WARN|No type was specified for the decimal column 'OriginalAmt' on entity type 'UserService'. This will cause values to be silently truncated if they do not fit in the default precision and scale. Explicitly specify the SQL server column type that can accommodate all the values using 'HasColumnType()'.
2019-12-27 16:10:50|Microsoft.EntityFrameworkCore.Model.Validation|WARN|No type was specified for the decimal column 'Amount' on entity type 'UserSubscription'. This will cause values to be silently truncated if they do not fit in the default precision and scale. Explicitly specify the SQL server column type that can accommodate all the values using 'HasColumnType()'.
2019-12-27 16:10:52||INFO|HTTP GET /api/ATenders responded 200 in 4887.8746 ms
2019-12-27 16:10:52||INFO|HTTP GET /api/ATenders responded 200 in 4880.9817 ms
2019-12-27 16:10:52||INFO|HTTP GET /api/ATenders responded 200 in 4887.9236 ms
2019-12-27 16:10:53|ETB.WebApi.Middleware.RequestAuditingMiddleWare|INFO|/api/Districts
2019-12-27 16:10:53||INFO|HTTP GET /api/Districts responded 200 in 95.2384 ms
2019-12-27 16:14:06|ETB.WebApi.Middleware.RequestAuditingMiddleWare|INFO|/api/Users/IsUserExists/sanj208@hotmail.com
2019-12-27 16:14:07||INFO|HTTP GET /api/Users/IsUserExists/sanj208@hotmail.com responded 200 in 841.7552 ms
2019-12-27 16:14:08|ETB.WebApi.Middleware.RequestAuditingMiddleWare|INFO|/api/UserDetails
2019-12-27 16:14:10||INFO|HTTP POST /api/UserDetails responded 201 in 2114.8935 ms
2019-12-27 16:17:06|ETB.WebApi.Middleware.RequestAuditingMiddleWare|INFO|/swagger/index.html
2019-12-27 16:17:07||INFO|HTTP GET /swagger/index.html responded 200 in 1164.4123 ms
2019-12-27 16:17:08|ETB.WebApi.Middleware.RequestAuditingMiddleWare|INFO|/swagger/v1/swagger.json
2019-12-27 16:17:09||INFO|HTTP GET /swagger/v1/swagger.json responded 200 in 667.9103 ms
2019-12-27 16:17:12|ETB.WebApi.Middleware.RequestAuditingMiddleWare|INFO|/api/ATenders
2019-12-27 16:17:12|ETB.WebApi.Middleware.RequestAuditingMiddleWare|INFO|/api/ATenders
2019-12-27 16:17:12|ETB.WebApi.Middleware.RequestAuditingMiddleWare|INFO|/api/ATenders
2019-12-27 16:17:15|Microsoft.EntityFrameworkCore.Model.Validation|WARN|No type was specified for the decimal column 'Price' on entity type 'Service'. This will cause values to be silently truncated if they do not fit in the default precision and scale. Explicitly specify the SQL server column type that can accommodate all the values using 'HasColumnType()'.
2019-12-27 16:17:15|Microsoft.EntityFrameworkCore.Model.Validation|WARN|No type was specified for the decimal column 'CostOfBOQ' on entity type 'Tender'. This will cause values to be silently truncated if they do not fit in the default precision and scale. Explicitly specify the SQL server column type that can accommodate all the values using 'HasColumnType()'.
2019-12-27 16:17:15|Microsoft.EntityFrameworkCore.Model.Validation|WARN|No type was specified for the decimal column 'EMD' on entity type 'Tender'. This will cause values to be silently truncated if they do not fit in the default precision and scale. Explicitly specify the SQL server column type that can accommodate all the values using 'HasColumnType()'.
2019-12-27 16:17:15|Microsoft.EntityFrameworkCore.Model.Validation|WARN|No type was specified for the decimal column 'EstimatedCost' on entity type 'Tender'. This will cause values to be silently truncated if they do not fit in the default precision and scale. Explicitly specify the SQL server column type that can accommodate all the values using 'HasColumnType()'.
2019-12-27 16:17:15|Microsoft.EntityFrameworkCore.Model.Validation|WARN|No type was specified for the decimal column 'AmtReceived' on entity type 'UserService'. This will cause values to be silently truncated if they do not fit in the default precision and scale. Explicitly specify the SQL server column type that can accommodate all the values using 'HasColumnType()'.
2019-12-27 16:17:15|Microsoft.EntityFrameworkCore.Model.Validation|WARN|No type was specified for the decimal column 'AmtReceivedDate' on entity type 'UserService'. This will cause values to be silently truncated if they do not fit in the default precision and scale. Explicitly specify the SQL server column type that can accommodate all the values using 'HasColumnType()'.
2019-12-27 16:17:15|Microsoft.EntityFrameworkCore.Model.Validation|WARN|No type was specified for the decimal column 'OriginalAmt' on entity type 'UserService'. This will cause values to be silently truncated if they do not fit in the default precision and scale. Explicitly specify the SQL server column type that can accommodate all the values using 'HasColumnType()'.
2019-12-27 16:17:15|Microsoft.EntityFrameworkCore.Model.Validation|WARN|No type was specified for the decimal column 'Amount' on entity type 'UserSubscription'. This will cause values to be silently truncated if they do not fit in the default precision and scale. Explicitly specify the SQL server column type that can accommodate all the values using 'HasColumnType()'.
2019-12-27 16:17:19||INFO|HTTP GET /api/ATenders responded 200 in 7656.1156 ms
2019-12-27 16:17:19||INFO|HTTP GET /api/ATenders responded 200 in 7710.3323 ms
2019-12-27 16:17:19||INFO|HTTP GET /api/ATenders responded 200 in 7680.3475 ms
2019-12-27 16:17:20|ETB.WebApi.Middleware.RequestAuditingMiddleWare|INFO|/api/Districts
2019-12-27 16:17:20||INFO|HTTP GET /api/Districts responded 200 in 95.4488 ms
2019-12-27 16:19:06|ETB.WebApi.Middleware.RequestAuditingMiddleWare|INFO|/api/Users/IsUserExists/sanj209@hotmail.com
2019-12-27 16:19:06||INFO|HTTP GET /api/Users/IsUserExists/sanj209@hotmail.com responded 200 in 483.692 ms
2019-12-27 16:19:07|ETB.WebApi.Middleware.RequestAuditingMiddleWare|INFO|/api/UserDetails
2019-12-27 16:19:09||INFO|HTTP POST /api/UserDetails responded 201 in 2268.7453 ms
2019-12-27 16:23:36|ETB.WebApi.Middleware.RequestAuditingMiddleWare|INFO|/swagger/index.html
2019-12-27 16:23:37||INFO|HTTP GET /swagger/index.html responded 200 in 995.511 ms
2019-12-27 16:23:38|ETB.WebApi.Middleware.RequestAuditingMiddleWare|INFO|/swagger/v1/swagger.json
2019-12-27 16:23:39||INFO|HTTP GET /swagger/v1/swagger.json responded 200 in 549.586 ms
2019-12-27 16:23:43|ETB.WebApi.Middleware.RequestAuditingMiddleWare|INFO|/api/ATenders
2019-12-27 16:23:43|ETB.WebApi.Middleware.RequestAuditingMiddleWare|INFO|/api/ATenders
2019-12-27 16:23:43|ETB.WebApi.Middleware.RequestAuditingMiddleWare|INFO|/api/ATenders
2019-12-27 16:23:50|Microsoft.EntityFrameworkCore.Model.Validation|WARN|No type was specified for the decimal column 'Price' on entity type 'Service'. This will cause values to be silently truncated if they do not fit in the default precision and scale. Explicitly specify the SQL server column type that can accommodate all the values using 'HasColumnType()'.
2019-12-27 16:23:50|Microsoft.EntityFrameworkCore.Model.Validation|WARN|No type was specified for the decimal column 'CostOfBOQ' on entity type 'Tender'. This will cause values to be silently truncated if they do not fit in the default precision and scale. Explicitly specify the SQL server column type that can accommodate all the values using 'HasColumnType()'.
2019-12-27 16:23:50|Microsoft.EntityFrameworkCore.Model.Validation|WARN|No type was specified for the decimal column 'EMD' on entity type 'Tender'. This will cause values to be silently truncated if they do not fit in the default precision and scale. Explicitly specify the SQL server column type that can accommodate all the values using 'HasColumnType()'.
2019-12-27 16:23:50|Microsoft.EntityFrameworkCore.Model.Validation|WARN|No type was specified for the decimal column 'EstimatedCost' on entity type 'Tender'. This will cause values to be silently truncated if they do not fit in the default precision and scale. Explicitly specify the SQL server column type that can accommodate all the values using 'HasColumnType()'.
2019-12-27 16:23:50|Microsoft.EntityFrameworkCore.Model.Validation|WARN|No type was specified for the decimal column 'AmtReceived' on entity type 'UserService'. This will cause values to be silently truncated if they do not fit in the default precision and scale. Explicitly specify the SQL server column type that can accommodate all the values using 'HasColumnType()'.
2019-12-27 16:23:50|Microsoft.EntityFrameworkCore.Model.Validation|WARN|No type was specified for the decimal column 'AmtReceivedDate' on entity type 'UserService'. This will cause values to be silently truncated if they do not fit in the default precision and scale. Explicitly specify the SQL server column type that can accommodate all the values using 'HasColumnType()'.
2019-12-27 16:23:50|Microsoft.EntityFrameworkCore.Model.Validation|WARN|No type was specified for the decimal column 'OriginalAmt' on entity type 'UserService'. This will cause values to be silently truncated if they do not fit in the default precision and scale. Explicitly specify the SQL server column type that can accommodate all the values using 'HasColumnType()'.
2019-12-27 16:23:50|Microsoft.EntityFrameworkCore.Model.Validation|WARN|No type was specified for the decimal column 'Amount' on entity type 'UserSubscription'. This will cause values to be silently truncated if they do not fit in the default precision and scale. Explicitly specify the SQL server column type that can accommodate all the values using 'HasColumnType()'.
2019-12-27 16:23:59||INFO|HTTP GET /api/ATenders responded 200 in 15961.8678 ms
2019-12-27 16:23:59||INFO|HTTP GET /api/ATenders responded 200 in 15997.8269 ms
2019-12-27 16:23:59||INFO|HTTP GET /api/ATenders responded 200 in 16045.1933 ms
2019-12-27 16:24:00|ETB.WebApi.Middleware.RequestAuditingMiddleWare|INFO|/api/Districts
2019-12-27 16:24:00||INFO|HTTP GET /api/Districts responded 200 in 273.9698 ms
2019-12-27 16:24:49|ETB.WebApi.Middleware.RequestAuditingMiddleWare|INFO|/api/Users/IsUserExists/sanj210@hotmail.com
2019-12-27 16:24:49||INFO|HTTP GET /api/Users/IsUserExists/sanj210@hotmail.com responded 200 in 247.026 ms
2019-12-27 16:24:49|ETB.WebApi.Middleware.RequestAuditingMiddleWare|INFO|/api/UserDetails
2019-12-27 16:24:50||INFO|HTTP POST /api/UserDetails responded 201 in 806.852 ms
2019-12-27 16:29:35|ETB.WebApi.Middleware.RequestAuditingMiddleWare|INFO|/swagger/index.html
2019-12-27 16:29:37||INFO|HTTP GET /swagger/index.html responded 200 in 1362.0186 ms
2019-12-27 16:29:38|ETB.WebApi.Middleware.RequestAuditingMiddleWare|INFO|/swagger/v1/swagger.json
2019-12-27 16:29:39||INFO|HTTP GET /swagger/v1/swagger.json responded 200 in 851.8478 ms
2019-12-27 16:29:46|ETB.WebApi.Middleware.RequestAuditingMiddleWare|INFO|/api/ATenders
2019-12-27 16:29:46|ETB.WebApi.Middleware.RequestAuditingMiddleWare|INFO|/api/ATenders
2019-12-27 16:29:46|ETB.WebApi.Middleware.RequestAuditingMiddleWare|INFO|/api/ATenders
2019-12-27 16:29:51|Microsoft.EntityFrameworkCore.Model.Validation|WARN|No type was specified for the decimal column 'Price' on entity type 'Service'. This will cause values to be silently truncated if they do not fit in the default precision and scale. Explicitly specify the SQL server column type that can accommodate all the values using 'HasColumnType()'.
2019-12-27 16:29:51|Microsoft.EntityFrameworkCore.Model.Validation|WARN|No type was specified for the decimal column 'CostOfBOQ' on entity type 'Tender'. This will cause values to be silently truncated if they do not fit in the default precision and scale. Explicitly specify the SQL server column type that can accommodate all the values using 'HasColumnType()'.
2019-12-27 16:29:51|Microsoft.EntityFrameworkCore.Model.Validation|WARN|No type was specified for the decimal column 'EMD' on entity type 'Tender'. This will cause values to be silently truncated if they do not fit in the default precision and scale. Explicitly specify the SQL server column type that can accommodate all the values using 'HasColumnType()'.
2019-12-27 16:29:51|Microsoft.EntityFrameworkCore.Model.Validation|WARN|No type was specified for the decimal column 'EstimatedCost' on entity type 'Tender'. This will cause values to be silently truncated if they do not fit in the default precision and scale. Explicitly specify the SQL server column type that can accommodate all the values using 'HasColumnType()'.
2019-12-27 16:29:51|Microsoft.EntityFrameworkCore.Model.Validation|WARN|No type was specified for the decimal column 'AmtReceived' on entity type 'UserService'. This will cause values to be silently truncated if they do not fit in the default precision and scale. Explicitly specify the SQL server column type that can accommodate all the values using 'HasColumnType()'.
2019-12-27 16:29:51|Microsoft.EntityFrameworkCore.Model.Validation|WARN|No type was specified for the decimal column 'AmtReceivedDate' on entity type 'UserService'. This will cause values to be silently truncated if they do not fit in the default precision and scale. Explicitly specify the SQL server column type that can accommodate all the values using 'HasColumnType()'.
2019-12-27 16:29:51|Microsoft.EntityFrameworkCore.Model.Validation|WARN|No type was specified for the decimal column 'OriginalAmt' on entity type 'UserService'. This will cause values to be silently truncated if they do not fit in the default precision and scale. Explicitly specify the SQL server column type that can accommodate all the values using 'HasColumnType()'.
2019-12-27 16:29:51|Microsoft.EntityFrameworkCore.Model.Validation|WARN|No type was specified for the decimal column 'Amount' on entity type 'UserSubscription'. This will cause values to be silently truncated if they do not fit in the default precision and scale. Explicitly specify the SQL server column type that can accommodate all the values using 'HasColumnType()'.
2019-12-27 16:30:00||INFO|HTTP GET /api/ATenders responded 200 in 14277.3196 ms
2019-12-27 16:30:00||INFO|HTTP GET /api/ATenders responded 200 in 14244.8339 ms
2019-12-27 16:30:00||INFO|HTTP GET /api/ATenders responded 200 in 14251.4217 ms
2019-12-27 16:30:02|ETB.WebApi.Middleware.RequestAuditingMiddleWare|INFO|/api/Districts
2019-12-27 16:30:02||INFO|HTTP GET /api/Districts responded 200 in 84.2798 ms
2019-12-27 16:31:52|ETB.WebApi.Middleware.RequestAuditingMiddleWare|INFO|/api/Users/IsUserExists/sanj211@hotmail.com
2019-12-27 16:31:54||INFO|HTTP GET /api/Users/IsUserExists/sanj211@hotmail.com responded 200 in 2098.4015 ms
2019-12-27 16:31:55|ETB.WebApi.Middleware.RequestAuditingMiddleWare|INFO|/api/UserDetails
2019-12-27 16:31:58||INFO|HTTP POST /api/UserDetails responded 201 in 3001.0606 ms
2019-12-27 16:56:15|ETB.WebApi.Middleware.RequestAuditingMiddleWare|INFO|/swagger/index.html
2019-12-27 16:56:17||INFO|HTTP GET /swagger/index.html responded 200 in 1936.0131 ms
2019-12-27 16:56:18|ETB.WebApi.Middleware.RequestAuditingMiddleWare|INFO|/swagger/v1/swagger.json
2019-12-27 16:56:19||INFO|HTTP GET /swagger/v1/swagger.json responded 200 in 676.4453 ms
2019-12-27 16:56:25|ETB.WebApi.Middleware.RequestAuditingMiddleWare|INFO|/api/ATenders
2019-12-27 16:56:25|ETB.WebApi.Middleware.RequestAuditingMiddleWare|INFO|/api/ATenders
2019-12-27 16:56:25|ETB.WebApi.Middleware.RequestAuditingMiddleWare|INFO|/api/ATenders
2019-12-27 16:56:32|Microsoft.EntityFrameworkCore.Model.Validation|WARN|No type was specified for the decimal column 'Price' on entity type 'Service'. This will cause values to be silently truncated if they do not fit in the default precision and scale. Explicitly specify the SQL server column type that can accommodate all the values using 'HasColumnType()'.
2019-12-27 16:56:32|Microsoft.EntityFrameworkCore.Model.Validation|WARN|No type was specified for the decimal column 'CostOfBOQ' on entity type 'Tender'. This will cause values to be silently truncated if they do not fit in the default precision and scale. Explicitly specify the SQL server column type that can accommodate all the values using 'HasColumnType()'.
2019-12-27 16:56:32|Microsoft.EntityFrameworkCore.Model.Validation|WARN|No type was specified for the decimal column 'EMD' on entity type 'Tender'. This will cause values to be silently truncated if they do not fit in the default precision and scale. Explicitly specify the SQL server column type that can accommodate all the values using 'HasColumnType()'.
2019-12-27 16:56:32|Microsoft.EntityFrameworkCore.Model.Validation|WARN|No type was specified for the decimal column 'EstimatedCost' on entity type 'Tender'. This will cause values to be silently truncated if they do not fit in the default precision and scale. Explicitly specify the SQL server column type that can accommodate all the values using 'HasColumnType()'.
2019-12-27 16:56:32|Microsoft.EntityFrameworkCore.Model.Validation|WARN|No type was specified for the decimal column 'AmtReceived' on entity type 'UserService'. This will cause values to be silently truncated if they do not fit in the default precision and scale. Explicitly specify the SQL server column type that can accommodate all the values using 'HasColumnType()'.
2019-12-27 16:56:32|Microsoft.EntityFrameworkCore.Model.Validation|WARN|No type was specified for the decimal column 'AmtReceivedDate' on entity type 'UserService'. This will cause values to be silently truncated if they do not fit in the default precision and scale. Explicitly specify the SQL server column type that can accommodate all the values using 'HasColumnType()'.
2019-12-27 16:56:32|Microsoft.EntityFrameworkCore.Model.Validation|WARN|No type was specified for the decimal column 'OriginalAmt' on entity type 'UserService'. This will cause values to be silently truncated if they do not fit in the default precision and scale. Explicitly specify the SQL server column type that can accommodate all the values using 'HasColumnType()'.
2019-12-27 16:56:32|Microsoft.EntityFrameworkCore.Model.Validation|WARN|No type was specified for the decimal column 'Amount' on entity type 'UserSubscription'. This will cause values to be silently truncated if they do not fit in the default precision and scale. Explicitly specify the SQL server column type that can accommodate all the values using 'HasColumnType()'.
2019-12-27 16:56:40||INFO|HTTP GET /api/ATenders responded 200 in 14876.5323 ms
2019-12-27 16:56:40||INFO|HTTP GET /api/ATenders responded 200 in 14882.3173 ms
2019-12-27 16:56:40||INFO|HTTP GET /api/ATenders responded 200 in 14894.977 ms
2019-12-27 16:56:41|ETB.WebApi.Middleware.RequestAuditingMiddleWare|INFO|/api/Districts
2019-12-27 16:56:41||INFO|HTTP GET /api/Districts responded 200 in 176.2952 ms
2019-12-27 16:58:54|ETB.WebApi.Middleware.RequestAuditingMiddleWare|INFO|/api/Users/IsUserExists/sanj212@hotmail.com
2019-12-27 16:58:55||INFO|HTTP GET /api/Users/IsUserExists/sanj212@hotmail.com responded 200 in 1177.0379 ms
2019-12-27 16:58:56|ETB.WebApi.Middleware.RequestAuditingMiddleWare|INFO|/api/UserDetails
2019-12-27 16:58:57||INFO|HTTP POST /api/UserDetails responded 201 in 1318.8739 ms
2019-12-27 17:27:55|ETB.WebApi.Middleware.RequestAuditingMiddleWare|INFO|/api/Users/IsUserExists/sanj213@hotmail.com
2019-12-27 17:27:55||INFO|HTTP GET /api/Users/IsUserExists/sanj213@hotmail.com responded 200 in 251.0956 ms
2019-12-27 17:27:55|ETB.WebApi.Middleware.RequestAuditingMiddleWare|INFO|/api/UserDetails
2019-12-27 17:27:55||INFO|HTTP POST /api/UserDetails responded 201 in 285.4664 ms
2019-12-27 17:42:22|ETB.WebApi.Middleware.RequestAuditingMiddleWare|INFO|/swagger/index.html
2019-12-27 17:42:23||INFO|HTTP GET /swagger/index.html responded 200 in 1312.0709 ms
2019-12-27 17:42:24|ETB.WebApi.Middleware.RequestAuditingMiddleWare|INFO|/swagger/v1/swagger.json
2019-12-27 17:42:25||INFO|HTTP GET /swagger/v1/swagger.json responded 200 in 889.5319 ms
2019-12-27 17:42:32|ETB.WebApi.Middleware.RequestAuditingMiddleWare|INFO|/api/ATenders
2019-12-27 17:42:32|ETB.WebApi.Middleware.RequestAuditingMiddleWare|INFO|/api/ATenders
2019-12-27 17:42:32|ETB.WebApi.Middleware.RequestAuditingMiddleWare|INFO|/api/ATenders
2019-12-27 17:42:36|Microsoft.EntityFrameworkCore.Model.Validation|WARN|No type was specified for the decimal column 'Price' on entity type 'Service'. This will cause values to be silently truncated if they do not fit in the default precision and scale. Explicitly specify the SQL server column type that can accommodate all the values using 'HasColumnType()'.
2019-12-27 17:42:36|Microsoft.EntityFrameworkCore.Model.Validation|WARN|No type was specified for the decimal column 'CostOfBOQ' on entity type 'Tender'. This will cause values to be silently truncated if they do not fit in the default precision and scale. Explicitly specify the SQL server column type that can accommodate all the values using 'HasColumnType()'.
2019-12-27 17:42:36|Microsoft.EntityFrameworkCore.Model.Validation|WARN|No type was specified for the decimal column 'EMD' on entity type 'Tender'. This will cause values to be silently truncated if they do not fit in the default precision and scale. Explicitly specify the SQL server column type that can accommodate all the values using 'HasColumnType()'.
2019-12-27 17:42:36|Microsoft.EntityFrameworkCore.Model.Validation|WARN|No type was specified for the decimal column 'EstimatedCost' on entity type 'Tender'. This will cause values to be silently truncated if they do not fit in the default precision and scale. Explicitly specify the SQL server column type that can accommodate all the values using 'HasColumnType()'.
2019-12-27 17:42:36|Microsoft.EntityFrameworkCore.Model.Validation|WARN|No type was specified for the decimal column 'AmtReceived' on entity type 'UserService'. This will cause values to be silently truncated if they do not fit in the default precision and scale. Explicitly specify the SQL server column type that can accommodate all the values using 'HasColumnType()'.
2019-12-27 17:42:36|Microsoft.EntityFrameworkCore.Model.Validation|WARN|No type was specified for the decimal column 'AmtReceivedDate' on entity type 'UserService'. This will cause values to be silently truncated if they do not fit in the default precision and scale. Explicitly specify the SQL server column type that can accommodate all the values using 'HasColumnType()'.
2019-12-27 17:42:36|Microsoft.EntityFrameworkCore.Model.Validation|WARN|No type was specified for the decimal column 'OriginalAmt' on entity type 'UserService'. This will cause values to be silently truncated if they do not fit in the default precision and scale. Explicitly specify the SQL server column type that can accommodate all the values using 'HasColumnType()'.
2019-12-27 17:42:36|Microsoft.EntityFrameworkCore.Model.Validation|WARN|No type was specified for the decimal column 'Amount' on entity type 'UserSubscription'. This will cause values to be silently truncated if they do not fit in the default precision and scale. Explicitly specify the SQL server column type that can accommodate all the values using 'HasColumnType()'.
2019-12-27 17:42:46||INFO|HTTP GET /api/ATenders responded 200 in 13648.7845 ms
2019-12-27 17:42:46||INFO|HTTP GET /api/ATenders responded 200 in 13869.6214 ms
2019-12-27 17:42:46||INFO|HTTP GET /api/ATenders responded 200 in 13872.1801 ms
2019-12-27 17:42:47|ETB.WebApi.Middleware.RequestAuditingMiddleWare|INFO|/api/Districts
2019-12-27 17:42:47||INFO|HTTP GET /api/Districts responded 200 in 67.2847 ms
2019-12-27 17:43:43|ETB.WebApi.Middleware.RequestAuditingMiddleWare|INFO|/api/Users/IsUserExists/sanj214@hotmail.com
2019-12-27 17:43:44||INFO|HTTP GET /api/Users/IsUserExists/sanj214@hotmail.com responded 200 in 678.4668 ms
2019-12-27 17:43:45|ETB.WebApi.Middleware.RequestAuditingMiddleWare|INFO|/api/UserDetails
2019-12-27 17:43:48||INFO|HTTP POST /api/UserDetails responded 201 in 2425.3555 ms
2019-12-27 17:48:57|ETB.WebApi.Middleware.RequestAuditingMiddleWare|INFO|/swagger/index.html
2019-12-27 17:48:59||INFO|HTTP GET /swagger/index.html responded 200 in 2690.6298 ms
2019-12-27 17:49:00|ETB.WebApi.Middleware.RequestAuditingMiddleWare|INFO|/swagger/v1/swagger.json
2019-12-27 17:49:01||INFO|HTTP GET /swagger/v1/swagger.json responded 200 in 524.6538 ms
2019-12-27 17:49:05|ETB.WebApi.Middleware.RequestAuditingMiddleWare|INFO|/api/ATenders
2019-12-27 17:49:05|ETB.WebApi.Middleware.RequestAuditingMiddleWare|INFO|/api/ATenders
2019-12-27 17:49:05|ETB.WebApi.Middleware.RequestAuditingMiddleWare|INFO|/api/ATenders
2019-12-27 17:49:14|Microsoft.EntityFrameworkCore.Model.Validation|WARN|No type was specified for the decimal column 'Price' on entity type 'Service'. This will cause values to be silently truncated if they do not fit in the default precision and scale. Explicitly specify the SQL server column type that can accommodate all the values using 'HasColumnType()'.
2019-12-27 17:49:14|Microsoft.EntityFrameworkCore.Model.Validation|WARN|No type was specified for the decimal column 'CostOfBOQ' on entity type 'Tender'. This will cause values to be silently truncated if they do not fit in the default precision and scale. Explicitly specify the SQL server column type that can accommodate all the values using 'HasColumnType()'.
2019-12-27 17:49:14|Microsoft.EntityFrameworkCore.Model.Validation|WARN|No type was specified for the decimal column 'EMD' on entity type 'Tender'. This will cause values to be silently truncated if they do not fit in the default precision and scale. Explicitly specify the SQL server column type that can accommodate all the values using 'HasColumnType()'.
2019-12-27 17:49:14|Microsoft.EntityFrameworkCore.Model.Validation|WARN|No type was specified for the decimal column 'EstimatedCost' on entity type 'Tender'. This will cause values to be silently truncated if they do not fit in the default precision and scale. Explicitly specify the SQL server column type that can accommodate all the values using 'HasColumnType()'.
2019-12-27 17:49:14|Microsoft.EntityFrameworkCore.Model.Validation|WARN|No type was specified for the decimal column 'AmtReceived' on entity type 'UserService'. This will cause values to be silently truncated if they do not fit in the default precision and scale. Explicitly specify the SQL server column type that can accommodate all the values using 'HasColumnType()'.
2019-12-27 17:49:14|Microsoft.EntityFrameworkCore.Model.Validation|WARN|No type was specified for the decimal column 'AmtReceivedDate' on entity type 'UserService'. This will cause values to be silently truncated if they do not fit in the default precision and scale. Explicitly specify the SQL server column type that can accommodate all the values using 'HasColumnType()'.
2019-12-27 17:49:14|Microsoft.EntityFrameworkCore.Model.Validation|WARN|No type was specified for the decimal column 'OriginalAmt' on entity type 'UserService'. This will cause values to be silently truncated if they do not fit in the default precision and scale. Explicitly specify the SQL server column type that can accommodate all the values using 'HasColumnType()'.
2019-12-27 17:49:14|Microsoft.EntityFrameworkCore.Model.Validation|WARN|No type was specified for the decimal column 'Amount' on entity type 'UserSubscription'. This will cause values to be silently truncated if they do not fit in the default precision and scale. Explicitly specify the SQL server column type that can accommodate all the values using 'HasColumnType()'.
2019-12-27 17:49:17||INFO|HTTP GET /api/ATenders responded 200 in 11655.9866 ms
2019-12-27 17:49:17||INFO|HTTP GET /api/ATenders responded 200 in 11638.1509 ms
2019-12-27 17:49:17||INFO|HTTP GET /api/ATenders responded 200 in 11619.7388 ms
2019-12-27 17:49:17|ETB.WebApi.Middleware.RequestAuditingMiddleWare|INFO|/api/Districts
2019-12-27 17:49:17||INFO|HTTP GET /api/Districts responded 200 in 69.5543 ms
2019-12-27 17:50:06|ETB.WebApi.Middleware.RequestAuditingMiddleWare|INFO|/api/Users/IsUserExists/sanj215@hotmail.com
2019-12-27 17:50:06||INFO|HTTP GET /api/Users/IsUserExists/sanj215@hotmail.com responded 200 in 467.7273 ms
2019-12-27 17:50:07|ETB.WebApi.Middleware.RequestAuditingMiddleWare|INFO|/api/UserDetails
2019-12-27 17:50:08||INFO|HTTP POST /api/UserDetails responded 201 in 1368.2439 ms
2019-12-27 17:52:32|ETB.WebApi.Middleware.RequestAuditingMiddleWare|INFO|/swagger/index.html
2019-12-27 17:52:33||INFO|HTTP GET /swagger/index.html responded 200 in 995.7605 ms
2019-12-27 17:52:34|ETB.WebApi.Middleware.RequestAuditingMiddleWare|INFO|/swagger/v1/swagger.json
2019-12-27 17:52:34||INFO|HTTP GET /swagger/v1/swagger.json responded 200 in 451.0895 ms
2019-12-27 17:52:38|ETB.WebApi.Middleware.RequestAuditingMiddleWare|INFO|/api/ATenders
2019-12-27 17:52:38|ETB.WebApi.Middleware.RequestAuditingMiddleWare|INFO|/api/ATenders
2019-12-27 17:52:38|ETB.WebApi.Middleware.RequestAuditingMiddleWare|INFO|/api/ATenders
2019-12-27 17:52:40|Microsoft.EntityFrameworkCore.Model.Validation|WARN|No type was specified for the decimal column 'Price' on entity type 'Service'. This will cause values to be silently truncated if they do not fit in the default precision and scale. Explicitly specify the SQL server column type that can accommodate all the values using 'HasColumnType()'.
2019-12-27 17:52:40|Microsoft.EntityFrameworkCore.Model.Validation|WARN|No type was specified for the decimal column 'CostOfBOQ' on entity type 'Tender'. This will cause values to be silently truncated if they do not fit in the default precision and scale. Explicitly specify the SQL server column type that can accommodate all the values using 'HasColumnType()'.
2019-12-27 17:52:40|Microsoft.EntityFrameworkCore.Model.Validation|WARN|No type was specified for the decimal column 'EMD' on entity type 'Tender'. This will cause values to be silently truncated if they do not fit in the default precision and scale. Explicitly specify the SQL server column type that can accommodate all the values using 'HasColumnType()'.
2019-12-27 17:52:40|Microsoft.EntityFrameworkCore.Model.Validation|WARN|No type was specified for the decimal column 'EstimatedCost' on entity type 'Tender'. This will cause values to be silently truncated if they do not fit in the default precision and scale. Explicitly specify the SQL server column type that can accommodate all the values using 'HasColumnType()'.
2019-12-27 17:52:40|Microsoft.EntityFrameworkCore.Model.Validation|WARN|No type was specified for the decimal column 'AmtReceived' on entity type 'UserService'. This will cause values to be silently truncated if they do not fit in the default precision and scale. Explicitly specify the SQL server column type that can accommodate all the values using 'HasColumnType()'.
2019-12-27 17:52:40|Microsoft.EntityFrameworkCore.Model.Validation|WARN|No type was specified for the decimal column 'AmtReceivedDate' on entity type 'UserService'. This will cause values to be silently truncated if they do not fit in the default precision and scale. Explicitly specify the SQL server column type that can accommodate all the values using 'HasColumnType()'.
2019-12-27 17:52:40|Microsoft.EntityFrameworkCore.Model.Validation|WARN|No type was specified for the decimal column 'OriginalAmt' on entity type 'UserService'. This will cause values to be silently truncated if they do not fit in the default precision and scale. Explicitly specify the SQL server column type that can accommodate all the values using 'HasColumnType()'.
2019-12-27 17:52:40|Microsoft.EntityFrameworkCore.Model.Validation|WARN|No type was specified for the decimal column 'Amount' on entity type 'UserSubscription'. This will cause values to be silently truncated if they do not fit in the default precision and scale. Explicitly specify the SQL server column type that can accommodate all the values using 'HasColumnType()'.
2019-12-27 17:52:42||INFO|HTTP GET /api/ATenders responded 200 in 4139.0068 ms
2019-12-27 17:52:42||INFO|HTTP GET /api/ATenders responded 200 in 4138.3996 ms
2019-12-27 17:52:42||INFO|HTTP GET /api/ATenders responded 200 in 4131.0894 ms
2019-12-27 17:52:43|ETB.WebApi.Middleware.RequestAuditingMiddleWare|INFO|/api/Districts
2019-12-27 17:52:43||INFO|HTTP GET /api/Districts responded 200 in 60.3399 ms
2019-12-27 17:54:12|ETB.WebApi.Middleware.RequestAuditingMiddleWare|INFO|/api/Users/IsUserExists/sanj216@hotmail.com
2019-12-27 17:54:13||INFO|HTTP GET /api/Users/IsUserExists/sanj216@hotmail.com responded 200 in 397.0337 ms
2019-12-27 17:54:14|ETB.WebApi.Middleware.RequestAuditingMiddleWare|INFO|/api/UserDetails
2019-12-27 17:54:16||INFO|HTTP POST /api/UserDetails responded 201 in 2008.1777 ms
2019-12-27 18:28:09|ETB.WebApi.Middleware.RequestAuditingMiddleWare|INFO|/swagger/index.html
2019-12-27 18:28:10||INFO|HTTP GET /swagger/index.html responded 200 in 1042.7949 ms
2019-12-27 18:28:11|ETB.WebApi.Middleware.RequestAuditingMiddleWare|INFO|/swagger/v1/swagger.json
2019-12-27 18:28:11||INFO|HTTP GET /swagger/v1/swagger.json responded 200 in 449.8972 ms
2019-12-27 18:28:24|ETB.WebApi.Middleware.RequestAuditingMiddleWare|INFO|/api/ATenders
2019-12-27 18:28:25|ETB.WebApi.Middleware.RequestAuditingMiddleWare|INFO|/api/ATenders
2019-12-27 18:28:25|ETB.WebApi.Middleware.RequestAuditingMiddleWare|INFO|/api/ATenders
2019-12-27 18:28:29|Microsoft.EntityFrameworkCore.Model.Validation|WARN|No type was specified for the decimal column 'Price' on entity type 'Service'. This will cause values to be silently truncated if they do not fit in the default precision and scale. Explicitly specify the SQL server column type that can accommodate all the values using 'HasColumnType()'.
2019-12-27 18:28:29|Microsoft.EntityFrameworkCore.Model.Validation|WARN|No type was specified for the decimal column 'CostOfBOQ' on entity type 'Tender'. This will cause values to be silently truncated if they do not fit in the default precision and scale. Explicitly specify the SQL server column type that can accommodate all the values using 'HasColumnType()'.
2019-12-27 18:28:29|Microsoft.EntityFrameworkCore.Model.Validation|WARN|No type was specified for the decimal column 'EMD' on entity type 'Tender'. This will cause values to be silently truncated if they do not fit in the default precision and scale. Explicitly specify the SQL server column type that can accommodate all the values using 'HasColumnType()'.
2019-12-27 18:28:29|Microsoft.EntityFrameworkCore.Model.Validation|WARN|No type was specified for the decimal column 'EstimatedCost' on entity type 'Tender'. This will cause values to be silently truncated if they do not fit in the default precision and scale. Explicitly specify the SQL server column type that can accommodate all the values using 'HasColumnType()'.
2019-12-27 18:28:29|Microsoft.EntityFrameworkCore.Model.Validation|WARN|No type was specified for the decimal column 'AmtReceived' on entity type 'UserService'. This will cause values to be silently truncated if they do not fit in the default precision and scale. Explicitly specify the SQL server column type that can accommodate all the values using 'HasColumnType()'.
2019-12-27 18:28:29|Microsoft.EntityFrameworkCore.Model.Validation|WARN|No type was specified for the decimal column 'AmtReceivedDate' on entity type 'UserService'. This will cause values to be silently truncated if they do not fit in the default precision and scale. Explicitly specify the SQL server column type that can accommodate all the values using 'HasColumnType()'.
2019-12-27 18:28:29|Microsoft.EntityFrameworkCore.Model.Validation|WARN|No type was specified for the decimal column 'OriginalAmt' on entity type 'UserService'. This will cause values to be silently truncated if they do not fit in the default precision and scale. Explicitly specify the SQL server column type that can accommodate all the values using 'HasColumnType()'.
2019-12-27 18:28:29|Microsoft.EntityFrameworkCore.Model.Validation|WARN|No type was specified for the decimal column 'Amount' on entity type 'UserSubscription'. This will cause values to be silently truncated if they do not fit in the default precision and scale. Explicitly specify the SQL server column type that can accommodate all the values using 'HasColumnType()'.
2019-12-27 18:28:31||INFO|HTTP GET /api/ATenders responded 200 in 6378.9076 ms
2019-12-27 18:28:31||INFO|HTTP GET /api/ATenders responded 200 in 6555.6927 ms
2019-12-27 18:28:31||INFO|HTTP GET /api/ATenders responded 200 in 6448.1486 ms
2019-12-27 18:28:31|ETB.WebApi.Middleware.RequestAuditingMiddleWare|INFO|/api/Districts
2019-12-27 18:28:31||INFO|HTTP GET /api/Districts responded 200 in 44.482 ms
2019-12-27 18:29:34|ETB.WebApi.Middleware.RequestAuditingMiddleWare|INFO|/api/Users/IsUserExists/sanj218@hotmail.com
2019-12-27 18:29:34||INFO|HTTP GET /api/Users/IsUserExists/sanj218@hotmail.com responded 200 in 381.8613 ms
2019-12-27 18:29:35|ETB.WebApi.Middleware.RequestAuditingMiddleWare|INFO|/api/UserDetails
2019-12-27 18:29:37||INFO|HTTP POST /api/UserDetails responded 201 in 2101.3624 ms
2019-12-27 18:32:17|ETB.WebApi.Middleware.RequestAuditingMiddleWare|INFO|/swagger/index.html
2019-12-27 18:32:17||INFO|HTTP GET /swagger/index.html responded 200 in 928.6576 ms
2019-12-27 18:32:18|ETB.WebApi.Middleware.RequestAuditingMiddleWare|INFO|/swagger/v1/swagger.json
2019-12-27 18:32:19||INFO|HTTP GET /swagger/v1/swagger.json responded 200 in 420.8529 ms
2019-12-27 18:32:25|ETB.WebApi.Middleware.RequestAuditingMiddleWare|INFO|/api/ATenders
2019-12-27 18:32:25|ETB.WebApi.Middleware.RequestAuditingMiddleWare|INFO|/api/ATenders
2019-12-27 18:32:25|ETB.WebApi.Middleware.RequestAuditingMiddleWare|INFO|/api/ATenders
2019-12-27 18:32:31|Microsoft.EntityFrameworkCore.Model.Validation|WARN|No type was specified for the decimal column 'Price' on entity type 'Service'. This will cause values to be silently truncated if they do not fit in the default precision and scale. Explicitly specify the SQL server column type that can accommodate all the values using 'HasColumnType()'.
2019-12-27 18:32:31|Microsoft.EntityFrameworkCore.Model.Validation|WARN|No type was specified for the decimal column 'CostOfBOQ' on entity type 'Tender'. This will cause values to be silently truncated if they do not fit in the default precision and scale. Explicitly specify the SQL server column type that can accommodate all the values using 'HasColumnType()'.
2019-12-27 18:32:31|Microsoft.EntityFrameworkCore.Model.Validation|WARN|No type was specified for the decimal column 'EMD' on entity type 'Tender'. This will cause values to be silently truncated if they do not fit in the default precision and scale. Explicitly specify the SQL server column type that can accommodate all the values using 'HasColumnType()'.
2019-12-27 18:32:31|Microsoft.EntityFrameworkCore.Model.Validation|WARN|No type was specified for the decimal column 'EstimatedCost' on entity type 'Tender'. This will cause values to be silently truncated if they do not fit in the default precision and scale. Explicitly specify the SQL server column type that can accommodate all the values using 'HasColumnType()'.
2019-12-27 18:32:31|Microsoft.EntityFrameworkCore.Model.Validation|WARN|No type was specified for the decimal column 'AmtReceived' on entity type 'UserService'. This will cause values to be silently truncated if they do not fit in the default precision and scale. Explicitly specify the SQL server column type that can accommodate all the values using 'HasColumnType()'.
2019-12-27 18:32:31|Microsoft.EntityFrameworkCore.Model.Validation|WARN|No type was specified for the decimal column 'AmtReceivedDate' on entity type 'UserService'. This will cause values to be silently truncated if they do not fit in the default precision and scale. Explicitly specify the SQL server column type that can accommodate all the values using 'HasColumnType()'.
2019-12-27 18:32:31|Microsoft.EntityFrameworkCore.Model.Validation|WARN|No type was specified for the decimal column 'OriginalAmt' on entity type 'UserService'. This will cause values to be silently truncated if they do not fit in the default precision and scale. Explicitly specify the SQL server column type that can accommodate all the values using 'HasColumnType()'.
2019-12-27 18:32:31|Microsoft.EntityFrameworkCore.Model.Validation|WARN|No type was specified for the decimal column 'Amount' on entity type 'UserSubscription'. This will cause values to be silently truncated if they do not fit in the default precision and scale. Explicitly specify the SQL server column type that can accommodate all the values using 'HasColumnType()'.
2019-12-27 18:32:39||INFO|HTTP GET /api/ATenders responded 200 in 14762.4496 ms
2019-12-27 18:32:39||INFO|HTTP GET /api/ATenders responded 200 in 14806.5192 ms
2019-12-27 18:32:39||INFO|HTTP GET /api/ATenders responded 200 in 14774.3927 ms
2019-12-27 18:32:40|ETB.WebApi.Middleware.RequestAuditingMiddleWare|INFO|/api/Districts
2019-12-27 18:32:40||INFO|HTTP GET /api/Districts responded 200 in 383.1844 ms
2019-12-27 18:33:53|ETB.WebApi.Middleware.RequestAuditingMiddleWare|INFO|/api/Users/IsUserExists/sanj219@hotmail.com
2019-12-27 18:33:54||INFO|HTTP GET /api/Users/IsUserExists/sanj219@hotmail.com responded 200 in 254.1427 ms
2019-12-27 18:33:54|ETB.WebApi.Middleware.RequestAuditingMiddleWare|INFO|/api/UserDetails
2019-12-27 18:33:55||INFO|HTTP POST /api/UserDetails responded 201 in 747.6782 ms
2019-12-27 18:36:24|ETB.WebApi.Middleware.RequestAuditingMiddleWare|INFO|/swagger/index.html
2019-12-27 18:36:25||INFO|HTTP GET /swagger/index.html responded 200 in 965.5604 ms
2019-12-27 18:36:26|ETB.WebApi.Middleware.RequestAuditingMiddleWare|INFO|/swagger/v1/swagger.json
2019-12-27 18:36:26||INFO|HTTP GET /swagger/v1/swagger.json responded 200 in 373.3991 ms
2019-12-27 18:36:29|ETB.WebApi.Middleware.RequestAuditingMiddleWare|INFO|/api/ATenders
2019-12-27 18:36:29|ETB.WebApi.Middleware.RequestAuditingMiddleWare|INFO|/api/ATenders
2019-12-27 18:36:29|ETB.WebApi.Middleware.RequestAuditingMiddleWare|INFO|/api/ATenders
2019-12-27 18:36:31|Microsoft.EntityFrameworkCore.Model.Validation|WARN|No type was specified for the decimal column 'Price' on entity type 'Service'. This will cause values to be silently truncated if they do not fit in the default precision and scale. Explicitly specify the SQL server column type that can accommodate all the values using 'HasColumnType()'.
2019-12-27 18:36:31|Microsoft.EntityFrameworkCore.Model.Validation|WARN|No type was specified for the decimal column 'CostOfBOQ' on entity type 'Tender'. This will cause values to be silently truncated if they do not fit in the default precision and scale. Explicitly specify the SQL server column type that can accommodate all the values using 'HasColumnType()'.
2019-12-27 18:36:31|Microsoft.EntityFrameworkCore.Model.Validation|WARN|No type was specified for the decimal column 'EMD' on entity type 'Tender'. This will cause values to be silently truncated if they do not fit in the default precision and scale. Explicitly specify the SQL server column type that can accommodate all the values using 'HasColumnType()'.
2019-12-27 18:36:31|Microsoft.EntityFrameworkCore.Model.Validation|WARN|No type was specified for the decimal column 'EstimatedCost' on entity type 'Tender'. This will cause values to be silently truncated if they do not fit in the default precision and scale. Explicitly specify the SQL server column type that can accommodate all the values using 'HasColumnType()'.
2019-12-27 18:36:31|Microsoft.EntityFrameworkCore.Model.Validation|WARN|No type was specified for the decimal column 'AmtReceived' on entity type 'UserService'. This will cause values to be silently truncated if they do not fit in the default precision and scale. Explicitly specify the SQL server column type that can accommodate all the values using 'HasColumnType()'.
2019-12-27 18:36:31|Microsoft.EntityFrameworkCore.Model.Validation|WARN|No type was specified for the decimal column 'AmtReceivedDate' on entity type 'UserService'. This will cause values to be silently truncated if they do not fit in the default precision and scale. Explicitly specify the SQL server column type that can accommodate all the values using 'HasColumnType()'.
2019-12-27 18:36:31|Microsoft.EntityFrameworkCore.Model.Validation|WARN|No type was specified for the decimal column 'OriginalAmt' on entity type 'UserService'. This will cause values to be silently truncated if they do not fit in the default precision and scale. Explicitly specify the SQL server column type that can accommodate all the values using 'HasColumnType()'.
2019-12-27 18:36:31|Microsoft.EntityFrameworkCore.Model.Validation|WARN|No type was specified for the decimal column 'Amount' on entity type 'UserSubscription'. This will cause values to be silently truncated if they do not fit in the default precision and scale. Explicitly specify the SQL server column type that can accommodate all the values using 'HasColumnType()'.
2019-12-27 18:36:33||INFO|HTTP GET /api/ATenders responded 200 in 3552.607 ms
2019-12-27 18:36:33||INFO|HTTP GET /api/ATenders responded 200 in 3559.3352 ms
2019-12-27 18:36:33||INFO|HTTP GET /api/ATenders responded 200 in 3555.153 ms
2019-12-27 18:36:33|ETB.WebApi.Middleware.RequestAuditingMiddleWare|INFO|/api/Districts
2019-12-27 18:36:33||INFO|HTTP GET /api/Districts responded 200 in 76.8158 ms
2019-12-27 18:37:26|ETB.WebApi.Middleware.RequestAuditingMiddleWare|INFO|/api/Users/IsUserExists/sanj220@hotmail.com
2019-12-27 18:37:27||INFO|HTTP GET /api/Users/IsUserExists/sanj220@hotmail.com responded 200 in 420.1743 ms
2019-12-27 18:37:27|ETB.WebApi.Middleware.RequestAuditingMiddleWare|INFO|/api/UserDetails
2019-12-27 18:37:29||INFO|HTTP POST /api/UserDetails responded 201 in 1776.8967 ms
