2019-12-20 15:59:25|ETB.WebApi.Middleware.RequestAuditingMiddleWare|INFO|/swagger/index.html
2019-12-20 15:59:29||INFO|HTTP GET /swagger/index.html responded 200 in 4236.1483 ms
2019-12-20 15:59:30|ETB.WebApi.Middleware.RequestAuditingMiddleWare|INFO|/swagger/swagger-ui.css
2019-12-20 15:59:30|ETB.WebApi.Middleware.RequestAuditingMiddleWare|INFO|/swagger/swagger-ui-bundle.js
2019-12-20 15:59:30|ETB.WebApi.Middleware.RequestAuditingMiddleWare|INFO|/swagger/swagger-ui-standalone-preset.js
2019-12-20 15:59:31||INFO|HTTP GET /swagger/swagger-ui-bundle.js responded 200 in 1209.8675 ms
2019-12-20 15:59:31||INFO|HTTP GET /swagger/swagger-ui.css responded 200 in 1407.8728 ms
2019-12-20 15:59:31||INFO|HTTP GET /swagger/swagger-ui-standalone-preset.js responded 200 in 1217.1717 ms
2019-12-20 15:59:33|ETB.WebApi.Middleware.RequestAuditingMiddleWare|INFO|/swagger/v1/swagger.json
2019-12-20 15:59:34||INFO|HTTP GET /swagger/v1/swagger.json responded 200 in 605.9182 ms
2019-12-20 15:59:44|ETB.WebApi.Middleware.RequestAuditingMiddleWare|INFO|/api/ATenders
2019-12-20 15:59:44|ETB.WebApi.Middleware.RequestAuditingMiddleWare|INFO|/api/ATenders
2019-12-20 15:59:50|Microsoft.EntityFrameworkCore.Model.Validation|WARN|No type was specified for the decimal column 'Price' on entity type 'Service'. This will cause values to be silently truncated if they do not fit in the default precision and scale. Explicitly specify the SQL server column type that can accommodate all the values using 'HasColumnType()'.
2019-12-20 15:59:50|Microsoft.EntityFrameworkCore.Model.Validation|WARN|No type was specified for the decimal column 'CostOfBOQ' on entity type 'Tender'. This will cause values to be silently truncated if they do not fit in the default precision and scale. Explicitly specify the SQL server column type that can accommodate all the values using 'HasColumnType()'.
2019-12-20 15:59:50|Microsoft.EntityFrameworkCore.Model.Validation|WARN|No type was specified for the decimal column 'EMD' on entity type 'Tender'. This will cause values to be silently truncated if they do not fit in the default precision and scale. Explicitly specify the SQL server column type that can accommodate all the values using 'HasColumnType()'.
2019-12-20 15:59:50|Microsoft.EntityFrameworkCore.Model.Validation|WARN|No type was specified for the decimal column 'EstimatedCost' on entity type 'Tender'. This will cause values to be silently truncated if they do not fit in the default precision and scale. Explicitly specify the SQL server column type that can accommodate all the values using 'HasColumnType()'.
2019-12-20 15:59:50|Microsoft.EntityFrameworkCore.Model.Validation|WARN|No type was specified for the decimal column 'AmtReceived' on entity type 'UserService'. This will cause values to be silently truncated if they do not fit in the default precision and scale. Explicitly specify the SQL server column type that can accommodate all the values using 'HasColumnType()'.
2019-12-20 15:59:50|Microsoft.EntityFrameworkCore.Model.Validation|WARN|No type was specified for the decimal column 'AmtReceivedDate' on entity type 'UserService'. This will cause values to be silently truncated if they do not fit in the default precision and scale. Explicitly specify the SQL server column type that can accommodate all the values using 'HasColumnType()'.
2019-12-20 15:59:50|Microsoft.EntityFrameworkCore.Model.Validation|WARN|No type was specified for the decimal column 'OriginalAmt' on entity type 'UserService'. This will cause values to be silently truncated if they do not fit in the default precision and scale. Explicitly specify the SQL server column type that can accommodate all the values using 'HasColumnType()'.
2019-12-20 15:59:50|Microsoft.EntityFrameworkCore.Model.Validation|WARN|No type was specified for the decimal column 'Amount' on entity type 'UserSubscription'. This will cause values to be silently truncated if they do not fit in the default precision and scale. Explicitly specify the SQL server column type that can accommodate all the values using 'HasColumnType()'.
2019-12-20 15:59:51|Microsoft.EntityFrameworkCore.Query|WARN|Query: '(from Tender x in DbSet<Tender> where (int)[x].IsActive == 1 && [x].BidSubmissionEnDate >= DateTime....' uses a row limiting operation (Skip/Take) without OrderBy which may lead to unpredictable results.
2019-12-20 15:59:57||INFO|HTTP GET /api/ATenders responded 200 in 13445.9327 ms
2019-12-20 15:59:58||INFO|HTTP GET /api/ATenders responded 200 in 13638.4099 ms
2019-12-20 16:00:00|ETB.WebApi.Middleware.RequestAuditingMiddleWare|INFO|/api/Districts
2019-12-20 16:00:01||INFO|HTTP GET /api/Districts responded 200 in 399.248 ms
2019-12-20 16:01:28|ETB.WebApi.Middleware.RequestAuditingMiddleWare|INFO|/api/ValidateCredentials
2019-12-20 16:01:28||INFO|HTTP POST /api/ValidateCredentials responded 200 in 352.2182 ms
2019-12-20 16:01:28|ETB.WebApi.Middleware.RequestAuditingMiddleWare|INFO|/api/UserSignInLogs
2019-12-20 16:01:29|ETB.WebApi.Middleware.RequestAuditingMiddleWare|INFO|/api/ATenders
2019-12-20 16:01:29||INFO|HTTP GET /api/ATenders responded 200 in 28.6463 ms
2019-12-20 16:01:29||INFO|HTTP POST /api/UserSignInLogs responded 201 in 766.2433 ms
2019-12-20 16:01:30|ETB.WebApi.Middleware.RequestAuditingMiddleWare|INFO|/api/ATenders
2019-12-20 16:01:30|ETB.WebApi.Middleware.RequestAuditingMiddleWare|INFO|/api/ATenders
2019-12-20 16:01:30||INFO|HTTP GET /api/ATenders responded 200 in 134.4722 ms
2019-12-20 16:01:30|ETB.WebApi.Middleware.RequestAuditingMiddleWare|INFO|/api/Districts
2019-12-20 16:01:30||INFO|HTTP GET /api/ATenders responded 200 in 102.0109 ms
2019-12-20 16:01:30||INFO|HTTP GET /api/Districts responded 200 in 49.9052 ms
2019-12-20 16:01:36|ETB.WebApi.Middleware.RequestAuditingMiddleWare|INFO|/api/Districts
2019-12-20 16:01:36||INFO|HTTP GET /api/Districts responded 200 in 33.7176 ms
2019-12-20 16:01:37|ETB.WebApi.Middleware.RequestAuditingMiddleWare|INFO|/api/UserDetails
2019-12-20 16:01:37||INFO|HTTP GET /api/UserDetails responded 200 in 247.2876 ms
2019-12-20 16:01:44|ETB.WebApi.Middleware.RequestAuditingMiddleWare|INFO|/api/AServices
2019-12-20 16:01:44||INFO|HTTP GET /api/AServices responded 200 in 241.7878 ms
2019-12-20 16:02:39|ETB.WebApi.Middleware.RequestAuditingMiddleWare|INFO|/api/AServices
2019-12-20 16:02:39||INFO|HTTP GET /api/AServices responded 200 in 31.4005 ms
2019-12-20 16:08:46|ETB.WebApi.Middleware.RequestAuditingMiddleWare|INFO|/swagger/index.html
2019-12-20 16:08:49||INFO|HTTP GET /swagger/index.html responded 200 in 2404.6595 ms
2019-12-20 16:08:50|ETB.WebApi.Middleware.RequestAuditingMiddleWare|INFO|/swagger/v1/swagger.json
2019-12-20 16:08:51||INFO|HTTP GET /swagger/v1/swagger.json responded 200 in 490.5365 ms
2019-12-20 16:08:57|ETB.WebApi.Middleware.RequestAuditingMiddleWare|INFO|/api/ATenders
2019-12-20 16:08:57|ETB.WebApi.Middleware.RequestAuditingMiddleWare|INFO|/api/ATenders
2019-12-20 16:09:03|Microsoft.EntityFrameworkCore.Model.Validation|WARN|No type was specified for the decimal column 'Price' on entity type 'Service'. This will cause values to be silently truncated if they do not fit in the default precision and scale. Explicitly specify the SQL server column type that can accommodate all the values using 'HasColumnType()'.
2019-12-20 16:09:03|Microsoft.EntityFrameworkCore.Model.Validation|WARN|No type was specified for the decimal column 'CostOfBOQ' on entity type 'Tender'. This will cause values to be silently truncated if they do not fit in the default precision and scale. Explicitly specify the SQL server column type that can accommodate all the values using 'HasColumnType()'.
2019-12-20 16:09:03|Microsoft.EntityFrameworkCore.Model.Validation|WARN|No type was specified for the decimal column 'EMD' on entity type 'Tender'. This will cause values to be silently truncated if they do not fit in the default precision and scale. Explicitly specify the SQL server column type that can accommodate all the values using 'HasColumnType()'.
2019-12-20 16:09:03|Microsoft.EntityFrameworkCore.Model.Validation|WARN|No type was specified for the decimal column 'EstimatedCost' on entity type 'Tender'. This will cause values to be silently truncated if they do not fit in the default precision and scale. Explicitly specify the SQL server column type that can accommodate all the values using 'HasColumnType()'.
2019-12-20 16:09:03|Microsoft.EntityFrameworkCore.Model.Validation|WARN|No type was specified for the decimal column 'AmtReceived' on entity type 'UserService'. This will cause values to be silently truncated if they do not fit in the default precision and scale. Explicitly specify the SQL server column type that can accommodate all the values using 'HasColumnType()'.
2019-12-20 16:09:03|Microsoft.EntityFrameworkCore.Model.Validation|WARN|No type was specified for the decimal column 'AmtReceivedDate' on entity type 'UserService'. This will cause values to be silently truncated if they do not fit in the default precision and scale. Explicitly specify the SQL server column type that can accommodate all the values using 'HasColumnType()'.
2019-12-20 16:09:03|Microsoft.EntityFrameworkCore.Model.Validation|WARN|No type was specified for the decimal column 'OriginalAmt' on entity type 'UserService'. This will cause values to be silently truncated if they do not fit in the default precision and scale. Explicitly specify the SQL server column type that can accommodate all the values using 'HasColumnType()'.
2019-12-20 16:09:03|Microsoft.EntityFrameworkCore.Model.Validation|WARN|No type was specified for the decimal column 'Amount' on entity type 'UserSubscription'. This will cause values to be silently truncated if they do not fit in the default precision and scale. Explicitly specify the SQL server column type that can accommodate all the values using 'HasColumnType()'.
2019-12-20 16:09:03|Microsoft.EntityFrameworkCore.Query|WARN|Query: '(from Tender x in DbSet<Tender> where (int)[x].IsActive == 1 && [x].BidSubmissionEnDate >= DateTime....' uses a row limiting operation (Skip/Take) without OrderBy which may lead to unpredictable results.
2019-12-20 16:09:05||INFO|HTTP GET /api/ATenders responded 200 in 7749.722 ms
2019-12-20 16:09:05||INFO|HTTP GET /api/ATenders responded 200 in 7752.9575 ms
2019-12-20 16:09:05|ETB.WebApi.Middleware.RequestAuditingMiddleWare|INFO|/api/Districts
2019-12-20 16:09:05||INFO|HTTP GET /api/Districts responded 200 in 57.8977 ms
2019-12-20 16:10:54|ETB.WebApi.Middleware.RequestAuditingMiddleWare|INFO|/api/ValidateCredentials
2019-12-20 16:10:54||INFO|HTTP POST /api/ValidateCredentials responded 200 in 321.6477 ms
2019-12-20 16:10:54|ETB.WebApi.Middleware.RequestAuditingMiddleWare|INFO|/api/UserSignInLogs
2019-12-20 16:10:54|ETB.WebApi.Middleware.RequestAuditingMiddleWare|INFO|/api/ATenders
2019-12-20 16:10:54||INFO|HTTP GET /api/ATenders responded 200 in 42.5981 ms
2019-12-20 16:10:55||INFO|HTTP POST /api/UserSignInLogs responded 201 in 814.0758 ms
2019-12-20 16:10:56|ETB.WebApi.Middleware.RequestAuditingMiddleWare|INFO|/api/ATenders
2019-12-20 16:10:56|ETB.WebApi.Middleware.RequestAuditingMiddleWare|INFO|/api/ATenders
2019-12-20 16:10:56||INFO|HTTP GET /api/ATenders responded 200 in 53.2435 ms
2019-12-20 16:10:56||INFO|HTTP GET /api/ATenders responded 200 in 45.8838 ms
2019-12-20 16:10:56|ETB.WebApi.Middleware.RequestAuditingMiddleWare|INFO|/api/Districts
2019-12-20 16:10:56||INFO|HTTP GET /api/Districts responded 200 in 64.1489 ms
2019-12-20 16:10:59|ETB.WebApi.Middleware.RequestAuditingMiddleWare|INFO|/api/Districts
2019-12-20 16:10:59||INFO|HTTP GET /api/Districts responded 200 in 15.7327 ms
2019-12-20 16:11:00|ETB.WebApi.Middleware.RequestAuditingMiddleWare|INFO|/api/UserDetails
2019-12-20 16:11:00||INFO|HTTP GET /api/UserDetails responded 200 in 229.4288 ms
2019-12-20 16:11:03|ETB.WebApi.Middleware.RequestAuditingMiddleWare|INFO|/api/AServices
2019-12-20 16:11:04||INFO|HTTP GET /api/AServices responded 200 in 239.0679 ms
2019-12-20 16:12:53|ETB.WebApi.Middleware.RequestAuditingMiddleWare|INFO|/api/AServices
2019-12-20 16:12:53||INFO|HTTP GET /api/AServices responded 200 in 45.8088 ms
2019-12-20 16:13:36|ETB.WebApi.Middleware.RequestAuditingMiddleWare|INFO|/api/AServices
2019-12-20 16:13:36||INFO|HTTP GET /api/AServices responded 200 in 40.7697 ms
2019-12-20 16:15:01|ETB.WebApi.Middleware.RequestAuditingMiddleWare|INFO|/api/AServices
2019-12-20 16:15:01||INFO|HTTP GET /api/AServices responded 200 in 28.0837 ms
2019-12-20 16:17:03|ETB.WebApi.Middleware.RequestAuditingMiddleWare|INFO|/api/AServices
2019-12-20 16:17:03||INFO|HTTP GET /api/AServices responded 200 in 37.8872 ms
2019-12-20 16:18:45|ETB.WebApi.Middleware.RequestAuditingMiddleWare|INFO|/api/AServices
2019-12-20 16:18:45||INFO|HTTP GET /api/AServices responded 200 in 87.2304 ms
2019-12-20 17:10:19|ETB.WebApi.Middleware.RequestAuditingMiddleWare|INFO|/swagger/index.html
2019-12-20 17:10:21||INFO|HTTP GET /swagger/index.html responded 200 in 1828.3317 ms
2019-12-20 17:10:23|ETB.WebApi.Middleware.RequestAuditingMiddleWare|INFO|/swagger/v1/swagger.json
2019-12-20 17:10:24||INFO|HTTP GET /swagger/v1/swagger.json responded 200 in 743.2647 ms
2019-12-20 17:10:33|ETB.WebApi.Middleware.RequestAuditingMiddleWare|INFO|/api/ATenders
2019-12-20 17:10:33|ETB.WebApi.Middleware.RequestAuditingMiddleWare|INFO|/api/ATenders
2019-12-20 17:10:36|Microsoft.EntityFrameworkCore.Model.Validation|WARN|No type was specified for the decimal column 'Price' on entity type 'Service'. This will cause values to be silently truncated if they do not fit in the default precision and scale. Explicitly specify the SQL server column type that can accommodate all the values using 'HasColumnType()'.
2019-12-20 17:10:36|Microsoft.EntityFrameworkCore.Model.Validation|WARN|No type was specified for the decimal column 'CostOfBOQ' on entity type 'Tender'. This will cause values to be silently truncated if they do not fit in the default precision and scale. Explicitly specify the SQL server column type that can accommodate all the values using 'HasColumnType()'.
2019-12-20 17:10:36|Microsoft.EntityFrameworkCore.Model.Validation|WARN|No type was specified for the decimal column 'EMD' on entity type 'Tender'. This will cause values to be silently truncated if they do not fit in the default precision and scale. Explicitly specify the SQL server column type that can accommodate all the values using 'HasColumnType()'.
2019-12-20 17:10:36|Microsoft.EntityFrameworkCore.Model.Validation|WARN|No type was specified for the decimal column 'EstimatedCost' on entity type 'Tender'. This will cause values to be silently truncated if they do not fit in the default precision and scale. Explicitly specify the SQL server column type that can accommodate all the values using 'HasColumnType()'.
2019-12-20 17:10:36|Microsoft.EntityFrameworkCore.Model.Validation|WARN|No type was specified for the decimal column 'AmtReceived' on entity type 'UserService'. This will cause values to be silently truncated if they do not fit in the default precision and scale. Explicitly specify the SQL server column type that can accommodate all the values using 'HasColumnType()'.
2019-12-20 17:10:36|Microsoft.EntityFrameworkCore.Model.Validation|WARN|No type was specified for the decimal column 'AmtReceivedDate' on entity type 'UserService'. This will cause values to be silently truncated if they do not fit in the default precision and scale. Explicitly specify the SQL server column type that can accommodate all the values using 'HasColumnType()'.
2019-12-20 17:10:36|Microsoft.EntityFrameworkCore.Model.Validation|WARN|No type was specified for the decimal column 'OriginalAmt' on entity type 'UserService'. This will cause values to be silently truncated if they do not fit in the default precision and scale. Explicitly specify the SQL server column type that can accommodate all the values using 'HasColumnType()'.
2019-12-20 17:10:36|Microsoft.EntityFrameworkCore.Model.Validation|WARN|No type was specified for the decimal column 'Amount' on entity type 'UserSubscription'. This will cause values to be silently truncated if they do not fit in the default precision and scale. Explicitly specify the SQL server column type that can accommodate all the values using 'HasColumnType()'.
2019-12-20 17:10:37|Microsoft.EntityFrameworkCore.Query|WARN|Query: '(from Tender x in DbSet<Tender> where (int)[x].IsActive == 1 && [x].BidSubmissionEnDate >= DateTime....' uses a row limiting operation (Skip/Take) without OrderBy which may lead to unpredictable results.
2019-12-20 17:10:39||INFO|HTTP GET /api/ATenders responded 200 in 5797.6654 ms
2019-12-20 17:10:39||INFO|HTTP GET /api/ATenders responded 200 in 5865.3371 ms
2019-12-20 17:10:39|ETB.WebApi.Middleware.RequestAuditingMiddleWare|INFO|/api/Districts
2019-12-20 17:10:40||INFO|HTTP GET /api/Districts responded 200 in 125.7864 ms
2019-12-20 17:34:18|ETB.WebApi.Middleware.RequestAuditingMiddleWare|INFO|/api/ValidateCredentials
2019-12-20 17:34:18||INFO|HTTP POST /api/ValidateCredentials responded 200 in 377.8209 ms
2019-12-20 17:34:18|ETB.WebApi.Middleware.RequestAuditingMiddleWare|INFO|/api/UserSignInLogs
2019-12-20 17:34:18|ETB.WebApi.Middleware.RequestAuditingMiddleWare|INFO|/api/ATenders
2019-12-20 17:34:18||INFO|HTTP GET /api/ATenders responded 200 in 46.5403 ms
2019-12-20 17:34:19||INFO|HTTP POST /api/UserSignInLogs responded 201 in 734.848 ms
2019-12-20 17:34:20|ETB.WebApi.Middleware.RequestAuditingMiddleWare|INFO|/api/ATenders
2019-12-20 17:34:20|ETB.WebApi.Middleware.RequestAuditingMiddleWare|INFO|/api/ATenders
2019-12-20 17:34:20||INFO|HTTP GET /api/ATenders responded 200 in 67.3256 ms
2019-12-20 17:34:20||INFO|HTTP GET /api/ATenders responded 200 in 175.7204 ms
2019-12-20 17:34:20|ETB.WebApi.Middleware.RequestAuditingMiddleWare|INFO|/api/Districts
2019-12-20 17:34:20||INFO|HTTP GET /api/Districts responded 200 in 129.8661 ms
2019-12-20 17:34:22|ETB.WebApi.Middleware.RequestAuditingMiddleWare|INFO|/api/Districts
2019-12-20 17:34:22||INFO|HTTP GET /api/Districts responded 200 in 15.2696 ms
2019-12-20 17:34:23|ETB.WebApi.Middleware.RequestAuditingMiddleWare|INFO|/api/UserDetails
2019-12-20 17:34:23||INFO|HTTP GET /api/UserDetails responded 200 in 216.2524 ms
2019-12-20 17:34:27|ETB.WebApi.Middleware.RequestAuditingMiddleWare|INFO|/api/AServices
2019-12-20 17:34:27||INFO|HTTP GET /api/AServices responded 200 in 422.293 ms
2019-12-20 17:36:39|ETB.WebApi.Middleware.RequestAuditingMiddleWare|INFO|/api/AServices
2019-12-20 17:36:39||INFO|HTTP GET /api/AServices responded 200 in 35.2017 ms
2019-12-20 17:37:01|ETB.WebApi.Middleware.RequestAuditingMiddleWare|INFO|/api/Services/5
2019-12-20 17:37:01||INFO|HTTP GET /api/Services/5 responded 200 in 172.7353 ms
2019-12-20 18:04:03|ETB.WebApi.Middleware.RequestAuditingMiddleWare|INFO|/api/AServices
2019-12-20 18:04:04||INFO|HTTP GET /api/AServices responded 200 in 79.7344 ms
2019-12-20 18:04:20|ETB.WebApi.Middleware.RequestAuditingMiddleWare|INFO|/api/Services/4
2019-12-20 18:04:20||INFO|HTTP GET /api/Services/4 responded 200 in 16.0631 ms
2019-12-20 18:06:58|ETB.WebApi.Middleware.RequestAuditingMiddleWare|INFO|/api/AServices
2019-12-20 18:06:58||INFO|HTTP GET /api/AServices responded 200 in 20.5521 ms
2019-12-20 18:07:05|ETB.WebApi.Middleware.RequestAuditingMiddleWare|INFO|/api/Services/4
2019-12-20 18:07:05||INFO|HTTP GET /api/Services/4 responded 200 in 14.5945 ms
2019-12-20 18:07:09|ETB.WebApi.Middleware.RequestAuditingMiddleWare|INFO|/api/Services/6
2019-12-20 18:07:09||INFO|HTTP GET /api/Services/6 responded 200 in 41.4609 ms
2019-12-20 18:07:30|ETB.WebApi.Middleware.RequestAuditingMiddleWare|INFO|/api/AServices
2019-12-20 18:07:30||INFO|HTTP GET /api/AServices responded 200 in 17.557 ms
2019-12-20 18:07:38|ETB.WebApi.Middleware.RequestAuditingMiddleWare|INFO|/api/Services/5
2019-12-20 18:07:38||INFO|HTTP GET /api/Services/5 responded 200 in 14.7065 ms
2019-12-20 18:09:37|ETB.WebApi.Middleware.RequestAuditingMiddleWare|INFO|/api/AServices
2019-12-20 18:09:37||INFO|HTTP GET /api/AServices responded 200 in 73.1134 ms
2019-12-20 18:09:46|ETB.WebApi.Middleware.RequestAuditingMiddleWare|INFO|/api/Services/4
2019-12-20 18:09:46||INFO|HTTP GET /api/Services/4 responded 200 in 15.5933 ms
2019-12-20 18:11:49|ETB.WebApi.Middleware.RequestAuditingMiddleWare|INFO|/api/AServices
2019-12-20 18:11:49||INFO|HTTP GET /api/AServices responded 200 in 34.2272 ms
2019-12-20 18:12:01|ETB.WebApi.Middleware.RequestAuditingMiddleWare|INFO|/api/Services/4
2019-12-20 18:12:01||INFO|HTTP GET /api/Services/4 responded 200 in 16.0808 ms
2019-12-20 18:12:06|ETB.WebApi.Middleware.RequestAuditingMiddleWare|INFO|/api/Services/5
2019-12-20 18:12:06||INFO|HTTP GET /api/Services/5 responded 200 in 18.1639 ms
2019-12-20 18:12:10|ETB.WebApi.Middleware.RequestAuditingMiddleWare|INFO|/api/Services/6
2019-12-20 18:12:10||INFO|HTTP GET /api/Services/6 responded 200 in 15.3903 ms
2019-12-20 18:21:04|ETB.WebApi.Middleware.RequestAuditingMiddleWare|INFO|/api/AServices
2019-12-20 18:21:04||INFO|HTTP GET /api/AServices responded 200 in 38.8563 ms
2019-12-20 18:21:47|ETB.WebApi.Middleware.RequestAuditingMiddleWare|INFO|/api/Services/4
2019-12-20 18:21:47||INFO|HTTP GET /api/Services/4 responded 200 in 44.2311 ms
2019-12-20 18:22:30|ETB.WebApi.Middleware.RequestAuditingMiddleWare|INFO|/api/AServices
2019-12-20 18:22:30||INFO|HTTP GET /api/AServices responded 200 in 49.2179 ms
2019-12-20 18:23:10|ETB.WebApi.Middleware.RequestAuditingMiddleWare|INFO|/api/Services/4
2019-12-20 18:23:10||INFO|HTTP GET /api/Services/4 responded 200 in 40.08 ms
2019-12-20 18:24:09|ETB.WebApi.Middleware.RequestAuditingMiddleWare|INFO|/api/AServices
2019-12-20 18:24:09||INFO|HTTP GET /api/AServices responded 200 in 21.2281 ms
2019-12-20 18:24:21|ETB.WebApi.Middleware.RequestAuditingMiddleWare|INFO|/api/Services/4
2019-12-20 18:24:21||INFO|HTTP GET /api/Services/4 responded 200 in 14.6911 ms
2019-12-20 18:24:42|ETB.WebApi.Middleware.RequestAuditingMiddleWare|INFO|/api/AServices
2019-12-20 18:24:42||INFO|HTTP GET /api/AServices responded 200 in 36.0811 ms
2019-12-20 18:24:50|ETB.WebApi.Middleware.RequestAuditingMiddleWare|INFO|/api/Services/5
2019-12-20 18:24:50||INFO|HTTP GET /api/Services/5 responded 200 in 14.0652 ms
2019-12-20 18:24:58|ETB.WebApi.Middleware.RequestAuditingMiddleWare|INFO|/api/Services/2
2019-12-20 18:24:58||INFO|HTTP GET /api/Services/2 responded 200 in 19.5592 ms
2019-12-20 18:25:17|ETB.WebApi.Middleware.RequestAuditingMiddleWare|INFO|/api/Services/6
2019-12-20 18:25:17||INFO|HTTP GET /api/Services/6 responded 200 in 14.0242 ms
2019-12-20 18:25:37|ETB.WebApi.Middleware.RequestAuditingMiddleWare|INFO|/api/Services/5
2019-12-20 18:25:37||INFO|HTTP GET /api/Services/5 responded 200 in 26.8117 ms
2019-12-20 18:25:42|ETB.WebApi.Middleware.RequestAuditingMiddleWare|INFO|/api/Services/0
2019-12-20 18:25:42||INFO|HTTP GET /api/Services/0 responded 404 in 34.3364 ms
2019-12-20 18:25:47|ETB.WebApi.Middleware.RequestAuditingMiddleWare|INFO|/api/Services/2
2019-12-20 18:25:47||INFO|HTTP GET /api/Services/2 responded 200 in 15.2256 ms
2019-12-20 18:26:16|ETB.WebApi.Middleware.RequestAuditingMiddleWare|INFO|/api/AServices
2019-12-20 18:26:16||INFO|HTTP GET /api/AServices responded 200 in 48.2197 ms
2019-12-20 18:26:26|ETB.WebApi.Middleware.RequestAuditingMiddleWare|INFO|/api/Services/4
2019-12-20 18:26:26||INFO|HTTP GET /api/Services/4 responded 200 in 19.3901 ms
2019-12-20 18:26:32|ETB.WebApi.Middleware.RequestAuditingMiddleWare|INFO|/api/Services/2
2019-12-20 18:26:32||INFO|HTTP GET /api/Services/2 responded 200 in 17.7707 ms
2019-12-20 18:27:01|ETB.WebApi.Middleware.RequestAuditingMiddleWare|INFO|/api/AServices
2019-12-20 18:27:01||INFO|HTTP GET /api/AServices responded 200 in 12.6574 ms
2019-12-20 18:27:06|ETB.WebApi.Middleware.RequestAuditingMiddleWare|INFO|/api/Services/5
2019-12-20 18:27:06||INFO|HTTP GET /api/Services/5 responded 200 in 13.868 ms
2019-12-20 18:27:29|ETB.WebApi.Middleware.RequestAuditingMiddleWare|INFO|/api/AServices
2019-12-20 18:27:29||INFO|HTTP GET /api/AServices responded 200 in 32.6421 ms
2019-12-20 18:27:44|ETB.WebApi.Middleware.RequestAuditingMiddleWare|INFO|/api/Services/5
2019-12-20 18:27:44||INFO|HTTP GET /api/Services/5 responded 200 in 40.5437 ms
2019-12-20 18:28:53|ETB.WebApi.Middleware.RequestAuditingMiddleWare|INFO|/api/AServices
2019-12-20 18:28:53||INFO|HTTP GET /api/AServices responded 200 in 30.8136 ms
2019-12-20 18:29:04|ETB.WebApi.Middleware.RequestAuditingMiddleWare|INFO|/api/Services/5
2019-12-20 18:29:04||INFO|HTTP GET /api/Services/5 responded 200 in 14.094 ms
2019-12-20 18:32:07|ETB.WebApi.Middleware.RequestAuditingMiddleWare|INFO|/api/AServices
2019-12-20 18:32:07||INFO|HTTP GET /api/AServices responded 200 in 41.353 ms
2019-12-20 18:33:58|ETB.WebApi.Middleware.RequestAuditingMiddleWare|INFO|/api/AServices
2019-12-20 18:33:58||INFO|HTTP GET /api/AServices responded 200 in 17.7922 ms
2019-12-20 18:35:09|ETB.WebApi.Middleware.RequestAuditingMiddleWare|INFO|/api/AServices
2019-12-20 18:35:09||INFO|HTTP GET /api/AServices responded 200 in 50.6026 ms
2019-12-20 18:57:12|ETB.WebApi.Middleware.RequestAuditingMiddleWare|INFO|/api/AServices
2019-12-20 18:57:13||INFO|HTTP GET /api/AServices responded 200 in 61.3997 ms
2019-12-20 18:57:16|ETB.WebApi.Middleware.RequestAuditingMiddleWare|INFO|/api/AServices
2019-12-20 18:57:16||INFO|HTTP GET /api/AServices responded 200 in 11.1633 ms
2019-12-20 18:59:07|ETB.WebApi.Middleware.RequestAuditingMiddleWare|INFO|/api/AServices
2019-12-20 18:59:07||INFO|HTTP GET /api/AServices responded 200 in 46.1092 ms
2019-12-20 19:00:07|ETB.WebApi.Middleware.RequestAuditingMiddleWare|INFO|/api/AServices
2019-12-20 19:00:07||INFO|HTTP GET /api/AServices responded 200 in 30.88 ms
2019-12-20 19:00:18|ETB.WebApi.Middleware.RequestAuditingMiddleWare|INFO|/api/AServices
2019-12-20 19:00:18||INFO|HTTP GET /api/AServices responded 200 in 14.821 ms
2019-12-20 19:01:18|ETB.WebApi.Middleware.RequestAuditingMiddleWare|INFO|/api/AServices
2019-12-20 19:01:18||INFO|HTTP GET /api/AServices responded 200 in 17.6016 ms
2019-12-20 19:01:41|ETB.WebApi.Middleware.RequestAuditingMiddleWare|INFO|/api/AServices
2019-12-20 19:01:41||INFO|HTTP GET /api/AServices responded 200 in 36.4548 ms
2019-12-20 19:02:18|ETB.WebApi.Middleware.RequestAuditingMiddleWare|INFO|/api/AServices
2019-12-20 19:02:18||INFO|HTTP GET /api/AServices responded 200 in 63.5743 ms
2019-12-20 19:02:43|ETB.WebApi.Middleware.RequestAuditingMiddleWare|INFO|/api/AServices
2019-12-20 19:02:43||INFO|HTTP GET /api/AServices responded 200 in 15.2087 ms
2019-12-20 19:04:42|ETB.WebApi.Middleware.RequestAuditingMiddleWare|INFO|/api/AServices
2019-12-20 19:04:42||INFO|HTTP GET /api/AServices responded 200 in 76.4807 ms
2019-12-20 19:05:06|ETB.WebApi.Middleware.RequestAuditingMiddleWare|INFO|/api/AServices
2019-12-20 19:05:06||INFO|HTTP GET /api/AServices responded 200 in 34.6734 ms
2019-12-20 19:07:24|ETB.WebApi.Middleware.RequestAuditingMiddleWare|INFO|/api/AServices
2019-12-20 19:07:24||INFO|HTTP GET /api/AServices responded 200 in 64.6264 ms
2019-12-20 19:08:31|ETB.WebApi.Middleware.RequestAuditingMiddleWare|INFO|/api/AServices
2019-12-20 19:08:31||INFO|HTTP GET /api/AServices responded 200 in 47.1411 ms
2019-12-20 19:10:35|ETB.WebApi.Middleware.RequestAuditingMiddleWare|INFO|/api/AServices
2019-12-20 19:10:35||INFO|HTTP GET /api/AServices responded 200 in 26.4631 ms
2019-12-20 19:11:59|ETB.WebApi.Middleware.RequestAuditingMiddleWare|INFO|/api/AServices
2019-12-20 19:11:59||INFO|HTTP GET /api/AServices responded 200 in 33.1779 ms
2019-12-20 19:12:25|ETB.WebApi.Middleware.RequestAuditingMiddleWare|INFO|/api/AServices
2019-12-20 19:12:25||INFO|HTTP GET /api/AServices responded 200 in 21.451 ms
2019-12-20 19:12:48|ETB.WebApi.Middleware.RequestAuditingMiddleWare|INFO|/api/AServices
2019-12-20 19:12:48||INFO|HTTP GET /api/AServices responded 200 in 25.5648 ms
2019-12-20 19:13:37|ETB.WebApi.Middleware.RequestAuditingMiddleWare|INFO|/api/AServices
2019-12-20 19:13:37||INFO|HTTP GET /api/AServices responded 200 in 18.2325 ms
2019-12-20 19:13:53|ETB.WebApi.Middleware.RequestAuditingMiddleWare|INFO|/api/AServices
2019-12-20 19:13:53||INFO|HTTP GET /api/AServices responded 200 in 10.5136 ms
2019-12-20 19:23:36|ETB.WebApi.Middleware.RequestAuditingMiddleWare|INFO|/api/AServices
2019-12-20 19:23:37||INFO|HTTP GET /api/AServices responded 200 in 561.7314 ms
2019-12-20 19:23:55|ETB.WebApi.Middleware.RequestAuditingMiddleWare|INFO|/api/UserSignInLogs
2019-12-20 19:23:55||INFO|HTTP POST /api/UserSignInLogs responded 201 in 653.067 ms
2019-12-20 19:23:58|ETB.WebApi.Middleware.RequestAuditingMiddleWare|INFO|/api/ATenders
2019-12-20 19:23:58|ETB.WebApi.Middleware.RequestAuditingMiddleWare|INFO|/api/ATenders
2019-12-20 19:23:58||INFO|HTTP GET /api/ATenders responded 200 in 709.1549 ms
2019-12-20 19:23:58||INFO|HTTP GET /api/ATenders responded 200 in 734.1817 ms
2019-12-20 19:23:59|ETB.WebApi.Middleware.RequestAuditingMiddleWare|INFO|/api/Districts
2019-12-20 19:23:59||INFO|HTTP GET /api/Districts responded 200 in 20.3307 ms
