2020-03-15 11:38:02|ETB.WebApi.Middleware.RequestAuditingMiddleWare|INFO|/swagger/index.html
2020-03-15 11:38:03||INFO|HTTP GET /swagger/index.html responded 200 in 1121.0419 ms
2020-03-15 11:38:03|ETB.WebApi.Middleware.RequestAuditingMiddleWare|INFO|/swagger/swagger-ui.css
2020-03-15 11:38:03|ETB.WebApi.Middleware.RequestAuditingMiddleWare|INFO|/swagger/swagger-ui-standalone-preset.js
2020-03-15 11:38:03|ETB.WebApi.Middleware.RequestAuditingMiddleWare|INFO|/swagger/swagger-ui-bundle.js
2020-03-15 11:38:04||INFO|HTTP GET /swagger/swagger-ui.css responded 200 in 245.3536 ms
2020-03-15 11:38:04||INFO|HTTP GET /swagger/swagger-ui-standalone-preset.js responded 200 in 250.2206 ms
2020-03-15 11:38:04||INFO|HTTP GET /swagger/swagger-ui-bundle.js responded 200 in 237.3533 ms
2020-03-15 11:38:05|ETB.WebApi.Middleware.RequestAuditingMiddleWare|INFO|/swagger/v1/swagger.json
2020-03-15 11:38:06||INFO|HTTP GET /swagger/v1/swagger.json responded 200 in 733.7706 ms
2020-03-15 11:38:11|ETB.WebApi.Middleware.RequestAuditingMiddleWare|INFO|/api/ATenders
2020-03-15 11:38:11|ETB.WebApi.Middleware.RequestAuditingMiddleWare|INFO|/api/ATenders
2020-03-15 11:38:11|ETB.WebApi.Middleware.RequestAuditingMiddleWare|INFO|/api/ATenders
2020-03-15 11:38:14|Microsoft.EntityFrameworkCore.Model.Validation|WARN|No type was specified for the decimal column 'Price' on entity type 'Service'. This will cause values to be silently truncated if they do not fit in the default precision and scale. Explicitly specify the SQL server column type that can accommodate all the values using 'HasColumnType()'.
2020-03-15 11:38:14|Microsoft.EntityFrameworkCore.Model.Validation|WARN|No type was specified for the decimal column 'CostOfBOQ' on entity type 'Tender'. This will cause values to be silently truncated if they do not fit in the default precision and scale. Explicitly specify the SQL server column type that can accommodate all the values using 'HasColumnType()'.
2020-03-15 11:38:14|Microsoft.EntityFrameworkCore.Model.Validation|WARN|No type was specified for the decimal column 'EMD' on entity type 'Tender'. This will cause values to be silently truncated if they do not fit in the default precision and scale. Explicitly specify the SQL server column type that can accommodate all the values using 'HasColumnType()'.
2020-03-15 11:38:14|Microsoft.EntityFrameworkCore.Model.Validation|WARN|No type was specified for the decimal column 'EstimatedCost' on entity type 'Tender'. This will cause values to be silently truncated if they do not fit in the default precision and scale. Explicitly specify the SQL server column type that can accommodate all the values using 'HasColumnType()'.
2020-03-15 11:38:14|Microsoft.EntityFrameworkCore.Model.Validation|WARN|No type was specified for the decimal column 'AmtReceived' on entity type 'UserService'. This will cause values to be silently truncated if they do not fit in the default precision and scale. Explicitly specify the SQL server column type that can accommodate all the values using 'HasColumnType()'.
2020-03-15 11:38:14|Microsoft.EntityFrameworkCore.Model.Validation|WARN|No type was specified for the decimal column 'AmtReceivedDate' on entity type 'UserService'. This will cause values to be silently truncated if they do not fit in the default precision and scale. Explicitly specify the SQL server column type that can accommodate all the values using 'HasColumnType()'.
2020-03-15 11:38:14|Microsoft.EntityFrameworkCore.Model.Validation|WARN|No type was specified for the decimal column 'OriginalAmt' on entity type 'UserService'. This will cause values to be silently truncated if they do not fit in the default precision and scale. Explicitly specify the SQL server column type that can accommodate all the values using 'HasColumnType()'.
2020-03-15 11:38:14|Microsoft.EntityFrameworkCore.Model.Validation|WARN|No type was specified for the decimal column 'Amount' on entity type 'UserSubscription'. This will cause values to be silently truncated if they do not fit in the default precision and scale. Explicitly specify the SQL server column type that can accommodate all the values using 'HasColumnType()'.
2020-03-15 11:38:17||INFO|HTTP GET /api/ATenders responded 200 in 6167.1946 ms
2020-03-15 11:38:21||INFO|HTTP GET /api/ATenders responded 200 in 9380.6476 ms
2020-03-15 11:38:21||INFO|HTTP GET /api/ATenders responded 200 in 10052.2461 ms
2020-03-15 11:38:21|ETB.WebApi.Middleware.RequestAuditingMiddleWare|INFO|/api/Districts
2020-03-15 11:38:22||INFO|HTTP GET /api/Districts responded 200 in 314.2374 ms
2020-03-15 11:38:46|ETB.WebApi.Middleware.RequestAuditingMiddleWare|INFO|/api/AServices
2020-03-15 11:38:47||INFO|HTTP GET /api/AServices responded 200 in 624.8033 ms
2020-03-15 11:40:41|ETB.WebApi.Middleware.RequestAuditingMiddleWare|INFO|/swagger/index.html
2020-03-15 11:40:42||INFO|HTTP GET /swagger/index.html responded 200 in 670.466 ms
2020-03-15 11:40:42|ETB.WebApi.Middleware.RequestAuditingMiddleWare|INFO|/swagger/v1/swagger.json
2020-03-15 11:40:43||INFO|HTTP GET /swagger/v1/swagger.json responded 200 in 371.0872 ms
2020-03-15 11:40:45|ETB.WebApi.Middleware.RequestAuditingMiddleWare|INFO|/api/ATenders
2020-03-15 11:40:45|ETB.WebApi.Middleware.RequestAuditingMiddleWare|INFO|/api/ATenders
2020-03-15 11:40:45|ETB.WebApi.Middleware.RequestAuditingMiddleWare|INFO|/api/ATenders
2020-03-15 11:40:48|Microsoft.EntityFrameworkCore.Model.Validation|WARN|No type was specified for the decimal column 'Price' on entity type 'Service'. This will cause values to be silently truncated if they do not fit in the default precision and scale. Explicitly specify the SQL server column type that can accommodate all the values using 'HasColumnType()'.
2020-03-15 11:40:48|Microsoft.EntityFrameworkCore.Model.Validation|WARN|No type was specified for the decimal column 'CostOfBOQ' on entity type 'Tender'. This will cause values to be silently truncated if they do not fit in the default precision and scale. Explicitly specify the SQL server column type that can accommodate all the values using 'HasColumnType()'.
2020-03-15 11:40:48|Microsoft.EntityFrameworkCore.Model.Validation|WARN|No type was specified for the decimal column 'EMD' on entity type 'Tender'. This will cause values to be silently truncated if they do not fit in the default precision and scale. Explicitly specify the SQL server column type that can accommodate all the values using 'HasColumnType()'.
2020-03-15 11:40:48|Microsoft.EntityFrameworkCore.Model.Validation|WARN|No type was specified for the decimal column 'EstimatedCost' on entity type 'Tender'. This will cause values to be silently truncated if they do not fit in the default precision and scale. Explicitly specify the SQL server column type that can accommodate all the values using 'HasColumnType()'.
2020-03-15 11:40:48|Microsoft.EntityFrameworkCore.Model.Validation|WARN|No type was specified for the decimal column 'AmtReceived' on entity type 'UserService'. This will cause values to be silently truncated if they do not fit in the default precision and scale. Explicitly specify the SQL server column type that can accommodate all the values using 'HasColumnType()'.
2020-03-15 11:40:48|Microsoft.EntityFrameworkCore.Model.Validation|WARN|No type was specified for the decimal column 'AmtReceivedDate' on entity type 'UserService'. This will cause values to be silently truncated if they do not fit in the default precision and scale. Explicitly specify the SQL server column type that can accommodate all the values using 'HasColumnType()'.
2020-03-15 11:40:48|Microsoft.EntityFrameworkCore.Model.Validation|WARN|No type was specified for the decimal column 'OriginalAmt' on entity type 'UserService'. This will cause values to be silently truncated if they do not fit in the default precision and scale. Explicitly specify the SQL server column type that can accommodate all the values using 'HasColumnType()'.
2020-03-15 11:40:48|Microsoft.EntityFrameworkCore.Model.Validation|WARN|No type was specified for the decimal column 'Amount' on entity type 'UserSubscription'. This will cause values to be silently truncated if they do not fit in the default precision and scale. Explicitly specify the SQL server column type that can accommodate all the values using 'HasColumnType()'.
2020-03-15 11:40:54||INFO|HTTP GET /api/ATenders responded 200 in 9014.2585 ms
2020-03-15 11:40:55||INFO|HTTP GET /api/ATenders responded 200 in 9912.3332 ms
2020-03-15 11:40:55|ETB.WebApi.Middleware.RequestAuditingMiddleWare|INFO|/api/Districts
2020-03-15 11:40:56||INFO|HTTP GET /api/Districts responded 200 in 283.658 ms
2020-03-15 11:40:56||INFO|HTTP GET /api/ATenders responded 200 in 10314.211 ms
2020-03-15 11:40:57|ETB.WebApi.Middleware.RequestAuditingMiddleWare|INFO|/api/AServices
2020-03-15 11:40:58||INFO|HTTP GET /api/AServices responded 200 in 668.4447 ms
2020-03-15 11:41:09|ETB.WebApi.Middleware.RequestAuditingMiddleWare|INFO|/api/AServices
2020-03-15 11:41:10||INFO|HTTP GET /api/AServices responded 200 in 536.9228 ms
2020-03-15 11:41:34|ETB.WebApi.Middleware.RequestAuditingMiddleWare|INFO|/api/ATenders
2020-03-15 11:41:34|ETB.WebApi.Middleware.RequestAuditingMiddleWare|INFO|/api/ATenders
2020-03-15 11:41:34|ETB.WebApi.Middleware.RequestAuditingMiddleWare|INFO|/api/ATenders
2020-03-15 11:41:34||INFO|HTTP GET /api/ATenders responded 200 in 327.4494 ms
2020-03-15 11:41:37||INFO|HTTP GET /api/ATenders responded 200 in 3285.875 ms
2020-03-15 11:41:37|ETB.WebApi.Middleware.RequestAuditingMiddleWare|INFO|/api/Districts
2020-03-15 11:41:37||INFO|HTTP GET /api/ATenders responded 200 in 3601.4634 ms
2020-03-15 11:41:37||INFO|HTTP GET /api/Districts responded 200 in 269.6809 ms
2020-03-15 11:42:13|ETB.WebApi.Middleware.RequestAuditingMiddleWare|INFO|/api/ValidateCredentials
2020-03-15 11:42:14||INFO|HTTP POST /api/ValidateCredentials responded 200 in 648.9986 ms
2020-03-15 11:42:14|ETB.WebApi.Middleware.RequestAuditingMiddleWare|INFO|/api/UserSignInLogs
2020-03-15 11:42:14|ETB.WebApi.Middleware.RequestAuditingMiddleWare|INFO|/api/ATenders
2020-03-15 11:42:15||INFO|HTTP POST /api/UserSignInLogs responded 201 in 1305.9751 ms
2020-03-15 11:42:17||INFO|HTTP GET /api/ATenders responded 200 in 2876.9825 ms
2020-03-15 11:42:18|ETB.WebApi.Middleware.RequestAuditingMiddleWare|INFO|/api/ATenders
2020-03-15 11:42:18|ETB.WebApi.Middleware.RequestAuditingMiddleWare|INFO|/api/ATenders
2020-03-15 11:42:21||INFO|HTTP GET /api/ATenders responded 200 in 3039.6005 ms
2020-03-15 11:42:21|ETB.WebApi.Middleware.RequestAuditingMiddleWare|INFO|/api/Districts
2020-03-15 11:42:21||INFO|HTTP GET /api/Districts responded 200 in 270.2275 ms
2020-03-15 11:42:22||INFO|HTTP GET /api/ATenders responded 200 in 3894.9096 ms
2020-03-15 11:42:37|ETB.WebApi.Middleware.RequestAuditingMiddleWare|INFO|/api/States
2020-03-15 11:42:38||INFO|HTTP GET /api/States responded 200 in 321.4209 ms
2020-03-15 11:42:38|ETB.WebApi.Middleware.RequestAuditingMiddleWare|INFO|/api/Districts
2020-03-15 11:42:38||INFO|HTTP GET /api/Districts responded 200 in 267.2245 ms
2020-03-15 11:42:38|ETB.WebApi.Middleware.RequestAuditingMiddleWare|INFO|/api/Divisions
2020-03-15 11:42:38||INFO|HTTP GET /api/Divisions responded 200 in 355.9964 ms
2020-03-15 11:47:59|ETB.WebApi.Middleware.RequestAuditingMiddleWare|INFO|/swagger/index.html
2020-03-15 11:47:59||INFO|HTTP GET /swagger/index.html responded 200 in 724.7746 ms
2020-03-15 11:48:00|ETB.WebApi.Middleware.RequestAuditingMiddleWare|INFO|/swagger/v1/swagger.json
2020-03-15 11:48:01||INFO|HTTP GET /swagger/v1/swagger.json responded 200 in 401.3869 ms
2020-03-15 11:48:03|ETB.WebApi.Middleware.RequestAuditingMiddleWare|INFO|/api/ATenders
2020-03-15 11:48:03|ETB.WebApi.Middleware.RequestAuditingMiddleWare|INFO|/api/ATenders
2020-03-15 11:48:03|ETB.WebApi.Middleware.RequestAuditingMiddleWare|INFO|/api/ATenders
2020-03-15 11:48:08|Microsoft.EntityFrameworkCore.Model.Validation|WARN|No type was specified for the decimal column 'Price' on entity type 'Service'. This will cause values to be silently truncated if they do not fit in the default precision and scale. Explicitly specify the SQL server column type that can accommodate all the values using 'HasColumnType()'.
2020-03-15 11:48:08|Microsoft.EntityFrameworkCore.Model.Validation|WARN|No type was specified for the decimal column 'CostOfBOQ' on entity type 'Tender'. This will cause values to be silently truncated if they do not fit in the default precision and scale. Explicitly specify the SQL server column type that can accommodate all the values using 'HasColumnType()'.
2020-03-15 11:48:08|Microsoft.EntityFrameworkCore.Model.Validation|WARN|No type was specified for the decimal column 'EMD' on entity type 'Tender'. This will cause values to be silently truncated if they do not fit in the default precision and scale. Explicitly specify the SQL server column type that can accommodate all the values using 'HasColumnType()'.
2020-03-15 11:48:08|Microsoft.EntityFrameworkCore.Model.Validation|WARN|No type was specified for the decimal column 'EstimatedCost' on entity type 'Tender'. This will cause values to be silently truncated if they do not fit in the default precision and scale. Explicitly specify the SQL server column type that can accommodate all the values using 'HasColumnType()'.
2020-03-15 11:48:08|Microsoft.EntityFrameworkCore.Model.Validation|WARN|No type was specified for the decimal column 'AmtReceived' on entity type 'UserService'. This will cause values to be silently truncated if they do not fit in the default precision and scale. Explicitly specify the SQL server column type that can accommodate all the values using 'HasColumnType()'.
2020-03-15 11:48:08|Microsoft.EntityFrameworkCore.Model.Validation|WARN|No type was specified for the decimal column 'AmtReceivedDate' on entity type 'UserService'. This will cause values to be silently truncated if they do not fit in the default precision and scale. Explicitly specify the SQL server column type that can accommodate all the values using 'HasColumnType()'.
2020-03-15 11:48:08|Microsoft.EntityFrameworkCore.Model.Validation|WARN|No type was specified for the decimal column 'OriginalAmt' on entity type 'UserService'. This will cause values to be silently truncated if they do not fit in the default precision and scale. Explicitly specify the SQL server column type that can accommodate all the values using 'HasColumnType()'.
2020-03-15 11:48:08|Microsoft.EntityFrameworkCore.Model.Validation|WARN|No type was specified for the decimal column 'Amount' on entity type 'UserSubscription'. This will cause values to be silently truncated if they do not fit in the default precision and scale. Explicitly specify the SQL server column type that can accommodate all the values using 'HasColumnType()'.
2020-03-15 11:48:13||INFO|HTTP GET /api/ATenders responded 200 in 9714.9824 ms
2020-03-15 11:48:16||INFO|HTTP GET /api/ATenders responded 200 in 12432.3359 ms
2020-03-15 11:48:17||INFO|HTTP GET /api/ATenders responded 200 in 14039.5824 ms
2020-03-15 11:48:17|ETB.WebApi.Middleware.RequestAuditingMiddleWare|INFO|/api/Districts
2020-03-15 11:48:18||INFO|HTTP GET /api/Districts responded 200 in 302.5038 ms
2020-03-15 11:48:25|ETB.WebApi.Middleware.RequestAuditingMiddleWare|INFO|/api/ValidateCredentials
2020-03-15 11:48:26||INFO|HTTP POST /api/ValidateCredentials responded 200 in 555.4645 ms
2020-03-15 11:48:26|ETB.WebApi.Middleware.RequestAuditingMiddleWare|INFO|/api/UserSignInLogs
2020-03-15 11:48:26|ETB.WebApi.Middleware.RequestAuditingMiddleWare|INFO|/api/ATenders
2020-03-15 11:48:27||INFO|HTTP POST /api/UserSignInLogs responded 201 in 1295.6538 ms
2020-03-15 11:48:29||INFO|HTTP GET /api/ATenders responded 200 in 3236.1372 ms
2020-03-15 11:48:31|ETB.WebApi.Middleware.RequestAuditingMiddleWare|INFO|/api/ATenders
2020-03-15 11:48:31|ETB.WebApi.Middleware.RequestAuditingMiddleWare|INFO|/api/ATenders
2020-03-15 11:48:34||INFO|HTTP GET /api/ATenders responded 200 in 3193.8575 ms
2020-03-15 11:48:34|ETB.WebApi.Middleware.RequestAuditingMiddleWare|INFO|/api/Districts
2020-03-15 11:48:34||INFO|HTTP GET /api/ATenders responded 200 in 3432.3739 ms
2020-03-15 11:48:34||INFO|HTTP GET /api/Districts responded 200 in 265.3817 ms
2020-03-15 11:49:06|ETB.WebApi.Middleware.RequestAuditingMiddleWare|INFO|/api/Tenders/3241
2020-03-15 11:49:08||INFO|HTTP GET /api/Tenders/3241 responded 200 in 1864.6525 ms
2020-03-15 11:49:08|ETB.WebApi.Middleware.RequestAuditingMiddleWare|INFO|/api/States
2020-03-15 11:49:09||INFO|HTTP GET /api/States responded 200 in 420.0263 ms
2020-03-15 11:49:09|ETB.WebApi.Middleware.RequestAuditingMiddleWare|INFO|/api/Districts
2020-03-15 11:49:09||INFO|HTTP GET /api/Districts responded 200 in 283.4429 ms
2020-03-15 11:49:09|ETB.WebApi.Middleware.RequestAuditingMiddleWare|INFO|/api/Divisions
2020-03-15 11:49:09||INFO|HTTP GET /api/Divisions responded 200 in 475.3626 ms
2020-03-15 11:49:28|ETB.WebApi.Middleware.RequestAuditingMiddleWare|INFO|/api/ATenders
2020-03-15 11:49:33||INFO|HTTP GET /api/ATenders responded 200 in 4371.9204 ms
2020-03-15 11:49:34|ETB.WebApi.Middleware.RequestAuditingMiddleWare|INFO|/api/ATenders
2020-03-15 11:49:34|ETB.WebApi.Middleware.RequestAuditingMiddleWare|INFO|/api/ATenders
2020-03-15 11:49:37||INFO|HTTP GET /api/ATenders responded 200 in 3064.0669 ms
2020-03-15 11:49:37|ETB.WebApi.Middleware.RequestAuditingMiddleWare|INFO|/api/Districts
2020-03-15 11:49:37||INFO|HTTP GET /api/Districts responded 200 in 270.3546 ms
2020-03-15 11:49:37||INFO|HTTP GET /api/ATenders responded 200 in 3549.1154 ms
2020-03-15 11:53:06|ETB.WebApi.Middleware.RequestAuditingMiddleWare|INFO|/api/Tenders/3241
2020-03-15 11:53:06||INFO|HTTP GET /api/Tenders/3241 responded 200 in 573.9674 ms
2020-03-15 11:53:06|ETB.WebApi.Middleware.RequestAuditingMiddleWare|INFO|/api/States
2020-03-15 11:53:07||INFO|HTTP GET /api/States responded 200 in 253.521 ms
2020-03-15 11:53:07|ETB.WebApi.Middleware.RequestAuditingMiddleWare|INFO|/api/Districts
2020-03-15 11:53:07||INFO|HTTP GET /api/Districts responded 200 in 275.0104 ms
2020-03-15 11:53:07|ETB.WebApi.Middleware.RequestAuditingMiddleWare|INFO|/api/Divisions
2020-03-15 11:53:07||INFO|HTTP GET /api/Divisions responded 200 in 306.96 ms
2020-03-15 11:53:16|ETB.WebApi.Middleware.RequestAuditingMiddleWare|INFO|/api/States
2020-03-15 11:53:16||INFO|HTTP GET /api/States responded 200 in 260.0732 ms
2020-03-15 11:53:16|ETB.WebApi.Middleware.RequestAuditingMiddleWare|INFO|/api/Districts
2020-03-15 11:53:16||INFO|HTTP GET /api/Districts responded 200 in 270.9199 ms
2020-03-15 11:53:16|ETB.WebApi.Middleware.RequestAuditingMiddleWare|INFO|/api/Divisions
2020-03-15 11:53:17||INFO|HTTP GET /api/Divisions responded 200 in 314.8164 ms
2020-03-15 11:53:17|ETB.WebApi.Middleware.RequestAuditingMiddleWare|INFO|/api/Tenders/3241
2020-03-15 11:53:18||INFO|HTTP PUT /api/Tenders/3241 responded 202 in 1493.2844 ms
2020-03-15 11:53:18|ETB.WebApi.Middleware.RequestAuditingMiddleWare|INFO|/api/ATenders
2020-03-15 11:53:22||INFO|HTTP GET /api/ATenders responded 200 in 3533.3002 ms
2020-03-15 11:53:23|ETB.WebApi.Middleware.RequestAuditingMiddleWare|INFO|/api/ATenders
2020-03-15 11:53:23|ETB.WebApi.Middleware.RequestAuditingMiddleWare|INFO|/api/ATenders
2020-03-15 11:53:25||INFO|HTTP GET /api/ATenders responded 200 in 2933.8442 ms
2020-03-15 11:53:26||INFO|HTTP GET /api/ATenders responded 200 in 3021.0145 ms
2020-03-15 11:53:26|ETB.WebApi.Middleware.RequestAuditingMiddleWare|INFO|/api/Districts
2020-03-15 11:53:26||INFO|HTTP GET /api/Districts responded 200 in 265.797 ms
2020-03-15 11:53:45|ETB.WebApi.Middleware.RequestAuditingMiddleWare|INFO|/api/Tenders/3241
2020-03-15 11:53:45||INFO|HTTP GET /api/Tenders/3241 responded 200 in 529.0224 ms
2020-03-15 11:53:45|ETB.WebApi.Middleware.RequestAuditingMiddleWare|INFO|/api/States
2020-03-15 11:53:45||INFO|HTTP GET /api/States responded 200 in 269.3083 ms
2020-03-15 11:53:45|ETB.WebApi.Middleware.RequestAuditingMiddleWare|INFO|/api/Districts
2020-03-15 11:53:46||INFO|HTTP GET /api/Districts responded 200 in 259.506 ms
2020-03-15 11:53:46|ETB.WebApi.Middleware.RequestAuditingMiddleWare|INFO|/api/Divisions
2020-03-15 11:53:46||INFO|HTTP GET /api/Divisions responded 200 in 289.7137 ms
2020-03-15 11:53:56|ETB.WebApi.Middleware.RequestAuditingMiddleWare|INFO|/api/States
2020-03-15 11:53:57||INFO|HTTP GET /api/States responded 200 in 273.7517 ms
2020-03-15 11:53:57|ETB.WebApi.Middleware.RequestAuditingMiddleWare|INFO|/api/Districts
2020-03-15 11:53:57||INFO|HTTP GET /api/Districts responded 200 in 260.9222 ms
2020-03-15 11:53:57|ETB.WebApi.Middleware.RequestAuditingMiddleWare|INFO|/api/Divisions
2020-03-15 11:53:57||INFO|HTTP GET /api/Divisions responded 200 in 275.0647 ms
2020-03-15 11:53:57|ETB.WebApi.Middleware.RequestAuditingMiddleWare|INFO|/api/Tenders/3241
2020-03-15 11:53:58||INFO|HTTP PUT /api/Tenders/3241 responded 202 in 790.0897 ms
2020-03-15 11:53:58|ETB.WebApi.Middleware.RequestAuditingMiddleWare|INFO|/api/ATenders
2020-03-15 11:54:02||INFO|HTTP GET /api/ATenders responded 200 in 3547.4323 ms
2020-03-15 11:54:02|ETB.WebApi.Middleware.RequestAuditingMiddleWare|INFO|/api/ATenders
2020-03-15 11:54:02|ETB.WebApi.Middleware.RequestAuditingMiddleWare|INFO|/api/ATenders
2020-03-15 11:54:05||INFO|HTTP GET /api/ATenders responded 200 in 2929.6595 ms
2020-03-15 11:54:06|ETB.WebApi.Middleware.RequestAuditingMiddleWare|INFO|/api/Districts
2020-03-15 11:54:06||INFO|HTTP GET /api/Districts responded 200 in 262.0113 ms
2020-03-15 11:54:06||INFO|HTTP GET /api/ATenders responded 200 in 3582.5739 ms
2020-03-15 11:54:22|ETB.WebApi.Middleware.RequestAuditingMiddleWare|INFO|/api/Tenders/3241
2020-03-15 11:54:23||INFO|HTTP GET /api/Tenders/3241 responded 200 in 537.5273 ms
2020-03-15 11:55:29|ETB.WebApi.Middleware.RequestAuditingMiddleWare|INFO|/api/ATenders
2020-03-15 11:55:32||INFO|HTTP GET /api/ATenders responded 200 in 2912.6636 ms
2020-03-15 11:55:33|ETB.WebApi.Middleware.RequestAuditingMiddleWare|INFO|/api/ATenders
2020-03-15 11:55:33|ETB.WebApi.Middleware.RequestAuditingMiddleWare|INFO|/api/ATenders
2020-03-15 11:55:36||INFO|HTTP GET /api/ATenders responded 200 in 2934.5264 ms
2020-03-15 11:55:36||INFO|HTTP GET /api/ATenders responded 200 in 3051.9449 ms
2020-03-15 11:55:36|ETB.WebApi.Middleware.RequestAuditingMiddleWare|INFO|/api/Districts
2020-03-15 11:55:37||INFO|HTTP GET /api/Districts responded 200 in 265.091 ms
2020-03-15 11:55:38|ETB.WebApi.Middleware.RequestAuditingMiddleWare|INFO|/api/Tenders/3241
2020-03-15 11:55:39||INFO|HTTP GET /api/Tenders/3241 responded 200 in 540.1943 ms
2020-03-15 11:55:43|ETB.WebApi.Middleware.RequestAuditingMiddleWare|INFO|/api/ATenders
2020-03-15 11:55:46||INFO|HTTP GET /api/ATenders responded 200 in 3001.9388 ms
2020-03-15 11:55:46|ETB.WebApi.Middleware.RequestAuditingMiddleWare|INFO|/api/ATenders
2020-03-15 11:55:46|ETB.WebApi.Middleware.RequestAuditingMiddleWare|INFO|/api/ATenders
2020-03-15 11:55:49||INFO|HTTP GET /api/ATenders responded 200 in 2980.1555 ms
2020-03-15 11:55:49|ETB.WebApi.Middleware.RequestAuditingMiddleWare|INFO|/api/Districts
2020-03-15 11:55:49||INFO|HTTP GET /api/ATenders responded 200 in 3075.3465 ms
2020-03-15 11:55:50||INFO|HTTP GET /api/Districts responded 200 in 264.326 ms
2020-03-15 11:56:02|ETB.WebApi.Middleware.RequestAuditingMiddleWare|INFO|/api/UserSignInLogs
2020-03-15 11:56:03||INFO|HTTP POST /api/UserSignInLogs responded 201 in 766.0077 ms
2020-03-15 11:56:03|ETB.WebApi.Middleware.RequestAuditingMiddleWare|INFO|/api/ATenders
2020-03-15 11:56:03|ETB.WebApi.Middleware.RequestAuditingMiddleWare|INFO|/api/ATenders
2020-03-15 11:56:03|ETB.WebApi.Middleware.RequestAuditingMiddleWare|INFO|/api/ATenders
2020-03-15 11:56:05||INFO|HTTP GET /api/ATenders responded 200 in 1466.7177 ms
2020-03-15 11:56:06||INFO|HTTP GET /api/ATenders responded 200 in 2947.3883 ms
2020-03-15 11:56:06|ETB.WebApi.Middleware.RequestAuditingMiddleWare|INFO|/api/Districts
2020-03-15 11:56:06||INFO|HTTP GET /api/ATenders responded 200 in 3045.4047 ms
2020-03-15 11:56:07||INFO|HTTP GET /api/Districts responded 200 in 255.276 ms
2020-03-15 12:00:41|ETB.WebApi.Middleware.RequestAuditingMiddleWare|INFO|/api/AServices
2020-03-15 12:00:42||INFO|HTTP GET /api/AServices responded 200 in 700.8165 ms
2020-03-15 12:00:48|ETB.WebApi.Middleware.RequestAuditingMiddleWare|INFO|/api/ATenders
2020-03-15 12:00:48|ETB.WebApi.Middleware.RequestAuditingMiddleWare|INFO|/api/ATenders
2020-03-15 12:00:48|ETB.WebApi.Middleware.RequestAuditingMiddleWare|INFO|/api/ATenders
2020-03-15 12:00:48||INFO|HTTP GET /api/ATenders responded 200 in 288.7501 ms
2020-03-15 12:00:51||INFO|HTTP GET /api/ATenders responded 200 in 3000.4165 ms
2020-03-15 12:00:51|ETB.WebApi.Middleware.RequestAuditingMiddleWare|INFO|/api/Districts
2020-03-15 12:00:51||INFO|HTTP GET /api/ATenders responded 200 in 3055.7652 ms
2020-03-15 12:00:51||INFO|HTTP GET /api/Districts responded 200 in 295.3181 ms
2020-03-15 12:01:01|ETB.WebApi.Middleware.RequestAuditingMiddleWare|INFO|/api/ATenders
2020-03-15 12:01:01|ETB.WebApi.Middleware.RequestAuditingMiddleWare|INFO|/api/ATenders
2020-03-15 12:01:01|ETB.WebApi.Middleware.RequestAuditingMiddleWare|INFO|/api/ATenders
2020-03-15 12:01:02||INFO|HTTP GET /api/ATenders responded 200 in 259.2391 ms
2020-03-15 12:01:04||INFO|HTTP GET /api/ATenders responded 200 in 2995.2969 ms
2020-03-15 12:01:05||INFO|HTTP GET /api/ATenders responded 200 in 3840.8024 ms
2020-03-15 12:01:05|ETB.WebApi.Middleware.RequestAuditingMiddleWare|INFO|/api/Districts
2020-03-15 12:01:06||INFO|HTTP GET /api/Districts responded 200 in 260.6278 ms
2020-03-15 12:03:26|ETB.WebApi.Middleware.RequestAuditingMiddleWare|INFO|/api/ValidateCredentials
2020-03-15 12:03:27||INFO|HTTP POST /api/ValidateCredentials responded 200 in 605.5691 ms
2020-03-15 12:03:27|ETB.WebApi.Middleware.RequestAuditingMiddleWare|INFO|/api/UserSignInLogs
2020-03-15 12:03:27|ETB.WebApi.Middleware.RequestAuditingMiddleWare|INFO|/api/ATenders
2020-03-15 12:03:28||INFO|HTTP POST /api/UserSignInLogs responded 201 in 1180.9528 ms
2020-03-15 12:03:31||INFO|HTTP GET /api/ATenders responded 200 in 4051.6677 ms
2020-03-15 12:03:32|ETB.WebApi.Middleware.RequestAuditingMiddleWare|INFO|/api/ATenders
2020-03-15 12:03:32|ETB.WebApi.Middleware.RequestAuditingMiddleWare|INFO|/api/ATenders
2020-03-15 12:03:35||INFO|HTTP GET /api/ATenders responded 200 in 3615.3194 ms
2020-03-15 12:03:37||INFO|HTTP GET /api/ATenders responded 200 in 5500.3876 ms
2020-03-15 12:03:37|ETB.WebApi.Middleware.RequestAuditingMiddleWare|INFO|/api/Districts
2020-03-15 12:03:37||INFO|HTTP GET /api/Districts responded 200 in 282.4425 ms
2020-03-15 12:03:54|ETB.WebApi.Middleware.RequestAuditingMiddleWare|INFO|/api/Tenders/3241
2020-03-15 12:03:55||INFO|HTTP GET /api/Tenders/3241 responded 200 in 900.9472 ms
2020-03-15 12:03:55|ETB.WebApi.Middleware.RequestAuditingMiddleWare|INFO|/api/States
2020-03-15 12:03:56||INFO|HTTP GET /api/States responded 200 in 280.0213 ms
2020-03-15 12:03:56|ETB.WebApi.Middleware.RequestAuditingMiddleWare|INFO|/api/Districts
2020-03-15 12:03:56||INFO|HTTP GET /api/Districts responded 200 in 274.8257 ms
2020-03-15 12:03:56|ETB.WebApi.Middleware.RequestAuditingMiddleWare|INFO|/api/Divisions
2020-03-15 12:03:57||INFO|HTTP GET /api/Divisions responded 200 in 584.0894 ms
2020-03-15 12:04:18|ETB.WebApi.Middleware.RequestAuditingMiddleWare|INFO|/api/Tenders/3241
2020-03-15 12:04:19||INFO|HTTP GET /api/Tenders/3241 responded 200 in 515.6084 ms
2020-03-15 12:04:19|ETB.WebApi.Middleware.RequestAuditingMiddleWare|INFO|/api/States
2020-03-15 12:04:19||INFO|HTTP GET /api/States responded 200 in 263.3058 ms
2020-03-15 12:04:19|ETB.WebApi.Middleware.RequestAuditingMiddleWare|INFO|/api/Districts
2020-03-15 12:04:19||INFO|HTTP GET /api/Districts responded 200 in 266.6945 ms
2020-03-15 12:04:19|ETB.WebApi.Middleware.RequestAuditingMiddleWare|INFO|/api/Divisions
2020-03-15 12:04:20||INFO|HTTP GET /api/Divisions responded 200 in 619.1318 ms
2020-03-15 12:06:08|ETB.WebApi.Middleware.RequestAuditingMiddleWare|INFO|/api/Tenders/3241
2020-03-15 12:06:09||INFO|HTTP GET /api/Tenders/3241 responded 200 in 513.0416 ms
2020-03-15 12:06:09|ETB.WebApi.Middleware.RequestAuditingMiddleWare|INFO|/api/States
2020-03-15 12:06:09||INFO|HTTP GET /api/States responded 200 in 272.1101 ms
2020-03-15 12:06:09|ETB.WebApi.Middleware.RequestAuditingMiddleWare|INFO|/api/Districts
2020-03-15 12:06:09||INFO|HTTP GET /api/Districts responded 200 in 286.0471 ms
2020-03-15 12:06:09|ETB.WebApi.Middleware.RequestAuditingMiddleWare|INFO|/api/Divisions
2020-03-15 12:06:09||INFO|HTTP GET /api/Divisions responded 200 in 276.131 ms
2020-03-15 12:11:12|ETB.WebApi.Middleware.RequestAuditingMiddleWare|INFO|/api/Tenders/3241
2020-03-15 12:11:13||INFO|HTTP GET /api/Tenders/3241 responded 200 in 1649.6042 ms
2020-03-15 12:11:13|ETB.WebApi.Middleware.RequestAuditingMiddleWare|INFO|/api/States
2020-03-15 12:11:13||INFO|HTTP GET /api/States responded 200 in 294.1249 ms
2020-03-15 12:11:14|ETB.WebApi.Middleware.RequestAuditingMiddleWare|INFO|/api/Districts
2020-03-15 12:11:14||INFO|HTTP GET /api/Districts responded 200 in 274.6752 ms
2020-03-15 12:11:14|ETB.WebApi.Middleware.RequestAuditingMiddleWare|INFO|/api/Divisions
2020-03-15 12:11:14||INFO|HTTP GET /api/Divisions responded 200 in 278.0329 ms
2020-03-15 12:11:50|ETB.WebApi.Middleware.RequestAuditingMiddleWare|INFO|/api/Tenders/3241
2020-03-15 12:11:51||INFO|HTTP GET /api/Tenders/3241 responded 200 in 547.1726 ms
2020-03-15 12:12:29|ETB.WebApi.Middleware.RequestAuditingMiddleWare|INFO|/api/States
2020-03-15 12:12:29||INFO|HTTP GET /api/States responded 200 in 279.0107 ms
2020-03-15 12:12:29|ETB.WebApi.Middleware.RequestAuditingMiddleWare|INFO|/api/Districts
2020-03-15 12:12:29||INFO|HTTP GET /api/Districts responded 200 in 269.0895 ms
2020-03-15 12:12:29|ETB.WebApi.Middleware.RequestAuditingMiddleWare|INFO|/api/Divisions
2020-03-15 12:12:30||INFO|HTTP GET /api/Divisions responded 200 in 272.4937 ms
2020-03-15 12:19:57|ETB.WebApi.Middleware.RequestAuditingMiddleWare|INFO|/api/States
2020-03-15 12:19:58||INFO|HTTP GET /api/States responded 200 in 1393.4459 ms
2020-03-15 12:19:58|ETB.WebApi.Middleware.RequestAuditingMiddleWare|INFO|/api/Districts
2020-03-15 12:19:59||INFO|HTTP GET /api/Districts responded 200 in 264.448 ms
2020-03-15 12:19:59|ETB.WebApi.Middleware.RequestAuditingMiddleWare|INFO|/api/Divisions
2020-03-15 12:19:59||INFO|HTTP GET /api/Divisions responded 200 in 527.7943 ms
2020-03-15 12:19:59|ETB.WebApi.Middleware.RequestAuditingMiddleWare|INFO|/api/Tenders/3241
2020-03-15 12:20:01||INFO|HTTP PUT /api/Tenders/3241 responded 202 in 1369.9637 ms
2020-03-15 12:20:01|ETB.WebApi.Middleware.RequestAuditingMiddleWare|INFO|/api/ATenders
2020-03-15 12:20:04||INFO|HTTP GET /api/ATenders responded 200 in 2964.1079 ms
2020-03-15 12:20:04|ETB.WebApi.Middleware.RequestAuditingMiddleWare|INFO|/api/ATenders
2020-03-15 12:20:04|ETB.WebApi.Middleware.RequestAuditingMiddleWare|INFO|/api/ATenders
2020-03-15 12:20:07||INFO|HTTP GET /api/ATenders responded 200 in 3040.5821 ms
2020-03-15 12:20:08|ETB.WebApi.Middleware.RequestAuditingMiddleWare|INFO|/api/Districts
2020-03-15 12:20:08||INFO|HTTP GET /api/Districts responded 200 in 278.6413 ms
2020-03-15 12:20:09||INFO|HTTP GET /api/ATenders responded 200 in 4097.0809 ms
2020-03-15 12:23:08|ETB.WebApi.Middleware.RequestAuditingMiddleWare|INFO|/api/ATenders
2020-03-15 12:23:11||INFO|HTTP GET /api/ATenders responded 200 in 2990.2813 ms
2020-03-15 12:23:12|ETB.WebApi.Middleware.RequestAuditingMiddleWare|INFO|/api/ATenders
2020-03-15 12:23:12|ETB.WebApi.Middleware.RequestAuditingMiddleWare|INFO|/api/ATenders
2020-03-15 12:23:16||INFO|HTTP GET /api/ATenders responded 200 in 3949.7392 ms
2020-03-15 12:23:16|ETB.WebApi.Middleware.RequestAuditingMiddleWare|INFO|/api/Districts
2020-03-15 12:23:16||INFO|HTTP GET /api/ATenders responded 200 in 4210.9976 ms
2020-03-15 12:23:16||INFO|HTTP GET /api/Districts responded 200 in 280.9122 ms
2020-03-15 12:23:21|ETB.WebApi.Middleware.RequestAuditingMiddleWare|INFO|/api/Tenders/3241
2020-03-15 12:23:22||INFO|HTTP GET /api/Tenders/3241 responded 200 in 542.9071 ms
2020-03-15 12:23:22|ETB.WebApi.Middleware.RequestAuditingMiddleWare|INFO|/api/States
2020-03-15 12:23:22||INFO|HTTP GET /api/States responded 200 in 328.9712 ms
2020-03-15 12:23:22|ETB.WebApi.Middleware.RequestAuditingMiddleWare|INFO|/api/Districts
2020-03-15 12:23:22||INFO|HTTP GET /api/Districts responded 200 in 266.6556 ms
2020-03-15 12:23:22|ETB.WebApi.Middleware.RequestAuditingMiddleWare|INFO|/api/Divisions
2020-03-15 12:23:23||INFO|HTTP GET /api/Divisions responded 200 in 289.0776 ms
2020-03-15 12:23:45|ETB.WebApi.Middleware.RequestAuditingMiddleWare|INFO|/api/ATenders
2020-03-15 12:23:49||INFO|HTTP GET /api/ATenders responded 200 in 3588.5812 ms
2020-03-15 12:23:50|ETB.WebApi.Middleware.RequestAuditingMiddleWare|INFO|/api/ATenders
2020-03-15 12:23:50|ETB.WebApi.Middleware.RequestAuditingMiddleWare|INFO|/api/ATenders
2020-03-15 12:23:53||INFO|HTTP GET /api/ATenders responded 200 in 3031.2575 ms
2020-03-15 12:23:53||INFO|HTTP GET /api/ATenders responded 200 in 3051.0612 ms
2020-03-15 12:23:53|ETB.WebApi.Middleware.RequestAuditingMiddleWare|INFO|/api/Districts
2020-03-15 12:23:53||INFO|HTTP GET /api/Districts responded 200 in 271.86 ms
2020-03-15 12:37:06|ETB.WebApi.Middleware.RequestAuditingMiddleWare|INFO|/swagger/index.html
2020-03-15 12:37:07||INFO|HTTP GET /swagger/index.html responded 200 in 988.3218 ms
2020-03-15 12:37:08|ETB.WebApi.Middleware.RequestAuditingMiddleWare|INFO|/swagger/v1/swagger.json
2020-03-15 12:37:09||INFO|HTTP GET /swagger/v1/swagger.json responded 200 in 737.9829 ms
2020-03-15 12:37:13|ETB.WebApi.Middleware.RequestAuditingMiddleWare|INFO|/api/ATenders
2020-03-15 12:37:14|ETB.WebApi.Middleware.RequestAuditingMiddleWare|INFO|/api/ATenders
2020-03-15 12:37:14|ETB.WebApi.Middleware.RequestAuditingMiddleWare|INFO|/api/ATenders
2020-03-15 12:37:18|Microsoft.EntityFrameworkCore.Model.Validation|WARN|No type was specified for the decimal column 'Price' on entity type 'Service'. This will cause values to be silently truncated if they do not fit in the default precision and scale. Explicitly specify the SQL server column type that can accommodate all the values using 'HasColumnType()'.
2020-03-15 12:37:18|Microsoft.EntityFrameworkCore.Model.Validation|WARN|No type was specified for the decimal column 'CostOfBOQ' on entity type 'Tender'. This will cause values to be silently truncated if they do not fit in the default precision and scale. Explicitly specify the SQL server column type that can accommodate all the values using 'HasColumnType()'.
2020-03-15 12:37:18|Microsoft.EntityFrameworkCore.Model.Validation|WARN|No type was specified for the decimal column 'EMD' on entity type 'Tender'. This will cause values to be silently truncated if they do not fit in the default precision and scale. Explicitly specify the SQL server column type that can accommodate all the values using 'HasColumnType()'.
2020-03-15 12:37:19|Microsoft.EntityFrameworkCore.Model.Validation|WARN|No type was specified for the decimal column 'EstimatedCost' on entity type 'Tender'. This will cause values to be silently truncated if they do not fit in the default precision and scale. Explicitly specify the SQL server column type that can accommodate all the values using 'HasColumnType()'.
2020-03-15 12:37:19|Microsoft.EntityFrameworkCore.Model.Validation|WARN|No type was specified for the decimal column 'AmtReceived' on entity type 'UserService'. This will cause values to be silently truncated if they do not fit in the default precision and scale. Explicitly specify the SQL server column type that can accommodate all the values using 'HasColumnType()'.
2020-03-15 12:37:19|Microsoft.EntityFrameworkCore.Model.Validation|WARN|No type was specified for the decimal column 'AmtReceivedDate' on entity type 'UserService'. This will cause values to be silently truncated if they do not fit in the default precision and scale. Explicitly specify the SQL server column type that can accommodate all the values using 'HasColumnType()'.
2020-03-15 12:37:19|Microsoft.EntityFrameworkCore.Model.Validation|WARN|No type was specified for the decimal column 'OriginalAmt' on entity type 'UserService'. This will cause values to be silently truncated if they do not fit in the default precision and scale. Explicitly specify the SQL server column type that can accommodate all the values using 'HasColumnType()'.
2020-03-15 12:37:19|Microsoft.EntityFrameworkCore.Model.Validation|WARN|No type was specified for the decimal column 'Amount' on entity type 'UserSubscription'. This will cause values to be silently truncated if they do not fit in the default precision and scale. Explicitly specify the SQL server column type that can accommodate all the values using 'HasColumnType()'.
2020-03-15 12:37:26||INFO|HTTP GET /api/ATenders responded 200 in 12760.8323 ms
2020-03-15 12:37:28||INFO|HTTP GET /api/ATenders responded 200 in 14466.047 ms
2020-03-15 12:37:28|ETB.WebApi.Middleware.RequestAuditingMiddleWare|INFO|/api/Districts
2020-03-15 12:37:28||INFO|HTTP GET /api/Districts responded 200 in 310.3962 ms
2020-03-15 12:37:28||INFO|HTTP GET /api/ATenders responded 200 in 14876.5487 ms
2020-03-15 12:38:38|ETB.WebApi.Middleware.RequestAuditingMiddleWare|INFO|/api/ValidateCredentials
2020-03-15 12:38:39||INFO|HTTP POST /api/ValidateCredentials responded 200 in 557.9869 ms
2020-03-15 12:38:39|ETB.WebApi.Middleware.RequestAuditingMiddleWare|INFO|/api/UserSignInLogs
2020-03-15 12:38:39|ETB.WebApi.Middleware.RequestAuditingMiddleWare|INFO|/api/ATenders
2020-03-15 12:38:41||INFO|HTTP POST /api/UserSignInLogs responded 201 in 1373.051 ms
2020-03-15 12:38:43||INFO|HTTP GET /api/ATenders responded 200 in 3177.055 ms
2020-03-15 12:38:43|ETB.WebApi.Middleware.RequestAuditingMiddleWare|INFO|/api/ATenders
2020-03-15 12:38:44|ETB.WebApi.Middleware.RequestAuditingMiddleWare|INFO|/api/ATenders
2020-03-15 12:38:46||INFO|HTTP GET /api/ATenders responded 200 in 2826.6619 ms
2020-03-15 12:38:46|ETB.WebApi.Middleware.RequestAuditingMiddleWare|INFO|/api/Districts
2020-03-15 12:38:47||INFO|HTTP GET /api/ATenders responded 200 in 2971.8092 ms
2020-03-15 12:38:47||INFO|HTTP GET /api/Districts responded 200 in 251.9503 ms
2020-03-15 12:39:27|ETB.WebApi.Middleware.RequestAuditingMiddleWare|INFO|/api/ATenders
2020-03-15 12:39:29||INFO|HTTP GET /api/ATenders responded 200 in 2829.7094 ms
2020-03-15 12:39:38|ETB.WebApi.Middleware.RequestAuditingMiddleWare|INFO|/api/ATenders
2020-03-15 12:39:38|ETB.WebApi.Middleware.RequestAuditingMiddleWare|INFO|/api/ATenders
2020-03-15 12:39:42||INFO|HTTP GET /api/ATenders responded 200 in 3658.6181 ms
2020-03-15 12:39:42||INFO|HTTP GET /api/ATenders responded 200 in 3705.7531 ms
2020-03-15 12:39:42|ETB.WebApi.Middleware.RequestAuditingMiddleWare|INFO|/api/Districts
2020-03-15 12:39:42||INFO|HTTP GET /api/Districts responded 200 in 325.4156 ms
2020-03-15 12:40:12|ETB.WebApi.Middleware.RequestAuditingMiddleWare|INFO|/api/ATenders
2020-03-15 12:40:12|ETB.WebApi.Middleware.RequestAuditingMiddleWare|INFO|/api/ATenders
2020-03-15 12:40:12|ETB.WebApi.Middleware.RequestAuditingMiddleWare|INFO|/api/ATenders
2020-03-15 12:40:12||INFO|HTTP GET /api/ATenders responded 200 in 295.8623 ms
2020-03-15 12:40:15||INFO|HTTP GET /api/ATenders responded 200 in 2871.5082 ms
2020-03-15 12:40:15|ETB.WebApi.Middleware.RequestAuditingMiddleWare|INFO|/api/Districts
2020-03-15 12:40:15||INFO|HTTP GET /api/Districts responded 200 in 254.7613 ms
2020-03-15 12:40:16||INFO|HTTP GET /api/ATenders responded 200 in 3504.6447 ms
2020-03-15 12:54:10|ETB.WebApi.Middleware.RequestAuditingMiddleWare|INFO|/swagger/index.html
2020-03-15 12:54:11||INFO|HTTP GET /swagger/index.html responded 200 in 1407.5441 ms
2020-03-15 12:54:12|ETB.WebApi.Middleware.RequestAuditingMiddleWare|INFO|/swagger/v1/swagger.json
2020-03-15 12:54:12||INFO|HTTP GET /swagger/v1/swagger.json responded 200 in 559.8547 ms
2020-03-15 12:54:16|ETB.WebApi.Middleware.RequestAuditingMiddleWare|INFO|/api/ATenders
2020-03-15 12:54:16|ETB.WebApi.Middleware.RequestAuditingMiddleWare|INFO|/api/ATenders
2020-03-15 12:54:16|ETB.WebApi.Middleware.RequestAuditingMiddleWare|INFO|/api/ATenders
2020-03-15 12:54:20|Microsoft.EntityFrameworkCore.Model.Validation|WARN|No type was specified for the decimal column 'Price' on entity type 'Service'. This will cause values to be silently truncated if they do not fit in the default precision and scale. Explicitly specify the SQL server column type that can accommodate all the values using 'HasColumnType()'.
2020-03-15 12:54:20|Microsoft.EntityFrameworkCore.Model.Validation|WARN|No type was specified for the decimal column 'CostOfBOQ' on entity type 'Tender'. This will cause values to be silently truncated if they do not fit in the default precision and scale. Explicitly specify the SQL server column type that can accommodate all the values using 'HasColumnType()'.
2020-03-15 12:54:20|Microsoft.EntityFrameworkCore.Model.Validation|WARN|No type was specified for the decimal column 'EMD' on entity type 'Tender'. This will cause values to be silently truncated if they do not fit in the default precision and scale. Explicitly specify the SQL server column type that can accommodate all the values using 'HasColumnType()'.
2020-03-15 12:54:20|Microsoft.EntityFrameworkCore.Model.Validation|WARN|No type was specified for the decimal column 'EstimatedCost' on entity type 'Tender'. This will cause values to be silently truncated if they do not fit in the default precision and scale. Explicitly specify the SQL server column type that can accommodate all the values using 'HasColumnType()'.
2020-03-15 12:54:20|Microsoft.EntityFrameworkCore.Model.Validation|WARN|No type was specified for the decimal column 'AmtReceived' on entity type 'UserService'. This will cause values to be silently truncated if they do not fit in the default precision and scale. Explicitly specify the SQL server column type that can accommodate all the values using 'HasColumnType()'.
2020-03-15 12:54:20|Microsoft.EntityFrameworkCore.Model.Validation|WARN|No type was specified for the decimal column 'AmtReceivedDate' on entity type 'UserService'. This will cause values to be silently truncated if they do not fit in the default precision and scale. Explicitly specify the SQL server column type that can accommodate all the values using 'HasColumnType()'.
2020-03-15 12:54:20|Microsoft.EntityFrameworkCore.Model.Validation|WARN|No type was specified for the decimal column 'OriginalAmt' on entity type 'UserService'. This will cause values to be silently truncated if they do not fit in the default precision and scale. Explicitly specify the SQL server column type that can accommodate all the values using 'HasColumnType()'.
2020-03-15 12:54:20|Microsoft.EntityFrameworkCore.Model.Validation|WARN|No type was specified for the decimal column 'Amount' on entity type 'UserSubscription'. This will cause values to be silently truncated if they do not fit in the default precision and scale. Explicitly specify the SQL server column type that can accommodate all the values using 'HasColumnType()'.
2020-03-15 12:54:24||INFO|HTTP GET /api/ATenders responded 200 in 8136.4536 ms
2020-03-15 12:54:27||INFO|HTTP GET /api/ATenders responded 200 in 11081.3289 ms
2020-03-15 12:54:27||INFO|HTTP GET /api/ATenders responded 200 in 11104.5576 ms
2020-03-15 12:54:27|ETB.WebApi.Middleware.RequestAuditingMiddleWare|INFO|/api/Districts
2020-03-15 12:54:28||INFO|HTTP GET /api/Districts responded 200 in 500.0381 ms
2020-03-15 13:00:30|ETB.WebApi.Middleware.RequestAuditingMiddleWare|INFO|/swagger/index.html
2020-03-15 13:00:32||INFO|HTTP GET /swagger/index.html responded 200 in 1234.8718 ms
2020-03-15 13:00:33|ETB.WebApi.Middleware.RequestAuditingMiddleWare|INFO|/swagger/v1/swagger.json
2020-03-15 13:00:33||INFO|HTTP GET /swagger/v1/swagger.json responded 200 in 489.2957 ms
2020-03-15 13:00:39|ETB.WebApi.Middleware.RequestAuditingMiddleWare|INFO|/api/ATenders
2020-03-15 13:00:39|ETB.WebApi.Middleware.RequestAuditingMiddleWare|INFO|/api/ATenders
2020-03-15 13:00:39|ETB.WebApi.Middleware.RequestAuditingMiddleWare|INFO|/api/ATenders
2020-03-15 13:00:43|Microsoft.EntityFrameworkCore.Model.Validation|WARN|No type was specified for the decimal column 'Price' on entity type 'Service'. This will cause values to be silently truncated if they do not fit in the default precision and scale. Explicitly specify the SQL server column type that can accommodate all the values using 'HasColumnType()'.
2020-03-15 13:00:43|Microsoft.EntityFrameworkCore.Model.Validation|WARN|No type was specified for the decimal column 'CostOfBOQ' on entity type 'Tender'. This will cause values to be silently truncated if they do not fit in the default precision and scale. Explicitly specify the SQL server column type that can accommodate all the values using 'HasColumnType()'.
2020-03-15 13:00:43|Microsoft.EntityFrameworkCore.Model.Validation|WARN|No type was specified for the decimal column 'EMD' on entity type 'Tender'. This will cause values to be silently truncated if they do not fit in the default precision and scale. Explicitly specify the SQL server column type that can accommodate all the values using 'HasColumnType()'.
2020-03-15 13:00:43|Microsoft.EntityFrameworkCore.Model.Validation|WARN|No type was specified for the decimal column 'EstimatedCost' on entity type 'Tender'. This will cause values to be silently truncated if they do not fit in the default precision and scale. Explicitly specify the SQL server column type that can accommodate all the values using 'HasColumnType()'.
2020-03-15 13:00:43|Microsoft.EntityFrameworkCore.Model.Validation|WARN|No type was specified for the decimal column 'AmtReceived' on entity type 'UserService'. This will cause values to be silently truncated if they do not fit in the default precision and scale. Explicitly specify the SQL server column type that can accommodate all the values using 'HasColumnType()'.
2020-03-15 13:00:43|Microsoft.EntityFrameworkCore.Model.Validation|WARN|No type was specified for the decimal column 'AmtReceivedDate' on entity type 'UserService'. This will cause values to be silently truncated if they do not fit in the default precision and scale. Explicitly specify the SQL server column type that can accommodate all the values using 'HasColumnType()'.
2020-03-15 13:00:43|Microsoft.EntityFrameworkCore.Model.Validation|WARN|No type was specified for the decimal column 'OriginalAmt' on entity type 'UserService'. This will cause values to be silently truncated if they do not fit in the default precision and scale. Explicitly specify the SQL server column type that can accommodate all the values using 'HasColumnType()'.
2020-03-15 13:00:43|Microsoft.EntityFrameworkCore.Model.Validation|WARN|No type was specified for the decimal column 'Amount' on entity type 'UserSubscription'. This will cause values to be silently truncated if they do not fit in the default precision and scale. Explicitly specify the SQL server column type that can accommodate all the values using 'HasColumnType()'.
2020-03-15 13:00:49||INFO|HTTP GET /api/ATenders responded 200 in 10082.4332 ms
2020-03-15 13:00:52||INFO|HTTP GET /api/ATenders responded 200 in 13529.1309 ms
2020-03-15 13:00:53||INFO|HTTP GET /api/ATenders responded 200 in 14189.3522 ms
2020-03-15 13:00:53|ETB.WebApi.Middleware.RequestAuditingMiddleWare|INFO|/api/Districts
2020-03-15 13:00:53||INFO|HTTP GET /api/Districts responded 200 in 290.6741 ms
2020-03-15 13:02:47|ETB.WebApi.Middleware.RequestAuditingMiddleWare|INFO|/swagger/index.html
2020-03-15 13:02:48||INFO|HTTP GET /swagger/index.html responded 200 in 1182.3216 ms
2020-03-15 13:02:49|ETB.WebApi.Middleware.RequestAuditingMiddleWare|INFO|/swagger/v1/swagger.json
2020-03-15 13:02:50||INFO|HTTP GET /swagger/v1/swagger.json responded 200 in 547.0253 ms
2020-03-15 13:02:55|ETB.WebApi.Middleware.RequestAuditingMiddleWare|INFO|/api/ATenders
2020-03-15 13:02:55|ETB.WebApi.Middleware.RequestAuditingMiddleWare|INFO|/api/ATenders
2020-03-15 13:02:55|ETB.WebApi.Middleware.RequestAuditingMiddleWare|INFO|/api/ATenders
2020-03-15 13:02:59|Microsoft.EntityFrameworkCore.Model.Validation|WARN|No type was specified for the decimal column 'Price' on entity type 'Service'. This will cause values to be silently truncated if they do not fit in the default precision and scale. Explicitly specify the SQL server column type that can accommodate all the values using 'HasColumnType()'.
2020-03-15 13:02:59|Microsoft.EntityFrameworkCore.Model.Validation|WARN|No type was specified for the decimal column 'CostOfBOQ' on entity type 'Tender'. This will cause values to be silently truncated if they do not fit in the default precision and scale. Explicitly specify the SQL server column type that can accommodate all the values using 'HasColumnType()'.
2020-03-15 13:02:59|Microsoft.EntityFrameworkCore.Model.Validation|WARN|No type was specified for the decimal column 'EMD' on entity type 'Tender'. This will cause values to be silently truncated if they do not fit in the default precision and scale. Explicitly specify the SQL server column type that can accommodate all the values using 'HasColumnType()'.
2020-03-15 13:02:59|Microsoft.EntityFrameworkCore.Model.Validation|WARN|No type was specified for the decimal column 'EstimatedCost' on entity type 'Tender'. This will cause values to be silently truncated if they do not fit in the default precision and scale. Explicitly specify the SQL server column type that can accommodate all the values using 'HasColumnType()'.
2020-03-15 13:02:59|Microsoft.EntityFrameworkCore.Model.Validation|WARN|No type was specified for the decimal column 'AmtReceived' on entity type 'UserService'. This will cause values to be silently truncated if they do not fit in the default precision and scale. Explicitly specify the SQL server column type that can accommodate all the values using 'HasColumnType()'.
2020-03-15 13:02:59|Microsoft.EntityFrameworkCore.Model.Validation|WARN|No type was specified for the decimal column 'AmtReceivedDate' on entity type 'UserService'. This will cause values to be silently truncated if they do not fit in the default precision and scale. Explicitly specify the SQL server column type that can accommodate all the values using 'HasColumnType()'.
2020-03-15 13:02:59|Microsoft.EntityFrameworkCore.Model.Validation|WARN|No type was specified for the decimal column 'OriginalAmt' on entity type 'UserService'. This will cause values to be silently truncated if they do not fit in the default precision and scale. Explicitly specify the SQL server column type that can accommodate all the values using 'HasColumnType()'.
2020-03-15 13:02:59|Microsoft.EntityFrameworkCore.Model.Validation|WARN|No type was specified for the decimal column 'Amount' on entity type 'UserSubscription'. This will cause values to be silently truncated if they do not fit in the default precision and scale. Explicitly specify the SQL server column type that can accommodate all the values using 'HasColumnType()'.
2020-03-15 13:03:03||INFO|HTTP GET /api/ATenders responded 200 in 8685.3254 ms
2020-03-15 13:03:06||INFO|HTTP GET /api/ATenders responded 200 in 11528.4943 ms
2020-03-15 13:03:08||INFO|HTTP GET /api/ATenders responded 200 in 13558.5788 ms
2020-03-15 13:03:08|ETB.WebApi.Middleware.RequestAuditingMiddleWare|INFO|/api/Districts
2020-03-15 13:03:09||INFO|HTTP GET /api/Districts responded 200 in 304.8825 ms
2020-03-15 13:08:24|ETB.WebApi.Middleware.RequestAuditingMiddleWare|INFO|/api/ValidateCredentials
2020-03-15 13:08:25||INFO|HTTP POST /api/ValidateCredentials responded 200 in 611.0224 ms
2020-03-15 13:08:25|ETB.WebApi.Middleware.RequestAuditingMiddleWare|INFO|/api/UserSignInLogs
2020-03-15 13:08:25|ETB.WebApi.Middleware.RequestAuditingMiddleWare|INFO|/api/ATenders
2020-03-15 13:08:26||INFO|HTTP POST /api/UserSignInLogs responded 201 in 1317.326 ms
2020-03-15 13:08:28||INFO|HTTP GET /api/ATenders responded 200 in 2979.5606 ms
2020-03-15 13:08:30|ETB.WebApi.Middleware.RequestAuditingMiddleWare|INFO|/api/ATenders
2020-03-15 13:08:31|ETB.WebApi.Middleware.RequestAuditingMiddleWare|INFO|/api/ATenders
2020-03-15 13:08:34||INFO|HTTP GET /api/ATenders responded 200 in 3262.8228 ms
2020-03-15 13:08:34||INFO|HTTP GET /api/ATenders responded 200 in 3620.5514 ms
2020-03-15 13:08:34|ETB.WebApi.Middleware.RequestAuditingMiddleWare|INFO|/api/Districts
2020-03-15 13:08:34||INFO|HTTP GET /api/Districts responded 200 in 268.1348 ms
2020-03-15 13:10:50|ETB.WebApi.Middleware.RequestAuditingMiddleWare|INFO|/api/ATenders
2020-03-15 13:10:53||INFO|HTTP GET /api/ATenders responded 200 in 3139.9719 ms
2020-03-15 13:10:57|ETB.WebApi.Middleware.RequestAuditingMiddleWare|INFO|/api/ATenders
2020-03-15 13:11:00||INFO|HTTP GET /api/ATenders responded 200 in 3668.0383 ms
2020-03-15 13:15:04|ETB.WebApi.Middleware.RequestAuditingMiddleWare|INFO|/api/UserSignInLogs
2020-03-15 13:15:04||INFO|HTTP POST /api/UserSignInLogs responded 201 in 897.7826 ms
2020-03-15 13:15:05|ETB.WebApi.Middleware.RequestAuditingMiddleWare|INFO|/api/ATenders
2020-03-15 13:15:05|ETB.WebApi.Middleware.RequestAuditingMiddleWare|INFO|/api/ATenders
2020-03-15 13:15:05|ETB.WebApi.Middleware.RequestAuditingMiddleWare|INFO|/api/ATenders
2020-03-15 13:15:07||INFO|HTTP GET /api/ATenders responded 200 in 2578.9079 ms
2020-03-15 13:15:08||INFO|HTTP GET /api/ATenders responded 200 in 3691.2002 ms
2020-03-15 13:15:09||INFO|HTTP GET /api/ATenders responded 200 in 4354.4541 ms
2020-03-15 13:15:09|ETB.WebApi.Middleware.RequestAuditingMiddleWare|INFO|/api/Districts
2020-03-15 13:15:09||INFO|HTTP GET /api/Districts responded 200 in 290.9023 ms
