2019-12-24 11:59:35|ETB.WebApi.Middleware.RequestAuditingMiddleWare|INFO|/swagger/index.html
2019-12-24 11:59:38||INFO|HTTP GET /swagger/index.html responded 200 in 2886.5666 ms
2019-12-24 11:59:46|ETB.WebApi.Middleware.RequestAuditingMiddleWare|INFO|/api/ATenders
2019-12-24 11:59:46|ETB.WebApi.Middleware.RequestAuditingMiddleWare|INFO|/api/ATenders
2019-12-24 11:59:50|Microsoft.EntityFrameworkCore.Model.Validation|WARN|No type was specified for the decimal column 'Price' on entity type 'Service'. This will cause values to be silently truncated if they do not fit in the default precision and scale. Explicitly specify the SQL server column type that can accommodate all the values using 'HasColumnType()'.
2019-12-24 11:59:50|Microsoft.EntityFrameworkCore.Model.Validation|WARN|No type was specified for the decimal column 'CostOfBOQ' on entity type 'Tender'. This will cause values to be silently truncated if they do not fit in the default precision and scale. Explicitly specify the SQL server column type that can accommodate all the values using 'HasColumnType()'.
2019-12-24 11:59:50|Microsoft.EntityFrameworkCore.Model.Validation|WARN|No type was specified for the decimal column 'EMD' on entity type 'Tender'. This will cause values to be silently truncated if they do not fit in the default precision and scale. Explicitly specify the SQL server column type that can accommodate all the values using 'HasColumnType()'.
2019-12-24 11:59:50|Microsoft.EntityFrameworkCore.Model.Validation|WARN|No type was specified for the decimal column 'EstimatedCost' on entity type 'Tender'. This will cause values to be silently truncated if they do not fit in the default precision and scale. Explicitly specify the SQL server column type that can accommodate all the values using 'HasColumnType()'.
2019-12-24 11:59:50|Microsoft.EntityFrameworkCore.Model.Validation|WARN|No type was specified for the decimal column 'AmtReceived' on entity type 'UserService'. This will cause values to be silently truncated if they do not fit in the default precision and scale. Explicitly specify the SQL server column type that can accommodate all the values using 'HasColumnType()'.
2019-12-24 11:59:50|Microsoft.EntityFrameworkCore.Model.Validation|WARN|No type was specified for the decimal column 'AmtReceivedDate' on entity type 'UserService'. This will cause values to be silently truncated if they do not fit in the default precision and scale. Explicitly specify the SQL server column type that can accommodate all the values using 'HasColumnType()'.
2019-12-24 11:59:50|Microsoft.EntityFrameworkCore.Model.Validation|WARN|No type was specified for the decimal column 'OriginalAmt' on entity type 'UserService'. This will cause values to be silently truncated if they do not fit in the default precision and scale. Explicitly specify the SQL server column type that can accommodate all the values using 'HasColumnType()'.
2019-12-24 11:59:50|Microsoft.EntityFrameworkCore.Model.Validation|WARN|No type was specified for the decimal column 'Amount' on entity type 'UserSubscription'. This will cause values to be silently truncated if they do not fit in the default precision and scale. Explicitly specify the SQL server column type that can accommodate all the values using 'HasColumnType()'.
2019-12-24 11:59:51|Microsoft.EntityFrameworkCore.Query|WARN|Query: '(from Tender x in DbSet<Tender> where (int)[x].IsActive == 1 && [x].BidSubmissionEnDate >= DateTime....' uses a row limiting operation (Skip/Take) without OrderBy which may lead to unpredictable results.
2019-12-24 11:59:53||INFO|HTTP GET /api/ATenders responded 200 in 7595.0811 ms
2019-12-24 11:59:53||INFO|HTTP GET /api/ATenders responded 200 in 7595.0873 ms
2019-12-24 11:59:54|ETB.WebApi.Middleware.RequestAuditingMiddleWare|INFO|/api/Districts
2019-12-24 11:59:54||INFO|HTTP GET /api/Districts responded 200 in 82.6037 ms
2019-12-24 12:01:43|ETB.WebApi.Middleware.RequestAuditingMiddleWare|INFO|/api/ValidateCredentials
2019-12-24 12:01:43||INFO|HTTP POST /api/ValidateCredentials responded 200 in 370.9768 ms
2019-12-24 12:01:44|ETB.WebApi.Middleware.RequestAuditingMiddleWare|INFO|/api/UserSignInLogs
2019-12-24 12:01:44|ETB.WebApi.Middleware.RequestAuditingMiddleWare|INFO|/api/ATenders
2019-12-24 12:01:44||INFO|HTTP GET /api/ATenders responded 200 in 33.1461 ms
2019-12-24 12:01:44||INFO|HTTP POST /api/UserSignInLogs responded 201 in 645.7702 ms
2019-12-24 12:01:45|ETB.WebApi.Middleware.RequestAuditingMiddleWare|INFO|/api/ATenders
2019-12-24 12:01:45|ETB.WebApi.Middleware.RequestAuditingMiddleWare|INFO|/api/ATenders
2019-12-24 12:01:45||INFO|HTTP GET /api/ATenders responded 200 in 64.7818 ms
2019-12-24 12:01:45|ETB.WebApi.Middleware.RequestAuditingMiddleWare|INFO|/api/Districts
2019-12-24 12:01:45||INFO|HTTP GET /api/Districts responded 200 in 31.9045 ms
2019-12-24 12:01:45||INFO|HTTP GET /api/ATenders responded 200 in 106.4724 ms
2019-12-24 12:02:17|ETB.WebApi.Middleware.RequestAuditingMiddleWare|INFO|/api/UserSignInLogs
2019-12-24 12:02:18||INFO|HTTP POST /api/UserSignInLogs responded 201 in 49.8396 ms
2019-12-24 12:02:19|ETB.WebApi.Middleware.RequestAuditingMiddleWare|INFO|/api/ATenders
2019-12-24 12:02:19|ETB.WebApi.Middleware.RequestAuditingMiddleWare|INFO|/api/ATenders
2019-12-24 12:02:19||INFO|HTTP GET /api/ATenders responded 200 in 23.2466 ms
2019-12-24 12:02:19||INFO|HTTP GET /api/ATenders responded 200 in 53.0736 ms
2019-12-24 12:02:19|ETB.WebApi.Middleware.RequestAuditingMiddleWare|INFO|/api/Districts
2019-12-24 12:02:19||INFO|HTTP GET /api/Districts responded 200 in 73.9822 ms
2019-12-24 12:27:59|ETB.WebApi.Middleware.RequestAuditingMiddleWare|INFO|/api/ATenders
2019-12-24 12:27:59|ETB.WebApi.Middleware.RequestAuditingMiddleWare|INFO|/api/ATenders
2019-12-24 12:28:00||INFO|HTTP GET /api/ATenders responded 200 in 299.374 ms
2019-12-24 12:28:00||INFO|HTTP GET /api/ATenders responded 200 in 366.5034 ms
2019-12-24 12:28:00|ETB.WebApi.Middleware.RequestAuditingMiddleWare|INFO|/api/Districts
2019-12-24 12:28:00||INFO|HTTP GET /api/Districts responded 200 in 19.4776 ms
2019-12-24 12:29:40|ETB.WebApi.Middleware.RequestAuditingMiddleWare|INFO|/api/ATenders
2019-12-24 12:29:41||INFO|HTTP GET /api/ATenders responded 200 in 107.3942 ms
2019-12-24 12:29:41|ETB.WebApi.Middleware.RequestAuditingMiddleWare|INFO|/api/ATenders
2019-12-24 12:29:41||INFO|HTTP GET /api/ATenders responded 200 in 121.1982 ms
2019-12-24 12:29:41|ETB.WebApi.Middleware.RequestAuditingMiddleWare|INFO|/api/Districts
2019-12-24 12:29:41||INFO|HTTP GET /api/Districts responded 200 in 14.1893 ms
2019-12-24 12:32:47|ETB.WebApi.Middleware.RequestAuditingMiddleWare|INFO|/api/ATenders
2019-12-24 12:32:47|ETB.WebApi.Middleware.RequestAuditingMiddleWare|INFO|/api/ATenders
2019-12-24 12:32:47||INFO|HTTP GET /api/ATenders responded 200 in 177.1276 ms
2019-12-24 12:32:47||INFO|HTTP GET /api/ATenders responded 200 in 539.8355 ms
2019-12-24 12:32:47|ETB.WebApi.Middleware.RequestAuditingMiddleWare|INFO|/api/Districts
2019-12-24 12:32:48||INFO|HTTP GET /api/Districts responded 200 in 77.9506 ms
2019-12-24 12:35:00|ETB.WebApi.Middleware.RequestAuditingMiddleWare|INFO|/api/ATenders
2019-12-24 12:35:00||INFO|HTTP GET /api/ATenders responded 200 in 65.1944 ms
2019-12-24 12:35:00|ETB.WebApi.Middleware.RequestAuditingMiddleWare|INFO|/api/ATenders
2019-12-24 12:35:00||INFO|HTTP GET /api/ATenders responded 200 in 84.9518 ms
2019-12-24 12:35:00|ETB.WebApi.Middleware.RequestAuditingMiddleWare|INFO|/api/Districts
2019-12-24 12:35:00||INFO|HTTP GET /api/Districts responded 200 in 13.8394 ms
2019-12-24 12:36:07|ETB.WebApi.Middleware.RequestAuditingMiddleWare|INFO|/api/ATenders
2019-12-24 12:36:07|ETB.WebApi.Middleware.RequestAuditingMiddleWare|INFO|/api/ATenders
2019-12-24 12:36:07||INFO|HTTP GET /api/ATenders responded 200 in 67.7941 ms
2019-12-24 12:36:07||INFO|HTTP GET /api/ATenders responded 200 in 129.4848 ms
2019-12-24 12:36:08|ETB.WebApi.Middleware.RequestAuditingMiddleWare|INFO|/api/Districts
2019-12-24 12:36:08||INFO|HTTP GET /api/Districts responded 200 in 34.1486 ms
2019-12-24 12:37:35|ETB.WebApi.Middleware.RequestAuditingMiddleWare|INFO|/api/ATenders
2019-12-24 12:37:35||INFO|HTTP GET /api/ATenders responded 200 in 30.1775 ms
2019-12-24 12:37:35|ETB.WebApi.Middleware.RequestAuditingMiddleWare|INFO|/api/ATenders
2019-12-24 12:37:35||INFO|HTTP GET /api/ATenders responded 200 in 361.9622 ms
2019-12-24 12:37:36|ETB.WebApi.Middleware.RequestAuditingMiddleWare|INFO|/api/Districts
2019-12-24 12:37:36||INFO|HTTP GET /api/Districts responded 200 in 19.2234 ms
2019-12-24 12:37:53|ETB.WebApi.Middleware.RequestAuditingMiddleWare|INFO|/api/ATenders
2019-12-24 12:37:53|ETB.WebApi.Middleware.RequestAuditingMiddleWare|INFO|/api/ATenders
2019-12-24 12:37:55||INFO|HTTP GET /api/ATenders responded 200 in 1110.5319 ms
2019-12-24 12:37:55||INFO|HTTP GET /api/ATenders responded 200 in 1138.337 ms
2019-12-24 12:37:55|ETB.WebApi.Middleware.RequestAuditingMiddleWare|INFO|/api/Districts
2019-12-24 12:37:55||INFO|HTTP GET /api/Districts responded 200 in 34.7286 ms
2019-12-24 12:40:09|ETB.WebApi.Middleware.RequestAuditingMiddleWare|INFO|/api/ATenders
2019-12-24 12:40:09|ETB.WebApi.Middleware.RequestAuditingMiddleWare|INFO|/api/ATenders
2019-12-24 12:40:09||INFO|HTTP GET /api/ATenders responded 200 in 25.77 ms
2019-12-24 12:40:09||INFO|HTTP GET /api/ATenders responded 200 in 100.2505 ms
2019-12-24 12:40:09|ETB.WebApi.Middleware.RequestAuditingMiddleWare|INFO|/api/Districts
2019-12-24 12:40:09||INFO|HTTP GET /api/Districts responded 200 in 14.6962 ms
2019-12-24 12:42:21|ETB.WebApi.Middleware.RequestAuditingMiddleWare|INFO|/api/ATenders
2019-12-24 12:42:21|ETB.WebApi.Middleware.RequestAuditingMiddleWare|INFO|/api/ATenders
2019-12-24 12:42:21||INFO|HTTP GET /api/ATenders responded 200 in 69.8652 ms
2019-12-24 12:42:21||INFO|HTTP GET /api/ATenders responded 200 in 77.2625 ms
2019-12-24 12:42:21|ETB.WebApi.Middleware.RequestAuditingMiddleWare|INFO|/api/Districts
2019-12-24 12:42:21||INFO|HTTP GET /api/Districts responded 200 in 92.7911 ms
2019-12-24 12:44:29|ETB.WebApi.Middleware.RequestAuditingMiddleWare|INFO|/api/ATenders
2019-12-24 12:44:29|ETB.WebApi.Middleware.RequestAuditingMiddleWare|INFO|/api/ATenders
2019-12-24 12:44:29||INFO|HTTP GET /api/ATenders responded 200 in 131.1582 ms
2019-12-24 12:44:29||INFO|HTTP GET /api/ATenders responded 200 in 184.4782 ms
2019-12-24 12:44:29|ETB.WebApi.Middleware.RequestAuditingMiddleWare|INFO|/api/Districts
2019-12-24 12:44:29||INFO|HTTP GET /api/Districts responded 200 in 22.2326 ms
2019-12-24 12:45:03|ETB.WebApi.Middleware.RequestAuditingMiddleWare|INFO|/api/ATenders
2019-12-24 12:45:03|ETB.WebApi.Middleware.RequestAuditingMiddleWare|INFO|/api/ATenders
2019-12-24 12:45:03||INFO|HTTP GET /api/ATenders responded 200 in 139.3872 ms
2019-12-24 12:45:03||INFO|HTTP GET /api/ATenders responded 200 in 149.5158 ms
2019-12-24 12:45:03|ETB.WebApi.Middleware.RequestAuditingMiddleWare|INFO|/api/Districts
2019-12-24 12:45:03||INFO|HTTP GET /api/Districts responded 200 in 64.4633 ms
2019-12-24 12:45:10|ETB.WebApi.Middleware.RequestAuditingMiddleWare|INFO|/api/ATenders
2019-12-24 12:45:10|ETB.WebApi.Middleware.RequestAuditingMiddleWare|INFO|/api/ATenders
2019-12-24 12:45:10||INFO|HTTP GET /api/ATenders responded 200 in 47.1779 ms
2019-12-24 12:45:10||INFO|HTTP GET /api/ATenders responded 200 in 165.0231 ms
2019-12-24 12:45:10|ETB.WebApi.Middleware.RequestAuditingMiddleWare|INFO|/api/Districts
2019-12-24 12:45:10||INFO|HTTP GET /api/Districts responded 200 in 114.4089 ms
2019-12-24 12:48:49|ETB.WebApi.Middleware.RequestAuditingMiddleWare|INFO|/api/ATenders
2019-12-24 12:48:50||INFO|HTTP GET /api/ATenders responded 200 in 169.2101 ms
2019-12-24 12:48:50|ETB.WebApi.Middleware.RequestAuditingMiddleWare|INFO|/api/ATenders
2019-12-24 12:48:50||INFO|HTTP GET /api/ATenders responded 200 in 106.7506 ms
2019-12-24 12:48:50|ETB.WebApi.Middleware.RequestAuditingMiddleWare|INFO|/api/Districts
2019-12-24 12:48:50||INFO|HTTP GET /api/Districts responded 200 in 10.7936 ms
2019-12-24 12:50:01|ETB.WebApi.Middleware.RequestAuditingMiddleWare|INFO|/api/ATenders
2019-12-24 12:50:01|ETB.WebApi.Middleware.RequestAuditingMiddleWare|INFO|/api/ATenders
2019-12-24 12:50:01||INFO|HTTP GET /api/ATenders responded 200 in 94.6695 ms
2019-12-24 12:50:01||INFO|HTTP GET /api/ATenders responded 200 in 196.4706 ms
2019-12-24 12:50:01|ETB.WebApi.Middleware.RequestAuditingMiddleWare|INFO|/api/Districts
2019-12-24 12:50:01||INFO|HTTP GET /api/Districts responded 200 in 14.2108 ms
2019-12-24 12:50:21|ETB.WebApi.Middleware.RequestAuditingMiddleWare|INFO|/api/ATenders
2019-12-24 12:50:21|ETB.WebApi.Middleware.RequestAuditingMiddleWare|INFO|/api/ATenders
2019-12-24 12:50:21||INFO|HTTP GET /api/ATenders responded 200 in 65.9098 ms
2019-12-24 12:50:21||INFO|HTTP GET /api/ATenders responded 200 in 117.416 ms
2019-12-24 12:50:22|ETB.WebApi.Middleware.RequestAuditingMiddleWare|INFO|/api/Districts
2019-12-24 12:50:22||INFO|HTTP GET /api/Districts responded 200 in 30.6907 ms
2019-12-24 12:50:30|ETB.WebApi.Middleware.RequestAuditingMiddleWare|INFO|/api/ATenders
2019-12-24 12:50:30|ETB.WebApi.Middleware.RequestAuditingMiddleWare|INFO|/api/ATenders
2019-12-24 12:50:30||INFO|HTTP GET /api/ATenders responded 200 in 23.4266 ms
2019-12-24 12:50:30||INFO|HTTP GET /api/ATenders responded 200 in 74.9637 ms
2019-12-24 12:50:30|ETB.WebApi.Middleware.RequestAuditingMiddleWare|INFO|/api/Districts
2019-12-24 12:50:30||INFO|HTTP GET /api/Districts responded 200 in 8.7053 ms
2019-12-24 12:53:01|ETB.WebApi.Middleware.RequestAuditingMiddleWare|INFO|/api/ATenders
2019-12-24 12:53:02||INFO|HTTP GET /api/ATenders responded 200 in 116.0519 ms
2019-12-24 12:53:02|ETB.WebApi.Middleware.RequestAuditingMiddleWare|INFO|/api/ATenders
2019-12-24 12:53:02||INFO|HTTP GET /api/ATenders responded 200 in 79.6734 ms
2019-12-24 12:53:02|ETB.WebApi.Middleware.RequestAuditingMiddleWare|INFO|/api/Districts
2019-12-24 12:53:02||INFO|HTTP GET /api/Districts responded 200 in 17.704 ms
2019-12-24 13:00:34|ETB.WebApi.Middleware.RequestAuditingMiddleWare|INFO|/api/ATenders
2019-12-24 13:00:34|ETB.WebApi.Middleware.RequestAuditingMiddleWare|INFO|/api/ATenders
2019-12-24 13:00:34||INFO|HTTP GET /api/ATenders responded 200 in 153.085 ms
2019-12-24 13:00:34||INFO|HTTP GET /api/ATenders responded 200 in 249.952 ms
2019-12-24 13:00:34|ETB.WebApi.Middleware.RequestAuditingMiddleWare|INFO|/api/Districts
2019-12-24 13:00:34||INFO|HTTP GET /api/Districts responded 200 in 15.6368 ms
2019-12-24 13:01:32|ETB.WebApi.Middleware.RequestAuditingMiddleWare|INFO|/api/ATenders
2019-12-24 13:01:32||INFO|HTTP GET /api/ATenders responded 200 in 62.1847 ms
2019-12-24 13:01:32|ETB.WebApi.Middleware.RequestAuditingMiddleWare|INFO|/api/ATenders
2019-12-24 13:01:32||INFO|HTTP GET /api/ATenders responded 200 in 324.1199 ms
2019-12-24 13:01:32|ETB.WebApi.Middleware.RequestAuditingMiddleWare|INFO|/api/Districts
2019-12-24 13:01:32||INFO|HTTP GET /api/Districts responded 200 in 14.4832 ms
2019-12-24 13:02:28|ETB.WebApi.Middleware.RequestAuditingMiddleWare|INFO|/api/ATenders
2019-12-24 13:02:28||INFO|HTTP GET /api/ATenders responded 200 in 182.3856 ms
2019-12-24 13:02:28|ETB.WebApi.Middleware.RequestAuditingMiddleWare|INFO|/api/ATenders
2019-12-24 13:02:28||INFO|HTTP GET /api/ATenders responded 200 in 200.6148 ms
2019-12-24 13:02:28|ETB.WebApi.Middleware.RequestAuditingMiddleWare|INFO|/api/Districts
2019-12-24 13:02:28||INFO|HTTP GET /api/Districts responded 200 in 28.4999 ms
2019-12-24 13:02:44|ETB.WebApi.Middleware.RequestAuditingMiddleWare|INFO|/api/AServices
2019-12-24 13:02:45||INFO|HTTP GET /api/AServices responded 200 in 792.233 ms
2019-12-24 13:05:25|ETB.WebApi.Middleware.RequestAuditingMiddleWare|INFO|/api/AServices
2019-12-24 13:05:25||INFO|HTTP GET /api/AServices responded 200 in 22.6653 ms
2019-12-24 13:05:41|ETB.WebApi.Middleware.RequestAuditingMiddleWare|INFO|/api/AServices
2019-12-24 13:05:41||INFO|HTTP GET /api/AServices responded 200 in 107.0126 ms
2019-12-24 13:06:23|ETB.WebApi.Middleware.RequestAuditingMiddleWare|INFO|/api/AServices
2019-12-24 13:06:23||INFO|HTTP GET /api/AServices responded 200 in 15.8355 ms
2019-12-24 13:08:51|ETB.WebApi.Middleware.RequestAuditingMiddleWare|INFO|/api/AServices
2019-12-24 13:08:51||INFO|HTTP GET /api/AServices responded 200 in 22.3028 ms
2019-12-24 13:09:19|ETB.WebApi.Middleware.RequestAuditingMiddleWare|INFO|/api/ATenders
2019-12-24 13:09:19|ETB.WebApi.Middleware.RequestAuditingMiddleWare|INFO|/api/ATenders
2019-12-24 13:09:19||INFO|HTTP GET /api/ATenders responded 200 in 84.0941 ms
2019-12-24 13:09:19||INFO|HTTP GET /api/ATenders responded 200 in 211.7886 ms
2019-12-24 13:09:19|ETB.WebApi.Middleware.RequestAuditingMiddleWare|INFO|/api/Districts
2019-12-24 13:09:19||INFO|HTTP GET /api/Districts responded 200 in 18.009 ms
2019-12-24 13:10:05|ETB.WebApi.Middleware.RequestAuditingMiddleWare|INFO|/api/ATenders
2019-12-24 13:10:06||INFO|HTTP GET /api/ATenders responded 200 in 1320.4542 ms
2019-12-24 13:10:06|ETB.WebApi.Middleware.RequestAuditingMiddleWare|INFO|/api/ATenders
2019-12-24 13:10:07||INFO|HTTP GET /api/ATenders responded 200 in 148.3324 ms
2019-12-24 13:10:07|ETB.WebApi.Middleware.RequestAuditingMiddleWare|INFO|/api/Districts
2019-12-24 13:10:07||INFO|HTTP GET /api/Districts responded 200 in 42.0473 ms
2019-12-24 15:16:31|ETB.WebApi.Middleware.RequestAuditingMiddleWare|INFO|/api/ATenders
2019-12-24 15:16:31|ETB.WebApi.Middleware.RequestAuditingMiddleWare|INFO|/api/ATenders
2019-12-24 15:16:31||INFO|HTTP GET /api/ATenders responded 200 in 167.1397 ms
2019-12-24 15:16:31||INFO|HTTP GET /api/ATenders responded 200 in 191.1569 ms
2019-12-24 15:16:31|ETB.WebApi.Middleware.RequestAuditingMiddleWare|INFO|/api/Districts
2019-12-24 15:16:31||INFO|HTTP GET /api/Districts responded 200 in 67.9933 ms
2019-12-24 15:17:12|ETB.WebApi.Middleware.RequestAuditingMiddleWare|INFO|/api/ATenders
2019-12-24 15:17:12|ETB.WebApi.Middleware.RequestAuditingMiddleWare|INFO|/api/ATenders
2019-12-24 15:17:12||INFO|HTTP GET /api/ATenders responded 200 in 126.6601 ms
2019-12-24 15:17:12||INFO|HTTP GET /api/ATenders responded 200 in 184.0374 ms
2019-12-24 15:17:13|ETB.WebApi.Middleware.RequestAuditingMiddleWare|INFO|/api/Districts
2019-12-24 15:17:13||INFO|HTTP GET /api/Districts responded 200 in 31.2055 ms
2019-12-24 15:17:31|ETB.WebApi.Middleware.RequestAuditingMiddleWare|INFO|/api/ATenders
2019-12-24 15:17:31||INFO|HTTP GET /api/ATenders responded 200 in 46.1066 ms
2019-12-24 15:17:31|ETB.WebApi.Middleware.RequestAuditingMiddleWare|INFO|/api/ATenders
2019-12-24 15:17:31||INFO|HTTP GET /api/ATenders responded 200 in 354.8315 ms
2019-12-24 15:17:31|ETB.WebApi.Middleware.RequestAuditingMiddleWare|INFO|/api/Districts
2019-12-24 15:17:31||INFO|HTTP GET /api/Districts responded 200 in 10.7422 ms
2019-12-24 15:18:54|ETB.WebApi.Middleware.RequestAuditingMiddleWare|INFO|/api/AServices
2019-12-24 15:18:54||INFO|HTTP GET /api/AServices responded 200 in 119.0195 ms
2019-12-24 16:49:50|ETB.WebApi.Middleware.RequestAuditingMiddleWare|INFO|/swagger/index.html
2019-12-24 16:49:52||INFO|HTTP GET /swagger/index.html responded 200 in 2069.9804 ms
2019-12-24 16:49:52|ETB.WebApi.Middleware.RequestAuditingMiddleWare|INFO|/swagger/swagger-ui-bundle.js
2019-12-24 16:49:52|ETB.WebApi.Middleware.RequestAuditingMiddleWare|INFO|/swagger/swagger-ui-standalone-preset.js
2019-12-24 16:49:52|ETB.WebApi.Middleware.RequestAuditingMiddleWare|INFO|/swagger/swagger-ui.css
2019-12-24 16:49:53||INFO|HTTP GET /swagger/swagger-ui-standalone-preset.js responded 200 in 898.0264 ms
2019-12-24 16:49:53||INFO|HTTP GET /swagger/swagger-ui.css responded 200 in 884.6591 ms
2019-12-24 16:49:53||INFO|HTTP GET /swagger/swagger-ui-bundle.js responded 200 in 947.9888 ms
2019-12-24 16:49:54|ETB.WebApi.Middleware.RequestAuditingMiddleWare|INFO|/swagger/v1/swagger.json
2019-12-24 16:49:55||INFO|HTTP GET /swagger/v1/swagger.json responded 200 in 776.7399 ms
2019-12-24 16:50:01|ETB.WebApi.Middleware.RequestAuditingMiddleWare|INFO|/api/ATenders
2019-12-24 16:50:01|ETB.WebApi.Middleware.RequestAuditingMiddleWare|INFO|/api/ATenders
2019-12-24 16:50:07|ETB.WebApi.Middleware.RequestAuditingMiddleWare|INFO|/api/AServices
2019-12-24 16:50:20|Microsoft.EntityFrameworkCore.Model.Validation|WARN|No type was specified for the decimal column 'Price' on entity type 'Service'. This will cause values to be silently truncated if they do not fit in the default precision and scale. Explicitly specify the SQL server column type that can accommodate all the values using 'HasColumnType()'.
2019-12-24 16:50:21|Microsoft.EntityFrameworkCore.Model.Validation|WARN|No type was specified for the decimal column 'CostOfBOQ' on entity type 'Tender'. This will cause values to be silently truncated if they do not fit in the default precision and scale. Explicitly specify the SQL server column type that can accommodate all the values using 'HasColumnType()'.
2019-12-24 16:50:21|Microsoft.EntityFrameworkCore.Model.Validation|WARN|No type was specified for the decimal column 'EMD' on entity type 'Tender'. This will cause values to be silently truncated if they do not fit in the default precision and scale. Explicitly specify the SQL server column type that can accommodate all the values using 'HasColumnType()'.
2019-12-24 16:50:22|Microsoft.EntityFrameworkCore.Model.Validation|WARN|No type was specified for the decimal column 'EstimatedCost' on entity type 'Tender'. This will cause values to be silently truncated if they do not fit in the default precision and scale. Explicitly specify the SQL server column type that can accommodate all the values using 'HasColumnType()'.
2019-12-24 16:50:22|Microsoft.EntityFrameworkCore.Model.Validation|WARN|No type was specified for the decimal column 'AmtReceived' on entity type 'UserService'. This will cause values to be silently truncated if they do not fit in the default precision and scale. Explicitly specify the SQL server column type that can accommodate all the values using 'HasColumnType()'.
2019-12-24 16:50:23|Microsoft.EntityFrameworkCore.Model.Validation|WARN|No type was specified for the decimal column 'AmtReceivedDate' on entity type 'UserService'. This will cause values to be silently truncated if they do not fit in the default precision and scale. Explicitly specify the SQL server column type that can accommodate all the values using 'HasColumnType()'.
2019-12-24 16:50:24|Microsoft.EntityFrameworkCore.Model.Validation|WARN|No type was specified for the decimal column 'OriginalAmt' on entity type 'UserService'. This will cause values to be silently truncated if they do not fit in the default precision and scale. Explicitly specify the SQL server column type that can accommodate all the values using 'HasColumnType()'.
2019-12-24 16:50:26|Microsoft.EntityFrameworkCore.Model.Validation|WARN|No type was specified for the decimal column 'Amount' on entity type 'UserSubscription'. This will cause values to be silently truncated if they do not fit in the default precision and scale. Explicitly specify the SQL server column type that can accommodate all the values using 'HasColumnType()'.
2019-12-24 16:50:32|Microsoft.EntityFrameworkCore.Query|WARN|Query: '(from Tender x in DbSet<Tender> where (int)[x].IsActive == 1 && [x].BidSubmissionEnDate >= DateTime....' uses a row limiting operation (Skip/Take) without OrderBy which may lead to unpredictable results.
2019-12-24 16:50:36||INFO|HTTP GET /api/AServices responded 200 in 29362.9511 ms
2019-12-24 16:50:36||INFO|HTTP GET /api/ATenders responded 200 in 35208.9319 ms
2019-12-24 16:50:36||INFO|HTTP GET /api/ATenders responded 200 in 35210.3918 ms
2019-12-24 16:50:37|ETB.WebApi.Middleware.RequestAuditingMiddleWare|INFO|/api/Districts
2019-12-24 16:50:38||INFO|HTTP GET /api/Districts responded 200 in 260.6355 ms
2019-12-24 16:50:48|ETB.WebApi.Middleware.RequestAuditingMiddleWare|INFO|/api/AServices
2019-12-24 16:50:48||INFO|HTTP GET /api/AServices responded 200 in 44.8503 ms
2019-12-24 16:51:53|ETB.WebApi.Middleware.RequestAuditingMiddleWare|INFO|/api/AServices
2019-12-24 16:51:53||INFO|HTTP GET /api/AServices responded 200 in 43.471 ms
2019-12-24 16:54:01|ETB.WebApi.Middleware.RequestAuditingMiddleWare|INFO|/api/AServices
2019-12-24 16:54:01||INFO|HTTP GET /api/AServices responded 200 in 14.8165 ms
2019-12-24 16:56:23|ETB.WebApi.Middleware.RequestAuditingMiddleWare|INFO|/swagger/index.html
2019-12-24 16:56:24||INFO|HTTP GET /swagger/index.html responded 200 in 1197.5972 ms
2019-12-24 16:56:25|ETB.WebApi.Middleware.RequestAuditingMiddleWare|INFO|/swagger/v1/swagger.json
2019-12-24 16:56:26||INFO|HTTP GET /swagger/v1/swagger.json responded 200 in 706.3316 ms
2019-12-24 16:56:31|ETB.WebApi.Middleware.RequestAuditingMiddleWare|INFO|/api/ATenders
2019-12-24 16:56:31|ETB.WebApi.Middleware.RequestAuditingMiddleWare|INFO|/api/ATenders
2019-12-24 16:56:36|Microsoft.EntityFrameworkCore.Model.Validation|WARN|No type was specified for the decimal column 'Price' on entity type 'Service'. This will cause values to be silently truncated if they do not fit in the default precision and scale. Explicitly specify the SQL server column type that can accommodate all the values using 'HasColumnType()'.
2019-12-24 16:56:36|Microsoft.EntityFrameworkCore.Model.Validation|WARN|No type was specified for the decimal column 'CostOfBOQ' on entity type 'Tender'. This will cause values to be silently truncated if they do not fit in the default precision and scale. Explicitly specify the SQL server column type that can accommodate all the values using 'HasColumnType()'.
2019-12-24 16:56:36|Microsoft.EntityFrameworkCore.Model.Validation|WARN|No type was specified for the decimal column 'EMD' on entity type 'Tender'. This will cause values to be silently truncated if they do not fit in the default precision and scale. Explicitly specify the SQL server column type that can accommodate all the values using 'HasColumnType()'.
2019-12-24 16:56:36|Microsoft.EntityFrameworkCore.Model.Validation|WARN|No type was specified for the decimal column 'EstimatedCost' on entity type 'Tender'. This will cause values to be silently truncated if they do not fit in the default precision and scale. Explicitly specify the SQL server column type that can accommodate all the values using 'HasColumnType()'.
2019-12-24 16:56:36|Microsoft.EntityFrameworkCore.Model.Validation|WARN|No type was specified for the decimal column 'AmtReceived' on entity type 'UserService'. This will cause values to be silently truncated if they do not fit in the default precision and scale. Explicitly specify the SQL server column type that can accommodate all the values using 'HasColumnType()'.
2019-12-24 16:56:36|Microsoft.EntityFrameworkCore.Model.Validation|WARN|No type was specified for the decimal column 'AmtReceivedDate' on entity type 'UserService'. This will cause values to be silently truncated if they do not fit in the default precision and scale. Explicitly specify the SQL server column type that can accommodate all the values using 'HasColumnType()'.
2019-12-24 16:56:36|Microsoft.EntityFrameworkCore.Model.Validation|WARN|No type was specified for the decimal column 'OriginalAmt' on entity type 'UserService'. This will cause values to be silently truncated if they do not fit in the default precision and scale. Explicitly specify the SQL server column type that can accommodate all the values using 'HasColumnType()'.
2019-12-24 16:56:36|Microsoft.EntityFrameworkCore.Model.Validation|WARN|No type was specified for the decimal column 'Amount' on entity type 'UserSubscription'. This will cause values to be silently truncated if they do not fit in the default precision and scale. Explicitly specify the SQL server column type that can accommodate all the values using 'HasColumnType()'.
2019-12-24 16:56:37|Microsoft.EntityFrameworkCore.Query|WARN|Query: '(from Tender x in DbSet<Tender> where (int)[x].IsActive == 1 && [x].BidSubmissionEnDate >= DateTime....' uses a row limiting operation (Skip/Take) without OrderBy which may lead to unpredictable results.
2019-12-24 16:56:41|ETB.WebApi.Middleware.RequestAuditingMiddleWare|INFO|/api/AServices
2019-12-24 16:56:45||INFO|HTTP GET /api/ATenders responded 200 in 14081.0906 ms
2019-12-24 16:56:45||INFO|HTTP GET /api/ATenders responded 200 in 14103.855 ms
2019-12-24 16:56:45||INFO|HTTP GET /api/AServices responded 200 in 3771.3314 ms
2019-12-24 16:56:46|ETB.WebApi.Middleware.RequestAuditingMiddleWare|INFO|/api/Districts
2019-12-24 16:56:46||INFO|HTTP GET /api/Districts responded 200 in 94.1513 ms
2019-12-24 16:58:47|ETB.WebApi.Middleware.RequestAuditingMiddleWare|INFO|/swagger/index.html
2019-12-24 16:58:49||INFO|HTTP GET /swagger/index.html responded 200 in 1757.758 ms
2019-12-24 16:58:50|ETB.WebApi.Middleware.RequestAuditingMiddleWare|INFO|/swagger/v1/swagger.json
2019-12-24 16:58:51||INFO|HTTP GET /swagger/v1/swagger.json responded 200 in 633.266 ms
2019-12-24 16:59:07|ETB.WebApi.Middleware.RequestAuditingMiddleWare|INFO|/api/ATenders
2019-12-24 16:59:07|ETB.WebApi.Middleware.RequestAuditingMiddleWare|INFO|/api/AServices
2019-12-24 16:59:07|ETB.WebApi.Middleware.RequestAuditingMiddleWare|INFO|/api/ATenders
2019-12-24 16:59:18|Microsoft.EntityFrameworkCore.Model.Validation|WARN|No type was specified for the decimal column 'Price' on entity type 'Service'. This will cause values to be silently truncated if they do not fit in the default precision and scale. Explicitly specify the SQL server column type that can accommodate all the values using 'HasColumnType()'.
2019-12-24 16:59:18|Microsoft.EntityFrameworkCore.Model.Validation|WARN|No type was specified for the decimal column 'CostOfBOQ' on entity type 'Tender'. This will cause values to be silently truncated if they do not fit in the default precision and scale. Explicitly specify the SQL server column type that can accommodate all the values using 'HasColumnType()'.
2019-12-24 16:59:18|Microsoft.EntityFrameworkCore.Model.Validation|WARN|No type was specified for the decimal column 'EMD' on entity type 'Tender'. This will cause values to be silently truncated if they do not fit in the default precision and scale. Explicitly specify the SQL server column type that can accommodate all the values using 'HasColumnType()'.
2019-12-24 16:59:18|Microsoft.EntityFrameworkCore.Model.Validation|WARN|No type was specified for the decimal column 'EstimatedCost' on entity type 'Tender'. This will cause values to be silently truncated if they do not fit in the default precision and scale. Explicitly specify the SQL server column type that can accommodate all the values using 'HasColumnType()'.
2019-12-24 16:59:18|Microsoft.EntityFrameworkCore.Model.Validation|WARN|No type was specified for the decimal column 'AmtReceived' on entity type 'UserService'. This will cause values to be silently truncated if they do not fit in the default precision and scale. Explicitly specify the SQL server column type that can accommodate all the values using 'HasColumnType()'.
2019-12-24 16:59:19|Microsoft.EntityFrameworkCore.Model.Validation|WARN|No type was specified for the decimal column 'AmtReceivedDate' on entity type 'UserService'. This will cause values to be silently truncated if they do not fit in the default precision and scale. Explicitly specify the SQL server column type that can accommodate all the values using 'HasColumnType()'.
2019-12-24 16:59:19|Microsoft.EntityFrameworkCore.Model.Validation|WARN|No type was specified for the decimal column 'OriginalAmt' on entity type 'UserService'. This will cause values to be silently truncated if they do not fit in the default precision and scale. Explicitly specify the SQL server column type that can accommodate all the values using 'HasColumnType()'.
2019-12-24 16:59:19|Microsoft.EntityFrameworkCore.Model.Validation|WARN|No type was specified for the decimal column 'Amount' on entity type 'UserSubscription'. This will cause values to be silently truncated if they do not fit in the default precision and scale. Explicitly specify the SQL server column type that can accommodate all the values using 'HasColumnType()'.
2019-12-24 16:59:21|Microsoft.EntityFrameworkCore.Query|WARN|Query: '(from Tender x in DbSet<Tender> where (int)[x].IsActive == 1 && [x].BidSubmissionEnDate >= DateTime....' uses a row limiting operation (Skip/Take) without OrderBy which may lead to unpredictable results.
2019-12-24 16:59:41||INFO|HTTP GET /api/ATenders responded 200 in 33373.0955 ms
2019-12-24 16:59:41||INFO|HTTP GET /api/AServices responded 200 in 33521.9933 ms
2019-12-24 16:59:41||INFO|HTTP GET /api/ATenders responded 200 in 33540.0631 ms
2019-12-24 16:59:45|ETB.WebApi.Middleware.RequestAuditingMiddleWare|INFO|/api/Districts
2019-12-24 16:59:45||INFO|HTTP GET /api/Districts responded 200 in 263.4945 ms
2019-12-24 17:00:36|ETB.WebApi.Middleware.RequestAuditingMiddleWare|INFO|/api/AServices
2019-12-24 17:00:36||INFO|HTTP GET /api/AServices responded 200 in 28.4417 ms
2019-12-24 17:01:39|ETB.WebApi.Middleware.RequestAuditingMiddleWare|INFO|/swagger/index.html
2019-12-24 17:01:40||INFO|HTTP GET /swagger/index.html responded 200 in 1397.6521 ms
2019-12-24 17:01:41|ETB.WebApi.Middleware.RequestAuditingMiddleWare|INFO|/swagger/v1/swagger.json
2019-12-24 17:01:41||INFO|HTTP GET /swagger/v1/swagger.json responded 200 in 563.5243 ms
2019-12-24 17:01:46|ETB.WebApi.Middleware.RequestAuditingMiddleWare|INFO|/api/ATenders
2019-12-24 17:01:46|ETB.WebApi.Middleware.RequestAuditingMiddleWare|INFO|/api/ATenders
2019-12-24 17:01:51|Microsoft.EntityFrameworkCore.Model.Validation|WARN|No type was specified for the decimal column 'Price' on entity type 'Service'. This will cause values to be silently truncated if they do not fit in the default precision and scale. Explicitly specify the SQL server column type that can accommodate all the values using 'HasColumnType()'.
2019-12-24 17:01:51|Microsoft.EntityFrameworkCore.Model.Validation|WARN|No type was specified for the decimal column 'CostOfBOQ' on entity type 'Tender'. This will cause values to be silently truncated if they do not fit in the default precision and scale. Explicitly specify the SQL server column type that can accommodate all the values using 'HasColumnType()'.
2019-12-24 17:01:51|Microsoft.EntityFrameworkCore.Model.Validation|WARN|No type was specified for the decimal column 'EMD' on entity type 'Tender'. This will cause values to be silently truncated if they do not fit in the default precision and scale. Explicitly specify the SQL server column type that can accommodate all the values using 'HasColumnType()'.
2019-12-24 17:01:51|Microsoft.EntityFrameworkCore.Model.Validation|WARN|No type was specified for the decimal column 'EstimatedCost' on entity type 'Tender'. This will cause values to be silently truncated if they do not fit in the default precision and scale. Explicitly specify the SQL server column type that can accommodate all the values using 'HasColumnType()'.
2019-12-24 17:01:51|Microsoft.EntityFrameworkCore.Model.Validation|WARN|No type was specified for the decimal column 'AmtReceived' on entity type 'UserService'. This will cause values to be silently truncated if they do not fit in the default precision and scale. Explicitly specify the SQL server column type that can accommodate all the values using 'HasColumnType()'.
2019-12-24 17:01:51|Microsoft.EntityFrameworkCore.Model.Validation|WARN|No type was specified for the decimal column 'AmtReceivedDate' on entity type 'UserService'. This will cause values to be silently truncated if they do not fit in the default precision and scale. Explicitly specify the SQL server column type that can accommodate all the values using 'HasColumnType()'.
2019-12-24 17:01:51|Microsoft.EntityFrameworkCore.Model.Validation|WARN|No type was specified for the decimal column 'OriginalAmt' on entity type 'UserService'. This will cause values to be silently truncated if they do not fit in the default precision and scale. Explicitly specify the SQL server column type that can accommodate all the values using 'HasColumnType()'.
2019-12-24 17:01:51|Microsoft.EntityFrameworkCore.Model.Validation|WARN|No type was specified for the decimal column 'Amount' on entity type 'UserSubscription'. This will cause values to be silently truncated if they do not fit in the default precision and scale. Explicitly specify the SQL server column type that can accommodate all the values using 'HasColumnType()'.
2019-12-24 17:01:52|Microsoft.EntityFrameworkCore.Query|WARN|Query: '(from Tender x in DbSet<Tender> where (int)[x].IsActive == 1 && [x].BidSubmissionEnDate >= DateTime....' uses a row limiting operation (Skip/Take) without OrderBy which may lead to unpredictable results.
2019-12-24 17:01:55||INFO|HTTP GET /api/ATenders responded 200 in 8933.3481 ms
2019-12-24 17:01:55||INFO|HTTP GET /api/ATenders responded 200 in 8888.4186 ms
2019-12-24 17:01:56|ETB.WebApi.Middleware.RequestAuditingMiddleWare|INFO|/api/Districts
2019-12-24 17:01:56||INFO|HTTP GET /api/Districts responded 200 in 115.8251 ms
2019-12-24 17:02:00|ETB.WebApi.Middleware.RequestAuditingMiddleWare|INFO|/api/AServices
2019-12-24 17:02:00||INFO|HTTP GET /api/AServices responded 200 in 302.5821 ms
2019-12-24 17:04:58|ETB.WebApi.Middleware.RequestAuditingMiddleWare|INFO|/swagger/index.html
2019-12-24 17:05:01||INFO|HTTP GET /swagger/index.html responded 200 in 3569.0476 ms
2019-12-24 17:05:07|ETB.WebApi.Middleware.RequestAuditingMiddleWare|INFO|/swagger/v1/swagger.json
2019-12-24 17:05:13||INFO|HTTP GET /swagger/v1/swagger.json responded 200 in 6154.198 ms
2019-12-24 17:05:44|ETB.WebApi.Middleware.RequestAuditingMiddleWare|INFO|/api/ATenders
2019-12-24 17:05:45|ETB.WebApi.Middleware.RequestAuditingMiddleWare|INFO|/api/ATenders
2019-12-24 17:06:03|Microsoft.EntityFrameworkCore.Model.Validation|WARN|No type was specified for the decimal column 'Price' on entity type 'Service'. This will cause values to be silently truncated if they do not fit in the default precision and scale. Explicitly specify the SQL server column type that can accommodate all the values using 'HasColumnType()'.
2019-12-24 17:06:04|Microsoft.EntityFrameworkCore.Model.Validation|WARN|No type was specified for the decimal column 'CostOfBOQ' on entity type 'Tender'. This will cause values to be silently truncated if they do not fit in the default precision and scale. Explicitly specify the SQL server column type that can accommodate all the values using 'HasColumnType()'.
2019-12-24 17:06:04|Microsoft.EntityFrameworkCore.Model.Validation|WARN|No type was specified for the decimal column 'EMD' on entity type 'Tender'. This will cause values to be silently truncated if they do not fit in the default precision and scale. Explicitly specify the SQL server column type that can accommodate all the values using 'HasColumnType()'.
2019-12-24 17:06:04|Microsoft.EntityFrameworkCore.Model.Validation|WARN|No type was specified for the decimal column 'EstimatedCost' on entity type 'Tender'. This will cause values to be silently truncated if they do not fit in the default precision and scale. Explicitly specify the SQL server column type that can accommodate all the values using 'HasColumnType()'.
2019-12-24 17:06:05|Microsoft.EntityFrameworkCore.Model.Validation|WARN|No type was specified for the decimal column 'AmtReceived' on entity type 'UserService'. This will cause values to be silently truncated if they do not fit in the default precision and scale. Explicitly specify the SQL server column type that can accommodate all the values using 'HasColumnType()'.
2019-12-24 17:06:05|Microsoft.EntityFrameworkCore.Model.Validation|WARN|No type was specified for the decimal column 'AmtReceivedDate' on entity type 'UserService'. This will cause values to be silently truncated if they do not fit in the default precision and scale. Explicitly specify the SQL server column type that can accommodate all the values using 'HasColumnType()'.
2019-12-24 17:06:05|Microsoft.EntityFrameworkCore.Model.Validation|WARN|No type was specified for the decimal column 'OriginalAmt' on entity type 'UserService'. This will cause values to be silently truncated if they do not fit in the default precision and scale. Explicitly specify the SQL server column type that can accommodate all the values using 'HasColumnType()'.
2019-12-24 17:06:05|Microsoft.EntityFrameworkCore.Model.Validation|WARN|No type was specified for the decimal column 'Amount' on entity type 'UserSubscription'. This will cause values to be silently truncated if they do not fit in the default precision and scale. Explicitly specify the SQL server column type that can accommodate all the values using 'HasColumnType()'.
2019-12-24 17:06:09|Microsoft.EntityFrameworkCore.Query|WARN|Query: '(from Tender x in DbSet<Tender> where (int)[x].IsActive == 1 && [x].BidSubmissionEnDate >= DateTime....' uses a row limiting operation (Skip/Take) without OrderBy which may lead to unpredictable results.
2019-12-24 17:06:12|ETB.WebApi.Middleware.RequestAuditingMiddleWare|INFO|/api/AServices
2019-12-24 17:06:18||INFO|HTTP GET /api/ATenders responded 200 in 33842.3714 ms
2019-12-24 17:06:18||INFO|HTTP GET /api/AServices responded 200 in 6209.6369 ms
2019-12-24 17:06:18||INFO|HTTP GET /api/ATenders responded 200 in 33501.3908 ms
2019-12-24 17:06:20|ETB.WebApi.Middleware.RequestAuditingMiddleWare|INFO|/api/Districts
2019-12-24 17:06:21||INFO|HTTP GET /api/Districts responded 200 in 872.442 ms
2019-12-24 17:07:56|ETB.WebApi.Middleware.RequestAuditingMiddleWare|INFO|/api/AServices
2019-12-24 17:07:56||INFO|HTTP GET /api/AServices responded 200 in 48.1583 ms
2019-12-24 17:10:01|ETB.WebApi.Middleware.RequestAuditingMiddleWare|INFO|/swagger/index.html
2019-12-24 17:10:03||INFO|HTTP GET /swagger/index.html responded 200 in 1335.5763 ms
2019-12-24 17:10:04|ETB.WebApi.Middleware.RequestAuditingMiddleWare|INFO|/swagger/v1/swagger.json
2019-12-24 17:10:05||INFO|HTTP GET /swagger/v1/swagger.json responded 200 in 777.0484 ms
2019-12-24 17:10:13|ETB.WebApi.Middleware.RequestAuditingMiddleWare|INFO|/api/ATenders
2019-12-24 17:10:14|ETB.WebApi.Middleware.RequestAuditingMiddleWare|INFO|/api/ATenders
2019-12-24 17:10:19|Microsoft.EntityFrameworkCore.Model.Validation|WARN|No type was specified for the decimal column 'Price' on entity type 'Service'. This will cause values to be silently truncated if they do not fit in the default precision and scale. Explicitly specify the SQL server column type that can accommodate all the values using 'HasColumnType()'.
2019-12-24 17:10:19|Microsoft.EntityFrameworkCore.Model.Validation|WARN|No type was specified for the decimal column 'CostOfBOQ' on entity type 'Tender'. This will cause values to be silently truncated if they do not fit in the default precision and scale. Explicitly specify the SQL server column type that can accommodate all the values using 'HasColumnType()'.
2019-12-24 17:10:19|Microsoft.EntityFrameworkCore.Model.Validation|WARN|No type was specified for the decimal column 'EMD' on entity type 'Tender'. This will cause values to be silently truncated if they do not fit in the default precision and scale. Explicitly specify the SQL server column type that can accommodate all the values using 'HasColumnType()'.
2019-12-24 17:10:20|Microsoft.EntityFrameworkCore.Model.Validation|WARN|No type was specified for the decimal column 'EstimatedCost' on entity type 'Tender'. This will cause values to be silently truncated if they do not fit in the default precision and scale. Explicitly specify the SQL server column type that can accommodate all the values using 'HasColumnType()'.
2019-12-24 17:10:20|Microsoft.EntityFrameworkCore.Model.Validation|WARN|No type was specified for the decimal column 'AmtReceived' on entity type 'UserService'. This will cause values to be silently truncated if they do not fit in the default precision and scale. Explicitly specify the SQL server column type that can accommodate all the values using 'HasColumnType()'.
2019-12-24 17:10:20|Microsoft.EntityFrameworkCore.Model.Validation|WARN|No type was specified for the decimal column 'AmtReceivedDate' on entity type 'UserService'. This will cause values to be silently truncated if they do not fit in the default precision and scale. Explicitly specify the SQL server column type that can accommodate all the values using 'HasColumnType()'.
2019-12-24 17:10:20|Microsoft.EntityFrameworkCore.Model.Validation|WARN|No type was specified for the decimal column 'OriginalAmt' on entity type 'UserService'. This will cause values to be silently truncated if they do not fit in the default precision and scale. Explicitly specify the SQL server column type that can accommodate all the values using 'HasColumnType()'.
2019-12-24 17:10:20|Microsoft.EntityFrameworkCore.Model.Validation|WARN|No type was specified for the decimal column 'Amount' on entity type 'UserSubscription'. This will cause values to be silently truncated if they do not fit in the default precision and scale. Explicitly specify the SQL server column type that can accommodate all the values using 'HasColumnType()'.
2019-12-24 17:10:21|Microsoft.EntityFrameworkCore.Query|WARN|Query: '(from Tender x in DbSet<Tender> where (int)[x].IsActive == 1 && [x].BidSubmissionEnDate >= DateTime....' uses a row limiting operation (Skip/Take) without OrderBy which may lead to unpredictable results.
2019-12-24 17:10:24||INFO|HTTP GET /api/ATenders responded 200 in 10883.8486 ms
2019-12-24 17:10:24||INFO|HTTP GET /api/ATenders responded 200 in 10954.0472 ms
2019-12-24 17:10:25|ETB.WebApi.Middleware.RequestAuditingMiddleWare|INFO|/api/Districts
2019-12-24 17:10:25||INFO|HTTP GET /api/Districts responded 200 in 170.0191 ms
2019-12-24 17:12:55|ETB.WebApi.Middleware.RequestAuditingMiddleWare|INFO|/api/ATenders
2019-12-24 17:12:56||INFO|HTTP GET /api/ATenders responded 200 in 66.3611 ms
2019-12-24 17:12:56|ETB.WebApi.Middleware.RequestAuditingMiddleWare|INFO|/api/ATenders
2019-12-24 17:12:56||INFO|HTTP GET /api/ATenders responded 200 in 163.4827 ms
2019-12-24 17:12:56|ETB.WebApi.Middleware.RequestAuditingMiddleWare|INFO|/api/Districts
2019-12-24 17:12:56||INFO|HTTP GET /api/Districts responded 200 in 15.6459 ms
2019-12-24 17:13:42|ETB.WebApi.Middleware.RequestAuditingMiddleWare|INFO|/swagger/index.html
2019-12-24 17:13:43||INFO|HTTP GET /swagger/index.html responded 200 in 690.4357 ms
2019-12-24 17:13:43|ETB.WebApi.Middleware.RequestAuditingMiddleWare|INFO|/swagger/v1/swagger.json
2019-12-24 17:13:44||INFO|HTTP GET /swagger/v1/swagger.json responded 200 in 267.5862 ms
2019-12-24 17:13:54|ETB.WebApi.Middleware.RequestAuditingMiddleWare|INFO|/api/ATenders
2019-12-24 17:13:55|ETB.WebApi.Middleware.RequestAuditingMiddleWare|INFO|/api/ATenders
2019-12-24 17:14:01|Microsoft.EntityFrameworkCore.Model.Validation|WARN|No type was specified for the decimal column 'Price' on entity type 'Service'. This will cause values to be silently truncated if they do not fit in the default precision and scale. Explicitly specify the SQL server column type that can accommodate all the values using 'HasColumnType()'.
2019-12-24 17:14:01|Microsoft.EntityFrameworkCore.Model.Validation|WARN|No type was specified for the decimal column 'CostOfBOQ' on entity type 'Tender'. This will cause values to be silently truncated if they do not fit in the default precision and scale. Explicitly specify the SQL server column type that can accommodate all the values using 'HasColumnType()'.
2019-12-24 17:14:01|Microsoft.EntityFrameworkCore.Model.Validation|WARN|No type was specified for the decimal column 'EMD' on entity type 'Tender'. This will cause values to be silently truncated if they do not fit in the default precision and scale. Explicitly specify the SQL server column type that can accommodate all the values using 'HasColumnType()'.
2019-12-24 17:14:01|Microsoft.EntityFrameworkCore.Model.Validation|WARN|No type was specified for the decimal column 'EstimatedCost' on entity type 'Tender'. This will cause values to be silently truncated if they do not fit in the default precision and scale. Explicitly specify the SQL server column type that can accommodate all the values using 'HasColumnType()'.
2019-12-24 17:14:01|Microsoft.EntityFrameworkCore.Model.Validation|WARN|No type was specified for the decimal column 'AmtReceived' on entity type 'UserService'. This will cause values to be silently truncated if they do not fit in the default precision and scale. Explicitly specify the SQL server column type that can accommodate all the values using 'HasColumnType()'.
2019-12-24 17:14:01|Microsoft.EntityFrameworkCore.Model.Validation|WARN|No type was specified for the decimal column 'AmtReceivedDate' on entity type 'UserService'. This will cause values to be silently truncated if they do not fit in the default precision and scale. Explicitly specify the SQL server column type that can accommodate all the values using 'HasColumnType()'.
2019-12-24 17:14:01|Microsoft.EntityFrameworkCore.Model.Validation|WARN|No type was specified for the decimal column 'OriginalAmt' on entity type 'UserService'. This will cause values to be silently truncated if they do not fit in the default precision and scale. Explicitly specify the SQL server column type that can accommodate all the values using 'HasColumnType()'.
2019-12-24 17:14:01|Microsoft.EntityFrameworkCore.Model.Validation|WARN|No type was specified for the decimal column 'Amount' on entity type 'UserSubscription'. This will cause values to be silently truncated if they do not fit in the default precision and scale. Explicitly specify the SQL server column type that can accommodate all the values using 'HasColumnType()'.
2019-12-24 17:14:02|Microsoft.EntityFrameworkCore.Query|WARN|Query: '(from Tender x in DbSet<Tender> where (int)[x].IsActive == 1 && [x].BidSubmissionEnDate >= DateTime....' uses a row limiting operation (Skip/Take) without OrderBy which may lead to unpredictable results.
2019-12-24 17:14:04||INFO|HTTP GET /api/ATenders responded 200 in 9390.8875 ms
2019-12-24 17:14:04||INFO|HTTP GET /api/ATenders responded 200 in 9203.1319 ms
2019-12-24 17:14:04|ETB.WebApi.Middleware.RequestAuditingMiddleWare|INFO|/api/Districts
2019-12-24 17:14:05||INFO|HTTP GET /api/Districts responded 200 in 183.2973 ms
2019-12-24 17:15:02|ETB.WebApi.Middleware.RequestAuditingMiddleWare|INFO|/api/ATenders
2019-12-24 17:15:02|ETB.WebApi.Middleware.RequestAuditingMiddleWare|INFO|/api/ATenders
2019-12-24 17:15:02||INFO|HTTP GET /api/ATenders responded 200 in 49.2328 ms
2019-12-24 17:15:02||INFO|HTTP GET /api/ATenders responded 200 in 166.0924 ms
2019-12-24 17:15:02|ETB.WebApi.Middleware.RequestAuditingMiddleWare|INFO|/api/Districts
2019-12-24 17:15:02||INFO|HTTP GET /api/Districts responded 200 in 11.2821 ms
2019-12-24 17:20:20|ETB.WebApi.Middleware.RequestAuditingMiddleWare|INFO|/swagger/index.html
2019-12-24 17:20:24||INFO|HTTP GET /swagger/index.html responded 200 in 4171.8631 ms
2019-12-24 17:20:28|ETB.WebApi.Middleware.RequestAuditingMiddleWare|INFO|/swagger/v1/swagger.json
2019-12-24 17:20:29||INFO|HTTP GET /swagger/v1/swagger.json responded 200 in 1332.3055 ms
2019-12-24 17:20:42|ETB.WebApi.Middleware.RequestAuditingMiddleWare|INFO|/api/ATenders
2019-12-24 17:20:42|ETB.WebApi.Middleware.RequestAuditingMiddleWare|INFO|/api/ATenders
2019-12-24 17:20:46|Microsoft.EntityFrameworkCore.Model.Validation|WARN|No type was specified for the decimal column 'Price' on entity type 'Service'. This will cause values to be silently truncated if they do not fit in the default precision and scale. Explicitly specify the SQL server column type that can accommodate all the values using 'HasColumnType()'.
2019-12-24 17:20:46|Microsoft.EntityFrameworkCore.Model.Validation|WARN|No type was specified for the decimal column 'CostOfBOQ' on entity type 'Tender'. This will cause values to be silently truncated if they do not fit in the default precision and scale. Explicitly specify the SQL server column type that can accommodate all the values using 'HasColumnType()'.
2019-12-24 17:20:46|Microsoft.EntityFrameworkCore.Model.Validation|WARN|No type was specified for the decimal column 'EMD' on entity type 'Tender'. This will cause values to be silently truncated if they do not fit in the default precision and scale. Explicitly specify the SQL server column type that can accommodate all the values using 'HasColumnType()'.
2019-12-24 17:20:46|Microsoft.EntityFrameworkCore.Model.Validation|WARN|No type was specified for the decimal column 'EstimatedCost' on entity type 'Tender'. This will cause values to be silently truncated if they do not fit in the default precision and scale. Explicitly specify the SQL server column type that can accommodate all the values using 'HasColumnType()'.
2019-12-24 17:20:46|Microsoft.EntityFrameworkCore.Model.Validation|WARN|No type was specified for the decimal column 'AmtReceived' on entity type 'UserService'. This will cause values to be silently truncated if they do not fit in the default precision and scale. Explicitly specify the SQL server column type that can accommodate all the values using 'HasColumnType()'.
2019-12-24 17:20:46|Microsoft.EntityFrameworkCore.Model.Validation|WARN|No type was specified for the decimal column 'AmtReceivedDate' on entity type 'UserService'. This will cause values to be silently truncated if they do not fit in the default precision and scale. Explicitly specify the SQL server column type that can accommodate all the values using 'HasColumnType()'.
2019-12-24 17:20:46|Microsoft.EntityFrameworkCore.Model.Validation|WARN|No type was specified for the decimal column 'OriginalAmt' on entity type 'UserService'. This will cause values to be silently truncated if they do not fit in the default precision and scale. Explicitly specify the SQL server column type that can accommodate all the values using 'HasColumnType()'.
2019-12-24 17:20:46|Microsoft.EntityFrameworkCore.Model.Validation|WARN|No type was specified for the decimal column 'Amount' on entity type 'UserSubscription'. This will cause values to be silently truncated if they do not fit in the default precision and scale. Explicitly specify the SQL server column type that can accommodate all the values using 'HasColumnType()'.
2019-12-24 17:20:47|Microsoft.EntityFrameworkCore.Query|WARN|Query: '(from Tender x in DbSet<Tender> where (int)[x].IsActive == 1 && [x].BidSubmissionEnDate >= DateTime....' uses a row limiting operation (Skip/Take) without OrderBy which may lead to unpredictable results.
2019-12-24 17:20:51||INFO|HTTP GET /api/ATenders responded 200 in 8858.4896 ms
2019-12-24 17:20:51||INFO|HTTP GET /api/ATenders responded 200 in 8876.1679 ms
2019-12-24 17:20:52|ETB.WebApi.Middleware.RequestAuditingMiddleWare|INFO|/api/Districts
2019-12-24 17:20:53||INFO|HTTP GET /api/Districts responded 200 in 818.5862 ms
2019-12-24 17:21:27|ETB.WebApi.Middleware.RequestAuditingMiddleWare|INFO|/api/AServices
2019-12-24 17:21:27||INFO|HTTP GET /api/AServices responded 200 in 176.5115 ms
2019-12-24 17:22:07|ETB.WebApi.Middleware.RequestAuditingMiddleWare|INFO|/api/AServices
2019-12-24 17:22:07||INFO|HTTP GET /api/AServices responded 200 in 58.1259 ms
2019-12-24 17:23:29|ETB.WebApi.Middleware.RequestAuditingMiddleWare|INFO|/api/AServices
2019-12-24 17:23:29||INFO|HTTP GET /api/AServices responded 200 in 18.2813 ms
2019-12-24 17:24:37|ETB.WebApi.Middleware.RequestAuditingMiddleWare|INFO|/api/AServices
2019-12-24 17:24:37||INFO|HTTP GET /api/AServices responded 200 in 23.0924 ms
2019-12-24 17:25:04|ETB.WebApi.Middleware.RequestAuditingMiddleWare|INFO|/api/AServices
2019-12-24 17:25:04||INFO|HTTP GET /api/AServices responded 200 in 22.78 ms
2019-12-24 17:25:30|ETB.WebApi.Middleware.RequestAuditingMiddleWare|INFO|/api/AServices
2019-12-24 17:25:30||INFO|HTTP GET /api/AServices responded 200 in 27.2922 ms
2019-12-24 17:27:28|ETB.WebApi.Middleware.RequestAuditingMiddleWare|INFO|/api/AServices
2019-12-24 17:27:28||INFO|HTTP GET /api/AServices responded 200 in 47.2855 ms
2019-12-24 17:28:55|ETB.WebApi.Middleware.RequestAuditingMiddleWare|INFO|/api/AServices
2019-12-24 17:28:55||INFO|HTTP GET /api/AServices responded 200 in 23.6482 ms
2019-12-24 17:29:16|ETB.WebApi.Middleware.RequestAuditingMiddleWare|INFO|/api/AServices
2019-12-24 17:29:16||INFO|HTTP GET /api/AServices responded 200 in 13.837 ms
2019-12-24 17:33:53|ETB.WebApi.Middleware.RequestAuditingMiddleWare|INFO|/api/AServices
2019-12-24 17:33:53||INFO|HTTP GET /api/AServices responded 200 in 35.7137 ms
2019-12-24 17:34:23|ETB.WebApi.Middleware.RequestAuditingMiddleWare|INFO|/api/AServices
2019-12-24 17:34:23||INFO|HTTP GET /api/AServices responded 200 in 33.7931 ms
2019-12-24 17:34:38|ETB.WebApi.Middleware.RequestAuditingMiddleWare|INFO|/api/AServices
2019-12-24 17:34:38||INFO|HTTP GET /api/AServices responded 200 in 15.6169 ms
2019-12-24 17:35:30|ETB.WebApi.Middleware.RequestAuditingMiddleWare|INFO|/api/AServices
2019-12-24 17:35:30||INFO|HTTP GET /api/AServices responded 200 in 29.3957 ms
2019-12-24 17:36:15|ETB.WebApi.Middleware.RequestAuditingMiddleWare|INFO|/api/AServices
2019-12-24 17:36:15||INFO|HTTP GET /api/AServices responded 200 in 25.3161 ms
2019-12-24 17:37:15|ETB.WebApi.Middleware.RequestAuditingMiddleWare|INFO|/api/AServices
2019-12-24 17:37:15||INFO|HTTP GET /api/AServices responded 200 in 74.6115 ms
2019-12-24 17:37:31|ETB.WebApi.Middleware.RequestAuditingMiddleWare|INFO|/api/AServices
2019-12-24 17:37:32||INFO|HTTP GET /api/AServices responded 200 in 29.9197 ms
2019-12-24 17:37:43|ETB.WebApi.Middleware.RequestAuditingMiddleWare|INFO|/api/AServices
2019-12-24 17:37:43||INFO|HTTP GET /api/AServices responded 200 in 33.026 ms
2019-12-24 17:38:01|ETB.WebApi.Middleware.RequestAuditingMiddleWare|INFO|/api/AServices
2019-12-24 17:38:01||INFO|HTTP GET /api/AServices responded 200 in 15.9045 ms
2019-12-24 17:38:13|ETB.WebApi.Middleware.RequestAuditingMiddleWare|INFO|/api/AServices
2019-12-24 17:38:13||INFO|HTTP GET /api/AServices responded 200 in 18.9263 ms
2019-12-24 17:38:24|ETB.WebApi.Middleware.RequestAuditingMiddleWare|INFO|/api/AServices
2019-12-24 17:38:24||INFO|HTTP GET /api/AServices responded 200 in 21.718 ms
2019-12-24 17:38:53|ETB.WebApi.Middleware.RequestAuditingMiddleWare|INFO|/api/AServices
2019-12-24 17:38:53||INFO|HTTP GET /api/AServices responded 200 in 39.7622 ms
2019-12-24 17:40:18|ETB.WebApi.Middleware.RequestAuditingMiddleWare|INFO|/api/AServices
2019-12-24 17:40:18||INFO|HTTP GET /api/AServices responded 200 in 32.2643 ms
2019-12-24 17:41:01|ETB.WebApi.Middleware.RequestAuditingMiddleWare|INFO|/api/AServices
2019-12-24 17:41:01||INFO|HTTP GET /api/AServices responded 200 in 26.417 ms
2019-12-24 17:41:41|ETB.WebApi.Middleware.RequestAuditingMiddleWare|INFO|/api/AServices
2019-12-24 17:41:41||INFO|HTTP GET /api/AServices responded 200 in 36.0967 ms
2019-12-24 17:43:51|ETB.WebApi.Middleware.RequestAuditingMiddleWare|INFO|/api/AServices
2019-12-24 17:43:51||INFO|HTTP GET /api/AServices responded 200 in 31.3381 ms
2019-12-24 17:58:15|ETB.WebApi.Middleware.RequestAuditingMiddleWare|INFO|/swagger/index.html
2019-12-24 17:58:16||INFO|HTTP GET /swagger/index.html responded 200 in 1026.1916 ms
2019-12-24 17:58:17|ETB.WebApi.Middleware.RequestAuditingMiddleWare|INFO|/swagger/v1/swagger.json
2019-12-24 17:58:17||INFO|HTTP GET /swagger/v1/swagger.json responded 200 in 475.3175 ms
2019-12-24 17:58:32|ETB.WebApi.Middleware.RequestAuditingMiddleWare|INFO|/api/ATenders
2019-12-24 17:58:32|ETB.WebApi.Middleware.RequestAuditingMiddleWare|INFO|/api/ATenders
2019-12-24 17:58:47|Microsoft.EntityFrameworkCore.Model.Validation|WARN|No type was specified for the decimal column 'Price' on entity type 'Service'. This will cause values to be silently truncated if they do not fit in the default precision and scale. Explicitly specify the SQL server column type that can accommodate all the values using 'HasColumnType()'.
2019-12-24 17:58:47|Microsoft.EntityFrameworkCore.Model.Validation|WARN|No type was specified for the decimal column 'CostOfBOQ' on entity type 'Tender'. This will cause values to be silently truncated if they do not fit in the default precision and scale. Explicitly specify the SQL server column type that can accommodate all the values using 'HasColumnType()'.
2019-12-24 17:58:47|Microsoft.EntityFrameworkCore.Model.Validation|WARN|No type was specified for the decimal column 'EMD' on entity type 'Tender'. This will cause values to be silently truncated if they do not fit in the default precision and scale. Explicitly specify the SQL server column type that can accommodate all the values using 'HasColumnType()'.
2019-12-24 17:58:47|Microsoft.EntityFrameworkCore.Model.Validation|WARN|No type was specified for the decimal column 'EstimatedCost' on entity type 'Tender'. This will cause values to be silently truncated if they do not fit in the default precision and scale. Explicitly specify the SQL server column type that can accommodate all the values using 'HasColumnType()'.
2019-12-24 17:58:47|Microsoft.EntityFrameworkCore.Model.Validation|WARN|No type was specified for the decimal column 'AmtReceived' on entity type 'UserService'. This will cause values to be silently truncated if they do not fit in the default precision and scale. Explicitly specify the SQL server column type that can accommodate all the values using 'HasColumnType()'.
2019-12-24 17:58:47|Microsoft.EntityFrameworkCore.Model.Validation|WARN|No type was specified for the decimal column 'AmtReceivedDate' on entity type 'UserService'. This will cause values to be silently truncated if they do not fit in the default precision and scale. Explicitly specify the SQL server column type that can accommodate all the values using 'HasColumnType()'.
2019-12-24 17:58:47|Microsoft.EntityFrameworkCore.Model.Validation|WARN|No type was specified for the decimal column 'OriginalAmt' on entity type 'UserService'. This will cause values to be silently truncated if they do not fit in the default precision and scale. Explicitly specify the SQL server column type that can accommodate all the values using 'HasColumnType()'.
2019-12-24 17:58:47|Microsoft.EntityFrameworkCore.Model.Validation|WARN|No type was specified for the decimal column 'Amount' on entity type 'UserSubscription'. This will cause values to be silently truncated if they do not fit in the default precision and scale. Explicitly specify the SQL server column type that can accommodate all the values using 'HasColumnType()'.
2019-12-24 17:58:50|Microsoft.EntityFrameworkCore.Query|WARN|Query: '(from Tender x in DbSet<Tender> where (int)[x].IsActive == 1 && [x].BidSubmissionEnDate >= DateTime....' uses a row limiting operation (Skip/Take) without OrderBy which may lead to unpredictable results.
2019-12-24 17:58:57||INFO|HTTP GET /api/ATenders responded 200 in 24946.6967 ms
2019-12-24 17:58:57||INFO|HTTP GET /api/ATenders responded 200 in 24238.8577 ms
2019-12-24 17:59:03|ETB.WebApi.Middleware.RequestAuditingMiddleWare|INFO|/api/Districts
2019-12-24 17:59:04||INFO|HTTP GET /api/Districts responded 200 in 532.0814 ms
2019-12-24 17:59:10|ETB.WebApi.Middleware.RequestAuditingMiddleWare|INFO|/api/AServices
2019-12-24 17:59:10||INFO|HTTP GET /api/AServices responded 200 in 266.3486 ms
2019-12-24 18:01:10|ETB.WebApi.Middleware.RequestAuditingMiddleWare|INFO|/api/AServices
2019-12-24 18:01:11||INFO|HTTP GET /api/AServices responded 200 in 123.4651 ms
2019-12-24 18:01:18|ETB.WebApi.Middleware.RequestAuditingMiddleWare|INFO|/api/AServices
2019-12-24 18:01:18||INFO|HTTP GET /api/AServices responded 200 in 14.2185 ms
2019-12-24 18:01:21|ETB.WebApi.Middleware.RequestAuditingMiddleWare|INFO|/api/ATenders
2019-12-24 18:01:21|ETB.WebApi.Middleware.RequestAuditingMiddleWare|INFO|/api/ATenders
2019-12-24 18:01:21||INFO|HTTP GET /api/ATenders responded 200 in 47.7825 ms
2019-12-24 18:01:21||INFO|HTTP GET /api/ATenders responded 200 in 122.7002 ms
2019-12-24 18:01:21|ETB.WebApi.Middleware.RequestAuditingMiddleWare|INFO|/api/Districts
2019-12-24 18:01:22||INFO|HTTP GET /api/Districts responded 200 in 38.591 ms
2019-12-24 18:12:08|ETB.WebApi.Middleware.RequestAuditingMiddleWare|INFO|/swagger/index.html
2019-12-24 18:12:14||INFO|HTTP GET /swagger/index.html responded 200 in 5429.6632 ms
2019-12-24 18:12:15|ETB.WebApi.Middleware.RequestAuditingMiddleWare|INFO|/swagger/v1/swagger.json
2019-12-24 18:12:16||INFO|HTTP GET /swagger/v1/swagger.json responded 200 in 797.5502 ms
2019-12-24 18:12:19|ETB.WebApi.Middleware.RequestAuditingMiddleWare|INFO|/api/ATenders
2019-12-24 18:12:19|ETB.WebApi.Middleware.RequestAuditingMiddleWare|INFO|/api/ATenders
2019-12-24 18:12:27|Microsoft.EntityFrameworkCore.Model.Validation|WARN|No type was specified for the decimal column 'Price' on entity type 'Service'. This will cause values to be silently truncated if they do not fit in the default precision and scale. Explicitly specify the SQL server column type that can accommodate all the values using 'HasColumnType()'.
2019-12-24 18:12:27|Microsoft.EntityFrameworkCore.Model.Validation|WARN|No type was specified for the decimal column 'CostOfBOQ' on entity type 'Tender'. This will cause values to be silently truncated if they do not fit in the default precision and scale. Explicitly specify the SQL server column type that can accommodate all the values using 'HasColumnType()'.
2019-12-24 18:12:27|Microsoft.EntityFrameworkCore.Model.Validation|WARN|No type was specified for the decimal column 'EMD' on entity type 'Tender'. This will cause values to be silently truncated if they do not fit in the default precision and scale. Explicitly specify the SQL server column type that can accommodate all the values using 'HasColumnType()'.
2019-12-24 18:12:27|Microsoft.EntityFrameworkCore.Model.Validation|WARN|No type was specified for the decimal column 'EstimatedCost' on entity type 'Tender'. This will cause values to be silently truncated if they do not fit in the default precision and scale. Explicitly specify the SQL server column type that can accommodate all the values using 'HasColumnType()'.
2019-12-24 18:12:27|Microsoft.EntityFrameworkCore.Model.Validation|WARN|No type was specified for the decimal column 'AmtReceived' on entity type 'UserService'. This will cause values to be silently truncated if they do not fit in the default precision and scale. Explicitly specify the SQL server column type that can accommodate all the values using 'HasColumnType()'.
2019-12-24 18:12:27|Microsoft.EntityFrameworkCore.Model.Validation|WARN|No type was specified for the decimal column 'AmtReceivedDate' on entity type 'UserService'. This will cause values to be silently truncated if they do not fit in the default precision and scale. Explicitly specify the SQL server column type that can accommodate all the values using 'HasColumnType()'.
2019-12-24 18:12:27|Microsoft.EntityFrameworkCore.Model.Validation|WARN|No type was specified for the decimal column 'OriginalAmt' on entity type 'UserService'. This will cause values to be silently truncated if they do not fit in the default precision and scale. Explicitly specify the SQL server column type that can accommodate all the values using 'HasColumnType()'.
2019-12-24 18:12:27|Microsoft.EntityFrameworkCore.Model.Validation|WARN|No type was specified for the decimal column 'Amount' on entity type 'UserSubscription'. This will cause values to be silently truncated if they do not fit in the default precision and scale. Explicitly specify the SQL server column type that can accommodate all the values using 'HasColumnType()'.
2019-12-24 18:12:28|Microsoft.EntityFrameworkCore.Query|WARN|Query: '(from Tender x in DbSet<Tender> where (int)[x].IsActive == 1 && [x].BidSubmissionEnDate >= DateTime....' uses a row limiting operation (Skip/Take) without OrderBy which may lead to unpredictable results.
2019-12-24 18:12:32||INFO|HTTP GET /api/ATenders responded 200 in 12556.9222 ms
2019-12-24 18:12:32||INFO|HTTP GET /api/ATenders responded 200 in 12562.9081 ms
2019-12-24 18:12:33|ETB.WebApi.Middleware.RequestAuditingMiddleWare|INFO|/api/Districts
2019-12-24 18:12:33||INFO|HTTP GET /api/Districts responded 200 in 675.1984 ms
2019-12-24 18:13:17|ETB.WebApi.Middleware.RequestAuditingMiddleWare|INFO|/api/ATenders
2019-12-24 18:13:17||INFO|HTTP GET /api/ATenders responded 200 in 618.8346 ms
2019-12-24 18:13:18|ETB.WebApi.Middleware.RequestAuditingMiddleWare|INFO|/api/ATenders
2019-12-24 18:13:18||INFO|HTTP GET /api/ATenders responded 200 in 197.0108 ms
2019-12-24 18:13:18|ETB.WebApi.Middleware.RequestAuditingMiddleWare|INFO|/api/Districts
2019-12-24 18:13:18||INFO|HTTP GET /api/Districts responded 200 in 18.2643 ms
2019-12-24 18:13:53|ETB.WebApi.Middleware.RequestAuditingMiddleWare|INFO|/api/ATenders
2019-12-24 18:13:53|ETB.WebApi.Middleware.RequestAuditingMiddleWare|INFO|/api/ATenders
2019-12-24 18:13:53||INFO|HTTP GET /api/ATenders responded 200 in 178.5696 ms
2019-12-24 18:13:53||INFO|HTTP GET /api/ATenders responded 200 in 218.8546 ms
2019-12-24 18:13:53|ETB.WebApi.Middleware.RequestAuditingMiddleWare|INFO|/api/Districts
2019-12-24 18:13:56||INFO|HTTP GET /api/Districts responded 200 in 2279.3094 ms
2019-12-24 18:14:18|ETB.WebApi.Middleware.RequestAuditingMiddleWare|INFO|/api/ValidateCredentials
2019-12-24 18:14:19||INFO|HTTP POST /api/ValidateCredentials responded 200 in 1082.2713 ms
2019-12-24 18:14:19|ETB.WebApi.Middleware.RequestAuditingMiddleWare|INFO|/api/UserSignInLogs
2019-12-24 18:14:20|ETB.WebApi.Middleware.RequestAuditingMiddleWare|INFO|/api/ATenders
2019-12-24 18:14:20||INFO|HTTP GET /api/ATenders responded 200 in 50.8288 ms
2019-12-24 18:14:20||INFO|HTTP POST /api/UserSignInLogs responded 201 in 1356.0323 ms
2019-12-24 18:14:48|ETB.WebApi.Middleware.RequestAuditingMiddleWare|INFO|/api/ATenders
2019-12-24 18:14:48||INFO|HTTP GET /api/ATenders responded 200 in 52.9025 ms
2019-12-24 18:14:50|ETB.WebApi.Middleware.RequestAuditingMiddleWare|INFO|/api/ATenders
2019-12-24 18:14:50|ETB.WebApi.Middleware.RequestAuditingMiddleWare|INFO|/api/ATenders
2019-12-24 18:14:50||INFO|HTTP GET /api/ATenders responded 200 in 358.0134 ms
2019-12-24 18:14:50|ETB.WebApi.Middleware.RequestAuditingMiddleWare|INFO|/api/Districts
2019-12-24 18:14:50||INFO|HTTP GET /api/Districts responded 200 in 21.9364 ms
2019-12-24 18:14:50||INFO|HTTP GET /api/ATenders responded 200 in 527.5394 ms
2019-12-24 18:15:00|ETB.WebApi.Middleware.RequestAuditingMiddleWare|INFO|/api/UserSignInLogs
2019-12-24 18:15:00||INFO|HTTP POST /api/UserSignInLogs responded 201 in 46.341 ms
2019-12-24 18:15:02|ETB.WebApi.Middleware.RequestAuditingMiddleWare|INFO|/api/ATenders
2019-12-24 18:15:02|ETB.WebApi.Middleware.RequestAuditingMiddleWare|INFO|/api/ATenders
2019-12-24 18:15:02||INFO|HTTP GET /api/ATenders responded 200 in 193.7651 ms
2019-12-24 18:15:02||INFO|HTTP GET /api/ATenders responded 200 in 118.4435 ms
2019-12-24 18:15:02|ETB.WebApi.Middleware.RequestAuditingMiddleWare|INFO|/api/Districts
2019-12-24 18:15:02||INFO|HTTP GET /api/Districts responded 200 in 21.9438 ms
2019-12-24 18:15:14|ETB.WebApi.Middleware.RequestAuditingMiddleWare|INFO|/api/AServices
2019-12-24 18:15:15||INFO|HTTP GET /api/AServices responded 200 in 624.0183 ms
2019-12-24 18:20:57|ETB.WebApi.Middleware.RequestAuditingMiddleWare|INFO|/swagger/index.html
2019-12-24 18:20:58||INFO|HTTP GET /swagger/index.html responded 200 in 1248.484 ms
2019-12-24 18:20:59|ETB.WebApi.Middleware.RequestAuditingMiddleWare|INFO|/swagger/v1/swagger.json
2019-12-24 18:20:59||INFO|HTTP GET /swagger/v1/swagger.json responded 200 in 550.8388 ms
2019-12-24 18:21:03|ETB.WebApi.Middleware.RequestAuditingMiddleWare|INFO|/api/ATenders
2019-12-24 18:21:04|ETB.WebApi.Middleware.RequestAuditingMiddleWare|INFO|/api/ATenders
2019-12-24 18:21:09|Microsoft.EntityFrameworkCore.Model.Validation|WARN|No type was specified for the decimal column 'Price' on entity type 'Service'. This will cause values to be silently truncated if they do not fit in the default precision and scale. Explicitly specify the SQL server column type that can accommodate all the values using 'HasColumnType()'.
2019-12-24 18:21:09|Microsoft.EntityFrameworkCore.Model.Validation|WARN|No type was specified for the decimal column 'CostOfBOQ' on entity type 'Tender'. This will cause values to be silently truncated if they do not fit in the default precision and scale. Explicitly specify the SQL server column type that can accommodate all the values using 'HasColumnType()'.
2019-12-24 18:21:09|Microsoft.EntityFrameworkCore.Model.Validation|WARN|No type was specified for the decimal column 'EMD' on entity type 'Tender'. This will cause values to be silently truncated if they do not fit in the default precision and scale. Explicitly specify the SQL server column type that can accommodate all the values using 'HasColumnType()'.
2019-12-24 18:21:10|Microsoft.EntityFrameworkCore.Model.Validation|WARN|No type was specified for the decimal column 'EstimatedCost' on entity type 'Tender'. This will cause values to be silently truncated if they do not fit in the default precision and scale. Explicitly specify the SQL server column type that can accommodate all the values using 'HasColumnType()'.
2019-12-24 18:21:10|Microsoft.EntityFrameworkCore.Model.Validation|WARN|No type was specified for the decimal column 'AmtReceived' on entity type 'UserService'. This will cause values to be silently truncated if they do not fit in the default precision and scale. Explicitly specify the SQL server column type that can accommodate all the values using 'HasColumnType()'.
2019-12-24 18:21:10|Microsoft.EntityFrameworkCore.Model.Validation|WARN|No type was specified for the decimal column 'AmtReceivedDate' on entity type 'UserService'. This will cause values to be silently truncated if they do not fit in the default precision and scale. Explicitly specify the SQL server column type that can accommodate all the values using 'HasColumnType()'.
2019-12-24 18:21:10|Microsoft.EntityFrameworkCore.Model.Validation|WARN|No type was specified for the decimal column 'OriginalAmt' on entity type 'UserService'. This will cause values to be silently truncated if they do not fit in the default precision and scale. Explicitly specify the SQL server column type that can accommodate all the values using 'HasColumnType()'.
2019-12-24 18:21:10|Microsoft.EntityFrameworkCore.Model.Validation|WARN|No type was specified for the decimal column 'Amount' on entity type 'UserSubscription'. This will cause values to be silently truncated if they do not fit in the default precision and scale. Explicitly specify the SQL server column type that can accommodate all the values using 'HasColumnType()'.
2019-12-24 18:21:10|Microsoft.EntityFrameworkCore.Query|WARN|Query: '(from Tender x in DbSet<Tender> where (int)[x].IsActive == 1 && [x].BidSubmissionEnDate >= DateTime....' uses a row limiting operation (Skip/Take) without OrderBy which may lead to unpredictable results.
2019-12-24 18:21:12||INFO|HTTP GET /api/ATenders responded 200 in 8800.7847 ms
2019-12-24 18:21:12||INFO|HTTP GET /api/ATenders responded 200 in 8957.8786 ms
2019-12-24 18:21:13|ETB.WebApi.Middleware.RequestAuditingMiddleWare|INFO|/api/Districts
2019-12-24 18:21:13||INFO|HTTP GET /api/Districts responded 200 in 152.9265 ms
2019-12-24 18:22:20|ETB.WebApi.Middleware.RequestAuditingMiddleWare|INFO|/api/ATenders
2019-12-24 18:22:20|ETB.WebApi.Middleware.RequestAuditingMiddleWare|INFO|/api/ATenders
2019-12-24 18:22:20||INFO|HTTP GET /api/ATenders responded 200 in 218.0952 ms
2019-12-24 18:22:20||INFO|HTTP GET /api/ATenders responded 200 in 287.3599 ms
2019-12-24 18:22:22|ETB.WebApi.Middleware.RequestAuditingMiddleWare|INFO|/api/Districts
2019-12-24 18:22:22||INFO|HTTP GET /api/Districts responded 200 in 113.169 ms
