2019-12-17 14:57:07|ETB.WebApi.Middleware.RequestAuditingMiddleWare|INFO|/swagger/index.html
2019-12-17 14:57:09||INFO|HTTP GET /swagger/index.html responded 200 in 2695.1699 ms
2019-12-17 14:57:10|ETB.WebApi.Middleware.RequestAuditingMiddleWare|INFO|/swagger/swagger-ui-standalone-preset.js
2019-12-17 14:57:10|ETB.WebApi.Middleware.RequestAuditingMiddleWare|INFO|/swagger/swagger-ui.css
2019-12-17 14:57:10|ETB.WebApi.Middleware.RequestAuditingMiddleWare|INFO|/swagger/swagger-ui-bundle.js
2019-12-17 14:57:10||INFO|HTTP GET /swagger/swagger-ui-bundle.js responded 200 in 259.9705 ms
2019-12-17 14:57:10||INFO|HTTP GET /swagger/swagger-ui-standalone-preset.js responded 200 in 456.639 ms
2019-12-17 14:57:10||INFO|HTTP GET /swagger/swagger-ui.css responded 200 in 332.8261 ms
2019-12-17 14:57:12|ETB.WebApi.Middleware.RequestAuditingMiddleWare|INFO|/swagger/v1/swagger.json
2019-12-17 14:57:13||INFO|HTTP GET /swagger/v1/swagger.json responded 200 in 1192.4303 ms
2019-12-17 14:57:21|ETB.WebApi.Middleware.RequestAuditingMiddleWare|INFO|/api/ATenders
2019-12-17 14:57:21|ETB.WebApi.Middleware.RequestAuditingMiddleWare|INFO|/api/ATenders
2019-12-17 14:57:25|Microsoft.EntityFrameworkCore.Model.Validation|WARN|No type was specified for the decimal column 'Price' on entity type 'Service'. This will cause values to be silently truncated if they do not fit in the default precision and scale. Explicitly specify the SQL server column type that can accommodate all the values using 'HasColumnType()'.
2019-12-17 14:57:25|Microsoft.EntityFrameworkCore.Model.Validation|WARN|No type was specified for the decimal column 'CostOfBOQ' on entity type 'Tender'. This will cause values to be silently truncated if they do not fit in the default precision and scale. Explicitly specify the SQL server column type that can accommodate all the values using 'HasColumnType()'.
2019-12-17 14:57:25|Microsoft.EntityFrameworkCore.Model.Validation|WARN|No type was specified for the decimal column 'EMD' on entity type 'Tender'. This will cause values to be silently truncated if they do not fit in the default precision and scale. Explicitly specify the SQL server column type that can accommodate all the values using 'HasColumnType()'.
2019-12-17 14:57:25|Microsoft.EntityFrameworkCore.Model.Validation|WARN|No type was specified for the decimal column 'EstimatedCost' on entity type 'Tender'. This will cause values to be silently truncated if they do not fit in the default precision and scale. Explicitly specify the SQL server column type that can accommodate all the values using 'HasColumnType()'.
2019-12-17 14:57:25|Microsoft.EntityFrameworkCore.Model.Validation|WARN|No type was specified for the decimal column 'AmtReceived' on entity type 'UserService'. This will cause values to be silently truncated if they do not fit in the default precision and scale. Explicitly specify the SQL server column type that can accommodate all the values using 'HasColumnType()'.
2019-12-17 14:57:25|Microsoft.EntityFrameworkCore.Model.Validation|WARN|No type was specified for the decimal column 'AmtReceivedDate' on entity type 'UserService'. This will cause values to be silently truncated if they do not fit in the default precision and scale. Explicitly specify the SQL server column type that can accommodate all the values using 'HasColumnType()'.
2019-12-17 14:57:25|Microsoft.EntityFrameworkCore.Model.Validation|WARN|No type was specified for the decimal column 'OriginalAmt' on entity type 'UserService'. This will cause values to be silently truncated if they do not fit in the default precision and scale. Explicitly specify the SQL server column type that can accommodate all the values using 'HasColumnType()'.
2019-12-17 14:57:25|Microsoft.EntityFrameworkCore.Model.Validation|WARN|No type was specified for the decimal column 'Amount' on entity type 'UserSubscription'. This will cause values to be silently truncated if they do not fit in the default precision and scale. Explicitly specify the SQL server column type that can accommodate all the values using 'HasColumnType()'.
2019-12-17 14:57:25|Microsoft.EntityFrameworkCore.Query|WARN|Query: '(from Tender x in DbSet<Tender> where (int)[x].IsActive == 1 && [x].BidSubmissionEnDate >= DateTime....' uses a row limiting operation (Skip/Take) without OrderBy which may lead to unpredictable results.
2019-12-17 14:57:28||INFO|HTTP GET /api/ATenders responded 200 in 6955.6768 ms
2019-12-17 14:57:28||INFO|HTTP GET /api/ATenders responded 200 in 7008.1021 ms
2019-12-17 14:57:29|ETB.WebApi.Middleware.RequestAuditingMiddleWare|INFO|/api/Districts
2019-12-17 14:57:29||INFO|HTTP GET /api/Districts responded 200 in 95.6534 ms
2019-12-17 14:57:53|ETB.WebApi.Middleware.RequestAuditingMiddleWare|INFO|/api/AServices
2019-12-17 14:57:53||INFO|HTTP GET /api/AServices responded 200 in 344.7457 ms
2019-12-17 15:02:02|ETB.WebApi.Middleware.RequestAuditingMiddleWare|INFO|/swagger/index.html
2019-12-17 15:02:03||INFO|HTTP GET /swagger/index.html responded 200 in 870.27 ms
2019-12-17 15:02:04|ETB.WebApi.Middleware.RequestAuditingMiddleWare|INFO|/swagger/v1/swagger.json
2019-12-17 15:02:04||INFO|HTTP GET /swagger/v1/swagger.json responded 200 in 385.9401 ms
2019-12-17 15:02:08|ETB.WebApi.Middleware.RequestAuditingMiddleWare|INFO|/api/ATenders
2019-12-17 15:02:08|ETB.WebApi.Middleware.RequestAuditingMiddleWare|INFO|/api/ATenders
2019-12-17 15:02:12|Microsoft.EntityFrameworkCore.Model.Validation|WARN|No type was specified for the decimal column 'Price' on entity type 'Service'. This will cause values to be silently truncated if they do not fit in the default precision and scale. Explicitly specify the SQL server column type that can accommodate all the values using 'HasColumnType()'.
2019-12-17 15:02:12|Microsoft.EntityFrameworkCore.Model.Validation|WARN|No type was specified for the decimal column 'CostOfBOQ' on entity type 'Tender'. This will cause values to be silently truncated if they do not fit in the default precision and scale. Explicitly specify the SQL server column type that can accommodate all the values using 'HasColumnType()'.
2019-12-17 15:02:12|Microsoft.EntityFrameworkCore.Model.Validation|WARN|No type was specified for the decimal column 'EMD' on entity type 'Tender'. This will cause values to be silently truncated if they do not fit in the default precision and scale. Explicitly specify the SQL server column type that can accommodate all the values using 'HasColumnType()'.
2019-12-17 15:02:12|Microsoft.EntityFrameworkCore.Model.Validation|WARN|No type was specified for the decimal column 'EstimatedCost' on entity type 'Tender'. This will cause values to be silently truncated if they do not fit in the default precision and scale. Explicitly specify the SQL server column type that can accommodate all the values using 'HasColumnType()'.
2019-12-17 15:02:12|Microsoft.EntityFrameworkCore.Model.Validation|WARN|No type was specified for the decimal column 'AmtReceived' on entity type 'UserService'. This will cause values to be silently truncated if they do not fit in the default precision and scale. Explicitly specify the SQL server column type that can accommodate all the values using 'HasColumnType()'.
2019-12-17 15:02:12|Microsoft.EntityFrameworkCore.Model.Validation|WARN|No type was specified for the decimal column 'AmtReceivedDate' on entity type 'UserService'. This will cause values to be silently truncated if they do not fit in the default precision and scale. Explicitly specify the SQL server column type that can accommodate all the values using 'HasColumnType()'.
2019-12-17 15:02:12|Microsoft.EntityFrameworkCore.Model.Validation|WARN|No type was specified for the decimal column 'OriginalAmt' on entity type 'UserService'. This will cause values to be silently truncated if they do not fit in the default precision and scale. Explicitly specify the SQL server column type that can accommodate all the values using 'HasColumnType()'.
2019-12-17 15:02:12|Microsoft.EntityFrameworkCore.Model.Validation|WARN|No type was specified for the decimal column 'Amount' on entity type 'UserSubscription'. This will cause values to be silently truncated if they do not fit in the default precision and scale. Explicitly specify the SQL server column type that can accommodate all the values using 'HasColumnType()'.
2019-12-17 15:02:13|Microsoft.EntityFrameworkCore.Query|WARN|Query: '(from Tender x in DbSet<Tender> where (int)[x].IsActive == 1 && [x].BidSubmissionEnDate >= DateTime....' uses a row limiting operation (Skip/Take) without OrderBy which may lead to unpredictable results.
2019-12-17 15:02:15|ETB.WebApi.Middleware.RequestAuditingMiddleWare|INFO|/api/AServices
2019-12-17 15:02:16||INFO|HTTP GET /api/ATenders responded 200 in 7982.5461 ms
2019-12-17 15:02:16||INFO|HTTP GET /api/ATenders responded 200 in 7985.1961 ms
2019-12-17 15:02:16||INFO|HTTP GET /api/AServices responded 200 in 862.0617 ms
2019-12-17 15:02:17|ETB.WebApi.Middleware.RequestAuditingMiddleWare|INFO|/api/Districts
2019-12-17 15:02:18||INFO|HTTP GET /api/Districts responded 200 in 285.6798 ms
2019-12-17 15:11:51|ETB.WebApi.Middleware.RequestAuditingMiddleWare|INFO|/swagger/index.html
2019-12-17 15:11:57||INFO|HTTP GET /swagger/index.html responded 200 in 5314.5346 ms
2019-12-17 15:11:58|ETB.WebApi.Middleware.RequestAuditingMiddleWare|INFO|/swagger/v1/swagger.json
2019-12-17 15:11:59||INFO|HTTP GET /swagger/v1/swagger.json responded 200 in 674.3919 ms
2019-12-17 15:12:05|ETB.WebApi.Middleware.RequestAuditingMiddleWare|INFO|/api/ATenders
2019-12-17 15:12:05|ETB.WebApi.Middleware.RequestAuditingMiddleWare|INFO|/api/ATenders
2019-12-17 15:12:11|Microsoft.EntityFrameworkCore.Model.Validation|WARN|No type was specified for the decimal column 'Price' on entity type 'Service'. This will cause values to be silently truncated if they do not fit in the default precision and scale. Explicitly specify the SQL server column type that can accommodate all the values using 'HasColumnType()'.
2019-12-17 15:12:11|Microsoft.EntityFrameworkCore.Model.Validation|WARN|No type was specified for the decimal column 'CostOfBOQ' on entity type 'Tender'. This will cause values to be silently truncated if they do not fit in the default precision and scale. Explicitly specify the SQL server column type that can accommodate all the values using 'HasColumnType()'.
2019-12-17 15:12:11|Microsoft.EntityFrameworkCore.Model.Validation|WARN|No type was specified for the decimal column 'EMD' on entity type 'Tender'. This will cause values to be silently truncated if they do not fit in the default precision and scale. Explicitly specify the SQL server column type that can accommodate all the values using 'HasColumnType()'.
2019-12-17 15:12:11|Microsoft.EntityFrameworkCore.Model.Validation|WARN|No type was specified for the decimal column 'EstimatedCost' on entity type 'Tender'. This will cause values to be silently truncated if they do not fit in the default precision and scale. Explicitly specify the SQL server column type that can accommodate all the values using 'HasColumnType()'.
2019-12-17 15:12:11|Microsoft.EntityFrameworkCore.Model.Validation|WARN|No type was specified for the decimal column 'AmtReceived' on entity type 'UserService'. This will cause values to be silently truncated if they do not fit in the default precision and scale. Explicitly specify the SQL server column type that can accommodate all the values using 'HasColumnType()'.
2019-12-17 15:12:11|Microsoft.EntityFrameworkCore.Model.Validation|WARN|No type was specified for the decimal column 'AmtReceivedDate' on entity type 'UserService'. This will cause values to be silently truncated if they do not fit in the default precision and scale. Explicitly specify the SQL server column type that can accommodate all the values using 'HasColumnType()'.
2019-12-17 15:12:11|Microsoft.EntityFrameworkCore.Model.Validation|WARN|No type was specified for the decimal column 'OriginalAmt' on entity type 'UserService'. This will cause values to be silently truncated if they do not fit in the default precision and scale. Explicitly specify the SQL server column type that can accommodate all the values using 'HasColumnType()'.
2019-12-17 15:12:11|Microsoft.EntityFrameworkCore.Model.Validation|WARN|No type was specified for the decimal column 'Amount' on entity type 'UserSubscription'. This will cause values to be silently truncated if they do not fit in the default precision and scale. Explicitly specify the SQL server column type that can accommodate all the values using 'HasColumnType()'.
2019-12-17 15:12:12|Microsoft.EntityFrameworkCore.Query|WARN|Query: '(from Tender x in DbSet<Tender> where (int)[x].IsActive == 1 && [x].BidSubmissionEnDate >= DateTime....' uses a row limiting operation (Skip/Take) without OrderBy which may lead to unpredictable results.
2019-12-17 15:12:15||INFO|HTTP GET /api/ATenders responded 200 in 9818.23 ms
2019-12-17 15:12:15||INFO|HTTP GET /api/ATenders responded 200 in 9860.9361 ms
2019-12-17 15:12:16|ETB.WebApi.Middleware.RequestAuditingMiddleWare|INFO|/api/Districts
2019-12-17 15:12:16||INFO|HTTP GET /api/Districts responded 200 in 125.5634 ms
2019-12-17 15:12:38|ETB.WebApi.Middleware.RequestAuditingMiddleWare|INFO|/api/AServices
2019-12-17 15:12:38||INFO|HTTP GET /api/AServices responded 200 in 759.7629 ms
2019-12-17 15:13:09|ETB.WebApi.Middleware.RequestAuditingMiddleWare|INFO|/api/ValidateCredentials
2019-12-17 15:13:10||INFO|HTTP POST /api/ValidateCredentials responded 200 in 751.6648 ms
2019-12-17 15:13:10|ETB.WebApi.Middleware.RequestAuditingMiddleWare|INFO|/api/UserSignInLogs
2019-12-17 15:13:10|ETB.WebApi.Middleware.RequestAuditingMiddleWare|INFO|/api/ATenders
2019-12-17 15:13:10||INFO|HTTP GET /api/ATenders responded 200 in 32.9516 ms
2019-12-17 15:13:11||INFO|HTTP POST /api/UserSignInLogs responded 201 in 916.2424 ms
2019-12-17 15:13:12|ETB.WebApi.Middleware.RequestAuditingMiddleWare|INFO|/api/ATenders
2019-12-17 15:13:12|ETB.WebApi.Middleware.RequestAuditingMiddleWare|INFO|/api/ATenders
2019-12-17 15:13:12||INFO|HTTP GET /api/ATenders responded 200 in 34.9964 ms
2019-12-17 15:13:12||INFO|HTTP GET /api/ATenders responded 200 in 40.6961 ms
2019-12-17 15:13:12|ETB.WebApi.Middleware.RequestAuditingMiddleWare|INFO|/api/Districts
2019-12-17 15:13:12||INFO|HTTP GET /api/Districts responded 200 in 54.8839 ms
2019-12-17 15:19:48|ETB.WebApi.Middleware.RequestAuditingMiddleWare|INFO|/api/AServices
2019-12-17 15:19:49||INFO|HTTP GET /api/AServices responded 200 in 591.7564 ms
2019-12-17 15:24:54|ETB.WebApi.Middleware.RequestAuditingMiddleWare|INFO|/swagger/index.html
2019-12-17 15:24:55||INFO|HTTP GET /swagger/index.html responded 200 in 1244.8814 ms
2019-12-17 15:24:56|ETB.WebApi.Middleware.RequestAuditingMiddleWare|INFO|/swagger/v1/swagger.json
2019-12-17 15:24:56||INFO|HTTP GET /swagger/v1/swagger.json responded 200 in 622.9049 ms
2019-12-17 15:25:01|ETB.WebApi.Middleware.RequestAuditingMiddleWare|INFO|/api/ATenders
2019-12-17 15:25:01|ETB.WebApi.Middleware.RequestAuditingMiddleWare|INFO|/api/ATenders
2019-12-17 15:25:09|Microsoft.EntityFrameworkCore.Model.Validation|WARN|No type was specified for the decimal column 'Price' on entity type 'Service'. This will cause values to be silently truncated if they do not fit in the default precision and scale. Explicitly specify the SQL server column type that can accommodate all the values using 'HasColumnType()'.
2019-12-17 15:25:09|Microsoft.EntityFrameworkCore.Model.Validation|WARN|No type was specified for the decimal column 'CostOfBOQ' on entity type 'Tender'. This will cause values to be silently truncated if they do not fit in the default precision and scale. Explicitly specify the SQL server column type that can accommodate all the values using 'HasColumnType()'.
2019-12-17 15:25:09|Microsoft.EntityFrameworkCore.Model.Validation|WARN|No type was specified for the decimal column 'EMD' on entity type 'Tender'. This will cause values to be silently truncated if they do not fit in the default precision and scale. Explicitly specify the SQL server column type that can accommodate all the values using 'HasColumnType()'.
2019-12-17 15:25:09|Microsoft.EntityFrameworkCore.Model.Validation|WARN|No type was specified for the decimal column 'EstimatedCost' on entity type 'Tender'. This will cause values to be silently truncated if they do not fit in the default precision and scale. Explicitly specify the SQL server column type that can accommodate all the values using 'HasColumnType()'.
2019-12-17 15:25:09|Microsoft.EntityFrameworkCore.Model.Validation|WARN|No type was specified for the decimal column 'AmtReceived' on entity type 'UserService'. This will cause values to be silently truncated if they do not fit in the default precision and scale. Explicitly specify the SQL server column type that can accommodate all the values using 'HasColumnType()'.
2019-12-17 15:25:09|Microsoft.EntityFrameworkCore.Model.Validation|WARN|No type was specified for the decimal column 'AmtReceivedDate' on entity type 'UserService'. This will cause values to be silently truncated if they do not fit in the default precision and scale. Explicitly specify the SQL server column type that can accommodate all the values using 'HasColumnType()'.
2019-12-17 15:25:09|Microsoft.EntityFrameworkCore.Model.Validation|WARN|No type was specified for the decimal column 'OriginalAmt' on entity type 'UserService'. This will cause values to be silently truncated if they do not fit in the default precision and scale. Explicitly specify the SQL server column type that can accommodate all the values using 'HasColumnType()'.
2019-12-17 15:25:09|Microsoft.EntityFrameworkCore.Model.Validation|WARN|No type was specified for the decimal column 'Amount' on entity type 'UserSubscription'. This will cause values to be silently truncated if they do not fit in the default precision and scale. Explicitly specify the SQL server column type that can accommodate all the values using 'HasColumnType()'.
2019-12-17 15:25:10|Microsoft.EntityFrameworkCore.Query|WARN|Query: '(from Tender x in DbSet<Tender> where (int)[x].IsActive == 1 && [x].BidSubmissionEnDate >= DateTime....' uses a row limiting operation (Skip/Take) without OrderBy which may lead to unpredictable results.
2019-12-17 15:25:17||INFO|HTTP GET /api/ATenders responded 200 in 16043.8758 ms
2019-12-17 15:25:17||INFO|HTTP GET /api/ATenders responded 200 in 15996.4929 ms
2019-12-17 15:25:19|ETB.WebApi.Middleware.RequestAuditingMiddleWare|INFO|/api/Districts
2019-12-17 15:25:19||INFO|HTTP GET /api/Districts responded 200 in 219.9737 ms
2019-12-17 15:25:29|ETB.WebApi.Middleware.RequestAuditingMiddleWare|INFO|/api/ValidateCredentials
2019-12-17 15:25:30||INFO|HTTP POST /api/ValidateCredentials responded 200 in 545.6282 ms
2019-12-17 15:25:30|ETB.WebApi.Middleware.RequestAuditingMiddleWare|INFO|/api/UserInfoDetail/sanjeeev201@hotmail.com
2019-12-17 15:25:31||INFO|HTTP GET /api/UserInfoDetail/sanjeeev201@hotmail.com responded 200 in 525.935 ms
2019-12-17 15:25:31|ETB.WebApi.Middleware.RequestAuditingMiddleWare|INFO|/api/UserSignInLogs
2019-12-17 15:25:31|ETB.WebApi.Middleware.RequestAuditingMiddleWare|INFO|/api/ATenders
2019-12-17 15:25:31||INFO|HTTP GET /api/ATenders responded 200 in 37.4266 ms
2019-12-17 15:25:32||INFO|HTTP POST /api/UserSignInLogs responded 201 in 886.3217 ms
2019-12-17 15:25:33|ETB.WebApi.Middleware.RequestAuditingMiddleWare|INFO|/api/ATenders
2019-12-17 15:25:33||INFO|HTTP GET /api/ATenders responded 200 in 53.4998 ms
2019-12-17 15:25:33|ETB.WebApi.Middleware.RequestAuditingMiddleWare|INFO|/api/ATenders
2019-12-17 15:25:33|ETB.WebApi.Middleware.RequestAuditingMiddleWare|INFO|/api/Districts
2019-12-17 15:25:33||INFO|HTTP GET /api/ATenders responded 200 in 116.477 ms
2019-12-17 15:25:33||INFO|HTTP GET /api/Districts responded 200 in 90.9525 ms
2019-12-17 15:26:37|ETB.WebApi.Middleware.RequestAuditingMiddleWare|INFO|/api/UserSignInLogs
2019-12-17 15:26:38||INFO|HTTP POST /api/UserSignInLogs responded 201 in 295.175 ms
2019-12-17 15:26:38|ETB.WebApi.Middleware.RequestAuditingMiddleWare|INFO|/api/ATenders
2019-12-17 15:26:38||INFO|HTTP GET /api/ATenders responded 200 in 40.4848 ms
2019-12-17 15:26:38|ETB.WebApi.Middleware.RequestAuditingMiddleWare|INFO|/api/ATenders
2019-12-17 15:26:39||INFO|HTTP GET /api/ATenders responded 200 in 137.8521 ms
2019-12-17 15:26:39|ETB.WebApi.Middleware.RequestAuditingMiddleWare|INFO|/api/Districts
2019-12-17 15:26:39||INFO|HTTP GET /api/Districts responded 200 in 15.1902 ms
2019-12-17 15:26:55|ETB.WebApi.Middleware.RequestAuditingMiddleWare|INFO|/api/ValidateCredentials
2019-12-17 15:26:56||INFO|HTTP POST /api/ValidateCredentials responded 200 in 13.0031 ms
2019-12-17 15:26:56|ETB.WebApi.Middleware.RequestAuditingMiddleWare|INFO|/api/UserSignInLogs
2019-12-17 15:26:56||INFO|HTTP POST /api/UserSignInLogs responded 201 in 11.3467 ms
2019-12-17 15:26:56|ETB.WebApi.Middleware.RequestAuditingMiddleWare|INFO|/api/ATenders
2019-12-17 15:26:56||INFO|HTTP GET /api/ATenders responded 200 in 14.6312 ms
2019-12-17 15:26:56|ETB.WebApi.Middleware.RequestAuditingMiddleWare|INFO|/api/ATenders
2019-12-17 15:26:56|ETB.WebApi.Middleware.RequestAuditingMiddleWare|INFO|/api/ATenders
2019-12-17 15:26:56||INFO|HTTP GET /api/ATenders responded 200 in 142.6149 ms
2019-12-17 15:26:56||INFO|HTTP GET /api/ATenders responded 200 in 167.25 ms
2019-12-17 15:26:57|ETB.WebApi.Middleware.RequestAuditingMiddleWare|INFO|/api/Districts
2019-12-17 15:26:57||INFO|HTTP GET /api/Districts responded 200 in 73.2725 ms
2019-12-17 15:27:00|ETB.WebApi.Middleware.RequestAuditingMiddleWare|INFO|/api/AServices
2019-12-17 15:27:00||INFO|HTTP GET /api/AServices responded 200 in 209.3436 ms
2019-12-17 15:29:42|ETB.WebApi.Middleware.RequestAuditingMiddleWare|INFO|/api/ATenders
2019-12-17 15:29:42||INFO|HTTP GET /api/ATenders responded 200 in 54.0899 ms
2019-12-17 15:29:43|ETB.WebApi.Middleware.RequestAuditingMiddleWare|INFO|/api/ATenders
2019-12-17 15:29:43|ETB.WebApi.Middleware.RequestAuditingMiddleWare|INFO|/api/ATenders
2019-12-17 15:29:43||INFO|HTTP GET /api/ATenders responded 200 in 47.0351 ms
2019-12-17 15:29:43||INFO|HTTP GET /api/ATenders responded 200 in 41.9552 ms
2019-12-17 15:29:43|ETB.WebApi.Middleware.RequestAuditingMiddleWare|INFO|/api/Districts
2019-12-17 15:29:43||INFO|HTTP GET /api/Districts responded 200 in 21.3002 ms
2019-12-17 15:29:46|ETB.WebApi.Middleware.RequestAuditingMiddleWare|INFO|/api/Districts
2019-12-17 15:29:46||INFO|HTTP GET /api/Districts responded 200 in 23.4176 ms
2019-12-17 15:29:47|ETB.WebApi.Middleware.RequestAuditingMiddleWare|INFO|/api/UserDetails
2019-12-17 15:29:47||INFO|HTTP GET /api/UserDetails responded 200 in 78.4336 ms
2019-12-17 15:32:03|ETB.WebApi.Middleware.RequestAuditingMiddleWare|INFO|/api/Districts
2019-12-17 15:32:03||INFO|HTTP GET /api/Districts responded 200 in 31.8304 ms
2019-12-17 15:32:12|ETB.WebApi.Middleware.RequestAuditingMiddleWare|INFO|/api/UserDetails
2019-12-17 15:32:12||INFO|HTTP GET /api/UserDetails responded 200 in 8.4018 ms
2019-12-17 15:37:08|ETB.WebApi.Middleware.RequestAuditingMiddleWare|INFO|/api/Districts
2019-12-17 15:37:08||INFO|HTTP GET /api/Districts responded 200 in 131.3254 ms
2019-12-17 15:37:10|ETB.WebApi.Middleware.RequestAuditingMiddleWare|INFO|/api/UserDetails
2019-12-17 15:37:10||INFO|HTTP GET /api/UserDetails responded 200 in 12.2207 ms
2019-12-17 15:37:42|ETB.WebApi.Middleware.RequestAuditingMiddleWare|INFO|/api/UserDetails/21
2019-12-17 15:37:42||INFO|HTTP GET /api/UserDetails/21 responded 200 in 102.0552 ms
2019-12-17 15:37:51|ETB.WebApi.Middleware.RequestAuditingMiddleWare|INFO|/api/Districts
2019-12-17 15:37:51||INFO|HTTP GET /api/Districts responded 200 in 13.3774 ms
2019-12-17 15:37:52|ETB.WebApi.Middleware.RequestAuditingMiddleWare|INFO|/api/UserDetails
2019-12-17 15:37:52||INFO|HTTP GET /api/UserDetails responded 200 in 5.8503 ms
2019-12-17 15:40:37|ETB.WebApi.Middleware.RequestAuditingMiddleWare|INFO|/api/Districts
2019-12-17 15:40:37||INFO|HTTP GET /api/Districts responded 200 in 58.2723 ms
2019-12-17 15:40:40|ETB.WebApi.Middleware.RequestAuditingMiddleWare|INFO|/api/UserDetails
2019-12-17 15:40:40||INFO|HTTP GET /api/UserDetails responded 200 in 215.4347 ms
2019-12-17 15:41:34|ETB.WebApi.Middleware.RequestAuditingMiddleWare|INFO|/api/Districts
2019-12-17 15:41:34||INFO|HTTP GET /api/Districts responded 200 in 15.317 ms
2019-12-17 15:41:35|ETB.WebApi.Middleware.RequestAuditingMiddleWare|INFO|/api/UserDetails
2019-12-17 15:41:35||INFO|HTTP GET /api/UserDetails responded 200 in 9.046 ms
2019-12-17 16:37:17|ETB.WebApi.Middleware.RequestAuditingMiddleWare|INFO|/swagger/index.html
2019-12-17 16:37:19||INFO|HTTP GET /swagger/index.html responded 200 in 1027.8412 ms
2019-12-17 16:37:19|ETB.WebApi.Middleware.RequestAuditingMiddleWare|INFO|/swagger/v1/swagger.json
2019-12-17 16:37:20||INFO|HTTP GET /swagger/v1/swagger.json responded 200 in 446.6823 ms
2019-12-17 16:37:25|ETB.WebApi.Middleware.RequestAuditingMiddleWare|INFO|/api/ATenders
2019-12-17 16:37:25|ETB.WebApi.Middleware.RequestAuditingMiddleWare|INFO|/api/ATenders
2019-12-17 16:37:31|Microsoft.EntityFrameworkCore.Model.Validation|WARN|No type was specified for the decimal column 'Price' on entity type 'Service'. This will cause values to be silently truncated if they do not fit in the default precision and scale. Explicitly specify the SQL server column type that can accommodate all the values using 'HasColumnType()'.
2019-12-17 16:37:32|Microsoft.EntityFrameworkCore.Model.Validation|WARN|No type was specified for the decimal column 'CostOfBOQ' on entity type 'Tender'. This will cause values to be silently truncated if they do not fit in the default precision and scale. Explicitly specify the SQL server column type that can accommodate all the values using 'HasColumnType()'.
2019-12-17 16:37:32|Microsoft.EntityFrameworkCore.Model.Validation|WARN|No type was specified for the decimal column 'EMD' on entity type 'Tender'. This will cause values to be silently truncated if they do not fit in the default precision and scale. Explicitly specify the SQL server column type that can accommodate all the values using 'HasColumnType()'.
2019-12-17 16:37:32|Microsoft.EntityFrameworkCore.Model.Validation|WARN|No type was specified for the decimal column 'EstimatedCost' on entity type 'Tender'. This will cause values to be silently truncated if they do not fit in the default precision and scale. Explicitly specify the SQL server column type that can accommodate all the values using 'HasColumnType()'.
2019-12-17 16:37:32|Microsoft.EntityFrameworkCore.Model.Validation|WARN|No type was specified for the decimal column 'AmtReceived' on entity type 'UserService'. This will cause values to be silently truncated if they do not fit in the default precision and scale. Explicitly specify the SQL server column type that can accommodate all the values using 'HasColumnType()'.
2019-12-17 16:37:32|Microsoft.EntityFrameworkCore.Model.Validation|WARN|No type was specified for the decimal column 'AmtReceivedDate' on entity type 'UserService'. This will cause values to be silently truncated if they do not fit in the default precision and scale. Explicitly specify the SQL server column type that can accommodate all the values using 'HasColumnType()'.
2019-12-17 16:37:32|Microsoft.EntityFrameworkCore.Model.Validation|WARN|No type was specified for the decimal column 'OriginalAmt' on entity type 'UserService'. This will cause values to be silently truncated if they do not fit in the default precision and scale. Explicitly specify the SQL server column type that can accommodate all the values using 'HasColumnType()'.
2019-12-17 16:37:32|Microsoft.EntityFrameworkCore.Model.Validation|WARN|No type was specified for the decimal column 'Amount' on entity type 'UserSubscription'. This will cause values to be silently truncated if they do not fit in the default precision and scale. Explicitly specify the SQL server column type that can accommodate all the values using 'HasColumnType()'.
2019-12-17 16:37:33|Microsoft.EntityFrameworkCore.Query|WARN|Query: '(from Tender x in DbSet<Tender> where (int)[x].IsActive == 1 && [x].BidSubmissionEnDate >= DateTime....' uses a row limiting operation (Skip/Take) without OrderBy which may lead to unpredictable results.
2019-12-17 16:37:36||INFO|HTTP GET /api/ATenders responded 200 in 10445.782 ms
2019-12-17 16:37:36||INFO|HTTP GET /api/ATenders responded 200 in 10430.2741 ms
2019-12-17 16:37:37|ETB.WebApi.Middleware.RequestAuditingMiddleWare|INFO|/api/Districts
2019-12-17 16:37:37||INFO|HTTP GET /api/Districts responded 200 in 97.0029 ms
2019-12-17 16:39:48|ETB.WebApi.Middleware.RequestAuditingMiddleWare|INFO|/api/ValidateCredentials
2019-12-17 16:39:48||INFO|HTTP POST /api/ValidateCredentials responded 200 in 319.8278 ms
2019-12-17 16:39:48|ETB.WebApi.Middleware.RequestAuditingMiddleWare|INFO|/api/UserSignInLogs
2019-12-17 16:39:48|ETB.WebApi.Middleware.RequestAuditingMiddleWare|INFO|/api/ATenders
2019-12-17 16:39:49||INFO|HTTP GET /api/ATenders responded 200 in 35.4064 ms
2019-12-17 16:39:49||INFO|HTTP POST /api/UserSignInLogs responded 201 in 729.7152 ms
2019-12-17 16:39:50|ETB.WebApi.Middleware.RequestAuditingMiddleWare|INFO|/api/ATenders
2019-12-17 16:39:50|ETB.WebApi.Middleware.RequestAuditingMiddleWare|INFO|/api/ATenders
2019-12-17 16:39:50||INFO|HTTP GET /api/ATenders responded 200 in 56.4467 ms
2019-12-17 16:39:50||INFO|HTTP GET /api/ATenders responded 200 in 91.372 ms
2019-12-17 16:39:50|ETB.WebApi.Middleware.RequestAuditingMiddleWare|INFO|/api/Districts
2019-12-17 16:39:50||INFO|HTTP GET /api/Districts responded 200 in 27.4971 ms
2019-12-17 16:40:08|ETB.WebApi.Middleware.RequestAuditingMiddleWare|INFO|/api/Districts
2019-12-17 16:40:08||INFO|HTTP GET /api/Districts responded 200 in 21.8155 ms
2019-12-17 16:40:09|ETB.WebApi.Middleware.RequestAuditingMiddleWare|INFO|/api/UserDetails
2019-12-17 16:40:09||INFO|HTTP GET /api/UserDetails responded 200 in 235.252 ms
2019-12-17 16:41:11|ETB.WebApi.Middleware.RequestAuditingMiddleWare|INFO|/api/Districts
2019-12-17 16:41:11||INFO|HTTP GET /api/Districts responded 200 in 18.9169 ms
2019-12-17 16:41:22|ETB.WebApi.Middleware.RequestAuditingMiddleWare|INFO|/api/UserDetails
2019-12-17 16:41:22||INFO|HTTP GET /api/UserDetails responded 200 in 33.767 ms
2019-12-17 17:31:44|ETB.WebApi.Middleware.RequestAuditingMiddleWare|INFO|/swagger/index.html
2019-12-17 17:31:45||INFO|HTTP GET /swagger/index.html responded 200 in 1338.8211 ms
2019-12-17 17:31:46|ETB.WebApi.Middleware.RequestAuditingMiddleWare|INFO|/swagger/v1/swagger.json
2019-12-17 17:31:46||INFO|HTTP GET /swagger/v1/swagger.json responded 200 in 723.1885 ms
2019-12-17 17:31:52|ETB.WebApi.Middleware.RequestAuditingMiddleWare|INFO|/api/ATenders
2019-12-17 17:31:52|ETB.WebApi.Middleware.RequestAuditingMiddleWare|INFO|/api/ATenders
2019-12-17 17:31:57|Microsoft.EntityFrameworkCore.Model.Validation|WARN|No type was specified for the decimal column 'Price' on entity type 'Service'. This will cause values to be silently truncated if they do not fit in the default precision and scale. Explicitly specify the SQL server column type that can accommodate all the values using 'HasColumnType()'.
2019-12-17 17:31:57|Microsoft.EntityFrameworkCore.Model.Validation|WARN|No type was specified for the decimal column 'CostOfBOQ' on entity type 'Tender'. This will cause values to be silently truncated if they do not fit in the default precision and scale. Explicitly specify the SQL server column type that can accommodate all the values using 'HasColumnType()'.
2019-12-17 17:31:57|Microsoft.EntityFrameworkCore.Model.Validation|WARN|No type was specified for the decimal column 'EMD' on entity type 'Tender'. This will cause values to be silently truncated if they do not fit in the default precision and scale. Explicitly specify the SQL server column type that can accommodate all the values using 'HasColumnType()'.
2019-12-17 17:31:57|Microsoft.EntityFrameworkCore.Model.Validation|WARN|No type was specified for the decimal column 'EstimatedCost' on entity type 'Tender'. This will cause values to be silently truncated if they do not fit in the default precision and scale. Explicitly specify the SQL server column type that can accommodate all the values using 'HasColumnType()'.
2019-12-17 17:31:57|Microsoft.EntityFrameworkCore.Model.Validation|WARN|No type was specified for the decimal column 'AmtReceived' on entity type 'UserService'. This will cause values to be silently truncated if they do not fit in the default precision and scale. Explicitly specify the SQL server column type that can accommodate all the values using 'HasColumnType()'.
2019-12-17 17:31:57|Microsoft.EntityFrameworkCore.Model.Validation|WARN|No type was specified for the decimal column 'AmtReceivedDate' on entity type 'UserService'. This will cause values to be silently truncated if they do not fit in the default precision and scale. Explicitly specify the SQL server column type that can accommodate all the values using 'HasColumnType()'.
2019-12-17 17:31:57|Microsoft.EntityFrameworkCore.Model.Validation|WARN|No type was specified for the decimal column 'OriginalAmt' on entity type 'UserService'. This will cause values to be silently truncated if they do not fit in the default precision and scale. Explicitly specify the SQL server column type that can accommodate all the values using 'HasColumnType()'.
2019-12-17 17:31:57|Microsoft.EntityFrameworkCore.Model.Validation|WARN|No type was specified for the decimal column 'Amount' on entity type 'UserSubscription'. This will cause values to be silently truncated if they do not fit in the default precision and scale. Explicitly specify the SQL server column type that can accommodate all the values using 'HasColumnType()'.
2019-12-17 17:31:57|Microsoft.EntityFrameworkCore.Query|WARN|Query: '(from Tender x in DbSet<Tender> where (int)[x].IsActive == 1 && [x].BidSubmissionEnDate >= DateTime....' uses a row limiting operation (Skip/Take) without OrderBy which may lead to unpredictable results.
2019-12-17 17:32:01||INFO|HTTP GET /api/ATenders responded 200 in 9574.1977 ms
2019-12-17 17:32:01||INFO|HTTP GET /api/ATenders responded 200 in 9632.3365 ms
2019-12-17 17:32:02|ETB.WebApi.Middleware.RequestAuditingMiddleWare|INFO|/api/Districts
2019-12-17 17:32:02||INFO|HTTP GET /api/Districts responded 200 in 105.7932 ms
2019-12-17 17:32:27|ETB.WebApi.Middleware.RequestAuditingMiddleWare|INFO|/api/ValidateCredentials
2019-12-17 17:32:27||INFO|HTTP POST /api/ValidateCredentials responded 200 in 391.8816 ms
2019-12-17 17:32:27|ETB.WebApi.Middleware.RequestAuditingMiddleWare|INFO|/api/UserSignInLogs
2019-12-17 17:32:28|ETB.WebApi.Middleware.RequestAuditingMiddleWare|INFO|/api/ATenders
2019-12-17 17:32:28||INFO|HTTP GET /api/ATenders responded 200 in 36.2284 ms
2019-12-17 17:32:28||INFO|HTTP POST /api/UserSignInLogs responded 201 in 751.8756 ms
2019-12-17 17:32:29|ETB.WebApi.Middleware.RequestAuditingMiddleWare|INFO|/api/ATenders
2019-12-17 17:32:29|ETB.WebApi.Middleware.RequestAuditingMiddleWare|INFO|/api/ATenders
2019-12-17 17:32:29||INFO|HTTP GET /api/ATenders responded 200 in 129.5879 ms
2019-12-17 17:32:29||INFO|HTTP GET /api/ATenders responded 200 in 76.0766 ms
2019-12-17 17:32:29|ETB.WebApi.Middleware.RequestAuditingMiddleWare|INFO|/api/Districts
2019-12-17 17:32:29||INFO|HTTP GET /api/Districts responded 200 in 38.8426 ms
2019-12-17 17:32:57|ETB.WebApi.Middleware.RequestAuditingMiddleWare|INFO|/api/Districts
2019-12-17 17:32:57||INFO|HTTP GET /api/Districts responded 200 in 85.1245 ms
2019-12-17 17:32:58|ETB.WebApi.Middleware.RequestAuditingMiddleWare|INFO|/api/UserDetails
2019-12-17 17:32:58||INFO|HTTP GET /api/UserDetails responded 200 in 269.4259 ms
2019-12-17 17:42:59|ETB.WebApi.Middleware.RequestAuditingMiddleWare|INFO|/swagger/index.html
2019-12-17 17:43:01||INFO|HTTP GET /swagger/index.html responded 200 in 1299.176 ms
2019-12-17 17:43:02|ETB.WebApi.Middleware.RequestAuditingMiddleWare|INFO|/swagger/v1/swagger.json
2019-12-17 17:43:03||INFO|HTTP GET /swagger/v1/swagger.json responded 200 in 1217.112 ms
2019-12-17 17:43:09|ETB.WebApi.Middleware.RequestAuditingMiddleWare|INFO|/api/ATenders
2019-12-17 17:43:10|ETB.WebApi.Middleware.RequestAuditingMiddleWare|INFO|/api/ATenders
2019-12-17 17:43:13|Microsoft.EntityFrameworkCore.Model.Validation|WARN|No type was specified for the decimal column 'Price' on entity type 'Service'. This will cause values to be silently truncated if they do not fit in the default precision and scale. Explicitly specify the SQL server column type that can accommodate all the values using 'HasColumnType()'.
2019-12-17 17:43:13|Microsoft.EntityFrameworkCore.Model.Validation|WARN|No type was specified for the decimal column 'CostOfBOQ' on entity type 'Tender'. This will cause values to be silently truncated if they do not fit in the default precision and scale. Explicitly specify the SQL server column type that can accommodate all the values using 'HasColumnType()'.
2019-12-17 17:43:13|Microsoft.EntityFrameworkCore.Model.Validation|WARN|No type was specified for the decimal column 'EMD' on entity type 'Tender'. This will cause values to be silently truncated if they do not fit in the default precision and scale. Explicitly specify the SQL server column type that can accommodate all the values using 'HasColumnType()'.
2019-12-17 17:43:13|Microsoft.EntityFrameworkCore.Model.Validation|WARN|No type was specified for the decimal column 'EstimatedCost' on entity type 'Tender'. This will cause values to be silently truncated if they do not fit in the default precision and scale. Explicitly specify the SQL server column type that can accommodate all the values using 'HasColumnType()'.
2019-12-17 17:43:13|Microsoft.EntityFrameworkCore.Model.Validation|WARN|No type was specified for the decimal column 'AmtReceived' on entity type 'UserService'. This will cause values to be silently truncated if they do not fit in the default precision and scale. Explicitly specify the SQL server column type that can accommodate all the values using 'HasColumnType()'.
2019-12-17 17:43:13|Microsoft.EntityFrameworkCore.Model.Validation|WARN|No type was specified for the decimal column 'AmtReceivedDate' on entity type 'UserService'. This will cause values to be silently truncated if they do not fit in the default precision and scale. Explicitly specify the SQL server column type that can accommodate all the values using 'HasColumnType()'.
2019-12-17 17:43:13|Microsoft.EntityFrameworkCore.Model.Validation|WARN|No type was specified for the decimal column 'OriginalAmt' on entity type 'UserService'. This will cause values to be silently truncated if they do not fit in the default precision and scale. Explicitly specify the SQL server column type that can accommodate all the values using 'HasColumnType()'.
2019-12-17 17:43:13|Microsoft.EntityFrameworkCore.Model.Validation|WARN|No type was specified for the decimal column 'Amount' on entity type 'UserSubscription'. This will cause values to be silently truncated if they do not fit in the default precision and scale. Explicitly specify the SQL server column type that can accommodate all the values using 'HasColumnType()'.
2019-12-17 17:43:13|Microsoft.EntityFrameworkCore.Query|WARN|Query: '(from Tender x in DbSet<Tender> where (int)[x].IsActive == 1 && [x].BidSubmissionEnDate >= DateTime....' uses a row limiting operation (Skip/Take) without OrderBy which may lead to unpredictable results.
2019-12-17 17:43:16||INFO|HTTP GET /api/ATenders responded 200 in 6184.1511 ms
2019-12-17 17:43:16||INFO|HTTP GET /api/ATenders responded 200 in 5838.4746 ms
2019-12-17 17:43:16|ETB.WebApi.Middleware.RequestAuditingMiddleWare|INFO|/api/Districts
2019-12-17 17:43:16||INFO|HTTP GET /api/Districts responded 200 in 122.3932 ms
2019-12-17 17:44:59|ETB.WebApi.Middleware.RequestAuditingMiddleWare|INFO|/api/ValidateCredentials
2019-12-17 17:44:59||INFO|HTTP POST /api/ValidateCredentials responded 200 in 443.3375 ms
2019-12-17 17:44:59|ETB.WebApi.Middleware.RequestAuditingMiddleWare|INFO|/api/UserSignInLogs
2019-12-17 17:44:59|ETB.WebApi.Middleware.RequestAuditingMiddleWare|INFO|/api/ATenders
2019-12-17 17:45:00||INFO|HTTP GET /api/ATenders responded 200 in 130.0937 ms
2019-12-17 17:45:00||INFO|HTTP POST /api/UserSignInLogs responded 201 in 1082.8517 ms
2019-12-17 17:45:01|ETB.WebApi.Middleware.RequestAuditingMiddleWare|INFO|/api/ATenders
2019-12-17 17:45:01|ETB.WebApi.Middleware.RequestAuditingMiddleWare|INFO|/api/ATenders
2019-12-17 17:45:01||INFO|HTTP GET /api/ATenders responded 200 in 101.5667 ms
2019-12-17 17:45:01||INFO|HTTP GET /api/ATenders responded 200 in 51.1714 ms
2019-12-17 17:45:01|ETB.WebApi.Middleware.RequestAuditingMiddleWare|INFO|/api/Districts
2019-12-17 17:45:01||INFO|HTTP GET /api/Districts responded 200 in 89.7454 ms
2019-12-17 17:45:05|ETB.WebApi.Middleware.RequestAuditingMiddleWare|INFO|/api/Districts
2019-12-17 17:45:05||INFO|HTTP GET /api/Districts responded 200 in 17.2021 ms
2019-12-17 17:45:07|ETB.WebApi.Middleware.RequestAuditingMiddleWare|INFO|/api/UserDetails
2019-12-17 17:45:07||INFO|HTTP GET /api/UserDetails responded 200 in 354.6348 ms
2019-12-17 17:45:15|ETB.WebApi.Middleware.RequestAuditingMiddleWare|INFO|/api/UserDetails/16
2019-12-17 17:45:15||INFO|HTTP GET /api/UserDetails/16 responded 200 in 269.8304 ms
2019-12-17 17:45:25|ETB.WebApi.Middleware.RequestAuditingMiddleWare|INFO|/api/Districts
2019-12-17 17:45:25||INFO|HTTP GET /api/Districts responded 200 in 4.9966 ms
2019-12-17 17:45:26|ETB.WebApi.Middleware.RequestAuditingMiddleWare|INFO|/api/UserDetails
2019-12-17 17:45:26||INFO|HTTP GET /api/UserDetails responded 200 in 9.33 ms
2019-12-17 17:45:38|ETB.WebApi.Middleware.RequestAuditingMiddleWare|INFO|/api/ATenders
2019-12-17 17:45:38||INFO|HTTP GET /api/ATenders responded 200 in 62.1684 ms
2019-12-17 17:45:39|ETB.WebApi.Middleware.RequestAuditingMiddleWare|INFO|/api/ATenders
2019-12-17 17:45:39|ETB.WebApi.Middleware.RequestAuditingMiddleWare|INFO|/api/ATenders
2019-12-17 17:45:39||INFO|HTTP GET /api/ATenders responded 200 in 62.6363 ms
2019-12-17 17:45:39||INFO|HTTP GET /api/ATenders responded 200 in 62.6481 ms
2019-12-17 17:45:39|ETB.WebApi.Middleware.RequestAuditingMiddleWare|INFO|/api/Districts
2019-12-17 17:45:39||INFO|HTTP GET /api/Districts responded 200 in 92.9131 ms
2019-12-17 17:45:52|ETB.WebApi.Middleware.RequestAuditingMiddleWare|INFO|/api/UserSignInLogs
2019-12-17 17:45:52||INFO|HTTP POST /api/UserSignInLogs responded 201 in 49.0835 ms
2019-12-17 17:45:53|ETB.WebApi.Middleware.RequestAuditingMiddleWare|INFO|/api/ATenders
2019-12-17 17:45:53|ETB.WebApi.Middleware.RequestAuditingMiddleWare|INFO|/api/ATenders
2019-12-17 17:45:53||INFO|HTTP GET /api/ATenders responded 200 in 69.5491 ms
2019-12-17 17:45:53||INFO|HTTP GET /api/ATenders responded 200 in 189.9969 ms
2019-12-17 17:45:53|ETB.WebApi.Middleware.RequestAuditingMiddleWare|INFO|/api/Districts
2019-12-17 17:45:53||INFO|HTTP GET /api/Districts responded 200 in 120.1659 ms
2019-12-17 17:46:05|ETB.WebApi.Middleware.RequestAuditingMiddleWare|INFO|/api/ValidateCredentials
2019-12-17 17:46:05||INFO|HTTP POST /api/ValidateCredentials responded 200 in 13.8553 ms
2019-12-17 17:46:05|ETB.WebApi.Middleware.RequestAuditingMiddleWare|INFO|/api/UserInfoDetail/sanjeev2@hotmail.com
2019-12-17 17:46:05||INFO|HTTP GET /api/UserInfoDetail/sanjeev2@hotmail.com responded 200 in 72.8115 ms
2019-12-17 17:46:05|ETB.WebApi.Middleware.RequestAuditingMiddleWare|INFO|/api/UserSignInLogs
2019-12-17 17:46:05||INFO|HTTP POST /api/UserSignInLogs responded 201 in 21.9954 ms
2019-12-17 17:46:05|ETB.WebApi.Middleware.RequestAuditingMiddleWare|INFO|/api/ATenders
2019-12-17 17:46:05||INFO|HTTP GET /api/ATenders responded 200 in 23.4649 ms
2019-12-17 17:46:05|ETB.WebApi.Middleware.RequestAuditingMiddleWare|INFO|/api/ATenders
2019-12-17 17:46:05|ETB.WebApi.Middleware.RequestAuditingMiddleWare|INFO|/api/ATenders
2019-12-17 17:46:06||INFO|HTTP GET /api/ATenders responded 200 in 96.0089 ms
2019-12-17 17:46:06||INFO|HTTP GET /api/ATenders responded 200 in 100.7884 ms
2019-12-17 17:46:06|ETB.WebApi.Middleware.RequestAuditingMiddleWare|INFO|/api/Districts
2019-12-17 17:46:06||INFO|HTTP GET /api/Districts responded 200 in 9.8432 ms
2019-12-17 17:46:52|ETB.WebApi.Middleware.RequestAuditingMiddleWare|INFO|/api/ValidateCredentials
2019-12-17 17:46:52||INFO|HTTP POST /api/ValidateCredentials responded 200 in 25.3571 ms
2019-12-17 17:46:52|ETB.WebApi.Middleware.RequestAuditingMiddleWare|INFO|/api/UserSignInLogs
2019-12-17 17:46:52|ETB.WebApi.Middleware.RequestAuditingMiddleWare|INFO|/api/ATenders
2019-12-17 17:46:52||INFO|HTTP POST /api/UserSignInLogs responded 201 in 17.0293 ms
2019-12-17 17:46:52||INFO|HTTP GET /api/ATenders responded 200 in 23.0856 ms
2019-12-17 17:46:53|ETB.WebApi.Middleware.RequestAuditingMiddleWare|INFO|/api/ATenders
2019-12-17 17:46:53|ETB.WebApi.Middleware.RequestAuditingMiddleWare|INFO|/api/ATenders
2019-12-17 17:46:53||INFO|HTTP GET /api/ATenders responded 200 in 59.8742 ms
2019-12-17 17:46:53||INFO|HTTP GET /api/ATenders responded 200 in 41.8209 ms
2019-12-17 17:46:53|ETB.WebApi.Middleware.RequestAuditingMiddleWare|INFO|/api/Districts
2019-12-17 17:46:53||INFO|HTTP GET /api/Districts responded 200 in 112.5688 ms
2019-12-17 17:48:08|ETB.WebApi.Middleware.RequestAuditingMiddleWare|INFO|/api/Districts
2019-12-17 17:48:08||INFO|HTTP GET /api/Districts responded 200 in 22.6308 ms
2019-12-17 17:48:16|ETB.WebApi.Middleware.RequestAuditingMiddleWare|INFO|/api/UserDetails
2019-12-17 17:48:16||INFO|HTTP GET /api/UserDetails responded 200 in 19.4888 ms
2019-12-17 17:49:02|ETB.WebApi.Middleware.RequestAuditingMiddleWare|INFO|/api/Districts
2019-12-17 17:49:02||INFO|HTTP GET /api/Districts responded 200 in 111.0975 ms
2019-12-17 17:49:03|ETB.WebApi.Middleware.RequestAuditingMiddleWare|INFO|/api/UserDetails
2019-12-17 17:49:03||INFO|HTTP GET /api/UserDetails responded 200 in 13.4648 ms
2019-12-17 17:50:03|ETB.WebApi.Middleware.RequestAuditingMiddleWare|INFO|/api/Districts
2019-12-17 17:50:03||INFO|HTTP GET /api/Districts responded 200 in 16.8003 ms
2019-12-17 17:50:05|ETB.WebApi.Middleware.RequestAuditingMiddleWare|INFO|/api/UserDetails
2019-12-17 17:50:05||INFO|HTTP GET /api/UserDetails responded 200 in 37.7538 ms
2019-12-17 17:50:15|ETB.WebApi.Middleware.RequestAuditingMiddleWare|INFO|/api/ATenders
2019-12-17 17:50:15||INFO|HTTP GET /api/ATenders responded 200 in 76.5733 ms
2019-12-17 17:50:16|ETB.WebApi.Middleware.RequestAuditingMiddleWare|INFO|/api/ATenders
2019-12-17 17:50:16|ETB.WebApi.Middleware.RequestAuditingMiddleWare|INFO|/api/ATenders
2019-12-17 17:50:16||INFO|HTTP GET /api/ATenders responded 200 in 47.0966 ms
2019-12-17 17:50:16||INFO|HTTP GET /api/ATenders responded 200 in 41.244 ms
2019-12-17 17:50:16|ETB.WebApi.Middleware.RequestAuditingMiddleWare|INFO|/api/Districts
2019-12-17 17:50:16||INFO|HTTP GET /api/Districts responded 200 in 85.447 ms
2019-12-17 17:50:18|ETB.WebApi.Middleware.RequestAuditingMiddleWare|INFO|/api/Districts
2019-12-17 17:50:18||INFO|HTTP GET /api/Districts responded 200 in 29.711 ms
2019-12-17 17:50:19|ETB.WebApi.Middleware.RequestAuditingMiddleWare|INFO|/api/UserDetails
2019-12-17 17:50:19||INFO|HTTP GET /api/UserDetails responded 200 in 17.5474 ms
2019-12-17 18:17:23|ETB.WebApi.Middleware.RequestAuditingMiddleWare|INFO|/swagger/index.html
2019-12-17 18:17:24||INFO|HTTP GET /swagger/index.html responded 200 in 1059.5322 ms
2019-12-17 18:17:25|ETB.WebApi.Middleware.RequestAuditingMiddleWare|INFO|/swagger/v1/swagger.json
2019-12-17 18:17:25||INFO|HTTP GET /swagger/v1/swagger.json responded 200 in 651.1822 ms
2019-12-17 18:17:30|ETB.WebApi.Middleware.RequestAuditingMiddleWare|INFO|/api/ATenders
2019-12-17 18:17:30|ETB.WebApi.Middleware.RequestAuditingMiddleWare|INFO|/api/ATenders
2019-12-17 18:17:36|Microsoft.EntityFrameworkCore.Model.Validation|WARN|No type was specified for the decimal column 'Price' on entity type 'Service'. This will cause values to be silently truncated if they do not fit in the default precision and scale. Explicitly specify the SQL server column type that can accommodate all the values using 'HasColumnType()'.
2019-12-17 18:17:36|Microsoft.EntityFrameworkCore.Model.Validation|WARN|No type was specified for the decimal column 'CostOfBOQ' on entity type 'Tender'. This will cause values to be silently truncated if they do not fit in the default precision and scale. Explicitly specify the SQL server column type that can accommodate all the values using 'HasColumnType()'.
2019-12-17 18:17:36|Microsoft.EntityFrameworkCore.Model.Validation|WARN|No type was specified for the decimal column 'EMD' on entity type 'Tender'. This will cause values to be silently truncated if they do not fit in the default precision and scale. Explicitly specify the SQL server column type that can accommodate all the values using 'HasColumnType()'.
2019-12-17 18:17:36|Microsoft.EntityFrameworkCore.Model.Validation|WARN|No type was specified for the decimal column 'EstimatedCost' on entity type 'Tender'. This will cause values to be silently truncated if they do not fit in the default precision and scale. Explicitly specify the SQL server column type that can accommodate all the values using 'HasColumnType()'.
2019-12-17 18:17:36|Microsoft.EntityFrameworkCore.Model.Validation|WARN|No type was specified for the decimal column 'AmtReceived' on entity type 'UserService'. This will cause values to be silently truncated if they do not fit in the default precision and scale. Explicitly specify the SQL server column type that can accommodate all the values using 'HasColumnType()'.
2019-12-17 18:17:36|Microsoft.EntityFrameworkCore.Model.Validation|WARN|No type was specified for the decimal column 'AmtReceivedDate' on entity type 'UserService'. This will cause values to be silently truncated if they do not fit in the default precision and scale. Explicitly specify the SQL server column type that can accommodate all the values using 'HasColumnType()'.
2019-12-17 18:17:36|Microsoft.EntityFrameworkCore.Model.Validation|WARN|No type was specified for the decimal column 'OriginalAmt' on entity type 'UserService'. This will cause values to be silently truncated if they do not fit in the default precision and scale. Explicitly specify the SQL server column type that can accommodate all the values using 'HasColumnType()'.
2019-12-17 18:17:36|Microsoft.EntityFrameworkCore.Model.Validation|WARN|No type was specified for the decimal column 'Amount' on entity type 'UserSubscription'. This will cause values to be silently truncated if they do not fit in the default precision and scale. Explicitly specify the SQL server column type that can accommodate all the values using 'HasColumnType()'.
2019-12-17 18:17:38|Microsoft.EntityFrameworkCore.Query|WARN|Query: '(from Tender x in DbSet<Tender> where (int)[x].IsActive == 1 && [x].BidSubmissionEnDate >= DateTime....' uses a row limiting operation (Skip/Take) without OrderBy which may lead to unpredictable results.
2019-12-17 18:17:47||INFO|HTTP GET /api/ATenders responded 200 in 16585.7365 ms
2019-12-17 18:17:47||INFO|HTTP GET /api/ATenders responded 200 in 16657.6785 ms
2019-12-17 18:17:49|ETB.WebApi.Middleware.RequestAuditingMiddleWare|INFO|/api/Districts
2019-12-17 18:17:49||INFO|HTTP GET /api/Districts responded 200 in 53.5332 ms
2019-12-17 18:18:02|ETB.WebApi.Middleware.RequestAuditingMiddleWare|INFO|/api/ValidateCredentials
2019-12-17 18:18:02||INFO|HTTP POST /api/ValidateCredentials responded 200 in 320.5884 ms
2019-12-17 18:18:02|ETB.WebApi.Middleware.RequestAuditingMiddleWare|INFO|/api/UserSignInLogs
2019-12-17 18:18:02|ETB.WebApi.Middleware.RequestAuditingMiddleWare|INFO|/api/ATenders
2019-12-17 18:18:02||INFO|HTTP GET /api/ATenders responded 200 in 32.9172 ms
2019-12-17 18:18:03||INFO|HTTP POST /api/UserSignInLogs responded 201 in 741.3043 ms
2019-12-17 18:18:03|ETB.WebApi.Middleware.RequestAuditingMiddleWare|INFO|/api/ATenders
2019-12-17 18:18:03|ETB.WebApi.Middleware.RequestAuditingMiddleWare|INFO|/api/ATenders
2019-12-17 18:18:03||INFO|HTTP GET /api/ATenders responded 200 in 49.46 ms
2019-12-17 18:18:03||INFO|HTTP GET /api/ATenders responded 200 in 38.7331 ms
2019-12-17 18:18:03|ETB.WebApi.Middleware.RequestAuditingMiddleWare|INFO|/api/Districts
2019-12-17 18:18:03||INFO|HTTP GET /api/Districts responded 200 in 33.4331 ms
2019-12-17 18:18:06|ETB.WebApi.Middleware.RequestAuditingMiddleWare|INFO|/api/Districts
2019-12-17 18:18:06||INFO|HTTP GET /api/Districts responded 200 in 19.9428 ms
2019-12-17 18:18:08|ETB.WebApi.Middleware.RequestAuditingMiddleWare|INFO|/api/UserDetails
2019-12-17 18:18:08||INFO|HTTP GET /api/UserDetails responded 200 in 239.4674 ms
2019-12-17 18:18:13|ETB.WebApi.Middleware.RequestAuditingMiddleWare|INFO|/api/AServices
2019-12-17 18:18:13||INFO|HTTP GET /api/AServices responded 200 in 236.9374 ms
2019-12-17 18:20:07|ETB.WebApi.Middleware.RequestAuditingMiddleWare|INFO|/api/AServices
2019-12-17 18:20:07||INFO|HTTP GET /api/AServices responded 200 in 24.0846 ms
2019-12-17 18:25:47|ETB.WebApi.Middleware.RequestAuditingMiddleWare|INFO|/api/AServices
2019-12-17 18:25:47||INFO|HTTP GET /api/AServices responded 200 in 89.7198 ms
2019-12-17 18:26:17|ETB.WebApi.Middleware.RequestAuditingMiddleWare|INFO|/api/AServices
2019-12-17 18:26:17||INFO|HTTP GET /api/AServices responded 200 in 23.0894 ms
2019-12-17 18:27:24|ETB.WebApi.Middleware.RequestAuditingMiddleWare|INFO|/api/AServices
2019-12-17 18:27:24||INFO|HTTP GET /api/AServices responded 200 in 29.0677 ms
2019-12-17 18:28:17|ETB.WebApi.Middleware.RequestAuditingMiddleWare|INFO|/api/AServices
2019-12-17 18:28:17||INFO|HTTP GET /api/AServices responded 200 in 46.1113 ms
2019-12-17 18:28:41|ETB.WebApi.Middleware.RequestAuditingMiddleWare|INFO|/api/AServices
2019-12-17 18:28:41||INFO|HTTP GET /api/AServices responded 200 in 30.3138 ms
2019-12-17 18:29:21|ETB.WebApi.Middleware.RequestAuditingMiddleWare|INFO|/api/AServices
2019-12-17 18:29:21||INFO|HTTP GET /api/AServices responded 200 in 30.9789 ms
2019-12-17 18:31:43|ETB.WebApi.Middleware.RequestAuditingMiddleWare|INFO|/api/Districts
2019-12-17 18:31:43||INFO|HTTP GET /api/Districts responded 200 in 22.9619 ms
2019-12-17 18:31:44|ETB.WebApi.Middleware.RequestAuditingMiddleWare|INFO|/api/UserDetails
2019-12-17 18:31:44||INFO|HTTP GET /api/UserDetails responded 200 in 374.8431 ms
2019-12-17 18:39:59|ETB.WebApi.Middleware.RequestAuditingMiddleWare|INFO|/api/Districts
2019-12-17 18:39:59||INFO|HTTP GET /api/Districts responded 200 in 64.5789 ms
2019-12-17 18:40:01|ETB.WebApi.Middleware.RequestAuditingMiddleWare|INFO|/api/UserDetails
2019-12-17 18:40:01||INFO|HTTP GET /api/UserDetails responded 200 in 20.3538 ms
2019-12-17 18:40:05|ETB.WebApi.Middleware.RequestAuditingMiddleWare|INFO|/api/AServices
2019-12-17 18:40:05||INFO|HTTP GET /api/AServices responded 200 in 29.0699 ms
2019-12-17 18:40:12|ETB.WebApi.Middleware.RequestAuditingMiddleWare|INFO|/api/Districts
2019-12-17 18:40:12||INFO|HTTP GET /api/Districts responded 200 in 24.6007 ms
2019-12-17 18:40:14|ETB.WebApi.Middleware.RequestAuditingMiddleWare|INFO|/api/UserDetails
2019-12-17 18:40:14||INFO|HTTP GET /api/UserDetails responded 200 in 41.0963 ms
2019-12-17 18:40:18|ETB.WebApi.Middleware.RequestAuditingMiddleWare|INFO|/api/AServices
2019-12-17 18:40:18||INFO|HTTP GET /api/AServices responded 200 in 177.6583 ms
