2019-11-22 20:48:56|ETB.WebApi.Middleware.RequestAuditingMiddleWare|INFO|/swagger/index.html
2019-11-22 20:48:58||INFO|HTTP GET /swagger/index.html responded 200 in 1399.2764 ms
2019-11-22 20:51:21|ETB.WebApi.Middleware.RequestAuditingMiddleWare|INFO|/swagger/index.html
2019-11-22 20:51:23||INFO|HTTP GET /swagger/index.html responded 200 in 1880.463 ms
2019-11-22 20:51:24|ETB.WebApi.Middleware.RequestAuditingMiddleWare|INFO|/swagger/swagger-ui-bundle.js
2019-11-22 20:51:24|ETB.WebApi.Middleware.RequestAuditingMiddleWare|INFO|/swagger/swagger-ui.css
2019-11-22 20:51:24|ETB.WebApi.Middleware.RequestAuditingMiddleWare|INFO|/swagger/swagger-ui-standalone-preset.js
2019-11-22 20:51:25||INFO|HTTP GET /swagger/swagger-ui-standalone-preset.js responded 200 in 1141.1092 ms
2019-11-22 20:51:25||INFO|HTTP GET /swagger/swagger-ui.css responded 200 in 1198.9421 ms
2019-11-22 20:51:25||INFO|HTTP GET /swagger/swagger-ui-bundle.js responded 200 in 1507.153 ms
2019-11-22 20:51:27|ETB.WebApi.Middleware.RequestAuditingMiddleWare|INFO|/swagger/v1/swagger.json
2019-11-22 20:51:28||INFO|HTTP GET /swagger/v1/swagger.json responded 200 in 1354.0604 ms
2019-11-22 20:51:36|ETB.WebApi.Middleware.RequestAuditingMiddleWare|INFO|/api/ATenders
2019-11-22 20:51:36|ETB.WebApi.Middleware.RequestAuditingMiddleWare|INFO|/api/ATenders
2019-11-22 20:51:44|Microsoft.EntityFrameworkCore.Model.Validation|WARN|No type was specified for the decimal column 'Price' on entity type 'Service'. This will cause values to be silently truncated if they do not fit in the default precision and scale. Explicitly specify the SQL server column type that can accommodate all the values using 'HasColumnType()'.
2019-11-22 20:51:45|Microsoft.EntityFrameworkCore.Model.Validation|WARN|No type was specified for the decimal column 'CostOfBOQ' on entity type 'Tender'. This will cause values to be silently truncated if they do not fit in the default precision and scale. Explicitly specify the SQL server column type that can accommodate all the values using 'HasColumnType()'.
2019-11-22 20:51:45|Microsoft.EntityFrameworkCore.Model.Validation|WARN|No type was specified for the decimal column 'EMD' on entity type 'Tender'. This will cause values to be silently truncated if they do not fit in the default precision and scale. Explicitly specify the SQL server column type that can accommodate all the values using 'HasColumnType()'.
2019-11-22 20:51:45|Microsoft.EntityFrameworkCore.Model.Validation|WARN|No type was specified for the decimal column 'EstimatedCost' on entity type 'Tender'. This will cause values to be silently truncated if they do not fit in the default precision and scale. Explicitly specify the SQL server column type that can accommodate all the values using 'HasColumnType()'.
2019-11-22 20:51:46|Microsoft.EntityFrameworkCore.Model.Validation|WARN|No type was specified for the decimal column 'Amount' on entity type 'UserSubscription'. This will cause values to be silently truncated if they do not fit in the default precision and scale. Explicitly specify the SQL server column type that can accommodate all the values using 'HasColumnType()'.
2019-11-22 20:51:48|Microsoft.EntityFrameworkCore.Query|WARN|Query: '(from Tender x in DbSet<Tender> where (int)[x].IsActive == 1 && [x].BidSubmissionEnDate >= DateTime....' uses a row limiting operation (Skip/Take) without OrderBy which may lead to unpredictable results.
2019-11-22 20:51:53||INFO|HTTP GET /api/ATenders responded 200 in 16586.6065 ms
2019-11-22 20:51:53||INFO|HTTP GET /api/ATenders responded 200 in 16618.5207 ms
2019-11-22 20:51:54|ETB.WebApi.Middleware.RequestAuditingMiddleWare|INFO|/api/Districts
2019-11-22 20:51:54||INFO|HTTP GET /api/Districts responded 200 in 182.1678 ms
2019-11-22 20:52:42|ETB.WebApi.Middleware.RequestAuditingMiddleWare|INFO|/api/ValidateCredentials
2019-11-22 20:52:43||INFO|HTTP POST /api/ValidateCredentials responded 200 in 606.8014 ms
2019-11-22 20:52:43|ETB.WebApi.Middleware.RequestAuditingMiddleWare|INFO|/api/UserSignInLogs
2019-11-22 20:52:43|ETB.WebApi.Middleware.RequestAuditingMiddleWare|INFO|/api/ATenders
2019-11-22 20:52:44||INFO|HTTP GET /api/ATenders responded 200 in 101.6172 ms
2019-11-22 20:52:44||INFO|HTTP POST /api/UserSignInLogs responded 201 in 1091.7757 ms
2019-11-22 20:52:45|ETB.WebApi.Middleware.RequestAuditingMiddleWare|INFO|/api/ATenders
2019-11-22 20:52:45||INFO|HTTP GET /api/ATenders responded 200 in 50.6921 ms
2019-11-22 20:52:45|ETB.WebApi.Middleware.RequestAuditingMiddleWare|INFO|/api/ATenders
2019-11-22 20:52:45|ETB.WebApi.Middleware.RequestAuditingMiddleWare|INFO|/api/Districts
2019-11-22 20:52:45||INFO|HTTP GET /api/Districts responded 200 in 29.1894 ms
2019-11-22 20:52:45||INFO|HTTP GET /api/ATenders responded 200 in 117.8259 ms
2019-11-22 20:53:22|ETB.WebApi.Middleware.RequestAuditingMiddleWare|INFO|/api/States
2019-11-22 20:53:22||INFO|HTTP GET /api/States responded 200 in 145.0814 ms
2019-11-22 20:53:22|ETB.WebApi.Middleware.RequestAuditingMiddleWare|INFO|/api/Districts
2019-11-22 20:53:22||INFO|HTTP GET /api/Districts responded 200 in 41.4721 ms
2019-11-22 20:53:22|ETB.WebApi.Middleware.RequestAuditingMiddleWare|INFO|/api/Divisions
2019-11-22 20:53:22||INFO|HTTP GET /api/Divisions responded 200 in 49.2816 ms
2019-11-22 20:53:53|ETB.WebApi.Middleware.RequestAuditingMiddleWare|INFO|/api/Departments
2019-11-22 20:53:53||INFO|HTTP GET /api/Departments responded 200 in 50.7613 ms
2019-11-22 20:53:53|ETB.WebApi.Middleware.RequestAuditingMiddleWare|INFO|/api/Departments
2019-11-22 20:53:54||INFO|HTTP GET /api/Departments responded 200 in 31.4933 ms
2019-11-22 20:53:59|ETB.WebApi.Middleware.RequestAuditingMiddleWare|INFO|/api/Divisions
2019-11-22 20:53:59||INFO|HTTP GET /api/Divisions responded 200 in 7.3727 ms
2019-11-22 20:55:57|ETB.WebApi.Middleware.RequestAuditingMiddleWare|INFO|/api/States
2019-11-22 20:55:57||INFO|HTTP GET /api/States responded 200 in 33.4009 ms
2019-11-22 20:55:57|ETB.WebApi.Middleware.RequestAuditingMiddleWare|INFO|/api/Districts
2019-11-22 20:55:57||INFO|HTTP GET /api/Districts responded 200 in 25.7975 ms
2019-11-22 20:55:57|ETB.WebApi.Middleware.RequestAuditingMiddleWare|INFO|/api/Divisions
2019-11-22 20:55:57||INFO|HTTP GET /api/Divisions responded 200 in 24.6422 ms
2019-11-22 20:55:57|ETB.WebApi.Middleware.RequestAuditingMiddleWare|INFO|/api/Tenders
2019-11-22 20:55:57||INFO|HTTP POST /api/Tenders responded 201 in 339.7666 ms
2019-11-22 20:55:58|ETB.WebApi.Middleware.RequestAuditingMiddleWare|INFO|/api/ATenders
2019-11-22 20:55:58||INFO|HTTP GET /api/ATenders responded 200 in 53.1379 ms
2019-11-22 20:55:59|ETB.WebApi.Middleware.RequestAuditingMiddleWare|INFO|/api/ATenders
2019-11-22 20:55:59|ETB.WebApi.Middleware.RequestAuditingMiddleWare|INFO|/api/ATenders
2019-11-22 20:55:59||INFO|HTTP GET /api/ATenders responded 200 in 20.4458 ms
2019-11-22 20:55:59||INFO|HTTP GET /api/ATenders responded 200 in 26.5421 ms
2019-11-22 20:55:59|ETB.WebApi.Middleware.RequestAuditingMiddleWare|INFO|/api/Districts
2019-11-22 20:55:59||INFO|HTTP GET /api/Districts responded 200 in 30.0325 ms
2019-11-22 21:03:30|ETB.WebApi.Middleware.RequestAuditingMiddleWare|INFO|/api/ATenders
2019-11-22 21:03:30||INFO|HTTP GET /api/ATenders responded 200 in 44.2943 ms
2019-11-22 21:03:41|ETB.WebApi.Middleware.RequestAuditingMiddleWare|INFO|/api/ATenders
2019-11-22 21:03:41|ETB.WebApi.Middleware.RequestAuditingMiddleWare|INFO|/api/ATenders
2019-11-22 21:03:42||INFO|HTTP GET /api/ATenders responded 200 in 132.5697 ms
2019-11-22 21:03:42||INFO|HTTP GET /api/ATenders responded 200 in 194.8363 ms
2019-11-22 21:03:42|ETB.WebApi.Middleware.RequestAuditingMiddleWare|INFO|/api/Districts
2019-11-22 21:03:42||INFO|HTTP GET /api/Districts responded 200 in 103.4119 ms
2019-11-22 21:04:29|ETB.WebApi.Middleware.RequestAuditingMiddleWare|INFO|/api/ATenders
2019-11-22 21:04:29||INFO|HTTP GET /api/ATenders responded 200 in 28.5789 ms
2019-11-22 21:04:30|ETB.WebApi.Middleware.RequestAuditingMiddleWare|INFO|/api/ATenders
2019-11-22 21:04:30|ETB.WebApi.Middleware.RequestAuditingMiddleWare|INFO|/api/ATenders
2019-11-22 21:04:30||INFO|HTTP GET /api/ATenders responded 200 in 77.1211 ms
2019-11-22 21:04:30||INFO|HTTP GET /api/ATenders responded 200 in 107.1896 ms
2019-11-22 21:04:30|ETB.WebApi.Middleware.RequestAuditingMiddleWare|INFO|/api/Districts
2019-11-22 21:04:30||INFO|HTTP GET /api/Districts responded 200 in 34.9531 ms
2019-11-22 21:07:23|ETB.WebApi.Middleware.RequestAuditingMiddleWare|INFO|/api/ATenders
2019-11-22 21:07:23||INFO|HTTP GET /api/ATenders responded 200 in 49.8962 ms
2019-11-22 21:07:26|ETB.WebApi.Middleware.RequestAuditingMiddleWare|INFO|/api/ATenders
2019-11-22 21:07:26|ETB.WebApi.Middleware.RequestAuditingMiddleWare|INFO|/api/ATenders
2019-11-22 21:07:26||INFO|HTTP GET /api/ATenders responded 200 in 57.0881 ms
2019-11-22 21:07:26||INFO|HTTP GET /api/ATenders responded 200 in 94.5292 ms
2019-11-22 21:07:26|ETB.WebApi.Middleware.RequestAuditingMiddleWare|INFO|/api/Districts
2019-11-22 21:07:26||INFO|HTTP GET /api/Districts responded 200 in 53.5397 ms
2019-11-22 21:11:02|ETB.WebApi.Middleware.RequestAuditingMiddleWare|INFO|/api/ATenders
2019-11-22 21:11:02||INFO|HTTP GET /api/ATenders responded 200 in 70.2544 ms
2019-11-22 21:11:05|ETB.WebApi.Middleware.RequestAuditingMiddleWare|INFO|/api/ATenders
2019-11-22 21:11:05|ETB.WebApi.Middleware.RequestAuditingMiddleWare|INFO|/api/ATenders
2019-11-22 21:11:06||INFO|HTTP GET /api/ATenders responded 200 in 126.6063 ms
2019-11-22 21:11:06||INFO|HTTP GET /api/ATenders responded 200 in 176.7694 ms
2019-11-22 21:11:06|ETB.WebApi.Middleware.RequestAuditingMiddleWare|INFO|/api/Districts
2019-11-22 21:11:06||INFO|HTTP GET /api/Districts responded 200 in 36.4408 ms
2019-11-22 21:11:23|ETB.WebApi.Middleware.RequestAuditingMiddleWare|INFO|/api/Tenders/37
2019-11-22 21:11:23||INFO|HTTP GET /api/Tenders/37 responded 200 in 316.2306 ms
2019-11-22 21:11:23|ETB.WebApi.Middleware.RequestAuditingMiddleWare|INFO|/api/States
2019-11-22 21:11:23||INFO|HTTP GET /api/States responded 200 in 38.3964 ms
2019-11-22 21:11:23|ETB.WebApi.Middleware.RequestAuditingMiddleWare|INFO|/api/Districts
2019-11-22 21:11:23||INFO|HTTP GET /api/Districts responded 200 in 32.7974 ms
2019-11-22 21:11:23|ETB.WebApi.Middleware.RequestAuditingMiddleWare|INFO|/api/Divisions
2019-11-22 21:11:23||INFO|HTTP GET /api/Divisions responded 200 in 37.2223 ms
2019-11-22 21:11:43|ETB.WebApi.Middleware.RequestAuditingMiddleWare|INFO|/api/States
2019-11-22 21:11:43||INFO|HTTP GET /api/States responded 200 in 13.8757 ms
2019-11-22 21:11:43|ETB.WebApi.Middleware.RequestAuditingMiddleWare|INFO|/api/Districts
2019-11-22 21:11:44||INFO|HTTP GET /api/Districts responded 200 in 11.2957 ms
2019-11-22 21:11:44|ETB.WebApi.Middleware.RequestAuditingMiddleWare|INFO|/api/Divisions
2019-11-22 21:11:44||INFO|HTTP GET /api/Divisions responded 200 in 11.3823 ms
2019-11-22 21:11:44|ETB.WebApi.Middleware.RequestAuditingMiddleWare|INFO|/api/Tenders/37
2019-11-22 21:11:44||INFO|HTTP PUT /api/Tenders/37 responded 202 in 81.3465 ms
2019-11-22 21:11:44|ETB.WebApi.Middleware.RequestAuditingMiddleWare|INFO|/api/ATenders
2019-11-22 21:11:44||INFO|HTTP GET /api/ATenders responded 200 in 25.3275 ms
2019-11-22 21:11:45|ETB.WebApi.Middleware.RequestAuditingMiddleWare|INFO|/api/ATenders
2019-11-22 21:11:45|ETB.WebApi.Middleware.RequestAuditingMiddleWare|INFO|/api/ATenders
2019-11-22 21:11:45||INFO|HTTP GET /api/ATenders responded 200 in 18.3233 ms
2019-11-22 21:11:45||INFO|HTTP GET /api/ATenders responded 200 in 23.1697 ms
2019-11-22 21:11:45|ETB.WebApi.Middleware.RequestAuditingMiddleWare|INFO|/api/Districts
2019-11-22 21:11:45||INFO|HTTP GET /api/Districts responded 200 in 21.3856 ms
2019-11-22 21:18:13|ETB.WebApi.Middleware.RequestAuditingMiddleWare|INFO|/api/Districts
2019-11-22 21:18:13||INFO|HTTP GET /api/Districts responded 200 in 53.3615 ms
2019-11-22 21:18:15|ETB.WebApi.Middleware.RequestAuditingMiddleWare|INFO|/api/Divisions
2019-11-22 21:18:15||INFO|HTTP GET /api/Divisions responded 200 in 61.1099 ms
2019-11-22 21:39:08|ETB.WebApi.Middleware.RequestAuditingMiddleWare|INFO|/swagger/index.html
2019-11-22 21:39:10||INFO|HTTP GET /swagger/index.html responded 200 in 1784.4761 ms
2019-11-22 21:39:10|ETB.WebApi.Middleware.RequestAuditingMiddleWare|INFO|/swagger/swagger-ui.css
2019-11-22 21:39:10|ETB.WebApi.Middleware.RequestAuditingMiddleWare|INFO|/swagger/swagger-ui-standalone-preset.js
2019-11-22 21:39:10|ETB.WebApi.Middleware.RequestAuditingMiddleWare|INFO|/swagger/swagger-ui-bundle.js
2019-11-22 21:39:10||INFO|HTTP GET /swagger/swagger-ui-standalone-preset.js responded 200 in 569.8046 ms
2019-11-22 21:39:10||INFO|HTTP GET /swagger/swagger-ui-bundle.js responded 200 in 569.7998 ms
2019-11-22 21:39:10||INFO|HTTP GET /swagger/swagger-ui.css responded 200 in 584.5965 ms
2019-11-22 21:39:11|ETB.WebApi.Middleware.RequestAuditingMiddleWare|INFO|/swagger/v1/swagger.json
2019-11-22 21:39:12||INFO|HTTP GET /swagger/v1/swagger.json responded 200 in 491.9468 ms
2019-11-22 21:39:17|ETB.WebApi.Middleware.RequestAuditingMiddleWare|INFO|/api/ATenders
2019-11-22 21:39:17|ETB.WebApi.Middleware.RequestAuditingMiddleWare|INFO|/api/ATenders
2019-11-22 21:39:23|Microsoft.EntityFrameworkCore.Model.Validation|WARN|No type was specified for the decimal column 'Price' on entity type 'Service'. This will cause values to be silently truncated if they do not fit in the default precision and scale. Explicitly specify the SQL server column type that can accommodate all the values using 'HasColumnType()'.
2019-11-22 21:39:23|Microsoft.EntityFrameworkCore.Model.Validation|WARN|No type was specified for the decimal column 'CostOfBOQ' on entity type 'Tender'. This will cause values to be silently truncated if they do not fit in the default precision and scale. Explicitly specify the SQL server column type that can accommodate all the values using 'HasColumnType()'.
2019-11-22 21:39:23|Microsoft.EntityFrameworkCore.Model.Validation|WARN|No type was specified for the decimal column 'EMD' on entity type 'Tender'. This will cause values to be silently truncated if they do not fit in the default precision and scale. Explicitly specify the SQL server column type that can accommodate all the values using 'HasColumnType()'.
2019-11-22 21:39:23|Microsoft.EntityFrameworkCore.Model.Validation|WARN|No type was specified for the decimal column 'EstimatedCost' on entity type 'Tender'. This will cause values to be silently truncated if they do not fit in the default precision and scale. Explicitly specify the SQL server column type that can accommodate all the values using 'HasColumnType()'.
2019-11-22 21:39:23|Microsoft.EntityFrameworkCore.Model.Validation|WARN|No type was specified for the decimal column 'Amount' on entity type 'UserSubscription'. This will cause values to be silently truncated if they do not fit in the default precision and scale. Explicitly specify the SQL server column type that can accommodate all the values using 'HasColumnType()'.
2019-11-22 21:39:25|Microsoft.EntityFrameworkCore.Query|WARN|Query: '(from Tender x in DbSet<Tender> where (int)[x].IsActive == 1 && [x].BidSubmissionEnDate >= DateTime....' uses a row limiting operation (Skip/Take) without OrderBy which may lead to unpredictable results.
2019-11-22 21:39:28||INFO|HTTP GET /api/ATenders responded 200 in 11232.5746 ms
2019-11-22 21:39:28||INFO|HTTP GET /api/ATenders responded 200 in 11288.6006 ms
2019-11-22 21:39:29|ETB.WebApi.Middleware.RequestAuditingMiddleWare|INFO|/api/Districts
2019-11-22 21:39:30||INFO|HTTP GET /api/Districts responded 200 in 215.3964 ms
2019-11-22 21:39:58|ETB.WebApi.Middleware.RequestAuditingMiddleWare|INFO|/api/ValidateCredentials
2019-11-22 21:39:58||INFO|HTTP POST /api/ValidateCredentials responded 200 in 506.8076 ms
2019-11-22 21:39:58|ETB.WebApi.Middleware.RequestAuditingMiddleWare|INFO|/api/UserSignInLogs
2019-11-22 21:39:59|ETB.WebApi.Middleware.RequestAuditingMiddleWare|INFO|/api/ATenders
2019-11-22 21:39:59||INFO|HTTP GET /api/ATenders responded 200 in 74.0715 ms
2019-11-22 21:39:59||INFO|HTTP POST /api/UserSignInLogs responded 201 in 917.9632 ms
2019-11-22 21:40:00|ETB.WebApi.Middleware.RequestAuditingMiddleWare|INFO|/api/ATenders
2019-11-22 21:40:00|ETB.WebApi.Middleware.RequestAuditingMiddleWare|INFO|/api/ATenders
2019-11-22 21:40:00||INFO|HTTP GET /api/ATenders responded 200 in 88.2466 ms
2019-11-22 21:40:00||INFO|HTTP GET /api/ATenders responded 200 in 81.713 ms
2019-11-22 21:40:00|ETB.WebApi.Middleware.RequestAuditingMiddleWare|INFO|/api/Districts
2019-11-22 21:40:00||INFO|HTTP GET /api/Districts responded 200 in 37.7864 ms
2019-11-22 21:40:04|ETB.WebApi.Middleware.RequestAuditingMiddleWare|INFO|/api/Districts
2019-11-22 21:40:04||INFO|HTTP GET /api/Districts responded 200 in 45.4987 ms
2019-11-22 21:40:05|ETB.WebApi.Middleware.RequestAuditingMiddleWare|INFO|/api/Divisions
2019-11-22 21:40:06||INFO|HTTP GET /api/Divisions responded 200 in 156.9891 ms
2019-11-22 21:41:08|ETB.WebApi.Middleware.RequestAuditingMiddleWare|INFO|/api/Districts
2019-11-22 21:41:08||INFO|HTTP GET /api/Districts responded 200 in 22.4453 ms
2019-11-22 21:41:16|ETB.WebApi.Middleware.RequestAuditingMiddleWare|INFO|/api/Divisions
2019-11-22 21:41:16||INFO|HTTP GET /api/Divisions responded 200 in 18.6429 ms
2019-11-22 21:41:29|ETB.WebApi.Middleware.RequestAuditingMiddleWare|INFO|/api/Districts
2019-11-22 21:41:29||INFO|HTTP GET /api/Districts responded 200 in 6.6871 ms
2019-11-22 21:41:30|ETB.WebApi.Middleware.RequestAuditingMiddleWare|INFO|/api/Divisions
2019-11-22 21:41:30||INFO|HTTP GET /api/Divisions responded 200 in 25.3623 ms
2019-11-22 21:41:48|ETB.WebApi.Middleware.RequestAuditingMiddleWare|INFO|/api/Districts
2019-11-22 21:41:48||INFO|HTTP GET /api/Districts responded 200 in 5.7549 ms
2019-11-22 21:41:49|ETB.WebApi.Middleware.RequestAuditingMiddleWare|INFO|/api/Divisions
2019-11-22 21:41:49||INFO|HTTP GET /api/Divisions responded 200 in 13.3876 ms
2019-11-22 21:44:13|ETB.WebApi.Middleware.RequestAuditingMiddleWare|INFO|/api/Districts
2019-11-22 21:44:13||INFO|HTTP GET /api/Districts responded 200 in 16.8103 ms
2019-11-22 21:44:14|ETB.WebApi.Middleware.RequestAuditingMiddleWare|INFO|/api/Divisions
2019-11-22 21:44:14||INFO|HTTP GET /api/Divisions responded 200 in 17.7021 ms
2019-11-22 21:45:28|ETB.WebApi.Middleware.RequestAuditingMiddleWare|INFO|/api/Districts
2019-11-22 21:45:28||INFO|HTTP GET /api/Districts responded 200 in 40.5439 ms
2019-11-22 21:45:34|ETB.WebApi.Middleware.RequestAuditingMiddleWare|INFO|/api/Divisions
2019-11-22 21:45:34||INFO|HTTP GET /api/Divisions responded 200 in 48.4701 ms
2019-11-22 21:48:33|ETB.WebApi.Middleware.RequestAuditingMiddleWare|INFO|/swagger/index.html
2019-11-22 21:48:34||INFO|HTTP GET /swagger/index.html responded 200 in 938.1888 ms
2019-11-22 21:48:35|ETB.WebApi.Middleware.RequestAuditingMiddleWare|INFO|/swagger/v1/swagger.json
2019-11-22 21:48:36||INFO|HTTP GET /swagger/v1/swagger.json responded 200 in 512.1359 ms
2019-11-22 21:48:41|ETB.WebApi.Middleware.RequestAuditingMiddleWare|INFO|/api/ATenders
2019-11-22 21:48:41|ETB.WebApi.Middleware.RequestAuditingMiddleWare|INFO|/api/ATenders
2019-11-22 21:48:45|Microsoft.EntityFrameworkCore.Model.Validation|WARN|No type was specified for the decimal column 'Price' on entity type 'Service'. This will cause values to be silently truncated if they do not fit in the default precision and scale. Explicitly specify the SQL server column type that can accommodate all the values using 'HasColumnType()'.
2019-11-22 21:48:45|Microsoft.EntityFrameworkCore.Model.Validation|WARN|No type was specified for the decimal column 'CostOfBOQ' on entity type 'Tender'. This will cause values to be silently truncated if they do not fit in the default precision and scale. Explicitly specify the SQL server column type that can accommodate all the values using 'HasColumnType()'.
2019-11-22 21:48:45|Microsoft.EntityFrameworkCore.Model.Validation|WARN|No type was specified for the decimal column 'EMD' on entity type 'Tender'. This will cause values to be silently truncated if they do not fit in the default precision and scale. Explicitly specify the SQL server column type that can accommodate all the values using 'HasColumnType()'.
2019-11-22 21:48:45|Microsoft.EntityFrameworkCore.Model.Validation|WARN|No type was specified for the decimal column 'EstimatedCost' on entity type 'Tender'. This will cause values to be silently truncated if they do not fit in the default precision and scale. Explicitly specify the SQL server column type that can accommodate all the values using 'HasColumnType()'.
2019-11-22 21:48:45|Microsoft.EntityFrameworkCore.Model.Validation|WARN|No type was specified for the decimal column 'Amount' on entity type 'UserSubscription'. This will cause values to be silently truncated if they do not fit in the default precision and scale. Explicitly specify the SQL server column type that can accommodate all the values using 'HasColumnType()'.
2019-11-22 21:48:46|Microsoft.EntityFrameworkCore.Query|WARN|Query: '(from Tender x in DbSet<Tender> where (int)[x].IsActive == 1 && [x].BidSubmissionEnDate >= DateTime....' uses a row limiting operation (Skip/Take) without OrderBy which may lead to unpredictable results.
2019-11-22 21:48:48||INFO|HTTP GET /api/ATenders responded 200 in 7417.6333 ms
2019-11-22 21:48:48||INFO|HTTP GET /api/ATenders responded 200 in 7462.9521 ms
2019-11-22 21:48:49|ETB.WebApi.Middleware.RequestAuditingMiddleWare|INFO|/api/Districts
2019-11-22 21:48:49||INFO|HTTP GET /api/Districts responded 200 in 69.5654 ms
2019-11-22 21:48:59|ETB.WebApi.Middleware.RequestAuditingMiddleWare|INFO|/api/ValidateCredentials
2019-11-22 21:49:00||INFO|HTTP POST /api/ValidateCredentials responded 200 in 439.3064 ms
2019-11-22 21:49:00|ETB.WebApi.Middleware.RequestAuditingMiddleWare|INFO|/api/UserSignInLogs
2019-11-22 21:49:00|ETB.WebApi.Middleware.RequestAuditingMiddleWare|INFO|/api/ATenders
2019-11-22 21:49:00||INFO|HTTP GET /api/ATenders responded 200 in 29.883 ms
2019-11-22 21:49:01||INFO|HTTP POST /api/UserSignInLogs responded 201 in 896.5245 ms
2019-11-22 21:49:02|ETB.WebApi.Middleware.RequestAuditingMiddleWare|INFO|/api/ATenders
2019-11-22 21:49:02|ETB.WebApi.Middleware.RequestAuditingMiddleWare|INFO|/api/ATenders
2019-11-22 21:49:02||INFO|HTTP GET /api/ATenders responded 200 in 96.5437 ms
2019-11-22 21:49:02||INFO|HTTP GET /api/ATenders responded 200 in 48.0887 ms
2019-11-22 21:49:02|ETB.WebApi.Middleware.RequestAuditingMiddleWare|INFO|/api/Districts
2019-11-22 21:49:02||INFO|HTTP GET /api/Districts responded 200 in 60.086 ms
2019-11-22 21:49:06|ETB.WebApi.Middleware.RequestAuditingMiddleWare|INFO|/api/Districts
2019-11-22 21:49:06||INFO|HTTP GET /api/Districts responded 200 in 20.6027 ms
2019-11-22 21:49:07|ETB.WebApi.Middleware.RequestAuditingMiddleWare|INFO|/api/Divisions
2019-11-22 21:49:07||INFO|HTTP GET /api/Divisions responded 200 in 186.7192 ms
2019-11-22 21:50:45|ETB.WebApi.Middleware.RequestAuditingMiddleWare|INFO|/api/Districts
2019-11-22 21:50:45||INFO|HTTP GET /api/Districts responded 200 in 20.7924 ms
2019-11-22 21:50:55|ETB.WebApi.Middleware.RequestAuditingMiddleWare|INFO|/api/Divisions
2019-11-22 21:50:55||INFO|HTTP GET /api/Divisions responded 200 in 42.2821 ms
2019-11-22 21:52:06|ETB.WebApi.Middleware.RequestAuditingMiddleWare|INFO|/api/Districts
2019-11-22 21:52:06||INFO|HTTP GET /api/Districts responded 200 in 22.584 ms
2019-11-22 21:52:09|ETB.WebApi.Middleware.RequestAuditingMiddleWare|INFO|/api/Divisions
2019-11-22 21:52:09||INFO|HTTP GET /api/Divisions responded 200 in 19.4934 ms
2019-11-22 21:52:19|ETB.WebApi.Middleware.RequestAuditingMiddleWare|INFO|/api/Divisions/43
2019-11-22 21:52:19||INFO|HTTP DELETE /api/Divisions/43 responded 405 in 3.6885 ms
2019-11-22 21:52:19|ETB.WebApi.Middleware.RequestAuditingMiddleWare|INFO|/api/Divisions
2019-11-22 21:52:19||INFO|HTTP GET /api/Divisions responded 200 in 12.2295 ms
2019-11-22 21:56:10|ETB.WebApi.Middleware.RequestAuditingMiddleWare|INFO|/swagger/index.html
2019-11-22 21:56:11||INFO|HTTP GET /swagger/index.html responded 200 in 966.7438 ms
2019-11-22 21:56:11|ETB.WebApi.Middleware.RequestAuditingMiddleWare|INFO|/swagger/v1/swagger.json
2019-11-22 21:56:12||INFO|HTTP GET /swagger/v1/swagger.json responded 200 in 417.0043 ms
2019-11-22 21:56:17|ETB.WebApi.Middleware.RequestAuditingMiddleWare|INFO|/api/ATenders
2019-11-22 21:56:17|ETB.WebApi.Middleware.RequestAuditingMiddleWare|INFO|/api/ATenders
2019-11-22 21:56:23|Microsoft.EntityFrameworkCore.Model.Validation|WARN|No type was specified for the decimal column 'Price' on entity type 'Service'. This will cause values to be silently truncated if they do not fit in the default precision and scale. Explicitly specify the SQL server column type that can accommodate all the values using 'HasColumnType()'.
2019-11-22 21:56:23|Microsoft.EntityFrameworkCore.Model.Validation|WARN|No type was specified for the decimal column 'CostOfBOQ' on entity type 'Tender'. This will cause values to be silently truncated if they do not fit in the default precision and scale. Explicitly specify the SQL server column type that can accommodate all the values using 'HasColumnType()'.
2019-11-22 21:56:23|Microsoft.EntityFrameworkCore.Model.Validation|WARN|No type was specified for the decimal column 'EMD' on entity type 'Tender'. This will cause values to be silently truncated if they do not fit in the default precision and scale. Explicitly specify the SQL server column type that can accommodate all the values using 'HasColumnType()'.
2019-11-22 21:56:23|Microsoft.EntityFrameworkCore.Model.Validation|WARN|No type was specified for the decimal column 'EstimatedCost' on entity type 'Tender'. This will cause values to be silently truncated if they do not fit in the default precision and scale. Explicitly specify the SQL server column type that can accommodate all the values using 'HasColumnType()'.
2019-11-22 21:56:23|Microsoft.EntityFrameworkCore.Model.Validation|WARN|No type was specified for the decimal column 'Amount' on entity type 'UserSubscription'. This will cause values to be silently truncated if they do not fit in the default precision and scale. Explicitly specify the SQL server column type that can accommodate all the values using 'HasColumnType()'.
2019-11-22 21:56:23|Microsoft.EntityFrameworkCore.Query|WARN|Query: '(from Tender x in DbSet<Tender> where (int)[x].IsActive == 1 && [x].BidSubmissionEnDate >= DateTime....' uses a row limiting operation (Skip/Take) without OrderBy which may lead to unpredictable results.
2019-11-22 21:56:25||INFO|HTTP GET /api/ATenders responded 200 in 7600.9822 ms
2019-11-22 21:56:25||INFO|HTTP GET /api/ATenders responded 200 in 7554.9743 ms
2019-11-22 21:56:25|ETB.WebApi.Middleware.RequestAuditingMiddleWare|INFO|/api/Districts
2019-11-22 21:56:25||INFO|HTTP GET /api/Districts responded 200 in 164.3374 ms
2019-11-22 21:56:51|ETB.WebApi.Middleware.RequestAuditingMiddleWare|INFO|/api/ValidateCredentials
2019-11-22 21:56:51||INFO|HTTP POST /api/ValidateCredentials responded 200 in 296.9271 ms
2019-11-22 21:56:51|ETB.WebApi.Middleware.RequestAuditingMiddleWare|INFO|/api/UserSignInLogs
2019-11-22 21:56:51|ETB.WebApi.Middleware.RequestAuditingMiddleWare|INFO|/api/ATenders
2019-11-22 21:56:51||INFO|HTTP GET /api/ATenders responded 200 in 24.6684 ms
2019-11-22 21:56:52||INFO|HTTP POST /api/UserSignInLogs responded 201 in 727.6153 ms
2019-11-22 21:56:52|ETB.WebApi.Middleware.RequestAuditingMiddleWare|INFO|/api/ATenders
2019-11-22 21:56:52|ETB.WebApi.Middleware.RequestAuditingMiddleWare|INFO|/api/ATenders
2019-11-22 21:56:53||INFO|HTTP GET /api/ATenders responded 200 in 269.115 ms
2019-11-22 21:56:53||INFO|HTTP GET /api/ATenders responded 200 in 103.0914 ms
2019-11-22 21:56:53|ETB.WebApi.Middleware.RequestAuditingMiddleWare|INFO|/api/Districts
2019-11-22 21:56:53||INFO|HTTP GET /api/Districts responded 200 in 123.356 ms
2019-11-22 21:56:55|ETB.WebApi.Middleware.RequestAuditingMiddleWare|INFO|/api/Districts
2019-11-22 21:56:55||INFO|HTTP GET /api/Districts responded 200 in 23.1022 ms
2019-11-22 21:56:56|ETB.WebApi.Middleware.RequestAuditingMiddleWare|INFO|/api/Divisions
2019-11-22 21:56:56||INFO|HTTP GET /api/Divisions responded 200 in 54.1948 ms
2019-11-22 21:57:06|ETB.WebApi.Middleware.RequestAuditingMiddleWare|INFO|/api/Divisions/43
2019-11-22 21:57:06||INFO|HTTP DELETE /api/Divisions/43 responded 204 in 69.2113 ms
2019-11-22 21:57:11|ETB.WebApi.Middleware.RequestAuditingMiddleWare|INFO|/api/Divisions
2019-11-22 21:57:11||INFO|HTTP GET /api/Divisions responded 200 in 11.3609 ms
2019-11-22 21:58:59|ETB.WebApi.Middleware.RequestAuditingMiddleWare|INFO|/api/Districts
2019-11-22 21:58:59||INFO|HTTP GET /api/Districts responded 200 in 33.1241 ms
2019-11-22 21:59:09|ETB.WebApi.Middleware.RequestAuditingMiddleWare|INFO|/api/Divisions
2019-11-22 21:59:09||INFO|HTTP GET /api/Divisions responded 200 in 106.0973 ms
2019-11-22 21:59:23|ETB.WebApi.Middleware.RequestAuditingMiddleWare|INFO|/api/Districts
2019-11-22 21:59:23||INFO|HTTP GET /api/Districts responded 200 in 6.0142 ms
2019-11-22 21:59:25|ETB.WebApi.Middleware.RequestAuditingMiddleWare|INFO|/api/Divisions
2019-11-22 21:59:25||INFO|HTTP GET /api/Divisions responded 200 in 13.5885 ms
2019-11-22 21:59:47|ETB.WebApi.Middleware.RequestAuditingMiddleWare|INFO|/api/Districts
2019-11-22 21:59:47||INFO|HTTP GET /api/Districts responded 200 in 9.9247 ms
2019-11-22 21:59:48|ETB.WebApi.Middleware.RequestAuditingMiddleWare|INFO|/api/Divisions
2019-11-22 21:59:48||INFO|HTTP GET /api/Divisions responded 200 in 20.4 ms
2019-11-22 22:00:24|ETB.WebApi.Middleware.RequestAuditingMiddleWare|INFO|/api/Districts
2019-11-22 22:00:24||INFO|HTTP GET /api/Districts responded 200 in 10.046 ms
2019-11-22 22:00:26|ETB.WebApi.Middleware.RequestAuditingMiddleWare|INFO|/api/Divisions
2019-11-22 22:00:26||INFO|HTTP GET /api/Divisions responded 200 in 21.2797 ms
2019-11-22 22:01:23|ETB.WebApi.Middleware.RequestAuditingMiddleWare|INFO|/api/ATenders
2019-11-22 22:01:23||INFO|HTTP GET /api/ATenders responded 200 in 100.8136 ms
2019-11-22 22:01:24|ETB.WebApi.Middleware.RequestAuditingMiddleWare|INFO|/api/ATenders
2019-11-22 22:01:24|ETB.WebApi.Middleware.RequestAuditingMiddleWare|INFO|/api/ATenders
2019-11-22 22:01:24||INFO|HTTP GET /api/ATenders responded 200 in 53.0923 ms
2019-11-22 22:01:24||INFO|HTTP GET /api/ATenders responded 200 in 53.0857 ms
2019-11-22 22:01:25|ETB.WebApi.Middleware.RequestAuditingMiddleWare|INFO|/api/Districts
2019-11-22 22:01:25||INFO|HTTP GET /api/Districts responded 200 in 54.2687 ms
2019-11-22 22:01:34|ETB.WebApi.Middleware.RequestAuditingMiddleWare|INFO|/api/Tenders/37
2019-11-22 22:01:34||INFO|HTTP GET /api/Tenders/37 responded 200 in 347.5313 ms
2019-11-22 22:02:54|ETB.WebApi.Middleware.RequestAuditingMiddleWare|INFO|/api/ATenders
2019-11-22 22:02:54||INFO|HTTP GET /api/ATenders responded 200 in 55.5721 ms
2019-11-22 22:02:55|ETB.WebApi.Middleware.RequestAuditingMiddleWare|INFO|/api/ATenders
2019-11-22 22:02:55|ETB.WebApi.Middleware.RequestAuditingMiddleWare|INFO|/api/ATenders
2019-11-22 22:02:55||INFO|HTTP GET /api/ATenders responded 200 in 37.7098 ms
2019-11-22 22:02:55||INFO|HTTP GET /api/ATenders responded 200 in 52.2147 ms
2019-11-22 22:02:56|ETB.WebApi.Middleware.RequestAuditingMiddleWare|INFO|/api/Districts
2019-11-22 22:02:56||INFO|HTTP GET /api/Districts responded 200 in 69.4111 ms
2019-11-22 22:03:32|ETB.WebApi.Middleware.RequestAuditingMiddleWare|INFO|/api/Districts
2019-11-22 22:03:32||INFO|HTTP GET /api/Districts responded 200 in 27.3386 ms
2019-11-22 22:03:33|ETB.WebApi.Middleware.RequestAuditingMiddleWare|INFO|/api/Divisions
2019-11-22 22:03:33||INFO|HTTP GET /api/Divisions responded 200 in 75.0941 ms
2019-11-22 22:03:42|ETB.WebApi.Middleware.RequestAuditingMiddleWare|INFO|/api/Districts
2019-11-22 22:03:42||INFO|HTTP GET /api/Districts responded 200 in 9.9579 ms
2019-11-22 22:03:43|ETB.WebApi.Middleware.RequestAuditingMiddleWare|INFO|/api/Divisions
2019-11-22 22:03:43||INFO|HTTP GET /api/Divisions responded 200 in 24.7901 ms
2019-11-22 22:04:03|ETB.WebApi.Middleware.RequestAuditingMiddleWare|INFO|/api/Districts
2019-11-22 22:04:03||INFO|HTTP GET /api/Districts responded 200 in 22.056 ms
2019-11-22 22:04:05|ETB.WebApi.Middleware.RequestAuditingMiddleWare|INFO|/api/Divisions
2019-11-22 22:04:05||INFO|HTTP GET /api/Divisions responded 200 in 46.267 ms
2019-11-22 22:06:49|ETB.WebApi.Middleware.RequestAuditingMiddleWare|INFO|/api/Districts
2019-11-22 22:06:49||INFO|HTTP GET /api/Districts responded 200 in 14.3619 ms
2019-11-22 22:06:50|ETB.WebApi.Middleware.RequestAuditingMiddleWare|INFO|/api/Divisions
2019-11-22 22:06:50||INFO|HTTP GET /api/Divisions responded 200 in 21.4644 ms
2019-11-22 22:09:51|ETB.WebApi.Middleware.RequestAuditingMiddleWare|INFO|/api/ATenders
2019-11-22 22:09:51||INFO|HTTP GET /api/ATenders responded 200 in 112.9656 ms
2019-11-22 22:09:52|ETB.WebApi.Middleware.RequestAuditingMiddleWare|INFO|/api/ATenders
2019-11-22 22:09:52|ETB.WebApi.Middleware.RequestAuditingMiddleWare|INFO|/api/ATenders
2019-11-22 22:09:52||INFO|HTTP GET /api/ATenders responded 200 in 135.5169 ms
2019-11-22 22:09:53|ETB.WebApi.Middleware.RequestAuditingMiddleWare|INFO|/api/Districts
2019-11-22 22:09:53||INFO|HTTP GET /api/ATenders responded 200 in 256.6027 ms
2019-11-22 22:09:53||INFO|HTTP GET /api/Districts responded 200 in 53.5278 ms
2019-11-22 22:09:55|ETB.WebApi.Middleware.RequestAuditingMiddleWare|INFO|/api/Tenders/37
2019-11-22 22:09:56||INFO|HTTP GET /api/Tenders/37 responded 200 in 33.061 ms
2019-11-22 22:10:14|ETB.WebApi.Middleware.RequestAuditingMiddleWare|INFO|/api/ATenders
2019-11-22 22:10:14||INFO|HTTP GET /api/ATenders responded 200 in 75.8645 ms
2019-11-22 22:10:15|ETB.WebApi.Middleware.RequestAuditingMiddleWare|INFO|/api/ATenders
2019-11-22 22:10:15|ETB.WebApi.Middleware.RequestAuditingMiddleWare|INFO|/api/ATenders
2019-11-22 22:10:15||INFO|HTTP GET /api/ATenders responded 200 in 205.5718 ms
2019-11-22 22:10:15||INFO|HTTP GET /api/ATenders responded 200 in 222.6049 ms
2019-11-22 22:10:16|ETB.WebApi.Middleware.RequestAuditingMiddleWare|INFO|/api/Districts
2019-11-22 22:10:16||INFO|HTTP GET /api/Districts responded 200 in 100.0012 ms
2019-11-22 22:10:17|ETB.WebApi.Middleware.RequestAuditingMiddleWare|INFO|/api/Districts
2019-11-22 22:10:17||INFO|HTTP GET /api/Districts responded 200 in 7.6285 ms
2019-11-22 22:10:18|ETB.WebApi.Middleware.RequestAuditingMiddleWare|INFO|/api/Divisions
2019-11-22 22:10:18||INFO|HTTP GET /api/Divisions responded 200 in 8.7581 ms
2019-11-22 22:10:23|ETB.WebApi.Middleware.RequestAuditingMiddleWare|INFO|/api/ATenders
2019-11-22 22:10:23||INFO|HTTP GET /api/ATenders responded 200 in 28.7932 ms
2019-11-22 22:10:24|ETB.WebApi.Middleware.RequestAuditingMiddleWare|INFO|/api/ATenders
2019-11-22 22:10:24|ETB.WebApi.Middleware.RequestAuditingMiddleWare|INFO|/api/ATenders
2019-11-22 22:10:24||INFO|HTTP GET /api/ATenders responded 200 in 41.791 ms
2019-11-22 22:10:24||INFO|HTTP GET /api/ATenders responded 200 in 28.5783 ms
2019-11-22 22:10:24|ETB.WebApi.Middleware.RequestAuditingMiddleWare|INFO|/api/Districts
2019-11-22 22:10:24||INFO|HTTP GET /api/Districts responded 200 in 83.9372 ms
