2020-06-14 15:58:59|ETB.WebApi.Middleware.RequestAuditingMiddleWare|INFO|/swagger/index.html
2020-06-14 15:59:00||INFO|HTTP GET /swagger/index.html responded 200 in 1264.1608 ms
2020-06-14 15:59:00|ETB.WebApi.Middleware.RequestAuditingMiddleWare|INFO|/swagger/swagger-ui-bundle.js
2020-06-14 15:59:00|ETB.WebApi.Middleware.RequestAuditingMiddleWare|INFO|/swagger/swagger-ui.css
2020-06-14 15:59:00|ETB.WebApi.Middleware.RequestAuditingMiddleWare|INFO|/swagger/swagger-ui-standalone-preset.js
2020-06-14 15:59:01||INFO|HTTP GET /swagger/swagger-ui-standalone-preset.js responded 200 in 547.4065 ms
2020-06-14 15:59:01||INFO|HTTP GET /swagger/swagger-ui.css responded 200 in 547.2413 ms
2020-06-14 15:59:01||INFO|HTTP GET /swagger/swagger-ui-bundle.js responded 200 in 658.6758 ms
2020-06-14 15:59:02|ETB.WebApi.Middleware.RequestAuditingMiddleWare|INFO|/swagger/v1/swagger.json
2020-06-14 15:59:02|ETB.WebApi.Middleware.RequestAuditingMiddleWare|INFO|/swagger/favicon-32x32.png
2020-06-14 15:59:02||INFO|HTTP GET /swagger/favicon-32x32.png responded 200 in 104.5139 ms
2020-06-14 15:59:03||INFO|HTTP GET /swagger/v1/swagger.json responded 200 in 760.7505 ms
2020-06-14 16:03:23|ETB.WebApi.Middleware.RequestAuditingMiddleWare|INFO|/swagger/index.html
2020-06-14 16:03:24||INFO|HTTP GET /swagger/index.html responded 200 in 1511.2878 ms
2020-06-14 16:03:26|ETB.WebApi.Middleware.RequestAuditingMiddleWare|INFO|/swagger/v1/swagger.json
2020-06-14 16:03:27||INFO|HTTP GET /swagger/v1/swagger.json responded 200 in 684.996 ms
2020-06-14 16:03:32|ETB.WebApi.Middleware.RequestAuditingMiddleWare|INFO|/api/ATenders
2020-06-14 16:03:32|ETB.WebApi.Middleware.RequestAuditingMiddleWare|INFO|/api/ATenders
2020-06-14 16:03:35|Microsoft.EntityFrameworkCore.Model.Validation|WARN|No type was specified for the decimal column 'Price' on entity type 'Service'. This will cause values to be silently truncated if they do not fit in the default precision and scale. Explicitly specify the SQL server column type that can accommodate all the values using 'HasColumnType()'.
2020-06-14 16:03:35|Microsoft.EntityFrameworkCore.Model.Validation|WARN|No type was specified for the decimal column 'CostOfBOQ' on entity type 'Tender'. This will cause values to be silently truncated if they do not fit in the default precision and scale. Explicitly specify the SQL server column type that can accommodate all the values using 'HasColumnType()'.
2020-06-14 16:03:35|Microsoft.EntityFrameworkCore.Model.Validation|WARN|No type was specified for the decimal column 'EMD' on entity type 'Tender'. This will cause values to be silently truncated if they do not fit in the default precision and scale. Explicitly specify the SQL server column type that can accommodate all the values using 'HasColumnType()'.
2020-06-14 16:03:35|Microsoft.EntityFrameworkCore.Model.Validation|WARN|No type was specified for the decimal column 'EstimatedCost' on entity type 'Tender'. This will cause values to be silently truncated if they do not fit in the default precision and scale. Explicitly specify the SQL server column type that can accommodate all the values using 'HasColumnType()'.
2020-06-14 16:03:35|Microsoft.EntityFrameworkCore.Model.Validation|WARN|No type was specified for the decimal column 'AmtReceived' on entity type 'UserService'. This will cause values to be silently truncated if they do not fit in the default precision and scale. Explicitly specify the SQL server column type that can accommodate all the values using 'HasColumnType()'.
2020-06-14 16:03:35|Microsoft.EntityFrameworkCore.Model.Validation|WARN|No type was specified for the decimal column 'AmtReceivedDate' on entity type 'UserService'. This will cause values to be silently truncated if they do not fit in the default precision and scale. Explicitly specify the SQL server column type that can accommodate all the values using 'HasColumnType()'.
2020-06-14 16:03:35|Microsoft.EntityFrameworkCore.Model.Validation|WARN|No type was specified for the decimal column 'OriginalAmt' on entity type 'UserService'. This will cause values to be silently truncated if they do not fit in the default precision and scale. Explicitly specify the SQL server column type that can accommodate all the values using 'HasColumnType()'.
2020-06-14 16:03:35|Microsoft.EntityFrameworkCore.Model.Validation|WARN|No type was specified for the decimal column 'Amount' on entity type 'UserSubscription'. This will cause values to be silently truncated if they do not fit in the default precision and scale. Explicitly specify the SQL server column type that can accommodate all the values using 'HasColumnType()'.
2020-06-14 16:03:35|Microsoft.EntityFrameworkCore.Query|WARN|Query: '(from Tender x in DbSet<Tender> where (int)[x].IsActive == 1 && [x].BidSubmissionEnDate >= DateTime....' uses a row limiting operation (Skip/Take) without OrderBy which may lead to unpredictable results.
2020-06-14 16:03:39||INFO|HTTP GET /api/ATenders responded 200 in 6639.9582 ms
2020-06-14 16:03:42||INFO|HTTP GET /api/ATenders responded 200 in 9313.652 ms
2020-06-14 16:03:42|ETB.WebApi.Middleware.RequestAuditingMiddleWare|INFO|/api/Districts
2020-06-14 16:03:42||INFO|HTTP GET /api/Districts responded 200 in 285.2968 ms
2020-06-14 16:04:28|ETB.WebApi.Middleware.RequestAuditingMiddleWare|INFO|/api/ValidateCredentials
2020-06-14 16:04:28||INFO|HTTP POST /api/ValidateCredentials responded 200 in 610.134 ms
2020-06-14 16:04:28|ETB.WebApi.Middleware.RequestAuditingMiddleWare|INFO|/api/UserSignInLogs
2020-06-14 16:04:29|ETB.WebApi.Middleware.RequestAuditingMiddleWare|INFO|/api/ATenders
2020-06-14 16:04:30||INFO|HTTP POST /api/UserSignInLogs responded 201 in 1334.4203 ms
2020-06-14 16:04:32||INFO|HTTP GET /api/ATenders responded 200 in 3658.2669 ms
2020-06-14 16:04:34|ETB.WebApi.Middleware.RequestAuditingMiddleWare|INFO|/api/ATenders
2020-06-14 16:04:34|ETB.WebApi.Middleware.RequestAuditingMiddleWare|INFO|/api/ATenders
2020-06-14 16:04:37||INFO|HTTP GET /api/ATenders responded 200 in 3627.4303 ms
2020-06-14 16:04:37||INFO|HTTP GET /api/ATenders responded 200 in 3609.4451 ms
2020-06-14 16:04:37|ETB.WebApi.Middleware.RequestAuditingMiddleWare|INFO|/api/Districts
2020-06-14 16:04:37||INFO|HTTP GET /api/Districts responded 200 in 267.0883 ms
2020-06-14 16:04:45|ETB.WebApi.Middleware.RequestAuditingMiddleWare|INFO|/api/ATenders
2020-06-14 16:04:48||INFO|HTTP GET /api/ATenders responded 200 in 3622.8524 ms
2020-06-14 16:04:57|ETB.WebApi.Middleware.RequestAuditingMiddleWare|INFO|/api/Tenders/4277
2020-06-14 16:04:57||INFO|HTTP GET /api/Tenders/4277 responded 200 in 756.2667 ms
2020-06-14 16:04:57|ETB.WebApi.Middleware.RequestAuditingMiddleWare|INFO|/api/States
2020-06-14 16:04:58||INFO|HTTP GET /api/States responded 200 in 303.4823 ms
2020-06-14 16:04:58|ETB.WebApi.Middleware.RequestAuditingMiddleWare|INFO|/api/Districts
2020-06-14 16:04:58||INFO|HTTP GET /api/Districts responded 200 in 262.1005 ms
2020-06-14 16:04:58|ETB.WebApi.Middleware.RequestAuditingMiddleWare|INFO|/api/Divisions
2020-06-14 16:04:58||INFO|HTTP GET /api/Divisions responded 200 in 322.3602 ms
2020-06-14 16:19:54|ETB.WebApi.Middleware.RequestAuditingMiddleWare|INFO|/swagger/index.html
2020-06-14 16:19:55||INFO|HTTP GET /swagger/index.html responded 200 in 1079.1076 ms
2020-06-14 16:19:56|ETB.WebApi.Middleware.RequestAuditingMiddleWare|INFO|/swagger/v1/swagger.json
2020-06-14 16:19:57||INFO|HTTP GET /swagger/v1/swagger.json responded 200 in 639.416 ms
2020-06-14 16:20:00|ETB.WebApi.Middleware.RequestAuditingMiddleWare|INFO|/api/ATenders
2020-06-14 16:20:00|ETB.WebApi.Middleware.RequestAuditingMiddleWare|INFO|/api/ATenders
2020-06-14 16:20:02|Microsoft.EntityFrameworkCore.Model.Validation|WARN|No type was specified for the decimal column 'Price' on entity type 'Service'. This will cause values to be silently truncated if they do not fit in the default precision and scale. Explicitly specify the SQL server column type that can accommodate all the values using 'HasColumnType()'.
2020-06-14 16:20:02|Microsoft.EntityFrameworkCore.Model.Validation|WARN|No type was specified for the decimal column 'CostOfBOQ' on entity type 'Tender'. This will cause values to be silently truncated if they do not fit in the default precision and scale. Explicitly specify the SQL server column type that can accommodate all the values using 'HasColumnType()'.
2020-06-14 16:20:02|Microsoft.EntityFrameworkCore.Model.Validation|WARN|No type was specified for the decimal column 'EMD' on entity type 'Tender'. This will cause values to be silently truncated if they do not fit in the default precision and scale. Explicitly specify the SQL server column type that can accommodate all the values using 'HasColumnType()'.
2020-06-14 16:20:02|Microsoft.EntityFrameworkCore.Model.Validation|WARN|No type was specified for the decimal column 'EstimatedCost' on entity type 'Tender'. This will cause values to be silently truncated if they do not fit in the default precision and scale. Explicitly specify the SQL server column type that can accommodate all the values using 'HasColumnType()'.
2020-06-14 16:20:02|Microsoft.EntityFrameworkCore.Model.Validation|WARN|No type was specified for the decimal column 'AmtReceived' on entity type 'UserService'. This will cause values to be silently truncated if they do not fit in the default precision and scale. Explicitly specify the SQL server column type that can accommodate all the values using 'HasColumnType()'.
2020-06-14 16:20:02|Microsoft.EntityFrameworkCore.Model.Validation|WARN|No type was specified for the decimal column 'AmtReceivedDate' on entity type 'UserService'. This will cause values to be silently truncated if they do not fit in the default precision and scale. Explicitly specify the SQL server column type that can accommodate all the values using 'HasColumnType()'.
2020-06-14 16:20:02|Microsoft.EntityFrameworkCore.Model.Validation|WARN|No type was specified for the decimal column 'OriginalAmt' on entity type 'UserService'. This will cause values to be silently truncated if they do not fit in the default precision and scale. Explicitly specify the SQL server column type that can accommodate all the values using 'HasColumnType()'.
2020-06-14 16:20:02|Microsoft.EntityFrameworkCore.Model.Validation|WARN|No type was specified for the decimal column 'Amount' on entity type 'UserSubscription'. This will cause values to be silently truncated if they do not fit in the default precision and scale. Explicitly specify the SQL server column type that can accommodate all the values using 'HasColumnType()'.
2020-06-14 16:20:02|Microsoft.EntityFrameworkCore.Query|WARN|Query: '(from Tender x in DbSet<Tender> where (int)[x].IsActive == 1 && [x].BidSubmissionEnDate >= DateTime....' uses a row limiting operation (Skip/Take) without OrderBy which may lead to unpredictable results.
2020-06-14 16:20:05||INFO|HTTP GET /api/ATenders responded 200 in 5255.8456 ms
2020-06-14 16:20:14||INFO|HTTP GET /api/ATenders responded 200 in 13877.2352 ms
2020-06-14 16:20:14|ETB.WebApi.Middleware.RequestAuditingMiddleWare|INFO|/api/Districts
2020-06-14 16:20:14||INFO|HTTP GET /api/Districts responded 200 in 305.2384 ms
