2019-12-31 11:04:29|ETB.WebApi.Middleware.RequestAuditingMiddleWare|INFO|/swagger/index.html
2019-12-31 11:04:30||INFO|HTTP GET /swagger/index.html responded 200 in 1048.6336 ms
2019-12-31 11:04:30|ETB.WebApi.Middleware.RequestAuditingMiddleWare|INFO|/swagger/swagger-ui-bundle.js
2019-12-31 11:04:30|ETB.WebApi.Middleware.RequestAuditingMiddleWare|INFO|/swagger/swagger-ui-standalone-preset.js
2019-12-31 11:04:30|ETB.WebApi.Middleware.RequestAuditingMiddleWare|INFO|/swagger/swagger-ui.css
2019-12-31 11:04:30||INFO|HTTP GET /swagger/swagger-ui-standalone-preset.js responded 200 in 330.9615 ms
2019-12-31 11:04:30||INFO|HTTP GET /swagger/swagger-ui.css responded 200 in 299.85 ms
2019-12-31 11:04:30||INFO|HTTP GET /swagger/swagger-ui-bundle.js responded 200 in 488.4871 ms
2019-12-31 11:04:31|ETB.WebApi.Middleware.RequestAuditingMiddleWare|INFO|/swagger/v1/swagger.json
2019-12-31 11:04:32||INFO|HTTP GET /swagger/v1/swagger.json responded 200 in 474.8026 ms
2019-12-31 13:32:42|ETB.WebApi.Middleware.RequestAuditingMiddleWare|INFO|/swagger/index.html
2019-12-31 13:32:44||INFO|HTTP GET /swagger/index.html responded 200 in 1639.9109 ms
2019-12-31 13:32:45|ETB.WebApi.Middleware.RequestAuditingMiddleWare|INFO|/swagger/v1/swagger.json
2019-12-31 13:32:46||INFO|HTTP GET /swagger/v1/swagger.json responded 200 in 845.5458 ms
2019-12-31 13:48:26|ETB.WebApi.Middleware.RequestAuditingMiddleWare|INFO|/swagger/index.html
2019-12-31 13:48:28||INFO|HTTP GET /swagger/index.html responded 200 in 1597.9695 ms
2019-12-31 13:48:29|ETB.WebApi.Middleware.RequestAuditingMiddleWare|INFO|/swagger/v1/swagger.json
2019-12-31 13:48:31||INFO|HTTP GET /swagger/v1/swagger.json responded 200 in 1428.1215 ms
2019-12-31 14:47:15|ETB.WebApi.Middleware.RequestAuditingMiddleWare|INFO|/swagger/index.html
2019-12-31 14:47:16||INFO|HTTP GET /swagger/index.html responded 200 in 1804.3374 ms
2019-12-31 14:47:19|ETB.WebApi.Middleware.RequestAuditingMiddleWare|INFO|/swagger/v1/swagger.json
2019-12-31 14:47:20||INFO|HTTP GET /swagger/v1/swagger.json responded 200 in 971.4275 ms
2019-12-31 14:56:28|ETB.WebApi.Middleware.RequestAuditingMiddleWare|INFO|/swagger/index.html
2019-12-31 14:56:31||INFO|HTTP GET /swagger/index.html responded 200 in 2617.2845 ms
2019-12-31 14:56:32|ETB.WebApi.Middleware.RequestAuditingMiddleWare|INFO|/swagger/v1/swagger.json
2019-12-31 14:56:33||INFO|HTTP GET /swagger/v1/swagger.json responded 200 in 697.8663 ms
2019-12-31 15:03:19|ETB.WebApi.Middleware.RequestAuditingMiddleWare|INFO|/swagger/index.html
2019-12-31 15:03:20||INFO|HTTP GET /swagger/index.html responded 200 in 1684.2516 ms
2019-12-31 15:03:21|ETB.WebApi.Middleware.RequestAuditingMiddleWare|INFO|/swagger/v1/swagger.json
2019-12-31 15:03:22||INFO|HTTP GET /swagger/v1/swagger.json responded 200 in 487.7477 ms
2019-12-31 16:01:56|ETB.WebApi.Middleware.RequestAuditingMiddleWare|INFO|/swagger/index.html
2019-12-31 16:01:59||INFO|HTTP GET /swagger/index.html responded 200 in 3524.7005 ms
2019-12-31 16:02:01|ETB.WebApi.Middleware.RequestAuditingMiddleWare|INFO|/swagger/v1/swagger.json
2019-12-31 16:02:02||INFO|HTTP GET /swagger/v1/swagger.json responded 200 in 1246.9712 ms
2019-12-31 16:32:53|ETB.WebApi.Middleware.RequestAuditingMiddleWare|INFO|/swagger/index.html
2019-12-31 16:32:56||INFO|HTTP GET /swagger/index.html responded 200 in 3114.9595 ms
2019-12-31 16:32:58|ETB.WebApi.Middleware.RequestAuditingMiddleWare|INFO|/swagger/v1/swagger.json
2019-12-31 16:32:59||INFO|HTTP GET /swagger/v1/swagger.json responded 200 in 950.6879 ms
