2019-11-23 10:23:53|ETB.WebApi.Middleware.RequestAuditingMiddleWare|INFO|/swagger/index.html
2019-11-23 10:23:54||INFO|HTTP GET /swagger/index.html responded 200 in 1034.2738 ms
2019-11-23 10:23:54|ETB.WebApi.Middleware.RequestAuditingMiddleWare|INFO|/swagger/swagger-ui.css
2019-11-23 10:23:54|ETB.WebApi.Middleware.RequestAuditingMiddleWare|INFO|/swagger/swagger-ui-standalone-preset.js
2019-11-23 10:23:54|ETB.WebApi.Middleware.RequestAuditingMiddleWare|INFO|/swagger/swagger-ui-bundle.js
2019-11-23 10:23:55||INFO|HTTP GET /swagger/swagger-ui.css responded 200 in 962.0005 ms
2019-11-23 10:23:55||INFO|HTTP GET /swagger/swagger-ui-standalone-preset.js responded 200 in 961.7484 ms
2019-11-23 10:23:55||INFO|HTTP GET /swagger/swagger-ui-bundle.js responded 200 in 925.9798 ms
2019-11-23 10:23:56|ETB.WebApi.Middleware.RequestAuditingMiddleWare|INFO|/swagger/v1/swagger.json
2019-11-23 10:23:56||INFO|HTTP GET /swagger/v1/swagger.json responded 200 in 432.231 ms
2019-11-23 10:24:02|ETB.WebApi.Middleware.RequestAuditingMiddleWare|INFO|/api/ATenders
2019-11-23 10:24:02|ETB.WebApi.Middleware.RequestAuditingMiddleWare|INFO|/api/ATenders
2019-11-23 10:24:11|Microsoft.EntityFrameworkCore.Model.Validation|WARN|No type was specified for the decimal column 'Price' on entity type 'Service'. This will cause values to be silently truncated if they do not fit in the default precision and scale. Explicitly specify the SQL server column type that can accommodate all the values using 'HasColumnType()'.
2019-11-23 10:24:11|Microsoft.EntityFrameworkCore.Model.Validation|WARN|No type was specified for the decimal column 'CostOfBOQ' on entity type 'Tender'. This will cause values to be silently truncated if they do not fit in the default precision and scale. Explicitly specify the SQL server column type that can accommodate all the values using 'HasColumnType()'.
2019-11-23 10:24:11|Microsoft.EntityFrameworkCore.Model.Validation|WARN|No type was specified for the decimal column 'EMD' on entity type 'Tender'. This will cause values to be silently truncated if they do not fit in the default precision and scale. Explicitly specify the SQL server column type that can accommodate all the values using 'HasColumnType()'.
2019-11-23 10:24:11|Microsoft.EntityFrameworkCore.Model.Validation|WARN|No type was specified for the decimal column 'EstimatedCost' on entity type 'Tender'. This will cause values to be silently truncated if they do not fit in the default precision and scale. Explicitly specify the SQL server column type that can accommodate all the values using 'HasColumnType()'.
2019-11-23 10:24:11|Microsoft.EntityFrameworkCore.Model.Validation|WARN|No type was specified for the decimal column 'Amount' on entity type 'UserSubscription'. This will cause values to be silently truncated if they do not fit in the default precision and scale. Explicitly specify the SQL server column type that can accommodate all the values using 'HasColumnType()'.
2019-11-23 10:24:12|Microsoft.EntityFrameworkCore.Query|WARN|Query: '(from Tender x in DbSet<Tender> where (int)[x].IsActive == 1 && [x].BidSubmissionEnDate >= DateTime....' uses a row limiting operation (Skip/Take) without OrderBy which may lead to unpredictable results.
2019-11-23 10:24:14||INFO|HTTP GET /api/ATenders responded 200 in 11956.2456 ms
2019-11-23 10:24:14||INFO|HTTP GET /api/ATenders responded 200 in 11842.494 ms
2019-11-23 10:24:15|ETB.WebApi.Middleware.RequestAuditingMiddleWare|INFO|/api/Districts
2019-11-23 10:24:15||INFO|HTTP GET /api/Districts responded 200 in 71.2499 ms
2019-11-23 10:34:29|ETB.WebApi.Middleware.RequestAuditingMiddleWare|INFO|/swagger/index.html
2019-11-23 10:34:30||INFO|HTTP GET /swagger/index.html responded 200 in 979.3809 ms
2019-11-23 10:34:31|ETB.WebApi.Middleware.RequestAuditingMiddleWare|INFO|/swagger/v1/swagger.json
2019-11-23 10:34:31||INFO|HTTP GET /swagger/v1/swagger.json responded 200 in 493.3523 ms
2019-11-23 10:34:37|ETB.WebApi.Middleware.RequestAuditingMiddleWare|INFO|/api/ATenders
2019-11-23 10:34:37|ETB.WebApi.Middleware.RequestAuditingMiddleWare|INFO|/api/ATenders
2019-11-23 10:34:45|Microsoft.EntityFrameworkCore.Model.Validation|WARN|No type was specified for the decimal column 'Price' on entity type 'Service'. This will cause values to be silently truncated if they do not fit in the default precision and scale. Explicitly specify the SQL server column type that can accommodate all the values using 'HasColumnType()'.
2019-11-23 10:34:45|Microsoft.EntityFrameworkCore.Model.Validation|WARN|No type was specified for the decimal column 'CostOfBOQ' on entity type 'Tender'. This will cause values to be silently truncated if they do not fit in the default precision and scale. Explicitly specify the SQL server column type that can accommodate all the values using 'HasColumnType()'.
2019-11-23 10:34:45|Microsoft.EntityFrameworkCore.Model.Validation|WARN|No type was specified for the decimal column 'EMD' on entity type 'Tender'. This will cause values to be silently truncated if they do not fit in the default precision and scale. Explicitly specify the SQL server column type that can accommodate all the values using 'HasColumnType()'.
2019-11-23 10:34:45|Microsoft.EntityFrameworkCore.Model.Validation|WARN|No type was specified for the decimal column 'EstimatedCost' on entity type 'Tender'. This will cause values to be silently truncated if they do not fit in the default precision and scale. Explicitly specify the SQL server column type that can accommodate all the values using 'HasColumnType()'.
2019-11-23 10:34:45|Microsoft.EntityFrameworkCore.Model.Validation|WARN|No type was specified for the decimal column 'Amount' on entity type 'UserSubscription'. This will cause values to be silently truncated if they do not fit in the default precision and scale. Explicitly specify the SQL server column type that can accommodate all the values using 'HasColumnType()'.
2019-11-23 10:34:46|Microsoft.EntityFrameworkCore.Query|WARN|Query: '(from Tender x in DbSet<Tender> where (int)[x].IsActive == 1 && [x].BidSubmissionEnDate >= DateTime....' uses a row limiting operation (Skip/Take) without OrderBy which may lead to unpredictable results.
2019-11-23 10:34:48||INFO|HTTP GET /api/ATenders responded 200 in 10076.3619 ms
2019-11-23 10:34:48||INFO|HTTP GET /api/ATenders responded 200 in 10103.4525 ms
2019-11-23 10:34:48|ETB.WebApi.Middleware.RequestAuditingMiddleWare|INFO|/api/Districts
2019-11-23 10:34:48||INFO|HTTP GET /api/Districts responded 200 in 57.718 ms
2019-11-23 10:35:01|ETB.WebApi.Middleware.RequestAuditingMiddleWare|INFO|/api/ATenders
2019-11-23 10:35:01|ETB.WebApi.Middleware.RequestAuditingMiddleWare|INFO|/api/ATenders
2019-11-23 10:35:01||INFO|HTTP GET /api/ATenders responded 200 in 113.6369 ms
2019-11-23 10:35:02||INFO|HTTP GET /api/ATenders responded 200 in 447.0751 ms
2019-11-23 10:35:02|ETB.WebApi.Middleware.RequestAuditingMiddleWare|INFO|/api/Districts
2019-11-23 10:35:02||INFO|HTTP GET /api/Districts responded 200 in 130.8955 ms
2019-11-23 10:35:34|ETB.WebApi.Middleware.RequestAuditingMiddleWare|INFO|/api/ValidateCredentials
2019-11-23 10:35:34||INFO|HTTP POST /api/ValidateCredentials responded 404 in 332.4679 ms
2019-11-23 10:35:47|ETB.WebApi.Middleware.RequestAuditingMiddleWare|INFO|/api/ValidateCredentials
2019-11-23 10:35:47||INFO|HTTP POST /api/ValidateCredentials responded 200 in 217.3625 ms
2019-11-23 10:35:48|ETB.WebApi.Middleware.RequestAuditingMiddleWare|INFO|/api/UserSignInLogs
2019-11-23 10:35:50|ETB.WebApi.Middleware.RequestAuditingMiddleWare|INFO|/api/ATenders
2019-11-23 10:35:51||INFO|HTTP GET /api/ATenders responded 200 in 195.5431 ms
2019-11-23 10:35:51||INFO|HTTP POST /api/UserSignInLogs responded 201 in 3137.4994 ms
2019-11-23 10:35:52|ETB.WebApi.Middleware.RequestAuditingMiddleWare|INFO|/api/ATenders
2019-11-23 10:35:52|ETB.WebApi.Middleware.RequestAuditingMiddleWare|INFO|/api/ATenders
2019-11-23 10:35:52||INFO|HTTP GET /api/ATenders responded 200 in 99.1477 ms
2019-11-23 10:35:52|ETB.WebApi.Middleware.RequestAuditingMiddleWare|INFO|/api/Districts
2019-11-23 10:35:52||INFO|HTTP GET /api/Districts responded 200 in 49.7151 ms
2019-11-23 10:35:52||INFO|HTTP GET /api/ATenders responded 200 in 169.7963 ms
2019-11-23 10:36:01|ETB.WebApi.Middleware.RequestAuditingMiddleWare|INFO|/api/Districts
2019-11-23 10:36:01||INFO|HTTP GET /api/Districts responded 200 in 29.5874 ms
2019-11-23 10:36:02|ETB.WebApi.Middleware.RequestAuditingMiddleWare|INFO|/api/UserDetails
2019-11-23 10:36:02||INFO|HTTP GET /api/UserDetails responded 200 in 263.781 ms
2019-11-23 10:36:44|ETB.WebApi.Middleware.RequestAuditingMiddleWare|INFO|/api/Districts
2019-11-23 10:36:44||INFO|HTTP GET /api/Districts responded 200 in 10.5696 ms
2019-11-23 10:36:45|ETB.WebApi.Middleware.RequestAuditingMiddleWare|INFO|/api/UserDetails
2019-11-23 10:36:45||INFO|HTTP GET /api/UserDetails responded 200 in 41.0249 ms
2019-11-23 10:40:23|ETB.WebApi.Middleware.RequestAuditingMiddleWare|INFO|/api/UserSignInLogs
2019-11-23 10:40:23||INFO|HTTP POST /api/UserSignInLogs responded 201 in 178.5209 ms
2019-11-23 10:40:24|ETB.WebApi.Middleware.RequestAuditingMiddleWare|INFO|/api/ATenders
2019-11-23 10:40:24|ETB.WebApi.Middleware.RequestAuditingMiddleWare|INFO|/api/ATenders
2019-11-23 10:40:24||INFO|HTTP GET /api/ATenders responded 200 in 35.0388 ms
2019-11-23 10:40:24||INFO|HTTP GET /api/ATenders responded 200 in 89.1687 ms
2019-11-23 10:40:25|ETB.WebApi.Middleware.RequestAuditingMiddleWare|INFO|/api/Districts
2019-11-23 10:40:25||INFO|HTTP GET /api/Districts responded 200 in 33.3034 ms
2019-11-23 10:41:11|ETB.WebApi.Middleware.RequestAuditingMiddleWare|INFO|/swagger/index.html
2019-11-23 10:41:12||INFO|HTTP GET /swagger/index.html responded 200 in 1025.0064 ms
2019-11-23 10:41:13|ETB.WebApi.Middleware.RequestAuditingMiddleWare|INFO|/swagger/v1/swagger.json
2019-11-23 10:41:14||INFO|HTTP GET /swagger/v1/swagger.json responded 200 in 602.4743 ms
2019-11-23 10:41:20|ETB.WebApi.Middleware.RequestAuditingMiddleWare|INFO|/api/ATenders
2019-11-23 10:41:20|ETB.WebApi.Middleware.RequestAuditingMiddleWare|INFO|/api/ATenders
2019-11-23 10:41:28|Microsoft.EntityFrameworkCore.Model.Validation|WARN|No type was specified for the decimal column 'Price' on entity type 'Service'. This will cause values to be silently truncated if they do not fit in the default precision and scale. Explicitly specify the SQL server column type that can accommodate all the values using 'HasColumnType()'.
2019-11-23 10:41:28|Microsoft.EntityFrameworkCore.Model.Validation|WARN|No type was specified for the decimal column 'CostOfBOQ' on entity type 'Tender'. This will cause values to be silently truncated if they do not fit in the default precision and scale. Explicitly specify the SQL server column type that can accommodate all the values using 'HasColumnType()'.
2019-11-23 10:41:28|Microsoft.EntityFrameworkCore.Model.Validation|WARN|No type was specified for the decimal column 'EMD' on entity type 'Tender'. This will cause values to be silently truncated if they do not fit in the default precision and scale. Explicitly specify the SQL server column type that can accommodate all the values using 'HasColumnType()'.
2019-11-23 10:41:28|Microsoft.EntityFrameworkCore.Model.Validation|WARN|No type was specified for the decimal column 'EstimatedCost' on entity type 'Tender'. This will cause values to be silently truncated if they do not fit in the default precision and scale. Explicitly specify the SQL server column type that can accommodate all the values using 'HasColumnType()'.
2019-11-23 10:41:28|Microsoft.EntityFrameworkCore.Model.Validation|WARN|No type was specified for the decimal column 'Amount' on entity type 'UserSubscription'. This will cause values to be silently truncated if they do not fit in the default precision and scale. Explicitly specify the SQL server column type that can accommodate all the values using 'HasColumnType()'.
2019-11-23 10:41:29|Microsoft.EntityFrameworkCore.Query|WARN|Query: '(from Tender x in DbSet<Tender> where (int)[x].IsActive == 1 && [x].BidSubmissionEnDate >= DateTime....' uses a row limiting operation (Skip/Take) without OrderBy which may lead to unpredictable results.
2019-11-23 10:41:34||INFO|HTTP GET /api/ATenders responded 200 in 14590.8483 ms
2019-11-23 10:41:34||INFO|HTTP GET /api/ATenders responded 200 in 14622.141 ms
2019-11-23 10:41:36|ETB.WebApi.Middleware.RequestAuditingMiddleWare|INFO|/api/Districts
2019-11-23 10:41:36||INFO|HTTP GET /api/Districts responded 200 in 274.39 ms
2019-11-23 10:46:11|ETB.WebApi.Middleware.RequestAuditingMiddleWare|INFO|/api/ValidateCredentials
2019-11-23 10:46:11||INFO|HTTP POST /api/ValidateCredentials responded 200 in 372.5997 ms
2019-11-23 10:46:12|ETB.WebApi.Middleware.RequestAuditingMiddleWare|INFO|/api/UserSignInLogs
2019-11-23 10:46:12|ETB.WebApi.Middleware.RequestAuditingMiddleWare|INFO|/api/ATenders
2019-11-23 10:46:12||INFO|HTTP GET /api/ATenders responded 200 in 37.1985 ms
2019-11-23 10:46:12||INFO|HTTP POST /api/UserSignInLogs responded 201 in 695.787 ms
2019-11-23 10:46:13|ETB.WebApi.Middleware.RequestAuditingMiddleWare|INFO|/api/ATenders
2019-11-23 10:46:13|ETB.WebApi.Middleware.RequestAuditingMiddleWare|INFO|/api/ATenders
2019-11-23 10:46:13||INFO|HTTP GET /api/ATenders responded 200 in 105.586 ms
2019-11-23 10:46:13||INFO|HTTP GET /api/ATenders responded 200 in 30.5293 ms
2019-11-23 10:46:13|ETB.WebApi.Middleware.RequestAuditingMiddleWare|INFO|/api/Districts
2019-11-23 10:46:13||INFO|HTTP GET /api/Districts responded 200 in 19.6298 ms
2019-11-23 10:46:17|ETB.WebApi.Middleware.RequestAuditingMiddleWare|INFO|/api/Districts
2019-11-23 10:46:17||INFO|HTTP GET /api/Districts responded 200 in 8.4392 ms
2019-11-23 10:46:19|ETB.WebApi.Middleware.RequestAuditingMiddleWare|INFO|/api/UserDetails
2019-11-23 10:46:19||INFO|HTTP GET /api/UserDetails responded 200 in 191.5035 ms
2019-11-23 10:51:21|ETB.WebApi.Middleware.RequestAuditingMiddleWare|INFO|/api/ATenders
2019-11-23 10:51:21|ETB.WebApi.Middleware.RequestAuditingMiddleWare|INFO|/api/ATenders
2019-11-23 10:51:21||INFO|HTTP GET /api/ATenders responded 200 in 282.4295 ms
2019-11-23 10:51:21||INFO|HTTP GET /api/ATenders responded 200 in 249.2015 ms
2019-11-23 10:51:21|ETB.WebApi.Middleware.RequestAuditingMiddleWare|INFO|/api/Districts
2019-11-23 10:51:21||INFO|HTTP GET /api/Districts responded 200 in 110.1352 ms
2019-11-23 11:02:48|ETB.WebApi.Middleware.RequestAuditingMiddleWare|INFO|/swagger/index.html
2019-11-23 11:02:49||INFO|HTTP GET /swagger/index.html responded 200 in 720.1383 ms
2019-11-23 11:02:49|ETB.WebApi.Middleware.RequestAuditingMiddleWare|INFO|/swagger/v1/swagger.json
2019-11-23 11:02:50||INFO|HTTP GET /swagger/v1/swagger.json responded 200 in 634.0235 ms
2019-11-23 11:02:59|ETB.WebApi.Middleware.RequestAuditingMiddleWare|INFO|/api/ATenders
2019-11-23 11:02:59|ETB.WebApi.Middleware.RequestAuditingMiddleWare|INFO|/api/ATenders
2019-11-23 11:03:03|Microsoft.EntityFrameworkCore.Model.Validation|WARN|No type was specified for the decimal column 'Price' on entity type 'Service'. This will cause values to be silently truncated if they do not fit in the default precision and scale. Explicitly specify the SQL server column type that can accommodate all the values using 'HasColumnType()'.
2019-11-23 11:03:03|Microsoft.EntityFrameworkCore.Model.Validation|WARN|No type was specified for the decimal column 'CostOfBOQ' on entity type 'Tender'. This will cause values to be silently truncated if they do not fit in the default precision and scale. Explicitly specify the SQL server column type that can accommodate all the values using 'HasColumnType()'.
2019-11-23 11:03:03|Microsoft.EntityFrameworkCore.Model.Validation|WARN|No type was specified for the decimal column 'EMD' on entity type 'Tender'. This will cause values to be silently truncated if they do not fit in the default precision and scale. Explicitly specify the SQL server column type that can accommodate all the values using 'HasColumnType()'.
2019-11-23 11:03:03|Microsoft.EntityFrameworkCore.Model.Validation|WARN|No type was specified for the decimal column 'EstimatedCost' on entity type 'Tender'. This will cause values to be silently truncated if they do not fit in the default precision and scale. Explicitly specify the SQL server column type that can accommodate all the values using 'HasColumnType()'.
2019-11-23 11:03:03|Microsoft.EntityFrameworkCore.Model.Validation|WARN|No type was specified for the decimal column 'Amount' on entity type 'UserSubscription'. This will cause values to be silently truncated if they do not fit in the default precision and scale. Explicitly specify the SQL server column type that can accommodate all the values using 'HasColumnType()'.
2019-11-23 11:03:04|Microsoft.EntityFrameworkCore.Query|WARN|Query: '(from Tender x in DbSet<Tender> where (int)[x].IsActive == 1 && [x].BidSubmissionEnDate >= DateTime....' uses a row limiting operation (Skip/Take) without OrderBy which may lead to unpredictable results.
2019-11-23 11:03:07||INFO|HTTP GET /api/ATenders responded 200 in 7795.761 ms
2019-11-23 11:03:07||INFO|HTTP GET /api/ATenders responded 200 in 7783.6029 ms
2019-11-23 11:03:07|ETB.WebApi.Middleware.RequestAuditingMiddleWare|INFO|/api/Districts
2019-11-23 11:03:08||INFO|HTTP GET /api/Districts responded 200 in 231.341 ms
2019-11-23 11:12:54|ETB.WebApi.Middleware.RequestAuditingMiddleWare|INFO|/api/ValidateCredentials
2019-11-23 11:12:54||INFO|HTTP POST /api/ValidateCredentials responded 200 in 551.2721 ms
2019-11-23 11:12:55|ETB.WebApi.Middleware.RequestAuditingMiddleWare|INFO|/api/UserSignInLogs
2019-11-23 11:12:55|ETB.WebApi.Middleware.RequestAuditingMiddleWare|INFO|/api/ATenders
2019-11-23 11:12:55||INFO|HTTP GET /api/ATenders responded 200 in 38.4237 ms
2019-11-23 11:12:56||INFO|HTTP POST /api/UserSignInLogs responded 201 in 1299.6033 ms
2019-11-23 11:12:59|ETB.WebApi.Middleware.RequestAuditingMiddleWare|INFO|/api/ATenders
2019-11-23 11:12:59|ETB.WebApi.Middleware.RequestAuditingMiddleWare|INFO|/api/ATenders
2019-11-23 11:12:59||INFO|HTTP GET /api/ATenders responded 200 in 95.6691 ms
2019-11-23 11:12:59|ETB.WebApi.Middleware.RequestAuditingMiddleWare|INFO|/api/Districts
2019-11-23 11:12:59||INFO|HTTP GET /api/ATenders responded 200 in 89.7813 ms
2019-11-23 11:12:59||INFO|HTTP GET /api/Districts responded 200 in 40.0739 ms
2019-11-23 11:13:04|ETB.WebApi.Middleware.RequestAuditingMiddleWare|INFO|/api/Districts
2019-11-23 11:13:04||INFO|HTTP GET /api/Districts responded 200 in 18.6041 ms
2019-11-23 11:13:07|ETB.WebApi.Middleware.RequestAuditingMiddleWare|INFO|/api/UserDetails
2019-11-23 11:13:08||INFO|HTTP GET /api/UserDetails responded 200 in 190.1152 ms
2019-11-23 11:21:35|ETB.WebApi.Middleware.RequestAuditingMiddleWare|INFO|/api/UserSignInLogs
2019-11-23 11:21:35||INFO|HTTP POST /api/UserSignInLogs responded 201 in 391.4012 ms
2019-11-23 11:21:36|ETB.WebApi.Middleware.RequestAuditingMiddleWare|INFO|/api/ATenders
2019-11-23 11:21:36|ETB.WebApi.Middleware.RequestAuditingMiddleWare|INFO|/api/ATenders
2019-11-23 11:21:36||INFO|HTTP GET /api/ATenders responded 200 in 153.1774 ms
2019-11-23 11:21:36||INFO|HTTP GET /api/ATenders responded 200 in 184.2828 ms
2019-11-23 11:21:36|ETB.WebApi.Middleware.RequestAuditingMiddleWare|INFO|/api/Districts
2019-11-23 11:21:37||INFO|HTTP GET /api/Districts responded 200 in 62.8752 ms
2019-11-23 11:22:04|ETB.WebApi.Middleware.RequestAuditingMiddleWare|INFO|/api/ValidateCredentials
2019-11-23 11:22:04||INFO|HTTP POST /api/ValidateCredentials responded 200 in 26.3262 ms
2019-11-23 11:22:04|ETB.WebApi.Middleware.RequestAuditingMiddleWare|INFO|/api/UserSignInLogs
2019-11-23 11:22:04||INFO|HTTP POST /api/UserSignInLogs responded 201 in 19.2276 ms
2019-11-23 11:22:04|ETB.WebApi.Middleware.RequestAuditingMiddleWare|INFO|/api/ATenders
2019-11-23 11:22:04||INFO|HTTP GET /api/ATenders responded 200 in 40.3706 ms
2019-11-23 11:22:05|ETB.WebApi.Middleware.RequestAuditingMiddleWare|INFO|/api/ATenders
2019-11-23 11:22:05|ETB.WebApi.Middleware.RequestAuditingMiddleWare|INFO|/api/ATenders
2019-11-23 11:22:05||INFO|HTTP GET /api/ATenders responded 200 in 147.2524 ms
2019-11-23 11:22:05||INFO|HTTP GET /api/ATenders responded 200 in 156.9457 ms
2019-11-23 11:22:05|ETB.WebApi.Middleware.RequestAuditingMiddleWare|INFO|/api/Districts
2019-11-23 11:22:06||INFO|HTTP GET /api/Districts responded 200 in 768.205 ms
2019-11-23 11:22:42|ETB.WebApi.Middleware.RequestAuditingMiddleWare|INFO|/api/Districts
2019-11-23 11:22:42||INFO|HTTP GET /api/Districts responded 200 in 36.4347 ms
2019-11-23 11:22:43|ETB.WebApi.Middleware.RequestAuditingMiddleWare|INFO|/api/UserDetails
2019-11-23 11:22:44||INFO|HTTP GET /api/UserDetails responded 200 in 20.3821 ms
2019-11-23 11:23:01|ETB.WebApi.Middleware.RequestAuditingMiddleWare|INFO|/api/ATenders
2019-11-23 11:23:01||INFO|HTTP GET /api/ATenders responded 200 in 48.5682 ms
2019-11-23 11:23:03|ETB.WebApi.Middleware.RequestAuditingMiddleWare|INFO|/api/ATenders
2019-11-23 11:23:03|ETB.WebApi.Middleware.RequestAuditingMiddleWare|INFO|/api/ATenders
2019-11-23 11:23:03||INFO|HTTP GET /api/ATenders responded 200 in 72.4197 ms
2019-11-23 11:23:03||INFO|HTTP GET /api/ATenders responded 200 in 112.7528 ms
2019-11-23 11:23:03|ETB.WebApi.Middleware.RequestAuditingMiddleWare|INFO|/api/Districts
2019-11-23 11:23:03||INFO|HTTP GET /api/Districts responded 200 in 92.6389 ms
2019-11-23 11:23:45|ETB.WebApi.Middleware.RequestAuditingMiddleWare|INFO|/api/Districts
2019-11-23 11:23:45||INFO|HTTP GET /api/Districts responded 200 in 93.8285 ms
2019-11-23 11:23:49|ETB.WebApi.Middleware.RequestAuditingMiddleWare|INFO|/api/UserDetails
2019-11-23 11:23:50||INFO|HTTP GET /api/UserDetails responded 200 in 48.6955 ms
2019-11-23 11:24:44|ETB.WebApi.Middleware.RequestAuditingMiddleWare|INFO|/api/ATenders
2019-11-23 11:24:44||INFO|HTTP GET /api/ATenders responded 200 in 67.9216 ms
2019-11-23 11:24:46|ETB.WebApi.Middleware.RequestAuditingMiddleWare|INFO|/api/ATenders
2019-11-23 11:24:46|ETB.WebApi.Middleware.RequestAuditingMiddleWare|INFO|/api/ATenders
2019-11-23 11:24:46||INFO|HTTP GET /api/ATenders responded 200 in 98.136 ms
2019-11-23 11:24:46||INFO|HTTP GET /api/ATenders responded 200 in 65.4403 ms
2019-11-23 11:24:46|ETB.WebApi.Middleware.RequestAuditingMiddleWare|INFO|/api/Districts
2019-11-23 11:24:47||INFO|HTTP GET /api/Districts responded 200 in 180.1706 ms
2019-11-23 11:38:47|ETB.WebApi.Middleware.RequestAuditingMiddleWare|INFO|/swagger/index.html
2019-11-23 11:38:48||INFO|HTTP GET /swagger/index.html responded 200 in 1045.491 ms
2019-11-23 11:38:51|ETB.WebApi.Middleware.RequestAuditingMiddleWare|INFO|/swagger/v1/swagger.json
2019-11-23 11:38:54||INFO|HTTP GET /swagger/v1/swagger.json responded 200 in 3332.4859 ms
2019-11-23 11:39:06|ETB.WebApi.Middleware.RequestAuditingMiddleWare|INFO|/api/ATenders
2019-11-23 11:39:06|ETB.WebApi.Middleware.RequestAuditingMiddleWare|INFO|/api/ATenders
2019-11-23 11:39:13|Microsoft.EntityFrameworkCore.Model.Validation|WARN|No type was specified for the decimal column 'Price' on entity type 'Service'. This will cause values to be silently truncated if they do not fit in the default precision and scale. Explicitly specify the SQL server column type that can accommodate all the values using 'HasColumnType()'.
2019-11-23 11:39:13|Microsoft.EntityFrameworkCore.Model.Validation|WARN|No type was specified for the decimal column 'CostOfBOQ' on entity type 'Tender'. This will cause values to be silently truncated if they do not fit in the default precision and scale. Explicitly specify the SQL server column type that can accommodate all the values using 'HasColumnType()'.
2019-11-23 11:39:13|Microsoft.EntityFrameworkCore.Model.Validation|WARN|No type was specified for the decimal column 'EMD' on entity type 'Tender'. This will cause values to be silently truncated if they do not fit in the default precision and scale. Explicitly specify the SQL server column type that can accommodate all the values using 'HasColumnType()'.
2019-11-23 11:39:13|Microsoft.EntityFrameworkCore.Model.Validation|WARN|No type was specified for the decimal column 'EstimatedCost' on entity type 'Tender'. This will cause values to be silently truncated if they do not fit in the default precision and scale. Explicitly specify the SQL server column type that can accommodate all the values using 'HasColumnType()'.
2019-11-23 11:39:13|Microsoft.EntityFrameworkCore.Model.Validation|WARN|No type was specified for the decimal column 'Amount' on entity type 'UserSubscription'. This will cause values to be silently truncated if they do not fit in the default precision and scale. Explicitly specify the SQL server column type that can accommodate all the values using 'HasColumnType()'.
2019-11-23 11:39:14|Microsoft.EntityFrameworkCore.Query|WARN|Query: '(from Tender x in DbSet<Tender> where (int)[x].IsActive == 1 && [x].BidSubmissionEnDate >= DateTime....' uses a row limiting operation (Skip/Take) without OrderBy which may lead to unpredictable results.
2019-11-23 11:39:16||INFO|HTTP GET /api/ATenders responded 200 in 10624.3901 ms
2019-11-23 11:39:16||INFO|HTTP GET /api/ATenders responded 200 in 10624.5147 ms
2019-11-23 11:39:17|ETB.WebApi.Middleware.RequestAuditingMiddleWare|INFO|/api/Districts
2019-11-23 11:39:17||INFO|HTTP GET /api/Districts responded 200 in 65.7166 ms
2019-11-23 12:12:39|ETB.WebApi.Middleware.RequestAuditingMiddleWare|INFO|/swagger/index.html
2019-11-23 12:12:42||INFO|HTTP GET /swagger/index.html responded 200 in 2706.3894 ms
2019-11-23 12:12:43|ETB.WebApi.Middleware.RequestAuditingMiddleWare|INFO|/swagger/v1/swagger.json
2019-11-23 12:12:44||INFO|HTTP GET /swagger/v1/swagger.json responded 200 in 901.221 ms
2019-11-23 12:12:50|ETB.WebApi.Middleware.RequestAuditingMiddleWare|INFO|/api/ATenders
2019-11-23 12:12:50|ETB.WebApi.Middleware.RequestAuditingMiddleWare|INFO|/api/ATenders
2019-11-23 12:12:55|Microsoft.EntityFrameworkCore.Model.Validation|WARN|No type was specified for the decimal column 'Price' on entity type 'Service'. This will cause values to be silently truncated if they do not fit in the default precision and scale. Explicitly specify the SQL server column type that can accommodate all the values using 'HasColumnType()'.
2019-11-23 12:12:55|Microsoft.EntityFrameworkCore.Model.Validation|WARN|No type was specified for the decimal column 'CostOfBOQ' on entity type 'Tender'. This will cause values to be silently truncated if they do not fit in the default precision and scale. Explicitly specify the SQL server column type that can accommodate all the values using 'HasColumnType()'.
2019-11-23 12:12:55|Microsoft.EntityFrameworkCore.Model.Validation|WARN|No type was specified for the decimal column 'EMD' on entity type 'Tender'. This will cause values to be silently truncated if they do not fit in the default precision and scale. Explicitly specify the SQL server column type that can accommodate all the values using 'HasColumnType()'.
2019-11-23 12:12:55|Microsoft.EntityFrameworkCore.Model.Validation|WARN|No type was specified for the decimal column 'EstimatedCost' on entity type 'Tender'. This will cause values to be silently truncated if they do not fit in the default precision and scale. Explicitly specify the SQL server column type that can accommodate all the values using 'HasColumnType()'.
2019-11-23 12:12:55|Microsoft.EntityFrameworkCore.Model.Validation|WARN|No type was specified for the decimal column 'Amount' on entity type 'UserSubscription'. This will cause values to be silently truncated if they do not fit in the default precision and scale. Explicitly specify the SQL server column type that can accommodate all the values using 'HasColumnType()'.
2019-11-23 12:12:55|Microsoft.EntityFrameworkCore.Query|WARN|Query: '(from Tender x in DbSet<Tender> where (int)[x].IsActive == 1 && [x].BidSubmissionEnDate >= DateTime....' uses a row limiting operation (Skip/Take) without OrderBy which may lead to unpredictable results.
2019-11-23 12:12:58||INFO|HTTP GET /api/ATenders responded 200 in 8031.2167 ms
2019-11-23 12:12:58||INFO|HTTP GET /api/ATenders responded 200 in 8064.9295 ms
2019-11-23 12:12:59|ETB.WebApi.Middleware.RequestAuditingMiddleWare|INFO|/api/Districts
2019-11-23 12:12:59||INFO|HTTP GET /api/Districts responded 200 in 206.5531 ms
2019-11-23 12:16:35|ETB.WebApi.Middleware.RequestAuditingMiddleWare|INFO|/swagger/index.html
2019-11-23 12:16:37||INFO|HTTP GET /swagger/index.html responded 200 in 1913.251 ms
2019-11-23 12:16:38|ETB.WebApi.Middleware.RequestAuditingMiddleWare|INFO|/swagger/v1/swagger.json
2019-11-23 12:16:38||INFO|HTTP GET /swagger/v1/swagger.json responded 200 in 611.037 ms
2019-11-23 12:16:44|ETB.WebApi.Middleware.RequestAuditingMiddleWare|INFO|/api/ATenders
2019-11-23 12:16:44|ETB.WebApi.Middleware.RequestAuditingMiddleWare|INFO|/api/ATenders
2019-11-23 12:16:47|Microsoft.EntityFrameworkCore.Model.Validation|WARN|No type was specified for the decimal column 'Price' on entity type 'Service'. This will cause values to be silently truncated if they do not fit in the default precision and scale. Explicitly specify the SQL server column type that can accommodate all the values using 'HasColumnType()'.
2019-11-23 12:16:47|Microsoft.EntityFrameworkCore.Model.Validation|WARN|No type was specified for the decimal column 'CostOfBOQ' on entity type 'Tender'. This will cause values to be silently truncated if they do not fit in the default precision and scale. Explicitly specify the SQL server column type that can accommodate all the values using 'HasColumnType()'.
2019-11-23 12:16:47|Microsoft.EntityFrameworkCore.Model.Validation|WARN|No type was specified for the decimal column 'EMD' on entity type 'Tender'. This will cause values to be silently truncated if they do not fit in the default precision and scale. Explicitly specify the SQL server column type that can accommodate all the values using 'HasColumnType()'.
2019-11-23 12:16:47|Microsoft.EntityFrameworkCore.Model.Validation|WARN|No type was specified for the decimal column 'EstimatedCost' on entity type 'Tender'. This will cause values to be silently truncated if they do not fit in the default precision and scale. Explicitly specify the SQL server column type that can accommodate all the values using 'HasColumnType()'.
2019-11-23 12:16:47|Microsoft.EntityFrameworkCore.Model.Validation|WARN|No type was specified for the decimal column 'Amount' on entity type 'UserSubscription'. This will cause values to be silently truncated if they do not fit in the default precision and scale. Explicitly specify the SQL server column type that can accommodate all the values using 'HasColumnType()'.
2019-11-23 12:16:48|Microsoft.EntityFrameworkCore.Query|WARN|Query: '(from Tender x in DbSet<Tender> where (int)[x].IsActive == 1 && [x].BidSubmissionEnDate >= DateTime....' uses a row limiting operation (Skip/Take) without OrderBy which may lead to unpredictable results.
2019-11-23 12:16:49||INFO|HTTP GET /api/ATenders responded 200 in 5179.7727 ms
2019-11-23 12:16:49||INFO|HTTP GET /api/ATenders responded 200 in 5120.2889 ms
2019-11-23 12:16:50|ETB.WebApi.Middleware.RequestAuditingMiddleWare|INFO|/api/Districts
2019-11-23 12:16:50||INFO|HTTP GET /api/Districts responded 200 in 133.3908 ms
2019-11-23 12:17:23|ETB.WebApi.Middleware.RequestAuditingMiddleWare|INFO|/api/ATenders
2019-11-23 12:17:23|ETB.WebApi.Middleware.RequestAuditingMiddleWare|INFO|/api/ATenders
2019-11-23 12:17:23||INFO|HTTP GET /api/ATenders responded 200 in 230.8769 ms
2019-11-23 12:17:23||INFO|HTTP GET /api/ATenders responded 200 in 286.1569 ms
2019-11-23 12:17:24|ETB.WebApi.Middleware.RequestAuditingMiddleWare|INFO|/api/Districts
2019-11-23 12:17:24||INFO|HTTP GET /api/Districts responded 200 in 190.7788 ms
2019-11-23 12:17:42|ETB.WebApi.Middleware.RequestAuditingMiddleWare|INFO|/api/ValidateCredentials
2019-11-23 12:17:42||INFO|HTTP POST /api/ValidateCredentials responded 200 in 398.9549 ms
2019-11-23 12:17:49|ETB.WebApi.Middleware.RequestAuditingMiddleWare|INFO|/api/ValidateCredentials
2019-11-23 12:17:49||INFO|HTTP POST /api/ValidateCredentials responded 200 in 12.0633 ms
2019-11-23 12:17:49|ETB.WebApi.Middleware.RequestAuditingMiddleWare|INFO|/api/UserSignInLogs
2019-11-23 12:17:49|ETB.WebApi.Middleware.RequestAuditingMiddleWare|INFO|/api/ATenders
2019-11-23 12:17:50||INFO|HTTP GET /api/ATenders responded 200 in 229.5545 ms
2019-11-23 12:17:51||INFO|HTTP POST /api/UserSignInLogs responded 201 in 1504.1181 ms
2019-11-23 12:17:53|ETB.WebApi.Middleware.RequestAuditingMiddleWare|INFO|/api/ATenders
2019-11-23 12:17:54|ETB.WebApi.Middleware.RequestAuditingMiddleWare|INFO|/api/ATenders
2019-11-23 12:17:54||INFO|HTTP GET /api/ATenders responded 200 in 102.5102 ms
2019-11-23 12:17:54||INFO|HTTP GET /api/ATenders responded 200 in 532.2598 ms
2019-11-23 12:17:54|ETB.WebApi.Middleware.RequestAuditingMiddleWare|INFO|/api/Districts
2019-11-23 12:17:54||INFO|HTTP GET /api/Districts responded 200 in 119.0822 ms
2019-11-23 12:19:36|ETB.WebApi.Middleware.RequestAuditingMiddleWare|INFO|/api/States
2019-11-23 12:19:37||INFO|HTTP GET /api/States responded 200 in 226.4675 ms
2019-11-23 12:19:37|ETB.WebApi.Middleware.RequestAuditingMiddleWare|INFO|/api/Districts
2019-11-23 12:19:38||INFO|HTTP GET /api/Districts responded 200 in 196.7024 ms
2019-11-23 12:19:40|ETB.WebApi.Middleware.RequestAuditingMiddleWare|INFO|/api/Divisions
2019-11-23 12:19:40||INFO|HTTP GET /api/Divisions responded 200 in 76.3945 ms
2019-11-23 12:19:59|ETB.WebApi.Middleware.RequestAuditingMiddleWare|INFO|/api/ATenders
2019-11-23 12:19:59||INFO|HTTP GET /api/ATenders responded 200 in 82.3553 ms
2019-11-23 12:20:02|ETB.WebApi.Middleware.RequestAuditingMiddleWare|INFO|/api/ATenders
2019-11-23 12:20:02|ETB.WebApi.Middleware.RequestAuditingMiddleWare|INFO|/api/ATenders
2019-11-23 12:20:02||INFO|HTTP GET /api/ATenders responded 200 in 60.7575 ms
2019-11-23 12:20:02||INFO|HTTP GET /api/ATenders responded 200 in 175.4459 ms
2019-11-23 12:20:02|ETB.WebApi.Middleware.RequestAuditingMiddleWare|INFO|/api/Districts
2019-11-23 12:20:03||INFO|HTTP GET /api/Districts responded 200 in 425.4818 ms
2019-11-23 12:20:48|ETB.WebApi.Middleware.RequestAuditingMiddleWare|INFO|/api/Tenders/37
2019-11-23 12:20:50||INFO|HTTP GET /api/Tenders/37 responded 200 in 1851.1004 ms
2019-11-23 12:20:57|ETB.WebApi.Middleware.RequestAuditingMiddleWare|INFO|/api/ATenders
2019-11-23 12:20:57||INFO|HTTP GET /api/ATenders responded 200 in 128.4683 ms
2019-11-23 12:20:59|ETB.WebApi.Middleware.RequestAuditingMiddleWare|INFO|/api/ATenders
2019-11-23 12:20:59|ETB.WebApi.Middleware.RequestAuditingMiddleWare|INFO|/api/ATenders
2019-11-23 12:21:00||INFO|HTTP GET /api/ATenders responded 200 in 1426.3857 ms
2019-11-23 12:21:00||INFO|HTTP GET /api/ATenders responded 200 in 1696.8476 ms
2019-11-23 12:21:02|ETB.WebApi.Middleware.RequestAuditingMiddleWare|INFO|/api/Districts
2019-11-23 12:21:02||INFO|HTTP GET /api/Districts responded 200 in 613.5701 ms
2019-11-23 12:21:05|ETB.WebApi.Middleware.RequestAuditingMiddleWare|INFO|/api/Tenders/37
2019-11-23 12:21:05||INFO|HTTP GET /api/Tenders/37 responded 200 in 364.2188 ms
2019-11-23 12:21:05|ETB.WebApi.Middleware.RequestAuditingMiddleWare|INFO|/api/States
2019-11-23 12:21:05||INFO|HTTP GET /api/States responded 200 in 37.0341 ms
2019-11-23 12:21:07|ETB.WebApi.Middleware.RequestAuditingMiddleWare|INFO|/api/Districts
2019-11-23 12:21:08||INFO|HTTP GET /api/Districts responded 200 in 1163.6617 ms
2019-11-23 12:21:08|ETB.WebApi.Middleware.RequestAuditingMiddleWare|INFO|/api/Divisions
2019-11-23 12:21:08||INFO|HTTP GET /api/Divisions responded 200 in 8.4067 ms
2019-11-23 12:21:15|ETB.WebApi.Middleware.RequestAuditingMiddleWare|INFO|/api/ATenders
2019-11-23 12:21:16||INFO|HTTP GET /api/ATenders responded 200 in 424.8687 ms
2019-11-23 12:21:17|ETB.WebApi.Middleware.RequestAuditingMiddleWare|INFO|/api/ATenders
2019-11-23 12:21:17|ETB.WebApi.Middleware.RequestAuditingMiddleWare|INFO|/api/ATenders
2019-11-23 12:21:17||INFO|HTTP GET /api/ATenders responded 200 in 182.0188 ms
2019-11-23 12:21:17||INFO|HTTP GET /api/ATenders responded 200 in 288.8285 ms
2019-11-23 12:21:17|ETB.WebApi.Middleware.RequestAuditingMiddleWare|INFO|/api/Districts
2019-11-23 12:21:17||INFO|HTTP GET /api/Districts responded 200 in 244.4839 ms
2019-11-23 12:21:23|ETB.WebApi.Middleware.RequestAuditingMiddleWare|INFO|/api/Districts
2019-11-23 12:21:23||INFO|HTTP GET /api/Districts responded 200 in 21.9276 ms
2019-11-23 12:21:25|ETB.WebApi.Middleware.RequestAuditingMiddleWare|INFO|/api/UserDetails
2019-11-23 12:21:25||INFO|HTTP GET /api/UserDetails responded 200 in 303.6832 ms
2019-11-23 12:26:38|ETB.WebApi.Middleware.RequestAuditingMiddleWare|INFO|/swagger/index.html
2019-11-23 12:26:42||INFO|HTTP GET /swagger/index.html responded 200 in 3576.5857 ms
2019-11-23 12:26:43|ETB.WebApi.Middleware.RequestAuditingMiddleWare|INFO|/swagger/v1/swagger.json
2019-11-23 12:26:44||INFO|HTTP GET /swagger/v1/swagger.json responded 200 in 1215.1864 ms
2019-11-23 12:26:57|ETB.WebApi.Middleware.RequestAuditingMiddleWare|INFO|/api/ATenders
2019-11-23 12:26:57|ETB.WebApi.Middleware.RequestAuditingMiddleWare|INFO|/api/ATenders
2019-11-23 12:26:59|Microsoft.EntityFrameworkCore.Model.Validation|WARN|No type was specified for the decimal column 'Price' on entity type 'Service'. This will cause values to be silently truncated if they do not fit in the default precision and scale. Explicitly specify the SQL server column type that can accommodate all the values using 'HasColumnType()'.
2019-11-23 12:26:59|Microsoft.EntityFrameworkCore.Model.Validation|WARN|No type was specified for the decimal column 'CostOfBOQ' on entity type 'Tender'. This will cause values to be silently truncated if they do not fit in the default precision and scale. Explicitly specify the SQL server column type that can accommodate all the values using 'HasColumnType()'.
2019-11-23 12:26:59|Microsoft.EntityFrameworkCore.Model.Validation|WARN|No type was specified for the decimal column 'EMD' on entity type 'Tender'. This will cause values to be silently truncated if they do not fit in the default precision and scale. Explicitly specify the SQL server column type that can accommodate all the values using 'HasColumnType()'.
2019-11-23 12:26:59|Microsoft.EntityFrameworkCore.Model.Validation|WARN|No type was specified for the decimal column 'EstimatedCost' on entity type 'Tender'. This will cause values to be silently truncated if they do not fit in the default precision and scale. Explicitly specify the SQL server column type that can accommodate all the values using 'HasColumnType()'.
2019-11-23 12:27:00|Microsoft.EntityFrameworkCore.Model.Validation|WARN|No type was specified for the decimal column 'Amount' on entity type 'UserSubscription'. This will cause values to be silently truncated if they do not fit in the default precision and scale. Explicitly specify the SQL server column type that can accommodate all the values using 'HasColumnType()'.
2019-11-23 12:27:01|Microsoft.EntityFrameworkCore.Query|WARN|Query: '(from Tender x in DbSet<Tender> where (int)[x].IsActive == 1 && [x].BidSubmissionEnDate >= DateTime....' uses a row limiting operation (Skip/Take) without OrderBy which may lead to unpredictable results.
2019-11-23 12:27:04||INFO|HTTP GET /api/ATenders responded 200 in 6838.363 ms
2019-11-23 12:27:04||INFO|HTTP GET /api/ATenders responded 200 in 6821.9174 ms
2019-11-23 12:27:04|ETB.WebApi.Middleware.RequestAuditingMiddleWare|INFO|/api/Districts
2019-11-23 12:27:04||INFO|HTTP GET /api/Districts responded 200 in 269.8287 ms
2019-11-23 12:31:32|ETB.WebApi.Middleware.RequestAuditingMiddleWare|INFO|/api/ValidateCredentials
2019-11-23 12:31:32||INFO|HTTP POST /api/ValidateCredentials responded 200 in 320.4033 ms
2019-11-23 12:31:32|ETB.WebApi.Middleware.RequestAuditingMiddleWare|INFO|/api/UserSignInLogs
2019-11-23 12:31:32|ETB.WebApi.Middleware.RequestAuditingMiddleWare|INFO|/api/ATenders
2019-11-23 12:31:32||INFO|HTTP GET /api/ATenders responded 200 in 38.5984 ms
2019-11-23 12:31:33||INFO|HTTP POST /api/UserSignInLogs responded 201 in 788.3412 ms
2019-11-23 12:31:33|ETB.WebApi.Middleware.RequestAuditingMiddleWare|INFO|/api/ATenders
2019-11-23 12:31:33|ETB.WebApi.Middleware.RequestAuditingMiddleWare|INFO|/api/ATenders
2019-11-23 12:31:33||INFO|HTTP GET /api/ATenders responded 200 in 81.0839 ms
2019-11-23 12:31:34||INFO|HTTP GET /api/ATenders responded 200 in 44.2517 ms
2019-11-23 12:31:34|ETB.WebApi.Middleware.RequestAuditingMiddleWare|INFO|/api/Districts
2019-11-23 12:31:34||INFO|HTTP GET /api/Districts responded 200 in 70.9092 ms
2019-11-23 12:31:44|ETB.WebApi.Middleware.RequestAuditingMiddleWare|INFO|/api/UserSignInLogs
2019-11-23 12:31:44||INFO|HTTP POST /api/UserSignInLogs responded 201 in 68.5372 ms
2019-11-23 12:31:45|ETB.WebApi.Middleware.RequestAuditingMiddleWare|INFO|/api/ATenders
2019-11-23 12:31:45||INFO|HTTP GET /api/ATenders responded 200 in 76.5612 ms
2019-11-23 12:31:45|ETB.WebApi.Middleware.RequestAuditingMiddleWare|INFO|/api/ATenders
2019-11-23 12:31:45||INFO|HTTP GET /api/ATenders responded 200 in 272.0009 ms
2019-11-23 12:31:46|ETB.WebApi.Middleware.RequestAuditingMiddleWare|INFO|/api/Districts
2019-11-23 12:31:46||INFO|HTTP GET /api/Districts responded 200 in 13.2942 ms
2019-11-23 12:56:39|Microsoft.EntityFrameworkCore.Model.Validation|WARN|No type was specified for the decimal column 'Price' on entity type 'Service'. This will cause values to be silently truncated if they do not fit in the default precision and scale. Explicitly specify the SQL server column type that can accommodate all the values using 'HasColumnType()'.
2019-11-23 12:56:40|Microsoft.EntityFrameworkCore.Model.Validation|WARN|No type was specified for the decimal column 'CostOfBOQ' on entity type 'Tender'. This will cause values to be silently truncated if they do not fit in the default precision and scale. Explicitly specify the SQL server column type that can accommodate all the values using 'HasColumnType()'.
2019-11-23 12:56:40|Microsoft.EntityFrameworkCore.Model.Validation|WARN|No type was specified for the decimal column 'EMD' on entity type 'Tender'. This will cause values to be silently truncated if they do not fit in the default precision and scale. Explicitly specify the SQL server column type that can accommodate all the values using 'HasColumnType()'.
2019-11-23 12:56:40|Microsoft.EntityFrameworkCore.Model.Validation|WARN|No type was specified for the decimal column 'EstimatedCost' on entity type 'Tender'. This will cause values to be silently truncated if they do not fit in the default precision and scale. Explicitly specify the SQL server column type that can accommodate all the values using 'HasColumnType()'.
2019-11-23 12:56:40|Microsoft.EntityFrameworkCore.Model.Validation|WARN|No type was specified for the decimal column 'Amount' on entity type 'UserSubscription'. This will cause values to be silently truncated if they do not fit in the default precision and scale. Explicitly specify the SQL server column type that can accommodate all the values using 'HasColumnType()'.
2019-11-23 12:57:04|Microsoft.EntityFrameworkCore.Model.Validation|WARN|No type was specified for the decimal column 'Price' on entity type 'Service'. This will cause values to be silently truncated if they do not fit in the default precision and scale. Explicitly specify the SQL server column type that can accommodate all the values using 'HasColumnType()'.
2019-11-23 12:57:04|Microsoft.EntityFrameworkCore.Model.Validation|WARN|No type was specified for the decimal column 'CostOfBOQ' on entity type 'Tender'. This will cause values to be silently truncated if they do not fit in the default precision and scale. Explicitly specify the SQL server column type that can accommodate all the values using 'HasColumnType()'.
2019-11-23 12:57:04|Microsoft.EntityFrameworkCore.Model.Validation|WARN|No type was specified for the decimal column 'EMD' on entity type 'Tender'. This will cause values to be silently truncated if they do not fit in the default precision and scale. Explicitly specify the SQL server column type that can accommodate all the values using 'HasColumnType()'.
2019-11-23 12:57:04|Microsoft.EntityFrameworkCore.Model.Validation|WARN|No type was specified for the decimal column 'EstimatedCost' on entity type 'Tender'. This will cause values to be silently truncated if they do not fit in the default precision and scale. Explicitly specify the SQL server column type that can accommodate all the values using 'HasColumnType()'.
2019-11-23 12:57:04|Microsoft.EntityFrameworkCore.Model.Validation|WARN|No type was specified for the decimal column 'Amount' on entity type 'UserSubscription'. This will cause values to be silently truncated if they do not fit in the default precision and scale. Explicitly specify the SQL server column type that can accommodate all the values using 'HasColumnType()'.
2019-11-23 13:03:48|ETB.WebApi.Middleware.RequestAuditingMiddleWare|INFO|/swagger/index.html
2019-11-23 13:03:57||INFO|HTTP GET /swagger/index.html responded 200 in 8845.3969 ms
2019-11-23 13:04:01|ETB.WebApi.Middleware.RequestAuditingMiddleWare|INFO|/swagger/v1/swagger.json
2019-11-23 13:04:02||INFO|HTTP GET /swagger/v1/swagger.json responded 200 in 1826.6132 ms
2019-11-23 13:04:27|ETB.WebApi.Middleware.RequestAuditingMiddleWare|INFO|/api/ATenders
2019-11-23 13:04:27|ETB.WebApi.Middleware.RequestAuditingMiddleWare|INFO|/api/ATenders
2019-11-23 13:04:34|Microsoft.EntityFrameworkCore.Model.Validation|WARN|No type was specified for the decimal column 'Price' on entity type 'Service'. This will cause values to be silently truncated if they do not fit in the default precision and scale. Explicitly specify the SQL server column type that can accommodate all the values using 'HasColumnType()'.
2019-11-23 13:04:34|Microsoft.EntityFrameworkCore.Model.Validation|WARN|No type was specified for the decimal column 'CostOfBOQ' on entity type 'Tender'. This will cause values to be silently truncated if they do not fit in the default precision and scale. Explicitly specify the SQL server column type that can accommodate all the values using 'HasColumnType()'.
2019-11-23 13:04:34|Microsoft.EntityFrameworkCore.Model.Validation|WARN|No type was specified for the decimal column 'EMD' on entity type 'Tender'. This will cause values to be silently truncated if they do not fit in the default precision and scale. Explicitly specify the SQL server column type that can accommodate all the values using 'HasColumnType()'.
2019-11-23 13:04:34|Microsoft.EntityFrameworkCore.Model.Validation|WARN|No type was specified for the decimal column 'EstimatedCost' on entity type 'Tender'. This will cause values to be silently truncated if they do not fit in the default precision and scale. Explicitly specify the SQL server column type that can accommodate all the values using 'HasColumnType()'.
2019-11-23 13:04:34|Microsoft.EntityFrameworkCore.Model.Validation|WARN|No type was specified for the decimal column 'Amount' on entity type 'UserSubscription'. This will cause values to be silently truncated if they do not fit in the default precision and scale. Explicitly specify the SQL server column type that can accommodate all the values using 'HasColumnType()'.
2019-11-23 13:04:35|Microsoft.EntityFrameworkCore.Query|WARN|Query: '(from Tender x in DbSet<Tender> where (int)[x].IsActive == 1 && [x].BidSubmissionEnDate >= DateTime....' uses a row limiting operation (Skip/Take) without OrderBy which may lead to unpredictable results.
2019-11-23 13:04:37||INFO|HTTP GET /api/ATenders responded 200 in 10226.8462 ms
2019-11-23 13:04:37||INFO|HTTP GET /api/ATenders responded 200 in 10221.4176 ms
2019-11-23 13:04:38|ETB.WebApi.Middleware.RequestAuditingMiddleWare|INFO|/api/Districts
2019-11-23 13:04:38||INFO|HTTP GET /api/Districts responded 200 in 268.7507 ms
2019-11-23 13:05:11|ETB.WebApi.Middleware.RequestAuditingMiddleWare|INFO|/api/ValidateCredentials
2019-11-23 13:05:12||INFO|HTTP POST /api/ValidateCredentials responded 200 in 369.6571 ms
2019-11-23 13:05:12|ETB.WebApi.Middleware.RequestAuditingMiddleWare|INFO|/api/UserSignInLogs
2019-11-23 13:05:12|ETB.WebApi.Middleware.RequestAuditingMiddleWare|INFO|/api/ATenders
2019-11-23 13:05:12||INFO|HTTP GET /api/ATenders responded 200 in 31.124 ms
2019-11-23 13:05:13||INFO|HTTP POST /api/UserSignInLogs responded 201 in 784.9095 ms
2019-11-23 13:05:13|ETB.WebApi.Middleware.RequestAuditingMiddleWare|INFO|/api/ATenders
2019-11-23 13:05:13|ETB.WebApi.Middleware.RequestAuditingMiddleWare|INFO|/api/ATenders
2019-11-23 13:05:13||INFO|HTTP GET /api/ATenders responded 200 in 85.6408 ms
2019-11-23 13:05:13||INFO|HTTP GET /api/ATenders responded 200 in 37.5265 ms
2019-11-23 13:05:13|ETB.WebApi.Middleware.RequestAuditingMiddleWare|INFO|/api/Districts
2019-11-23 13:05:14||INFO|HTTP GET /api/Districts responded 200 in 72.8189 ms
2019-11-23 13:05:17|ETB.WebApi.Middleware.RequestAuditingMiddleWare|INFO|/api/Tenders/37
2019-11-23 13:05:17||INFO|HTTP GET /api/Tenders/37 responded 200 in 658.2812 ms
2019-11-23 22:50:11|ETB.WebApi.Middleware.RequestAuditingMiddleWare|INFO|/swagger/index.html
2019-11-23 22:50:12||INFO|HTTP GET /swagger/index.html responded 200 in 959.7003 ms
2019-11-23 22:50:13|ETB.WebApi.Middleware.RequestAuditingMiddleWare|INFO|/swagger/swagger-ui.css
2019-11-23 22:50:13|ETB.WebApi.Middleware.RequestAuditingMiddleWare|INFO|/swagger/swagger-ui-standalone-preset.js
2019-11-23 22:50:13|ETB.WebApi.Middleware.RequestAuditingMiddleWare|INFO|/swagger/swagger-ui-bundle.js
2019-11-23 22:50:13||INFO|HTTP GET /swagger/swagger-ui-standalone-preset.js responded 200 in 230.2323 ms
2019-11-23 22:50:13||INFO|HTTP GET /swagger/swagger-ui.css responded 200 in 233.2605 ms
2019-11-23 22:50:13||INFO|HTTP GET /swagger/swagger-ui-bundle.js responded 200 in 237.5284 ms
2019-11-23 22:50:14|ETB.WebApi.Middleware.RequestAuditingMiddleWare|INFO|/swagger/v1/swagger.json
2019-11-23 22:50:14||INFO|HTTP GET /swagger/v1/swagger.json responded 200 in 548.5937 ms
2019-11-23 22:50:20|ETB.WebApi.Middleware.RequestAuditingMiddleWare|INFO|/api/ATenders
2019-11-23 22:50:20|ETB.WebApi.Middleware.RequestAuditingMiddleWare|INFO|/api/ATenders
2019-11-23 22:50:24|Microsoft.EntityFrameworkCore.Model.Validation|WARN|No type was specified for the decimal column 'Price' on entity type 'Service'. This will cause values to be silently truncated if they do not fit in the default precision and scale. Explicitly specify the SQL server column type that can accommodate all the values using 'HasColumnType()'.
2019-11-23 22:50:24|Microsoft.EntityFrameworkCore.Model.Validation|WARN|No type was specified for the decimal column 'CostOfBOQ' on entity type 'Tender'. This will cause values to be silently truncated if they do not fit in the default precision and scale. Explicitly specify the SQL server column type that can accommodate all the values using 'HasColumnType()'.
2019-11-23 22:50:24|Microsoft.EntityFrameworkCore.Model.Validation|WARN|No type was specified for the decimal column 'EMD' on entity type 'Tender'. This will cause values to be silently truncated if they do not fit in the default precision and scale. Explicitly specify the SQL server column type that can accommodate all the values using 'HasColumnType()'.
2019-11-23 22:50:24|Microsoft.EntityFrameworkCore.Model.Validation|WARN|No type was specified for the decimal column 'EstimatedCost' on entity type 'Tender'. This will cause values to be silently truncated if they do not fit in the default precision and scale. Explicitly specify the SQL server column type that can accommodate all the values using 'HasColumnType()'.
2019-11-23 22:50:24|Microsoft.EntityFrameworkCore.Model.Validation|WARN|No type was specified for the decimal column 'Amount' on entity type 'UserSubscription'. This will cause values to be silently truncated if they do not fit in the default precision and scale. Explicitly specify the SQL server column type that can accommodate all the values using 'HasColumnType()'.
2019-11-23 22:50:25|Microsoft.EntityFrameworkCore.Query|WARN|Query: '(from Tender x in DbSet<Tender> where (int)[x].IsActive == 1 && [x].BidSubmissionEnDate >= DateTime....' uses a row limiting operation (Skip/Take) without OrderBy which may lead to unpredictable results.
2019-11-23 22:50:27||INFO|HTTP GET /api/ATenders responded 200 in 6234.3179 ms
2019-11-23 22:50:27||INFO|HTTP GET /api/ATenders responded 200 in 6208.8232 ms
2019-11-23 22:50:27|ETB.WebApi.Middleware.RequestAuditingMiddleWare|INFO|/api/Districts
2019-11-23 22:50:27||INFO|HTTP GET /api/Districts responded 200 in 53.2331 ms
2019-11-23 22:50:37|ETB.WebApi.Middleware.RequestAuditingMiddleWare|INFO|/api/ValidateCredentials
2019-11-23 22:50:37||INFO|HTTP POST /api/ValidateCredentials responded 200 in 441.4638 ms
2019-11-23 22:50:37|ETB.WebApi.Middleware.RequestAuditingMiddleWare|INFO|/api/UserSignInLogs
2019-11-23 22:50:38|ETB.WebApi.Middleware.RequestAuditingMiddleWare|INFO|/api/ATenders
2019-11-23 22:50:38||INFO|HTTP GET /api/ATenders responded 200 in 52.4021 ms
2019-11-23 22:50:38||INFO|HTTP POST /api/UserSignInLogs responded 201 in 759.6884 ms
2019-11-23 22:50:39|ETB.WebApi.Middleware.RequestAuditingMiddleWare|INFO|/api/ATenders
2019-11-23 22:50:39|ETB.WebApi.Middleware.RequestAuditingMiddleWare|INFO|/api/ATenders
2019-11-23 22:50:39||INFO|HTTP GET /api/ATenders responded 200 in 34.7979 ms
2019-11-23 22:50:39||INFO|HTTP GET /api/ATenders responded 200 in 20.87 ms
2019-11-23 22:50:39|ETB.WebApi.Middleware.RequestAuditingMiddleWare|INFO|/api/Districts
2019-11-23 22:50:39||INFO|HTTP GET /api/Districts responded 200 in 8.2762 ms
2019-11-23 22:50:47|ETB.WebApi.Middleware.RequestAuditingMiddleWare|INFO|/api/Tenders/37
2019-11-23 22:50:47||INFO|HTTP GET /api/Tenders/37 responded 200 in 277.4076 ms
2019-11-23 22:50:48|ETB.WebApi.Middleware.RequestAuditingMiddleWare|INFO|/api/States
2019-11-23 22:50:48||INFO|HTTP GET /api/States responded 200 in 114.0369 ms
2019-11-23 22:50:48|ETB.WebApi.Middleware.RequestAuditingMiddleWare|INFO|/api/Districts
2019-11-23 22:50:48||INFO|HTTP GET /api/Districts responded 200 in 11.6263 ms
2019-11-23 22:50:48|ETB.WebApi.Middleware.RequestAuditingMiddleWare|INFO|/api/Divisions
2019-11-23 22:50:48||INFO|HTTP GET /api/Divisions responded 200 in 45.8383 ms
2019-11-23 22:51:21|ETB.WebApi.Middleware.RequestAuditingMiddleWare|INFO|/api/ATenders
2019-11-23 22:51:21||INFO|HTTP GET /api/ATenders responded 200 in 34.5302 ms
2019-11-23 22:51:22|ETB.WebApi.Middleware.RequestAuditingMiddleWare|INFO|/api/ATenders
2019-11-23 22:51:22|ETB.WebApi.Middleware.RequestAuditingMiddleWare|INFO|/api/ATenders
2019-11-23 22:51:22||INFO|HTTP GET /api/ATenders responded 200 in 109.8126 ms
2019-11-23 22:51:22||INFO|HTTP GET /api/ATenders responded 200 in 86.0109 ms
2019-11-23 22:51:22|ETB.WebApi.Middleware.RequestAuditingMiddleWare|INFO|/api/Districts
2019-11-23 22:51:22||INFO|HTTP GET /api/Districts responded 200 in 12.0798 ms
2019-11-23 22:51:25|ETB.WebApi.Middleware.RequestAuditingMiddleWare|INFO|/api/Tenders/37
2019-11-23 22:51:25||INFO|HTTP GET /api/Tenders/37 responded 200 in 29.0301 ms
2019-11-23 22:51:36|ETB.WebApi.Middleware.RequestAuditingMiddleWare|INFO|/api/ATenders
2019-11-23 22:51:36||INFO|HTTP GET /api/ATenders responded 200 in 27.436 ms
2019-11-23 22:51:37|ETB.WebApi.Middleware.RequestAuditingMiddleWare|INFO|/api/ATenders
2019-11-23 22:51:37|ETB.WebApi.Middleware.RequestAuditingMiddleWare|INFO|/api/ATenders
2019-11-23 22:51:37||INFO|HTTP GET /api/ATenders responded 200 in 55.1175 ms
2019-11-23 22:51:37||INFO|HTTP GET /api/ATenders responded 200 in 71.0606 ms
2019-11-23 22:51:37|ETB.WebApi.Middleware.RequestAuditingMiddleWare|INFO|/api/Districts
2019-11-23 22:51:37||INFO|HTTP GET /api/Districts responded 200 in 32.8441 ms
2019-11-23 22:51:38|ETB.WebApi.Middleware.RequestAuditingMiddleWare|INFO|/api/States
2019-11-23 22:51:38||INFO|HTTP GET /api/States responded 200 in 7.7862 ms
2019-11-23 22:51:38|ETB.WebApi.Middleware.RequestAuditingMiddleWare|INFO|/api/Districts
2019-11-23 22:51:38||INFO|HTTP GET /api/Districts responded 200 in 37.9765 ms
2019-11-23 22:51:39|ETB.WebApi.Middleware.RequestAuditingMiddleWare|INFO|/api/Divisions
2019-11-23 22:51:39||INFO|HTTP GET /api/Divisions responded 200 in 70.3657 ms
2019-11-23 22:52:53|ETB.WebApi.Middleware.RequestAuditingMiddleWare|INFO|/api/Departments
2019-11-23 22:52:54||INFO|HTTP POST /api/Departments responded 201 in 159.1354 ms
2019-11-23 22:53:01|ETB.WebApi.Middleware.RequestAuditingMiddleWare|INFO|/api/Divisions
2019-11-23 22:53:01||INFO|HTTP GET /api/Divisions responded 200 in 11.171 ms
2019-11-23 22:53:28|ETB.WebApi.Middleware.RequestAuditingMiddleWare|INFO|/api/Divisions
2019-11-23 22:53:28||INFO|HTTP POST /api/Divisions responded 201 in 33.7245 ms
2019-11-23 22:53:28|ETB.WebApi.Middleware.RequestAuditingMiddleWare|INFO|/api/Divisions
2019-11-23 22:53:28||INFO|HTTP GET /api/Divisions responded 200 in 9.2424 ms
2019-11-23 22:55:26|ETB.WebApi.Middleware.RequestAuditingMiddleWare|INFO|/api/States
2019-11-23 22:55:26||INFO|HTTP GET /api/States responded 200 in 90.1853 ms
2019-11-23 22:55:26|ETB.WebApi.Middleware.RequestAuditingMiddleWare|INFO|/api/Districts
2019-11-23 22:55:26||INFO|HTTP GET /api/Districts responded 200 in 18.4488 ms
2019-11-23 22:55:26|ETB.WebApi.Middleware.RequestAuditingMiddleWare|INFO|/api/Divisions
2019-11-23 22:55:26||INFO|HTTP GET /api/Divisions responded 200 in 15.6489 ms
2019-11-23 22:55:26|ETB.WebApi.Middleware.RequestAuditingMiddleWare|INFO|/api/Tenders
2019-11-23 22:55:27||INFO|HTTP POST /api/Tenders responded 201 in 151.3032 ms
2019-11-23 22:55:27|ETB.WebApi.Middleware.RequestAuditingMiddleWare|INFO|/api/ATenders
2019-11-23 22:55:27||INFO|HTTP GET /api/ATenders responded 200 in 12.9253 ms
2019-11-23 22:55:27|ETB.WebApi.Middleware.RequestAuditingMiddleWare|INFO|/api/ATenders
2019-11-23 22:55:27|ETB.WebApi.Middleware.RequestAuditingMiddleWare|INFO|/api/ATenders
2019-11-23 22:55:27||INFO|HTTP GET /api/ATenders responded 200 in 50.6356 ms
2019-11-23 22:55:27||INFO|HTTP GET /api/ATenders responded 200 in 36.3773 ms
2019-11-23 22:55:27|ETB.WebApi.Middleware.RequestAuditingMiddleWare|INFO|/api/Districts
2019-11-23 22:55:27||INFO|HTTP GET /api/Districts responded 200 in 26.858 ms
2019-11-23 22:55:30|ETB.WebApi.Middleware.RequestAuditingMiddleWare|INFO|/api/Tenders/38
2019-11-23 22:55:30||INFO|HTTP GET /api/Tenders/38 responded 200 in 15.3092 ms
2019-11-23 22:55:50|ETB.WebApi.Middleware.RequestAuditingMiddleWare|INFO|/api/Tenders/38
2019-11-23 22:55:50||INFO|HTTP GET /api/Tenders/38 responded 200 in 67.727 ms
2019-11-23 22:55:50|ETB.WebApi.Middleware.RequestAuditingMiddleWare|INFO|/api/States
2019-11-23 22:55:50||INFO|HTTP GET /api/States responded 200 in 6.1834 ms
2019-11-23 22:55:50|ETB.WebApi.Middleware.RequestAuditingMiddleWare|INFO|/api/Districts
2019-11-23 22:55:50||INFO|HTTP GET /api/Districts responded 200 in 13.8589 ms
2019-11-23 22:55:50|ETB.WebApi.Middleware.RequestAuditingMiddleWare|INFO|/api/Divisions
2019-11-23 22:55:50||INFO|HTTP GET /api/Divisions responded 200 in 5.7241 ms
2019-11-23 22:56:50|ETB.WebApi.Middleware.RequestAuditingMiddleWare|INFO|/api/Tenders/38
2019-11-23 22:56:50||INFO|HTTP GET /api/Tenders/38 responded 200 in 38.4177 ms
2019-11-23 22:56:50|ETB.WebApi.Middleware.RequestAuditingMiddleWare|INFO|/api/States
2019-11-23 22:56:50||INFO|HTTP GET /api/States responded 200 in 10.9366 ms
2019-11-23 22:56:50|ETB.WebApi.Middleware.RequestAuditingMiddleWare|INFO|/api/Districts
2019-11-23 22:56:50||INFO|HTTP GET /api/Districts responded 200 in 8.4011 ms
2019-11-23 22:56:50|ETB.WebApi.Middleware.RequestAuditingMiddleWare|INFO|/api/Divisions
2019-11-23 22:56:50||INFO|HTTP GET /api/Divisions responded 200 in 8.4298 ms
2019-11-23 22:56:54|ETB.WebApi.Middleware.RequestAuditingMiddleWare|INFO|/api/ATenders
2019-11-23 22:56:54||INFO|HTTP GET /api/ATenders responded 200 in 38.9013 ms
2019-11-23 22:56:55|ETB.WebApi.Middleware.RequestAuditingMiddleWare|INFO|/api/ATenders
2019-11-23 22:56:55|ETB.WebApi.Middleware.RequestAuditingMiddleWare|INFO|/api/ATenders
2019-11-23 22:56:55||INFO|HTTP GET /api/ATenders responded 200 in 44.1997 ms
2019-11-23 22:56:55||INFO|HTTP GET /api/ATenders responded 200 in 44.9547 ms
2019-11-23 22:56:55|ETB.WebApi.Middleware.RequestAuditingMiddleWare|INFO|/api/Districts
2019-11-23 22:56:55||INFO|HTTP GET /api/Districts responded 200 in 10.9427 ms
2019-11-23 22:56:59|ETB.WebApi.Middleware.RequestAuditingMiddleWare|INFO|/api/Tenders/38
2019-11-23 22:56:59||INFO|HTTP GET /api/Tenders/38 responded 200 in 15.3772 ms
2019-11-23 22:57:04|ETB.WebApi.Middleware.RequestAuditingMiddleWare|INFO|/api/Tenders/38
2019-11-23 22:57:04||INFO|HTTP GET /api/Tenders/38 responded 200 in 15.125 ms
2019-11-23 22:58:49|ETB.WebApi.Middleware.RequestAuditingMiddleWare|INFO|/api/Tenders/38
2019-11-23 22:58:49||INFO|HTTP GET /api/Tenders/38 responded 200 in 55.5956 ms
2019-11-23 22:59:06|ETB.WebApi.Middleware.RequestAuditingMiddleWare|INFO|/api/Tenders/38
2019-11-23 22:59:06||INFO|HTTP GET /api/Tenders/38 responded 200 in 11.2993 ms
2019-11-23 23:02:24|ETB.WebApi.Middleware.RequestAuditingMiddleWare|INFO|/api/Tenders/38
2019-11-23 23:02:24||INFO|HTTP GET /api/Tenders/38 responded 200 in 22.0588 ms
2019-11-23 23:03:30|ETB.WebApi.Middleware.RequestAuditingMiddleWare|INFO|/api/Tenders/38
2019-11-23 23:03:30||INFO|HTTP GET /api/Tenders/38 responded 200 in 42.8664 ms
2019-11-23 23:04:24|ETB.WebApi.Middleware.RequestAuditingMiddleWare|INFO|/api/Tenders/38
2019-11-23 23:04:24||INFO|HTTP GET /api/Tenders/38 responded 200 in 42.1966 ms
2019-11-23 23:04:45|ETB.WebApi.Middleware.RequestAuditingMiddleWare|INFO|/api/ATenders
2019-11-23 23:04:45||INFO|HTTP GET /api/ATenders responded 200 in 32.0569 ms
2019-11-23 23:04:46|ETB.WebApi.Middleware.RequestAuditingMiddleWare|INFO|/api/ATenders
2019-11-23 23:04:46|ETB.WebApi.Middleware.RequestAuditingMiddleWare|INFO|/api/ATenders
2019-11-23 23:04:46||INFO|HTTP GET /api/ATenders responded 200 in 118.2561 ms
2019-11-23 23:04:46||INFO|HTTP GET /api/ATenders responded 200 in 133.9871 ms
2019-11-23 23:04:46|ETB.WebApi.Middleware.RequestAuditingMiddleWare|INFO|/api/Districts
2019-11-23 23:04:46||INFO|HTTP GET /api/Districts responded 200 in 39.4316 ms
2019-11-23 23:04:50|ETB.WebApi.Middleware.RequestAuditingMiddleWare|INFO|/api/Tenders/38
2019-11-23 23:04:50||INFO|HTTP GET /api/Tenders/38 responded 200 in 16.4036 ms
2019-11-23 23:04:50|ETB.WebApi.Middleware.RequestAuditingMiddleWare|INFO|/api/States
2019-11-23 23:04:50||INFO|HTTP GET /api/States responded 200 in 13.8147 ms
2019-11-23 23:04:50|ETB.WebApi.Middleware.RequestAuditingMiddleWare|INFO|/api/Districts
2019-11-23 23:04:50||INFO|HTTP GET /api/Districts responded 200 in 16.929 ms
2019-11-23 23:04:50|ETB.WebApi.Middleware.RequestAuditingMiddleWare|INFO|/api/Divisions
2019-11-23 23:04:50||INFO|HTTP GET /api/Divisions responded 200 in 17.2349 ms
2019-11-23 23:05:17|ETB.WebApi.Middleware.RequestAuditingMiddleWare|INFO|/api/ATenders
2019-11-23 23:05:17||INFO|HTTP GET /api/ATenders responded 200 in 43.8341 ms
2019-11-23 23:05:17|ETB.WebApi.Middleware.RequestAuditingMiddleWare|INFO|/api/ATenders
2019-11-23 23:05:17|ETB.WebApi.Middleware.RequestAuditingMiddleWare|INFO|/api/ATenders
2019-11-23 23:05:17||INFO|HTTP GET /api/ATenders responded 200 in 38.9615 ms
2019-11-23 23:05:17||INFO|HTTP GET /api/ATenders responded 200 in 50.4022 ms
2019-11-23 23:05:18|ETB.WebApi.Middleware.RequestAuditingMiddleWare|INFO|/api/Districts
2019-11-23 23:05:18||INFO|HTTP GET /api/Districts responded 200 in 22.7765 ms
2019-11-23 23:13:42|ETB.WebApi.Middleware.RequestAuditingMiddleWare|INFO|/api/ATenders
2019-11-23 23:13:42||INFO|HTTP GET /api/ATenders responded 200 in 63.851 ms
2019-11-23 23:14:52|ETB.WebApi.Middleware.RequestAuditingMiddleWare|INFO|/api/ATenders
2019-11-23 23:14:52||INFO|HTTP GET /api/ATenders responded 200 in 34.1179 ms
2019-11-23 23:20:14|ETB.WebApi.Middleware.RequestAuditingMiddleWare|INFO|/api/ATenders
2019-11-23 23:20:14||INFO|HTTP GET /api/ATenders responded 200 in 71.8561 ms
2019-11-23 23:22:54|ETB.WebApi.Middleware.RequestAuditingMiddleWare|INFO|/api/ATenders
2019-11-23 23:22:54||INFO|HTTP GET /api/ATenders responded 200 in 38.0275 ms
2019-11-23 23:22:58|ETB.WebApi.Middleware.RequestAuditingMiddleWare|INFO|/api/ATenders
2019-11-23 23:22:58|ETB.WebApi.Middleware.RequestAuditingMiddleWare|INFO|/api/ATenders
2019-11-23 23:22:58||INFO|HTTP GET /api/ATenders responded 200 in 64.4523 ms
2019-11-23 23:22:58|ETB.WebApi.Middleware.RequestAuditingMiddleWare|INFO|/api/Districts
2019-11-23 23:22:58||INFO|HTTP GET /api/ATenders responded 200 in 472.3954 ms
2019-11-23 23:22:58||INFO|HTTP GET /api/Districts responded 200 in 463.3015 ms
2019-11-23 23:23:27|ETB.WebApi.Middleware.RequestAuditingMiddleWare|INFO|/api/ATenders
2019-11-23 23:23:27||INFO|HTTP GET /api/ATenders responded 200 in 34.4863 ms
2019-11-23 23:23:29|ETB.WebApi.Middleware.RequestAuditingMiddleWare|INFO|/api/ATenders
2019-11-23 23:23:29|ETB.WebApi.Middleware.RequestAuditingMiddleWare|INFO|/api/ATenders
2019-11-23 23:23:29||INFO|HTTP GET /api/ATenders responded 200 in 72.6449 ms
2019-11-23 23:23:30||INFO|HTTP GET /api/ATenders responded 200 in 114.4479 ms
2019-11-23 23:23:30|ETB.WebApi.Middleware.RequestAuditingMiddleWare|INFO|/api/Districts
2019-11-23 23:23:30||INFO|HTTP GET /api/Districts responded 200 in 114.6605 ms
2019-11-23 23:24:25|ETB.WebApi.Middleware.RequestAuditingMiddleWare|INFO|/api/ATenders
2019-11-23 23:24:25||INFO|HTTP GET /api/ATenders responded 200 in 78.9006 ms
2019-11-23 23:24:26|ETB.WebApi.Middleware.RequestAuditingMiddleWare|INFO|/api/ATenders
2019-11-23 23:24:26|ETB.WebApi.Middleware.RequestAuditingMiddleWare|INFO|/api/ATenders
2019-11-23 23:24:26||INFO|HTTP GET /api/ATenders responded 200 in 69.4317 ms
2019-11-23 23:24:27||INFO|HTTP GET /api/ATenders responded 200 in 95.6404 ms
2019-11-23 23:24:27|ETB.WebApi.Middleware.RequestAuditingMiddleWare|INFO|/api/Districts
2019-11-23 23:24:27||INFO|HTTP GET /api/Districts responded 200 in 34.7807 ms
2019-11-23 23:24:59|ETB.WebApi.Middleware.RequestAuditingMiddleWare|INFO|/api/ATenders
2019-11-23 23:24:59||INFO|HTTP GET /api/ATenders responded 200 in 20.6431 ms
2019-11-23 23:25:01|ETB.WebApi.Middleware.RequestAuditingMiddleWare|INFO|/api/ATenders
2019-11-23 23:25:01|ETB.WebApi.Middleware.RequestAuditingMiddleWare|INFO|/api/ATenders
2019-11-23 23:25:01||INFO|HTTP GET /api/ATenders responded 200 in 41.7029 ms
2019-11-23 23:25:01||INFO|HTTP GET /api/ATenders responded 200 in 33.5289 ms
2019-11-23 23:25:01|ETB.WebApi.Middleware.RequestAuditingMiddleWare|INFO|/api/Districts
2019-11-23 23:25:01||INFO|HTTP GET /api/Districts responded 200 in 35.8338 ms
2019-11-23 23:25:52|ETB.WebApi.Middleware.RequestAuditingMiddleWare|INFO|/api/ATenders
2019-11-23 23:25:52||INFO|HTTP GET /api/ATenders responded 200 in 16.9058 ms
2019-11-23 23:25:54|ETB.WebApi.Middleware.RequestAuditingMiddleWare|INFO|/api/ATenders
2019-11-23 23:25:54|ETB.WebApi.Middleware.RequestAuditingMiddleWare|INFO|/api/ATenders
2019-11-23 23:25:54||INFO|HTTP GET /api/ATenders responded 200 in 93.6159 ms
2019-11-23 23:25:54||INFO|HTTP GET /api/ATenders responded 200 in 82.7524 ms
2019-11-23 23:25:54|ETB.WebApi.Middleware.RequestAuditingMiddleWare|INFO|/api/Districts
2019-11-23 23:25:54||INFO|HTTP GET /api/Districts responded 200 in 30.5652 ms
2019-11-23 23:26:08|ETB.WebApi.Middleware.RequestAuditingMiddleWare|INFO|/api/ATenders
2019-11-23 23:26:08||INFO|HTTP GET /api/ATenders responded 200 in 12.3474 ms
2019-11-23 23:26:10|ETB.WebApi.Middleware.RequestAuditingMiddleWare|INFO|/api/ATenders
2019-11-23 23:26:10|ETB.WebApi.Middleware.RequestAuditingMiddleWare|INFO|/api/ATenders
2019-11-23 23:26:10||INFO|HTTP GET /api/ATenders responded 200 in 32.6647 ms
2019-11-23 23:26:10||INFO|HTTP GET /api/ATenders responded 200 in 45.3201 ms
2019-11-23 23:26:10|ETB.WebApi.Middleware.RequestAuditingMiddleWare|INFO|/api/Districts
2019-11-23 23:26:10||INFO|HTTP GET /api/Districts responded 200 in 38.2984 ms
2019-11-23 23:27:03|ETB.WebApi.Middleware.RequestAuditingMiddleWare|INFO|/api/ATenders
2019-11-23 23:27:03||INFO|HTTP GET /api/ATenders responded 200 in 84.1764 ms
2019-11-23 23:27:05|ETB.WebApi.Middleware.RequestAuditingMiddleWare|INFO|/api/ATenders
2019-11-23 23:27:05|ETB.WebApi.Middleware.RequestAuditingMiddleWare|INFO|/api/ATenders
2019-11-23 23:27:05||INFO|HTTP GET /api/ATenders responded 200 in 23.8551 ms
2019-11-23 23:27:05||INFO|HTTP GET /api/ATenders responded 200 in 25.1736 ms
2019-11-23 23:27:05|ETB.WebApi.Middleware.RequestAuditingMiddleWare|INFO|/api/Districts
2019-11-23 23:27:05||INFO|HTTP GET /api/Districts responded 200 in 88.0796 ms
2019-11-23 23:27:12|ETB.WebApi.Middleware.RequestAuditingMiddleWare|INFO|/api/Tenders/38
2019-11-23 23:27:12||INFO|HTTP GET /api/Tenders/38 responded 200 in 83.9625 ms
2019-11-23 23:28:55|ETB.WebApi.Middleware.RequestAuditingMiddleWare|INFO|/api/Tenders/38
2019-11-23 23:28:55||INFO|HTTP GET /api/Tenders/38 responded 200 in 47.4434 ms
2019-11-23 23:29:07|ETB.WebApi.Middleware.RequestAuditingMiddleWare|INFO|/api/ATenders
2019-11-23 23:29:07||INFO|HTTP GET /api/ATenders responded 200 in 25.9587 ms
2019-11-23 23:29:07|ETB.WebApi.Middleware.RequestAuditingMiddleWare|INFO|/api/ATenders
2019-11-23 23:29:08|ETB.WebApi.Middleware.RequestAuditingMiddleWare|INFO|/api/ATenders
2019-11-23 23:29:08||INFO|HTTP GET /api/ATenders responded 200 in 191.4141 ms
2019-11-23 23:29:08||INFO|HTTP GET /api/ATenders responded 200 in 127.3002 ms
2019-11-23 23:29:08|ETB.WebApi.Middleware.RequestAuditingMiddleWare|INFO|/api/Districts
2019-11-23 23:29:08||INFO|HTTP GET /api/Districts responded 200 in 128.5078 ms
2019-11-23 23:29:28|ETB.WebApi.Middleware.RequestAuditingMiddleWare|INFO|/api/States
2019-11-23 23:29:28||INFO|HTTP GET /api/States responded 200 in 12.6844 ms
2019-11-23 23:29:28|ETB.WebApi.Middleware.RequestAuditingMiddleWare|INFO|/api/Districts
2019-11-23 23:29:28||INFO|HTTP GET /api/Districts responded 200 in 16.9428 ms
2019-11-23 23:29:28|ETB.WebApi.Middleware.RequestAuditingMiddleWare|INFO|/api/Divisions
2019-11-23 23:29:28||INFO|HTTP GET /api/Divisions responded 200 in 43.121 ms
2019-11-23 23:29:35|ETB.WebApi.Middleware.RequestAuditingMiddleWare|INFO|/api/Departments
2019-11-23 23:29:35||INFO|HTTP GET /api/Departments responded 200 in 29.1673 ms
2019-11-23 23:29:36|ETB.WebApi.Middleware.RequestAuditingMiddleWare|INFO|/api/Departments
2019-11-23 23:29:36||INFO|HTTP GET /api/Departments responded 200 in 6.5883 ms
2019-11-23 23:29:39|ETB.WebApi.Middleware.RequestAuditingMiddleWare|INFO|/api/Departments
2019-11-23 23:29:39||INFO|HTTP GET /api/Departments responded 200 in 6.4478 ms
2019-11-23 23:29:40|ETB.WebApi.Middleware.RequestAuditingMiddleWare|INFO|/api/Departments
2019-11-23 23:29:40||INFO|HTTP GET /api/Departments responded 200 in 4.4335 ms
2019-11-23 23:29:41|ETB.WebApi.Middleware.RequestAuditingMiddleWare|INFO|/api/Departments
2019-11-23 23:29:41||INFO|HTTP GET /api/Departments responded 200 in 5.3709 ms
2019-11-23 23:29:44|ETB.WebApi.Middleware.RequestAuditingMiddleWare|INFO|/api/Departments
2019-11-23 23:29:44||INFO|HTTP GET /api/Departments responded 200 in 8.7905 ms
2019-11-23 23:29:45|ETB.WebApi.Middleware.RequestAuditingMiddleWare|INFO|/api/Departments
2019-11-23 23:29:45||INFO|HTTP GET /api/Departments responded 200 in 8.6107 ms
2019-11-23 23:29:48|ETB.WebApi.Middleware.RequestAuditingMiddleWare|INFO|/api/Departments
2019-11-23 23:29:48||INFO|HTTP GET /api/Departments responded 200 in 5.2853 ms
2019-11-23 23:29:49|ETB.WebApi.Middleware.RequestAuditingMiddleWare|INFO|/api/Departments
2019-11-23 23:29:49||INFO|HTTP GET /api/Departments responded 200 in 4.7818 ms
2019-11-23 23:29:51|ETB.WebApi.Middleware.RequestAuditingMiddleWare|INFO|/api/Departments
2019-11-23 23:29:51||INFO|HTTP GET /api/Departments responded 200 in 7.605 ms
2019-11-23 23:29:53|ETB.WebApi.Middleware.RequestAuditingMiddleWare|INFO|/api/Departments
2019-11-23 23:29:53||INFO|HTTP GET /api/Departments responded 200 in 5.729 ms
2019-11-23 23:29:54|ETB.WebApi.Middleware.RequestAuditingMiddleWare|INFO|/api/Departments
2019-11-23 23:29:54||INFO|HTTP GET /api/Departments responded 200 in 6.4492 ms
2019-11-23 23:29:55|ETB.WebApi.Middleware.RequestAuditingMiddleWare|INFO|/api/Departments
2019-11-23 23:29:55||INFO|HTTP GET /api/Departments responded 200 in 6.8781 ms
2019-11-23 23:30:00|ETB.WebApi.Middleware.RequestAuditingMiddleWare|INFO|/api/Departments
2019-11-23 23:30:00||INFO|HTTP GET /api/Departments responded 200 in 18.0768 ms
2019-11-23 23:30:01|ETB.WebApi.Middleware.RequestAuditingMiddleWare|INFO|/api/Departments
2019-11-23 23:30:01||INFO|HTTP GET /api/Departments responded 200 in 23.5152 ms
2019-11-23 23:30:09|ETB.WebApi.Middleware.RequestAuditingMiddleWare|INFO|/api/Divisions
2019-11-23 23:30:09||INFO|HTTP GET /api/Divisions responded 200 in 9.206 ms
2019-11-23 23:33:38|ETB.WebApi.Middleware.RequestAuditingMiddleWare|INFO|/api/Departments
2019-11-23 23:33:38||INFO|HTTP GET /api/Departments responded 200 in 9.8451 ms
2019-11-23 23:44:18|ETB.WebApi.Middleware.RequestAuditingMiddleWare|INFO|/swagger/index.html
2019-11-23 23:44:19||INFO|HTTP GET /swagger/index.html responded 200 in 1073.1151 ms
2019-11-23 23:44:19|ETB.WebApi.Middleware.RequestAuditingMiddleWare|INFO|/swagger/v1/swagger.json
2019-11-23 23:44:20||INFO|HTTP GET /swagger/v1/swagger.json responded 200 in 760.383 ms
2019-11-23 23:44:24|ETB.WebApi.Middleware.RequestAuditingMiddleWare|INFO|/api/ATenders
2019-11-23 23:44:24|ETB.WebApi.Middleware.RequestAuditingMiddleWare|INFO|/api/ATenders
2019-11-23 23:44:27|Microsoft.EntityFrameworkCore.Model.Validation|WARN|No type was specified for the decimal column 'Price' on entity type 'Service'. This will cause values to be silently truncated if they do not fit in the default precision and scale. Explicitly specify the SQL server column type that can accommodate all the values using 'HasColumnType()'.
2019-11-23 23:44:27|Microsoft.EntityFrameworkCore.Model.Validation|WARN|No type was specified for the decimal column 'CostOfBOQ' on entity type 'Tender'. This will cause values to be silently truncated if they do not fit in the default precision and scale. Explicitly specify the SQL server column type that can accommodate all the values using 'HasColumnType()'.
2019-11-23 23:44:27|Microsoft.EntityFrameworkCore.Model.Validation|WARN|No type was specified for the decimal column 'EMD' on entity type 'Tender'. This will cause values to be silently truncated if they do not fit in the default precision and scale. Explicitly specify the SQL server column type that can accommodate all the values using 'HasColumnType()'.
2019-11-23 23:44:27|Microsoft.EntityFrameworkCore.Model.Validation|WARN|No type was specified for the decimal column 'EstimatedCost' on entity type 'Tender'. This will cause values to be silently truncated if they do not fit in the default precision and scale. Explicitly specify the SQL server column type that can accommodate all the values using 'HasColumnType()'.
2019-11-23 23:44:27|Microsoft.EntityFrameworkCore.Model.Validation|WARN|No type was specified for the decimal column 'Amount' on entity type 'UserSubscription'. This will cause values to be silently truncated if they do not fit in the default precision and scale. Explicitly specify the SQL server column type that can accommodate all the values using 'HasColumnType()'.
2019-11-23 23:44:28|Microsoft.EntityFrameworkCore.Query|WARN|Query: '(from Tender x in DbSet<Tender> where (int)[x].IsActive == 1 && [x].BidSubmissionEnDate >= DateTime....' uses a row limiting operation (Skip/Take) without OrderBy which may lead to unpredictable results.
2019-11-23 23:44:31||INFO|HTTP GET /api/ATenders responded 200 in 6962.8258 ms
2019-11-23 23:44:31||INFO|HTTP GET /api/ATenders responded 200 in 6966.7109 ms
2019-11-23 23:44:31|ETB.WebApi.Middleware.RequestAuditingMiddleWare|INFO|/api/Districts
2019-11-23 23:44:31||INFO|HTTP GET /api/Districts responded 200 in 95.1133 ms
2019-11-23 23:44:48|ETB.WebApi.Middleware.RequestAuditingMiddleWare|INFO|/api/ValidateCredentials
2019-11-23 23:44:48||INFO|HTTP POST /api/ValidateCredentials responded 200 in 312.2368 ms
2019-11-23 23:44:48|ETB.WebApi.Middleware.RequestAuditingMiddleWare|INFO|/api/UserSignInLogs
2019-11-23 23:44:48|ETB.WebApi.Middleware.RequestAuditingMiddleWare|INFO|/api/ATenders
2019-11-23 23:44:48||INFO|HTTP GET /api/ATenders responded 200 in 54.7876 ms
2019-11-23 23:44:49||INFO|HTTP POST /api/UserSignInLogs responded 201 in 1244.4845 ms
2019-11-23 23:44:50|ETB.WebApi.Middleware.RequestAuditingMiddleWare|INFO|/api/ATenders
2019-11-23 23:44:50|ETB.WebApi.Middleware.RequestAuditingMiddleWare|INFO|/api/ATenders
2019-11-23 23:44:50||INFO|HTTP GET /api/ATenders responded 200 in 26.4845 ms
2019-11-23 23:44:50||INFO|HTTP GET /api/ATenders responded 200 in 26.7788 ms
2019-11-23 23:44:50|ETB.WebApi.Middleware.RequestAuditingMiddleWare|INFO|/api/Districts
2019-11-23 23:44:50||INFO|HTTP GET /api/Districts responded 200 in 22.4122 ms
2019-11-23 23:44:54|ETB.WebApi.Middleware.RequestAuditingMiddleWare|INFO|/api/States
2019-11-23 23:44:54||INFO|HTTP GET /api/States responded 200 in 113.7462 ms
2019-11-23 23:44:54|ETB.WebApi.Middleware.RequestAuditingMiddleWare|INFO|/api/Districts
2019-11-23 23:44:54||INFO|HTTP GET /api/Districts responded 200 in 17.6543 ms
2019-11-23 23:44:54|ETB.WebApi.Middleware.RequestAuditingMiddleWare|INFO|/api/Divisions
2019-11-23 23:44:54||INFO|HTTP GET /api/Divisions responded 200 in 74.4297 ms
2019-11-23 23:45:05|ETB.WebApi.Middleware.RequestAuditingMiddleWare|INFO|/api/Departments
2019-11-23 23:45:05||INFO|HTTP GET /api/Departments responded 200 in 27.5589 ms
2019-11-23 23:45:09|ETB.WebApi.Middleware.RequestAuditingMiddleWare|INFO|/api/Departments
2019-11-23 23:45:09||INFO|HTTP GET /api/Departments responded 200 in 5.5417 ms
2019-11-23 23:45:10|ETB.WebApi.Middleware.RequestAuditingMiddleWare|INFO|/api/Departments
2019-11-23 23:45:10||INFO|HTTP GET /api/Departments responded 200 in 7.3857 ms
2019-11-23 23:45:14|ETB.WebApi.Middleware.RequestAuditingMiddleWare|INFO|/api/Departments
2019-11-23 23:45:14||INFO|HTTP GET /api/Departments responded 200 in 9.0729 ms
2019-11-23 23:45:14|ETB.WebApi.Middleware.RequestAuditingMiddleWare|INFO|/api/Departments
2019-11-23 23:45:14||INFO|HTTP GET /api/Departments responded 200 in 9.5915 ms
2019-11-23 23:45:22|ETB.WebApi.Middleware.RequestAuditingMiddleWare|INFO|/api/Divisions
2019-11-23 23:45:22||INFO|HTTP GET /api/Divisions responded 200 in 6.7253 ms
2019-11-23 23:45:25|ETB.WebApi.Middleware.RequestAuditingMiddleWare|INFO|/api/ATenders
2019-11-23 23:45:25||INFO|HTTP GET /api/ATenders responded 200 in 26.2428 ms
2019-11-23 23:45:26|ETB.WebApi.Middleware.RequestAuditingMiddleWare|INFO|/api/ATenders
2019-11-23 23:45:26|ETB.WebApi.Middleware.RequestAuditingMiddleWare|INFO|/api/ATenders
2019-11-23 23:45:26||INFO|HTTP GET /api/ATenders responded 200 in 110.6813 ms
2019-11-23 23:45:26||INFO|HTTP GET /api/ATenders responded 200 in 128.623 ms
2019-11-23 23:45:26|ETB.WebApi.Middleware.RequestAuditingMiddleWare|INFO|/api/Districts
2019-11-23 23:45:26||INFO|HTTP GET /api/Districts responded 200 in 68.2995 ms
2019-11-23 23:45:29|ETB.WebApi.Middleware.RequestAuditingMiddleWare|INFO|/api/States
2019-11-23 23:45:29||INFO|HTTP GET /api/States responded 200 in 19.9707 ms
2019-11-23 23:45:29|ETB.WebApi.Middleware.RequestAuditingMiddleWare|INFO|/api/Districts
2019-11-23 23:45:29||INFO|HTTP GET /api/Districts responded 200 in 106.3511 ms
2019-11-23 23:45:29|ETB.WebApi.Middleware.RequestAuditingMiddleWare|INFO|/api/Divisions
2019-11-23 23:45:29||INFO|HTTP GET /api/Divisions responded 200 in 33.1452 ms
2019-11-23 23:45:37|ETB.WebApi.Middleware.RequestAuditingMiddleWare|INFO|/api/ATenders
2019-11-23 23:45:37||INFO|HTTP GET /api/ATenders responded 200 in 21.1227 ms
2019-11-23 23:45:38|ETB.WebApi.Middleware.RequestAuditingMiddleWare|INFO|/api/ATenders
2019-11-23 23:45:38|ETB.WebApi.Middleware.RequestAuditingMiddleWare|INFO|/api/ATenders
2019-11-23 23:45:38||INFO|HTTP GET /api/ATenders responded 200 in 37.3999 ms
2019-11-23 23:45:38||INFO|HTTP GET /api/ATenders responded 200 in 49.6726 ms
2019-11-23 23:45:38|ETB.WebApi.Middleware.RequestAuditingMiddleWare|INFO|/api/Districts
2019-11-23 23:45:38||INFO|HTTP GET /api/Districts responded 200 in 25.0605 ms
2019-11-23 23:45:48|ETB.WebApi.Middleware.RequestAuditingMiddleWare|INFO|/api/Tenders/38
2019-11-23 23:45:48||INFO|HTTP GET /api/Tenders/38 responded 200 in 403.746 ms
2019-11-23 23:45:58|ETB.WebApi.Middleware.RequestAuditingMiddleWare|INFO|/api/ATenders
2019-11-23 23:45:58||INFO|HTTP GET /api/ATenders responded 200 in 29.9076 ms
2019-11-23 23:45:58|ETB.WebApi.Middleware.RequestAuditingMiddleWare|INFO|/api/ATenders
2019-11-23 23:45:58|ETB.WebApi.Middleware.RequestAuditingMiddleWare|INFO|/api/ATenders
2019-11-23 23:45:59||INFO|HTTP GET /api/ATenders responded 200 in 44.5996 ms
2019-11-23 23:45:59||INFO|HTTP GET /api/ATenders responded 200 in 66.4957 ms
2019-11-23 23:45:59|ETB.WebApi.Middleware.RequestAuditingMiddleWare|INFO|/api/Districts
2019-11-23 23:45:59||INFO|HTTP GET /api/Districts responded 200 in 22.6043 ms
2019-11-23 23:46:01|ETB.WebApi.Middleware.RequestAuditingMiddleWare|INFO|/api/Tenders/38
2019-11-23 23:46:01||INFO|HTTP GET /api/Tenders/38 responded 200 in 11.3299 ms
2019-11-23 23:46:01|ETB.WebApi.Middleware.RequestAuditingMiddleWare|INFO|/api/States
2019-11-23 23:46:01||INFO|HTTP GET /api/States responded 200 in 8.8304 ms
2019-11-23 23:46:01|ETB.WebApi.Middleware.RequestAuditingMiddleWare|INFO|/api/Districts
2019-11-23 23:46:01||INFO|HTTP GET /api/Districts responded 200 in 7.4589 ms
2019-11-23 23:46:01|ETB.WebApi.Middleware.RequestAuditingMiddleWare|INFO|/api/Divisions
2019-11-23 23:46:01||INFO|HTTP GET /api/Divisions responded 200 in 7.4476 ms
2019-11-23 23:46:09|ETB.WebApi.Middleware.RequestAuditingMiddleWare|INFO|/api/ATenders
2019-11-23 23:46:09||INFO|HTTP GET /api/ATenders responded 200 in 36.711 ms
2019-11-23 23:46:10|ETB.WebApi.Middleware.RequestAuditingMiddleWare|INFO|/api/ATenders
2019-11-23 23:46:10|ETB.WebApi.Middleware.RequestAuditingMiddleWare|INFO|/api/ATenders
2019-11-23 23:46:10||INFO|HTTP GET /api/ATenders responded 200 in 46.2658 ms
2019-11-23 23:46:10||INFO|HTTP GET /api/ATenders responded 200 in 33.9989 ms
2019-11-23 23:46:10|ETB.WebApi.Middleware.RequestAuditingMiddleWare|INFO|/api/Districts
2019-11-23 23:46:10||INFO|HTTP GET /api/Districts responded 200 in 19.9052 ms
